<?xml version="1.0" encoding="utf-8"?>
<TestRun id="eda8d752-2544-44f1-bf46-ec6717fdcde5" name="jsrkm@JSRKMANISHKUMAR 2026-09-21 06:56:42" runUser="JSRKMANISHKUMAR\jsrkm" xmlns="http://microsoft.com/schemas/VisualStudio/TeamTest/2010">
  <Times creation="2026-09-21T06:56:42.3009221+05:30" queuing="2026-09-21T06:56:42.3009225+05:30" start="2026-09-21T06:56:34.5750904+05:30" finish="2026-09-21T06:56:42.3062431+05:30" />
  <TestSettings name="default" id="9d1ed9a6-cb9c-40ae-b655-d273baa72a8e">
    <Deployment runDeploymentRoot="jsrkm_JSRKMANISHKUMAR_2026-09-21_06_56_42" />
  </TestSettings>
  <Results>
    <UnitTestResult executionId="dd275a86-39be-4c43-96ef-1f37da8990ee" testId="33811d45-0734-f7f1-cea0-2dddabe12026" testName="SoftwareManagement.Domain.Tests.Common.AuditableEntityTests.RowVersion_IsNeverNull_SoConcurrencyChecksCannotThrow" computerName="JSRKMANISHKUMAR" duration="00:00:00.0054636" startTime="2026-09-21T06:56:42.2059962+05:30" endTime="2026-09-21T06:56:42.2061176+05:30" testType="13cdc9d9-ddb5-4fa4-a97d-d965ccfc6d4b" outcome="Passed" testListId="8c84fa94-04c1-424b-9868-57a2d4851a1d" relativeResultsDirectory="dd275a86-39be-4c43-96ef-1f37da8990ee" />
    <UnitTestResult executionId="a65669a0-8461-47fa-b01c-760e60632db7" testId="f3ea42a8-f813-a8e9-351a-a681e03e1486" testName="SoftwareManagement.Domain.Tests.Common.AuditableEntityTests.NewEntity_HasNoModificationStamp" computerName="JSRKMANISHKUMAR" duration="00:00:00.0377737" startTime="2026-09-21T06:56:42.1731767+05:30" endTime="2026-09-21T06:56:42.1903463+05:30" testType="13cdc9d9-ddb5-4fa4-a97d-d965ccfc6d4b" outcome="Passed" testListId="8c84fa94-04c1-424b-9868-57a2d4851a1d" relativeResultsDirectory="a65669a0-8461-47fa-b01c-760e60632db7" />
    <UnitTestResult executionId="5d9c25fb-82a5-44e4-912b-bc6395013e14" testId="4203bcb5-533a-c8ae-5eca-60450b6a089e" testName="SoftwareManagement.Domain.Tests.Common.AuditableEntityTests.IsTransient_ReturnsFalse_WhenIdIsAssigned" computerName="JSRKMANISHKUMAR" duration="00:00:00.0004591" startTime="2026-09-21T06:56:42.2072646+05:30" endTime="2026-09-21T06:56:42.2073409+05:30" testType="13cdc9d9-ddb5-4fa4-a97d-d965ccfc6d4b" outcome="Passed" testListId="8c84fa94-04c1-424b-9868-57a2d4851a1d" relativeResultsDirectory="5d9c25fb-82a5-44e4-912b-bc6395013e14" />
    <UnitTestResult executionId="0430da52-fc47-4922-8d79-f3ba1fe67bc4" testId="0705d2c6-252b-ca0c-b9b2-95fdc017adc0" testName="SoftwareManagement.Domain.Tests.Common.AuditableEntityTests.IsTransient_ReturnsTrue_WhenIdIsEmpty" computerName="JSRKMANISHKUMAR" duration="00:00:00.0010215" startTime="2026-09-21T06:56:42.2070115+05:30" endTime="2026-09-21T06:56:42.2070902+05:30" testType="13cdc9d9-ddb5-4fa4-a97d-d965ccfc6d4b" outcome="Passed" testListId="8c84fa94-04c1-424b-9868-57a2d4851a1d" relativeResultsDirectory="0430da52-fc47-4922-8d79-f3ba1fe67bc4" />
  </Results>
  <TestDefinitions>
    <UnitTest name="SoftwareManagement.Domain.Tests.Common.AuditableEntityTests.NewEntity_HasNoModificationStamp" storage="g:\software-management\backend\tests\softwaremanagement.domain.tests\bin\debug\net10.0\softwaremanagement.domain.tests.dll" id="f3ea42a8-f813-a8e9-351a-a681e03e1486">
      <Execution id="a65669a0-8461-47fa-b01c-760e60632db7" />
      <TestMethod codeBase="G:\software-management\backend\tests\SoftwareManagement.Domain.Tests\bin\Debug\net10.0\SoftwareManagement.Domain.Tests.dll" adapterTypeName="executor://xunit/VsTestRunner3/netcore/" className="SoftwareManagement.Domain.Tests.Common.AuditableEntityTests" name="NewEntity_HasNoModificationStamp" />
    </UnitTest>
    <UnitTest name="SoftwareManagement.Domain.Tests.Common.AuditableEntityTests.IsTransient_ReturnsTrue_WhenIdIsEmpty" storage="g:\software-management\backend\tests\softwaremanagement.domain.tests\bin\debug\net10.0\softwaremanagement.domain.tests.dll" id="0705d2c6-252b-ca0c-b9b2-95fdc017adc0">
      <Execution id="0430da52-fc47-4922-8d79-f3ba1fe67bc4" />
      <TestMethod codeBase="G:\software-management\backend\tests\SoftwareManagement.Domain.Tests\bin\Debug\net10.0\SoftwareManagement.Domain.Tests.dll" adapterTypeName="executor://xunit/VsTestRunner3/netcore/" className="SoftwareManagement.Domain.Tests.Common.AuditableEntityTests" name="IsTransient_ReturnsTrue_WhenIdIsEmpty" />
    </UnitTest>
    <UnitTest name="SoftwareManagement.Domain.Tests.Common.AuditableEntityTests.IsTransient_ReturnsFalse_WhenIdIsAssigned" storage="g:\software-management\backend\tests\softwaremanagement.domain.tests\bin\debug\net10.0\softwaremanagement.domain.tests.dll" id="4203bcb5-533a-c8ae-5eca-60450b6a089e">
      <Execution id="5d9c25fb-82a5-44e4-912b-bc6395013e14" />
      <TestMethod codeBase="G:\software-management\backend\tests\SoftwareManagement.Domain.Tests\bin\Debug\net10.0\SoftwareManagement.Domain.Tests.dll" adapterTypeName="executor://xunit/VsTestRunner3/netcore/" className="SoftwareManagement.Domain.Tests.Common.AuditableEntityTests" name="IsTransient_ReturnsFalse_WhenIdIsAssigned" />
    </UnitTest>
    <UnitTest name="SoftwareManagement.Domain.Tests.Common.AuditableEntityTests.RowVersion_IsNeverNull_SoConcurrencyChecksCannotThrow" storage="g:\software-management\backend\tests\softwaremanagement.domain.tests\bin\debug\net10.0\softwaremanagement.domain.tests.dll" id="33811d45-0734-f7f1-cea0-2dddabe12026">
      <Execution id="dd275a86-39be-4c43-96ef-1f37da8990ee" />
      <TestMethod codeBase="G:\software-management\backend\tests\SoftwareManagement.Domain.Tests\bin\Debug\net10.0\SoftwareManagement.Domain.Tests.dll" adapterTypeName="executor://xunit/VsTestRunner3/netcore/" className="SoftwareManagement.Domain.Tests.Common.AuditableEntityTests" name="RowVersion_IsNeverNull_SoConcurrencyChecksCannotThrow" />
    </UnitTest>
  </TestDefinitions>
  <TestEntries>
    <TestEntry testId="33811d45-0734-f7f1-cea0-2dddabe12026" executionId="dd275a86-39be-4c43-96ef-1f37da8990ee" testListId="8c84fa94-04c1-424b-9868-57a2d4851a1d" />
    <TestEntry testId="f3ea42a8-f813-a8e9-351a-a681e03e1486" executionId="a65669a0-8461-47fa-b01c-760e60632db7" testListId="8c84fa94-04c1-424b-9868-57a2d4851a1d" />
    <TestEntry testId="4203bcb5-533a-c8ae-5eca-60450b6a089e" executionId="5d9c25fb-82a5-44e4-912b-bc6395013e14" testListId="8c84fa94-04c1-424b-9868-57a2d4851a1d" />
    <TestEntry testId="0705d2c6-252b-ca0c-b9b2-95fdc017adc0" executionId="0430da52-fc47-4922-8d79-f3ba1fe67bc4" testListId="8c84fa94-04c1-424b-9868-57a2d4851a1d" />
  </TestEntries>
  <TestLists>
    <TestList name="Results Not in a List" id="8c84fa94-04c1-424b-9868-57a2d4851a1d" />
    <TestList name="All Loaded Results" id="19431567-8539-422a-85d7-44ee4e166bda" />
  </TestLists>
  <ResultSummary outcome="Completed">
    <Counters total="4" executed="4" passed="4" failed="0" error="0" timeout="0" aborted="0" inconclusive="0" passedButRunAborted="0" notRunnable="0" notExecuted="0" disconnected="0" warning="0" completed="0" inProgress="0" pending="0" />
    <Output>
      <StdOut>[xUnit.net 00:00:00.00] xUnit.net VSTest Adapter v3.1.4+50e68bbb8b (64-bit .NET 10.0.11)&#xD;
[xUnit.net 00:00:05.55]   Discovering: SoftwareManagement.Domain.Tests&#xD;
[xUnit.net 00:00:05.61]   Discovered:  SoftwareManagement.Domain.Tests&#xD;
[xUnit.net 00:00:05.63]   Starting:    SoftwareManagement.Domain.Tests&#xD;
[xUnit.net 00:00:05.73]   Finished:    SoftwareManagement.Domain.Tests&#xD;
</StdOut>
    </Output>
  </ResultSummary>
</TestRun>