<?xml version="1.0" encoding="utf-8"?>
<TestRun id="0459547e-eae2-40fb-8364-14ad9a524bf9" name="jsrkm@JSRKMANISHKUMAR 2026-09-08 07:41:31" runUser="JSRKMANISHKUMAR\jsrkm" xmlns="http://microsoft.com/schemas/VisualStudio/TeamTest/2010">
  <Times creation="2026-09-08T07:41:31.8745129+05:30" queuing="2026-09-08T07:41:31.8745132+05:30" start="2026-09-08T07:41:24.8873884+05:30" finish="2026-09-08T07:41:44.1383169+05:30" />
  <TestSettings name="default" id="84be8bb2-65df-4e75-a942-1be123326dd3">
    <Deployment runDeploymentRoot="jsrkm_JSRKMANISHKUMAR_2026-09-08_07_41_31" />
  </TestSettings>
  <Results>
    <UnitTestResult executionId="52ebbc0f-fc46-43b2-abff-143e39dfbfef" testId="f8ae64f6-9498-b068-9178-6fca3f41124a" testName="SoftwareManagement.Api.IntegrationTests.Catalog.ProductCatalogTests.REQ_CAT_007_A_feature_marked_limited_without_the_limit_itself_is_refused" computerName="JSRKMANISHKUMAR" duration="00:00:00.1034738" startTime="2026-09-08T07:41:37.5516970+05:30" endTime="2026-09-08T07:41:37.6555534+05:30" testType="13cdc9d9-ddb5-4fa4-a97d-d965ccfc6d4b" outcome="Passed" testListId="8c84fa94-04c1-424b-9868-57a2d4851a1d" relativeResultsDirectory="52ebbc0f-fc46-43b2-abff-143e39dfbfef" />
    <UnitTestResult executionId="e3373dd7-2453-4018-b514-8e3ec65699fa" testId="3d570c9d-2ba2-a592-02f6-6820e6520f89" testName="SoftwareManagement.Api.IntegrationTests.Identity.AuthenticationTests.REQ_IAM_003_Returns401AndRevokesTheWholeChain_WhenARotatedTokenIsPresentedAgain" computerName="JSRKMANISHKUMAR" duration="00:00:00.1176768" startTime="2026-09-08T07:41:38.8417829+05:30" endTime="2026-09-08T07:41:38.9588931+05:30" testType="13cdc9d9-ddb5-4fa4-a97d-d965ccfc6d4b" outcome="Passed" testListId="8c84fa94-04c1-424b-9868-57a2d4851a1d" relativeResultsDirectory="e3373dd7-2453-4018-b514-8e3ec65699fa" />
    <UnitTestResult executionId="b5a3af00-fa18-4c24-92d6-c44535cf0545" testId="6e49c53c-9217-d127-2866-89fbccebebe4" testName="SoftwareManagement.Api.IntegrationTests.Identity.AuthenticationTests.REQ_IAM_009_Returns401_WhenNobodyIsSignedIn" computerName="JSRKMANISHKUMAR" duration="00:00:00.0032665" startTime="2026-09-08T07:41:39.9703392+05:30" endTime="2026-09-08T07:41:39.9738385+05:30" testType="13cdc9d9-ddb5-4fa4-a97d-d965ccfc6d4b" outcome="Passed" testListId="8c84fa94-04c1-424b-9868-57a2d4851a1d" relativeResultsDirectory="b5a3af00-fa18-4c24-92d6-c44535cf0545" />
    <UnitTestResult executionId="91702ae1-4cc3-483f-9f2b-1bdad7b469bd" testId="bcee3310-1f4f-1a94-7003-3d9995b04747" testName="SoftwareManagement.Api.IntegrationTests.Identity.AuthenticationTests.REQ_IAM_001_Returns200AndAnAccessToken_ForCorrectCredentials" computerName="JSRKMANISHKUMAR" duration="00:00:00.0790416" startTime="2026-09-08T07:41:39.7294200+05:30" endTime="2026-09-08T07:41:39.8088375+05:30" testType="13cdc9d9-ddb5-4fa4-a97d-d965ccfc6d4b" outcome="Passed" testListId="8c84fa94-04c1-424b-9868-57a2d4851a1d" relativeResultsDirectory="91702ae1-4cc3-483f-9f2b-1bdad7b469bd" />
    <UnitTestResult executionId="3dd90219-bea8-4279-b05e-29782c3b835b" testId="10fc1172-5b9a-e433-95fe-23acc6955168" testName="SoftwareManagement.Api.IntegrationTests.Identity.AuthenticationTests.REQ_IAM_012_DoesNotDemandACode_WhenTwoFactorIsNotEnrolled" computerName="JSRKMANISHKUMAR" duration="00:00:00.0761919" startTime="2026-09-08T07:41:39.3220310+05:30" endTime="2026-09-08T07:41:39.3985810+05:30" testType="13cdc9d9-ddb5-4fa4-a97d-d965ccfc6d4b" outcome="Passed" testListId="8c84fa94-04c1-424b-9868-57a2d4851a1d" relativeResultsDirectory="3dd90219-bea8-4279-b05e-29782c3b835b" />
    <UnitTestResult executionId="b6536df8-dc1b-4877-94cf-d471cf0272d6" testId="6dcf41b0-8c85-78e0-f409-4496a03f0413" testName="SoftwareManagement.Api.IntegrationTests.Catalog.ProductCatalogTests.REQ_CAT_002_The_public_catalogue_filtered_by_a_category_returns_only_that_categorys_published_products" computerName="JSRKMANISHKUMAR" duration="00:00:00.2410860" startTime="2026-09-08T07:41:36.5846776+05:30" endTime="2026-09-08T07:41:36.8261860+05:30" testType="13cdc9d9-ddb5-4fa4-a97d-d965ccfc6d4b" outcome="Passed" testListId="8c84fa94-04c1-424b-9868-57a2d4851a1d" relativeResultsDirectory="b6536df8-dc1b-4877-94cf-d471cf0272d6" />
    <UnitTestResult executionId="c9e73e9b-cd90-4cdc-ab1d-831eb4bfd550" testId="0d83c265-ba1b-34f7-0456-597283a4004a" testName="SoftwareManagement.Api.IntegrationTests.Content.SiteStructureTests.REQ_SITE_009_Returns400_WhenNoFileIsSent" computerName="JSRKMANISHKUMAR" duration="00:00:00.0751113" startTime="2026-09-08T07:41:41.7319685+05:30" endTime="2026-09-08T07:41:41.8073710+05:30" testType="13cdc9d9-ddb5-4fa4-a97d-d965ccfc6d4b" outcome="Passed" testListId="8c84fa94-04c1-424b-9868-57a2d4851a1d" relativeResultsDirectory="c9e73e9b-cd90-4cdc-ab1d-831eb4bfd550" />
    <UnitTestResult executionId="cf996316-84cc-4b32-a5c9-b17ea018e6db" testId="47d95d40-350a-876b-e176-8c8fcf147901" testName="SoftwareManagement.Api.IntegrationTests.Identity.UserAdministrationTests.REQ_IAM_004_ChangesAUsersRoleAndAuditsTheChange" computerName="JSRKMANISHKUMAR" duration="00:00:00.2865973" startTime="2026-09-08T07:41:36.0136376+05:30" endTime="2026-09-08T07:41:36.3005200+05:30" testType="13cdc9d9-ddb5-4fa4-a97d-d965ccfc6d4b" outcome="Passed" testListId="8c84fa94-04c1-424b-9868-57a2d4851a1d" relativeResultsDirectory="cf996316-84cc-4b32-a5c9-b17ea018e6db" />
    <UnitTestResult executionId="1914427e-ed5a-4d6a-9016-827f3ddeb443" testId="fcabc442-49ea-ed54-3d5f-079426aad631" testName="SoftwareManagement.Api.IntegrationTests.PipelineTests.SecurePing_Returns401_ForAnAnonymousCaller" computerName="JSRKMANISHKUMAR" duration="00:00:00.0057307" startTime="2026-09-08T07:41:35.0753037+05:30" endTime="2026-09-08T07:41:35.0813722+05:30" testType="13cdc9d9-ddb5-4fa4-a97d-d965ccfc6d4b" outcome="Passed" testListId="8c84fa94-04c1-424b-9868-57a2d4851a1d" relativeResultsDirectory="1914427e-ed5a-4d6a-9016-827f3ddeb443" />
    <UnitTestResult executionId="ecf3ba69-efc3-4487-8955-0cc6d086e7a6" testId="dbda683e-d922-ff34-7b10-1242be1eddc1" testName="SoftwareManagement.Api.IntegrationTests.ErrorContractTests.DiagnosticsEndpoint_Returns404_WhenItIsNotExplicitlyEnabled" computerName="JSRKMANISHKUMAR" duration="00:00:06.2909974" startTime="2026-09-08T07:41:28.7209614+05:30" endTime="2026-09-08T07:41:35.0175599+05:30" testType="13cdc9d9-ddb5-4fa4-a97d-d965ccfc6d4b" outcome="Passed" testListId="8c84fa94-04c1-424b-9868-57a2d4851a1d" relativeResultsDirectory="ecf3ba69-efc3-4487-8955-0cc6d086e7a6" />
    <UnitTestResult executionId="c3ccd12f-a2c8-4153-901d-068b53168e51" testId="58853ba1-246c-9947-d3c2-9d812e5a0016" testName="SoftwareManagement.Api.IntegrationTests.InfrastructureRegistrationTests.AddInfrastructure_RegistersTheDbContextAndTheClock" computerName="JSRKMANISHKUMAR" duration="00:00:00.0042486" startTime="2026-09-08T07:41:31.8573850+05:30" endTime="2026-09-08T07:41:31.8575167+05:30" testType="13cdc9d9-ddb5-4fa4-a97d-d965ccfc6d4b" outcome="Passed" testListId="8c84fa94-04c1-424b-9868-57a2d4851a1d" relativeResultsDirectory="c3ccd12f-a2c8-4153-901d-068b53168e51" />
    <UnitTestResult executionId="e3a274b6-9912-4f05-b289-90d5d935d0d6" testId="7dd048fb-7022-3dae-6af9-0819966852a5" testName="SoftwareManagement.Api.IntegrationTests.Content.PageLifecycleTests.REQ_SITE_003_WritesAContentVersionOnEveryPublish" computerName="JSRKMANISHKUMAR" duration="00:00:00.0820696" startTime="2026-09-08T07:41:43.4303853+05:30" endTime="2026-09-08T07:41:43.5127231+05:30" testType="13cdc9d9-ddb5-4fa4-a97d-d965ccfc6d4b" outcome="Passed" testListId="8c84fa94-04c1-424b-9868-57a2d4851a1d" relativeResultsDirectory="e3a274b6-9912-4f05-b289-90d5d935d0d6" />
    <UnitTestResult executionId="132ee0bf-f6fa-4154-82b2-0b32d8a23d90" testId="a44eeae3-917c-b508-f6a2-4bc307124115" testName="SoftwareManagement.Api.IntegrationTests.Content.PageLifecycleTests.REQ_SITE_006_Returns422_WhenTheUnpublishTimeComesFirst" computerName="JSRKMANISHKUMAR" duration="00:00:00.0776558" startTime="2026-09-08T07:41:43.9567204+05:30" endTime="2026-09-08T07:41:44.0347027+05:30" testType="13cdc9d9-ddb5-4fa4-a97d-d965ccfc6d4b" outcome="Passed" testListId="8c84fa94-04c1-424b-9868-57a2d4851a1d" relativeResultsDirectory="132ee0bf-f6fa-4154-82b2-0b32d8a23d90" />
    <UnitTestResult executionId="0654e75d-4f1e-4429-98ff-afd9c544cd6c" testId="1656ab07-73cb-724e-d7db-4057024ab14a" testName="SoftwareManagement.Api.IntegrationTests.Identity.AuthorizationMatrixTests.REQ_IAM_005_GivesTheEditorNoAccessToPersonalDataOrMoney" computerName="JSRKMANISHKUMAR" duration="00:00:00.0008095" startTime="2026-09-08T07:41:37.9230415+05:30" endTime="2026-09-08T07:41:37.9237045+05:30" testType="13cdc9d9-ddb5-4fa4-a97d-d965ccfc6d4b" outcome="Passed" testListId="8c84fa94-04c1-424b-9868-57a2d4851a1d" relativeResultsDirectory="0654e75d-4f1e-4429-98ff-afd9c544cd6c" />
    <UnitTestResult executionId="fb826ce3-2647-4277-aead-303bdb82ef7e" testId="4d242859-f241-d662-d4c4-70c565e1c9e5" testName="SoftwareManagement.Api.IntegrationTests.Content.PageLifecycleTests.REQ_SITE_007_ReportsEachFailureIndividuallyInABulkPublish" computerName="JSRKMANISHKUMAR" duration="00:00:00.1519592" startTime="2026-09-08T07:41:42.3723803+05:30" endTime="2026-09-08T07:41:42.5247373+05:30" testType="13cdc9d9-ddb5-4fa4-a97d-d965ccfc6d4b" outcome="Passed" testListId="8c84fa94-04c1-424b-9868-57a2d4851a1d" relativeResultsDirectory="fb826ce3-2647-4277-aead-303bdb82ef7e" />
    <UnitTestResult executionId="b2da5864-7aad-4204-9558-f59fa9ece601" testId="f120ee50-de43-50ee-3818-d56c2b7aaa83" testName="SoftwareManagement.Api.IntegrationTests.Content.PageLifecycleTests.REQ_SITE_004_EditingALivePageKeepsThePublicOnTheLastPublishedVersion" computerName="JSRKMANISHKUMAR" duration="00:00:00.1378378" startTime="2026-09-08T07:41:42.7619057+05:30" endTime="2026-09-08T07:41:42.8992025+05:30" testType="13cdc9d9-ddb5-4fa4-a97d-d965ccfc6d4b" outcome="Passed" testListId="8c84fa94-04c1-424b-9868-57a2d4851a1d" relativeResultsDirectory="b2da5864-7aad-4204-9558-f59fa9ece601" />
    <UnitTestResult executionId="bd3d1bf3-69d0-44ea-8aef-f7664dd3423b" testId="b43047a3-4b96-184d-85df-9c86405d2c76" testName="SoftwareManagement.Api.IntegrationTests.Content.SiteStructureTests.REQ_SITE_009_StoresAnUploadedImageWithItsDimensionsAndChecksum" computerName="JSRKMANISHKUMAR" duration="00:00:00.8403073" startTime="2026-09-08T07:41:40.8911263+05:30" endTime="2026-09-08T07:41:41.7317763+05:30" testType="13cdc9d9-ddb5-4fa4-a97d-d965ccfc6d4b" outcome="Passed" testListId="8c84fa94-04c1-424b-9868-57a2d4851a1d" relativeResultsDirectory="bd3d1bf3-69d0-44ea-8aef-f7664dd3423b" />
    <UnitTestResult executionId="2e3c3111-bf10-4ef8-9ff3-f0bf6144f010" testId="1360d691-9702-517e-6889-732774a3a26b" testName="SoftwareManagement.Api.IntegrationTests.PipelineTests.EveryResponse_CarriesTheRequiredSecurityHeaders" computerName="JSRKMANISHKUMAR" duration="00:00:00.0081505" startTime="2026-09-08T07:41:35.0838079+05:30" endTime="2026-09-08T07:41:35.0901035+05:30" testType="13cdc9d9-ddb5-4fa4-a97d-d965ccfc6d4b" outcome="Passed" testListId="8c84fa94-04c1-424b-9868-57a2d4851a1d" relativeResultsDirectory="2e3c3111-bf10-4ef8-9ff3-f0bf6144f010" />
    <UnitTestResult executionId="406f859e-5eaa-41b5-89fe-9210968b1d22" testId="33e405e1-dace-7f47-bbb0-f632a0a4e6d2" testName="SoftwareManagement.Api.IntegrationTests.InfrastructureRegistrationTests.AddInfrastructure_Throws_WhenTheConnectionStringIsBlank" computerName="JSRKMANISHKUMAR" duration="00:00:00.0114034" startTime="2026-09-08T07:41:31.8587131+05:30" endTime="2026-09-08T07:41:31.8587711+05:30" testType="13cdc9d9-ddb5-4fa4-a97d-d965ccfc6d4b" outcome="Passed" testListId="8c84fa94-04c1-424b-9868-57a2d4851a1d" relativeResultsDirectory="406f859e-5eaa-41b5-89fe-9210968b1d22" />
    <UnitTestResult executionId="c53fd32e-4daa-44ef-82e4-e74cf99fd55c" testId="05ad373a-5793-c0f7-c0dd-664a84b0500d" testName="SoftwareManagement.Api.IntegrationTests.PipelineTests.SecurePing_Returns401_ForAGarbageToken" computerName="JSRKMANISHKUMAR" duration="00:00:06.2847937" startTime="2026-09-08T07:41:28.7210406+05:30" endTime="2026-09-08T07:41:35.0112201+05:30" testType="13cdc9d9-ddb5-4fa4-a97d-d965ccfc6d4b" outcome="Passed" testListId="8c84fa94-04c1-424b-9868-57a2d4851a1d" relativeResultsDirectory="c53fd32e-4daa-44ef-82e4-e74cf99fd55c" />
    <UnitTestResult executionId="32a0efc5-746d-4c1c-9cc8-480495c4156c" testId="f1f020ca-ba61-7442-1df0-5e9b91512378" testName="SoftwareManagement.Api.IntegrationTests.Identity.AuthorizationMatrixTests.REQ_IAM_005_GivesTheAuditorNoWritePermissionAtAll" computerName="JSRKMANISHKUMAR" duration="00:00:00.0768530" startTime="2026-09-08T07:41:37.9284226+05:30" endTime="2026-09-08T07:41:38.0054387+05:30" testType="13cdc9d9-ddb5-4fa4-a97d-d965ccfc6d4b" outcome="Passed" testListId="8c84fa94-04c1-424b-9868-57a2d4851a1d" relativeResultsDirectory="32a0efc5-746d-4c1c-9cc8-480495c4156c" />
    <UnitTestResult executionId="972145d1-39c8-432f-8989-065dab9bbb4e" testId="ec195f9d-4c3e-7de4-9177-7375c4cd6cbe" testName="SoftwareManagement.Api.IntegrationTests.Catalog.ProductCatalogTests.REQ_CAT_005_A_plan_priced_at_4999_rupees_stores_exactly_that_amount_with_its_currency" computerName="JSRKMANISHKUMAR" duration="00:00:00.1235368" startTime="2026-09-08T07:41:36.4605976+05:30" endTime="2026-09-08T07:41:36.5844851+05:30" testType="13cdc9d9-ddb5-4fa4-a97d-d965ccfc6d4b" outcome="Passed" testListId="8c84fa94-04c1-424b-9868-57a2d4851a1d" relativeResultsDirectory="972145d1-39c8-432f-8989-065dab9bbb4e" />
    <UnitTestResult executionId="5569bd79-c7a8-438a-a784-e709c4c4192d" testId="36b625fb-743b-53a8-b934-35c4775d4639" testName="SoftwareManagement.Api.IntegrationTests.InfrastructureRegistrationTests.AddInfrastructure_Throws_WhenTheConnectionStringIsMissing" computerName="JSRKMANISHKUMAR" duration="00:00:00.0152641" startTime="2026-09-08T07:41:31.8590063+05:30" endTime="2026-09-08T07:41:31.8590682+05:30" testType="13cdc9d9-ddb5-4fa4-a97d-d965ccfc6d4b" outcome="Passed" testListId="8c84fa94-04c1-424b-9868-57a2d4851a1d" relativeResultsDirectory="5569bd79-c7a8-438a-a784-e709c4c4192d" />
    <UnitTestResult executionId="590eed66-ccc8-4291-b069-aedccd02e76b" testId="acc4675e-1897-51f7-93d1-72a0bb0db28b" testName="SoftwareManagement.Api.IntegrationTests.Identity.AuthenticationTests.REQ_IAM_001_Returns401WithoutRevealingWhichPartWasWrong_ForABadPassword" computerName="JSRKMANISHKUMAR" duration="00:00:00.1422656" startTime="2026-09-08T07:41:39.4861503+05:30" endTime="2026-09-08T07:41:39.6289314+05:30" testType="13cdc9d9-ddb5-4fa4-a97d-d965ccfc6d4b" outcome="Passed" testListId="8c84fa94-04c1-424b-9868-57a2d4851a1d" relativeResultsDirectory="590eed66-ccc8-4291-b069-aedccd02e76b" />
    <UnitTestResult executionId="fcb1b55d-25d0-43cb-8369-5caa02c1d9d6" testId="9503c57b-6485-f82e-c71c-bb111396f515" testName="SoftwareManagement.Api.IntegrationTests.Identity.AuthorizationMatrixTests.REQ_IAM_004_Returns403_WhenAnEditorCallsAnAdministrationEndpoint" computerName="JSRKMANISHKUMAR" duration="00:00:00.0802770" startTime="2026-09-08T07:41:38.0056384+05:30" endTime="2026-09-08T07:41:38.0862212+05:30" testType="13cdc9d9-ddb5-4fa4-a97d-d965ccfc6d4b" outcome="Passed" testListId="8c84fa94-04c1-424b-9868-57a2d4851a1d" relativeResultsDirectory="fcb1b55d-25d0-43cb-8369-5caa02c1d9d6" />
    <UnitTestResult executionId="87a224c0-9a4b-474e-9f38-94f04b89c255" testId="99056014-276a-2418-1142-021551643d79" testName="SoftwareManagement.Api.IntegrationTests.Content.PageLifecycleTests.REQ_SITE_006_Returns422_WhenTheScheduledTimeIsTooSoon" computerName="JSRKMANISHKUMAR" duration="00:00:00.0908115" startTime="2026-09-08T07:41:42.6696970+05:30" endTime="2026-09-08T07:41:42.7608861+05:30" testType="13cdc9d9-ddb5-4fa4-a97d-d965ccfc6d4b" outcome="Passed" testListId="8c84fa94-04c1-424b-9868-57a2d4851a1d" relativeResultsDirectory="87a224c0-9a4b-474e-9f38-94f04b89c255" />
    <UnitTestResult executionId="f89b46ce-4a96-44a5-8720-a4e77ce5230c" testId="eb96fab4-d5ea-eef7-485b-7c3ec301d1f1" testName="SoftwareManagement.Api.IntegrationTests.Content.PageLifecycleTests.REQ_SITE_003_Returns403_WhenSalesTriesToPublish" computerName="JSRKMANISHKUMAR" duration="00:00:00.1442872" startTime="2026-09-08T07:41:42.9848938+05:30" endTime="2026-09-08T07:41:43.1295347+05:30" testType="13cdc9d9-ddb5-4fa4-a97d-d965ccfc6d4b" outcome="Passed" testListId="8c84fa94-04c1-424b-9868-57a2d4851a1d" relativeResultsDirectory="f89b46ce-4a96-44a5-8720-a4e77ce5230c" />
    <UnitTestResult executionId="8d8d1911-d08e-4e07-a3b6-4a447179f5f7" testId="25df0403-a902-dbd5-659a-3fd726a1b888" testName="SoftwareManagement.Api.IntegrationTests.Content.SiteStructureTests.REQ_SITE_012_Returns422_ForABannerThatEndsBeforeItStarts" computerName="JSRKMANISHKUMAR" duration="00:00:00.0875372" startTime="2026-09-08T07:41:41.8075976+05:30" endTime="2026-09-08T07:41:41.8954300+05:30" testType="13cdc9d9-ddb5-4fa4-a97d-d965ccfc6d4b" outcome="Passed" testListId="8c84fa94-04c1-424b-9868-57a2d4851a1d" relativeResultsDirectory="8d8d1911-d08e-4e07-a3b6-4a447179f5f7" />
    <UnitTestResult executionId="345bbb3e-6622-4458-ae19-88806b1ccb44" testId="1075b361-3474-da3a-6371-c54fdce27d6f" testName="SoftwareManagement.Api.IntegrationTests.Catalog.ProductCatalogTests.REQ_CAT_006_A_yearly_price_above_twelve_monthly_payments_is_refused" computerName="JSRKMANISHKUMAR" duration="00:00:00.0993602" startTime="2026-09-08T07:41:38.7073752+05:30" endTime="2026-09-08T07:41:38.8077678+05:30" testType="13cdc9d9-ddb5-4fa4-a97d-d965ccfc6d4b" outcome="Passed" testListId="8c84fa94-04c1-424b-9868-57a2d4851a1d" relativeResultsDirectory="345bbb3e-6622-4458-ae19-88806b1ccb44" />
    <UnitTestResult executionId="190d0c44-9e04-4dc7-9f14-d8be1ab4fa57" testId="35daa342-6a78-aa2b-cc7a-37c44e1b9dce" testName="SoftwareManagement.Api.IntegrationTests.Content.PageLifecycleTests.REQ_SITE_004_PublishingTheDraftReplacesWhatThePublicSees" computerName="JSRKMANISHKUMAR" duration="00:00:00.0901653" startTime="2026-09-08T07:41:43.5128855+05:30" endTime="2026-09-08T07:41:43.6034313+05:30" testType="13cdc9d9-ddb5-4fa4-a97d-d965ccfc6d4b" outcome="Passed" testListId="8c84fa94-04c1-424b-9868-57a2d4851a1d" relativeResultsDirectory="190d0c44-9e04-4dc7-9f14-d8be1ab4fa57" />
    <UnitTestResult executionId="8e91c0ba-1856-4d45-a97b-b5e6e81e8a2b" testId="a7eef393-87cd-b147-3942-ed2a1c709d72" testName="SoftwareManagement.Api.IntegrationTests.Identity.AuthorizationMatrixTests.REQ_IAM_005_Returns401_ForEveryAdministrationRouteWithoutAToken" computerName="JSRKMANISHKUMAR" duration="00:00:00.0038088" startTime="2026-09-08T07:41:37.9238514+05:30" endTime="2026-09-08T07:41:37.9281004+05:30" testType="13cdc9d9-ddb5-4fa4-a97d-d965ccfc6d4b" outcome="Passed" testListId="8c84fa94-04c1-424b-9868-57a2d4851a1d" relativeResultsDirectory="8e91c0ba-1856-4d45-a97b-b5e6e81e8a2b" />
    <UnitTestResult executionId="fafe8b98-668d-42d4-8c4f-18d3e6a83bb9" testId="75d5ef8f-7fb6-297d-e9fd-082e02e1058f" testName="SoftwareManagement.Api.IntegrationTests.Identity.AuthorizationMatrixTests.REQ_IAM_004_GivesEachRoleExactlyThePermissionsTheMatrixGrantsIt" computerName="JSRKMANISHKUMAR" duration="00:00:00.4669293" startTime="2026-09-08T07:41:37.0707163+05:30" endTime="2026-09-08T07:41:37.5375093+05:30" testType="13cdc9d9-ddb5-4fa4-a97d-d965ccfc6d4b" outcome="Passed" testListId="8c84fa94-04c1-424b-9868-57a2d4851a1d" relativeResultsDirectory="fafe8b98-668d-42d4-8c4f-18d3e6a83bb9" />
    <UnitTestResult executionId="58708047-b5b7-413f-a623-caea8bb23947" testId="9cbd744d-df8d-cbd1-d5fa-d5056ef45006" testName="SoftwareManagement.Api.IntegrationTests.Catalog.ProductCatalogTests.REQ_CAT_008_The_demo_is_recorded_and_its_credentials_stay_out_of_the_product_response" computerName="JSRKMANISHKUMAR" duration="00:00:00.1873254" startTime="2026-09-08T07:41:36.9881906+05:30" endTime="2026-09-08T07:41:37.1759885+05:30" testType="13cdc9d9-ddb5-4fa4-a97d-d965ccfc6d4b" outcome="Passed" testListId="8c84fa94-04c1-424b-9868-57a2d4851a1d" relativeResultsDirectory="58708047-b5b7-413f-a623-caea8bb23947" />
    <UnitTestResult executionId="8dbb0291-19b8-4aca-bab4-558a61129885" testId="7ba7d296-b191-aefe-8bf9-54b9c587cb83" testName="SoftwareManagement.Api.IntegrationTests.Catalog.ProductCatalogTests.REQ_CAT_004_A_screenshot_pointing_at_an_image_nobody_uploaded_is_refused" computerName="JSRKMANISHKUMAR" duration="00:00:00.0838072" startTime="2026-09-08T07:41:38.4419937+05:30" endTime="2026-09-08T07:41:38.5260541+05:30" testType="13cdc9d9-ddb5-4fa4-a97d-d965ccfc6d4b" outcome="Passed" testListId="8c84fa94-04c1-424b-9868-57a2d4851a1d" relativeResultsDirectory="8dbb0291-19b8-4aca-bab4-558a61129885" />
    <UnitTestResult executionId="ffb75f04-9b55-41e8-a957-d4124b19fd71" testId="3ff15186-44db-3e4f-62a9-99bc40d059d8" testName="SoftwareManagement.Api.IntegrationTests.Identity.UserAdministrationTests.REQ_IAM_007_Returns404_ForAUserThatDoesNotExist" computerName="JSRKMANISHKUMAR" duration="00:00:00.1247226" startTime="2026-09-08T07:41:35.8880641+05:30" endTime="2026-09-08T07:41:36.0133355+05:30" testType="13cdc9d9-ddb5-4fa4-a97d-d965ccfc6d4b" outcome="Passed" testListId="8c84fa94-04c1-424b-9868-57a2d4851a1d" relativeResultsDirectory="ffb75f04-9b55-41e8-a957-d4124b19fd71" />
    <UnitTestResult executionId="12850e68-280f-4f67-a786-49570b8718c9" testId="0aded220-a7b5-cd75-13fe-6a41f44c5daa" testName="SoftwareManagement.Api.IntegrationTests.Content.PageLifecycleTests.REQ_SITE_007_Returns400_WhenNothingIsSelected" computerName="JSRKMANISHKUMAR" duration="00:00:00.0705561" startTime="2026-09-08T07:41:43.8001125+05:30" endTime="2026-09-08T07:41:43.8700860+05:30" testType="13cdc9d9-ddb5-4fa4-a97d-d965ccfc6d4b" outcome="Passed" testListId="8c84fa94-04c1-424b-9868-57a2d4851a1d" relativeResultsDirectory="12850e68-280f-4f67-a786-49570b8718c9" />
    <UnitTestResult executionId="81f4bcff-e9ab-41c1-ae5d-9fca93dbcbd7" testId="3c4a8281-55e8-81cf-ec65-d62faf6046eb" testName="SoftwareManagement.Api.IntegrationTests.Identity.AuthenticationTests.REQ_IAM_012_Returns401MfaRequired_WhenTwoFactorIsEnrolledAndNoCodeIsSupplied" computerName="JSRKMANISHKUMAR" duration="00:00:00.0996988" startTime="2026-09-08T07:41:39.6301733+05:30" endTime="2026-09-08T07:41:39.7292188+05:30" testType="13cdc9d9-ddb5-4fa4-a97d-d965ccfc6d4b" outcome="Passed" testListId="8c84fa94-04c1-424b-9868-57a2d4851a1d" relativeResultsDirectory="81f4bcff-e9ab-41c1-ae5d-9fca93dbcbd7" />
    <UnitTestResult executionId="14d9be97-9078-47c4-9c07-1ee655b8ebea" testId="becacde3-446f-1649-2bff-bd3009eb4125" testName="SoftwareManagement.Api.IntegrationTests.Content.SiteStructureTests.REQ_SITE_010_Returns409_WhenDeletingATechnologyAServiceStillLists" computerName="JSRKMANISHKUMAR" duration="00:00:00.3151351" startTime="2026-09-08T07:41:40.2916869+05:30" endTime="2026-09-08T07:41:40.6072832+05:30" testType="13cdc9d9-ddb5-4fa4-a97d-d965ccfc6d4b" outcome="Passed" testListId="8c84fa94-04c1-424b-9868-57a2d4851a1d" relativeResultsDirectory="14d9be97-9078-47c4-9c07-1ee655b8ebea" />
    <UnitTestResult executionId="df1ec909-434d-4507-a5d7-8274ae29d949" testId="f154c0c4-60b1-cf57-b49d-bd2c43d2e09b" testName="SoftwareManagement.Api.IntegrationTests.Content.SiteStructureTests.REQ_SITE_012_RefusesToPublishATestimonialWithoutRecordedPermission" computerName="JSRKMANISHKUMAR" duration="00:00:00.0713983" startTime="2026-09-08T07:41:40.8191338+05:30" endTime="2026-09-08T07:41:40.8909287+05:30" testType="13cdc9d9-ddb5-4fa4-a97d-d965ccfc6d4b" outcome="Passed" testListId="8c84fa94-04c1-424b-9868-57a2d4851a1d" relativeResultsDirectory="df1ec909-434d-4507-a5d7-8274ae29d949" />
    <UnitTestResult executionId="86baf885-96b9-4623-ab6b-e0fddb56b86e" testId="38c2c976-d411-7f6f-0d78-bfd32eb44a8c" testName="SoftwareManagement.Api.IntegrationTests.InfrastructureRegistrationTests.DesignTimeFactory_CreatesAContextSoMigrationsCanBeGeneratedWithoutStartingTheApi" computerName="JSRKMANISHKUMAR" duration="00:00:03.0955610" startTime="2026-09-08T07:41:28.7188235+05:30" endTime="2026-09-08T07:41:31.8277516+05:30" testType="13cdc9d9-ddb5-4fa4-a97d-d965ccfc6d4b" outcome="Passed" testListId="8c84fa94-04c1-424b-9868-57a2d4851a1d" relativeResultsDirectory="86baf885-96b9-4623-ab6b-e0fddb56b86e" />
    <UnitTestResult executionId="e1bc52b2-c234-4bdb-a01b-f4450cc9e87d" testId="0e70e851-1c00-7339-50d5-a521bd649c30" testName="SoftwareManagement.Api.IntegrationTests.Catalog.ProductCatalogTests.REQ_CAT_007_Every_cell_of_the_plan_comparison_carries_a_definite_answer" computerName="JSRKMANISHKUMAR" duration="00:00:02.5726911" startTime="2026-09-08T07:41:33.8872219+05:30" endTime="2026-09-08T07:41:36.4603766+05:30" testType="13cdc9d9-ddb5-4fa4-a97d-d965ccfc6d4b" outcome="Passed" testListId="8c84fa94-04c1-424b-9868-57a2d4851a1d" relativeResultsDirectory="e1bc52b2-c234-4bdb-a01b-f4450cc9e87d" />
    <UnitTestResult executionId="23080d81-19d1-4bef-9198-5879faa3e109" testId="18289c2d-8ec1-ae26-b08d-032017c200c4" testName="SoftwareManagement.Api.IntegrationTests.Content.PageLifecycleTests.REQ_SITE_005_RestoreCreatesANewVersionAndKeepsTheOldOnes" computerName="JSRKMANISHKUMAR" duration="00:00:00.1357814" startTime="2026-09-08T07:41:43.1297127+05:30" endTime="2026-09-08T07:41:43.2660845+05:30" testType="13cdc9d9-ddb5-4fa4-a97d-d965ccfc6d4b" outcome="Passed" testListId="8c84fa94-04c1-424b-9868-57a2d4851a1d" relativeResultsDirectory="23080d81-19d1-4bef-9198-5879faa3e109" />
    <UnitTestResult executionId="846b9d5e-832e-4af9-9a7d-7d4a32aebdc5" testId="41c23d21-14f1-2412-155a-a7233ab5f930" testName="SoftwareManagement.Api.IntegrationTests.Content.SiteStructureTests.REQ_SITE_008_Returns422_WhenAMenuItemHasBothOrNeitherDestination" computerName="JSRKMANISHKUMAR" duration="00:00:00.0738096" startTime="2026-09-08T07:41:40.6074744+05:30" endTime="2026-09-08T07:41:40.6815827+05:30" testType="13cdc9d9-ddb5-4fa4-a97d-d965ccfc6d4b" outcome="Passed" testListId="8c84fa94-04c1-424b-9868-57a2d4851a1d" relativeResultsDirectory="846b9d5e-832e-4af9-9a7d-7d4a32aebdc5" />
    <UnitTestResult executionId="0ce29cdf-d0e3-4952-829e-2072d6c8be86" testId="c542c5ec-a5b2-6681-e82a-153922beb117" testName="SoftwareManagement.Api.IntegrationTests.Catalog.ProductCatalogTests.REQ_CAT_001_Sales_reads_the_catalogue_but_cannot_author_it" computerName="JSRKMANISHKUMAR" duration="00:00:00.2248895" startTime="2026-09-08T07:41:39.0301166+05:30" endTime="2026-09-08T07:41:39.2552954+05:30" testType="13cdc9d9-ddb5-4fa4-a97d-d965ccfc6d4b" outcome="Passed" testListId="8c84fa94-04c1-424b-9868-57a2d4851a1d" relativeResultsDirectory="0ce29cdf-d0e3-4952-829e-2072d6c8be86" />
    <UnitTestResult executionId="28e5948c-7bd6-40d1-8f21-cd36ec0002e6" testId="4260f301-0a12-3443-7397-26f767505788" testName="SoftwareManagement.Api.IntegrationTests.Catalog.ProductCatalogTests.REQ_CAT_005_A_plan_priced_at_zero_that_does_not_say_it_is_free_is_refused" computerName="JSRKMANISHKUMAR" duration="00:00:00.0842257" startTime="2026-09-08T07:41:39.2554740+05:30" endTime="2026-09-08T07:41:39.3400269+05:30" testType="13cdc9d9-ddb5-4fa4-a97d-d965ccfc6d4b" outcome="Passed" testListId="8c84fa94-04c1-424b-9868-57a2d4851a1d" relativeResultsDirectory="28e5948c-7bd6-40d1-8f21-cd36ec0002e6" />
    <UnitTestResult executionId="6de0e71b-38db-4e54-afb2-2eb2ab51e81c" testId="724ed3d1-5144-f91e-0cb6-e65d0b2a22a2" testName="SoftwareManagement.Api.IntegrationTests.ReadinessTests.AggregateHealth_Answers200_WhenEveryCheckPasses" computerName="JSRKMANISHKUMAR" duration="00:00:00.0064206" startTime="2026-09-08T07:41:35.1278620+05:30" endTime="2026-09-08T07:41:35.2170083+05:30" testType="13cdc9d9-ddb5-4fa4-a97d-d965ccfc6d4b" outcome="Passed" testListId="8c84fa94-04c1-424b-9868-57a2d4851a1d" relativeResultsDirectory="6de0e71b-38db-4e54-afb2-2eb2ab51e81c" />
    <UnitTestResult executionId="5d3c2499-6549-42fa-a93d-6afbe737d284" testId="a7589c65-4b3c-6769-1c79-07ce362e8074" testName="SoftwareManagement.Api.IntegrationTests.Catalog.ProductCatalogTests.REQ_CAT_004_A_screenshot_is_attached_in_its_own_position_in_the_gallery" computerName="JSRKMANISHKUMAR" duration="00:00:00.2234849" startTime="2026-09-08T07:41:37.7503716+05:30" endTime="2026-09-08T07:41:37.9732971+05:30" testType="13cdc9d9-ddb5-4fa4-a97d-d965ccfc6d4b" outcome="Passed" testListId="8c84fa94-04c1-424b-9868-57a2d4851a1d" relativeResultsDirectory="5d3c2499-6549-42fa-a93d-6afbe737d284" />
    <UnitTestResult executionId="7520649d-f35e-4b0f-aa86-964cf7e98c1f" testId="f36b4b36-476a-1049-d816-7b0cc33a8cd2" testName="SoftwareManagement.Api.IntegrationTests.Identity.UserAdministrationTests.REQ_IAM_004_Returns422_WhenAssigningARoleThatDoesNotExist" computerName="JSRKMANISHKUMAR" duration="00:00:00.1057595" startTime="2026-09-08T07:41:36.3007298+05:30" endTime="2026-09-08T07:41:36.4068871+05:30" testType="13cdc9d9-ddb5-4fa4-a97d-d965ccfc6d4b" outcome="Passed" testListId="8c84fa94-04c1-424b-9868-57a2d4851a1d" relativeResultsDirectory="7520649d-f35e-4b0f-aa86-964cf7e98c1f" />
    <UnitTestResult executionId="b6cde4f9-b17a-488a-b726-18a58db63c6a" testId="3a758d35-dec5-2d83-36d5-403609f335f3" testName="SoftwareManagement.Api.IntegrationTests.Identity.UserAdministrationTests.REQ_IAM_006_Returns422_ForARoleThatDoesNotExist" computerName="JSRKMANISHKUMAR" duration="00:00:01.7430632" startTime="2026-09-08T07:41:33.8950986+05:30" endTime="2026-09-08T07:41:35.6386963+05:30" testType="13cdc9d9-ddb5-4fa4-a97d-d965ccfc6d4b" outcome="Passed" testListId="8c84fa94-04c1-424b-9868-57a2d4851a1d" relativeResultsDirectory="b6cde4f9-b17a-488a-b726-18a58db63c6a" />
    <UnitTestResult executionId="0728c682-b43c-40af-acc8-f22754be7c81" testId="48408fd6-60e7-db04-fd72-886804e7fc7b" testName="SoftwareManagement.Api.IntegrationTests.Content.PageLifecycleTests.REQ_SITE_011_RendersTheSeoFieldsOnThePublicPage" computerName="JSRKMANISHKUMAR" duration="00:00:00.0858362" startTime="2026-09-08T07:41:43.8702432+05:30" endTime="2026-09-08T07:41:43.9565510+05:30" testType="13cdc9d9-ddb5-4fa4-a97d-d965ccfc6d4b" outcome="Passed" testListId="8c84fa94-04c1-424b-9868-57a2d4851a1d" relativeResultsDirectory="0728c682-b43c-40af-acc8-f22754be7c81" />
    <UnitTestResult executionId="0dcef9c6-4748-4d60-8822-08f7ebaa2bb7" testId="08738dfe-9749-d42a-1a2e-eabd37f8e8b6" testName="SoftwareManagement.Api.IntegrationTests.Content.SiteStructureTests.REQ_SITE_008_Returns409_WhenDeletingAPageAMenuStillLinksTo" computerName="JSRKMANISHKUMAR" duration="00:00:00.1797265" startTime="2026-09-08T07:41:41.8955966+05:30" endTime="2026-09-08T07:41:42.0756423+05:30" testType="13cdc9d9-ddb5-4fa4-a97d-d965ccfc6d4b" outcome="Passed" testListId="8c84fa94-04c1-424b-9868-57a2d4851a1d" relativeResultsDirectory="0dcef9c6-4748-4d60-8822-08f7ebaa2bb7" />
    <UnitTestResult executionId="dbb5165f-1a95-44d7-9185-218db78a2766" testId="5d446a2d-a0ca-9183-fd0a-e5b1d1250092" testName="SoftwareManagement.Api.IntegrationTests.Content.PageLifecycleTests.REQ_SITE_003_PublishesAPageAndServesItToThePublic" computerName="JSRKMANISHKUMAR" duration="00:00:00.1441046" startTime="2026-09-08T07:41:42.5248949+05:30" endTime="2026-09-08T07:41:42.6695326+05:30" testType="13cdc9d9-ddb5-4fa4-a97d-d965ccfc6d4b" outcome="Passed" testListId="8c84fa94-04c1-424b-9868-57a2d4851a1d" relativeResultsDirectory="dbb5165f-1a95-44d7-9185-218db78a2766" />
    <UnitTestResult executionId="e502a183-be67-4d4c-8ed1-7d25db5457e7" testId="ce0c7339-3f91-6b04-e1bd-4604ebf0603c" testName="SoftwareManagement.Api.IntegrationTests.Content.SiteStructureTests.REQ_SITE_009_Returns415_WhenTheBytesDoNotMatchTheClaimedType" computerName="JSRKMANISHKUMAR" duration="00:00:00.1091356" startTime="2026-09-08T07:41:39.8795623+05:30" endTime="2026-09-08T07:41:39.9891260+05:30" testType="13cdc9d9-ddb5-4fa4-a97d-d965ccfc6d4b" outcome="Passed" testListId="8c84fa94-04c1-424b-9868-57a2d4851a1d" relativeResultsDirectory="e502a183-be67-4d4c-8ed1-7d25db5457e7" />
    <UnitTestResult executionId="ec23297a-894b-4d7e-9d51-31b2ec688825" testId="8c754d1b-15de-f204-593e-38126f1bf4c7" testName="SoftwareManagement.Api.IntegrationTests.Catalog.ProductCatalogTests.REQ_CAT_002_A_category_that_still_holds_a_published_product_cannot_be_deleted" computerName="JSRKMANISHKUMAR" duration="00:00:00.2215362" startTime="2026-09-08T07:41:38.8079705+05:30" endTime="2026-09-08T07:41:39.0298947+05:30" testType="13cdc9d9-ddb5-4fa4-a97d-d965ccfc6d4b" outcome="Passed" testListId="8c84fa94-04c1-424b-9868-57a2d4851a1d" relativeResultsDirectory="ec23297a-894b-4d7e-9d51-31b2ec688825" />
    <UnitTestResult executionId="139a64fa-962b-499d-9d37-36adc9aa78f6" testId="cc0f14a6-303e-74bc-b65f-11c13ba17035" testName="SoftwareManagement.Api.IntegrationTests.Catalog.ProductCatalogTests.REQ_CAT_008_Demo_credentials_are_returned_only_to_a_caller_holding_the_demo_permission" computerName="JSRKMANISHKUMAR" duration="00:00:00.3563934" startTime="2026-09-08T07:41:38.0850387+05:30" endTime="2026-09-08T07:41:38.4417916+05:30" testType="13cdc9d9-ddb5-4fa4-a97d-d965ccfc6d4b" outcome="Passed" testListId="8c84fa94-04c1-424b-9868-57a2d4851a1d" relativeResultsDirectory="139a64fa-962b-499d-9d37-36adc9aa78f6" />
    <UnitTestResult executionId="fe3fc052-5284-4746-aaab-1cf9d8c35b81" testId="20767a5d-5cd9-fc5d-a3d9-026d4d6e8d89" testName="SoftwareManagement.Api.IntegrationTests.Catalog.ProductCatalogTests.REQ_CAT_003_A_second_feature_with_a_name_the_product_already_lists_is_refused" computerName="JSRKMANISHKUMAR" duration="00:00:00.1006642" startTime="2026-09-08T07:41:37.4504969+05:30" endTime="2026-09-08T07:41:37.5514849+05:30" testType="13cdc9d9-ddb5-4fa4-a97d-d965ccfc6d4b" outcome="Passed" testListId="8c84fa94-04c1-424b-9868-57a2d4851a1d" relativeResultsDirectory="fe3fc052-5284-4746-aaab-1cf9d8c35b81" />
    <UnitTestResult executionId="9a65e57d-7e9f-4810-a013-f586a34696ea" testId="5b8398b7-568f-b8bb-7ca4-d03b5695abf8" testName="SoftwareManagement.Api.IntegrationTests.Catalog.ProductCatalogTests.REQ_CAT_003_Reordering_features_leaves_the_stored_positions_contiguous" computerName="JSRKMANISHKUMAR" duration="00:00:00.1733794" startTime="2026-09-08T07:41:37.1761727+05:30" endTime="2026-09-08T07:41:37.3499954+05:30" testType="13cdc9d9-ddb5-4fa4-a97d-d965ccfc6d4b" outcome="Passed" testListId="8c84fa94-04c1-424b-9868-57a2d4851a1d" relativeResultsDirectory="9a65e57d-7e9f-4810-a013-f586a34696ea" />
    <UnitTestResult executionId="e2a71d89-4c9f-4fbf-ae4f-cf46ca60e68e" testId="5127599b-5652-a090-530a-c2c6d9b47c3d" testName="SoftwareManagement.Api.IntegrationTests.Content.SiteStructureTests.REQ_SITE_010_ListsAServiceWithTheTechnologiesItUses" computerName="JSRKMANISHKUMAR" duration="00:00:00.1368157" startTime="2026-09-08T07:41:40.6817685+05:30" endTime="2026-09-08T07:41:40.8189544+05:30" testType="13cdc9d9-ddb5-4fa4-a97d-d965ccfc6d4b" outcome="Passed" testListId="8c84fa94-04c1-424b-9868-57a2d4851a1d" relativeResultsDirectory="e2a71d89-4c9f-4fbf-ae4f-cf46ca60e68e" />
    <UnitTestResult executionId="2bb4db5e-93c2-40b4-af58-0555ef918f53" testId="47a6939e-eed9-59bc-303f-527912e03665" testName="SoftwareManagement.Api.IntegrationTests.ReadinessTests.Model_HasNoPendingChanges_SoTheDatabaseMatchesTheCode" computerName="JSRKMANISHKUMAR" duration="00:00:00.4889913" startTime="2026-09-08T07:41:28.7210072+05:30" endTime="2026-09-08T07:41:34.3840191+05:30" testType="13cdc9d9-ddb5-4fa4-a97d-d965ccfc6d4b" outcome="Passed" testListId="8c84fa94-04c1-424b-9868-57a2d4851a1d" relativeResultsDirectory="2bb4db5e-93c2-40b4-af58-0555ef918f53" />
    <UnitTestResult executionId="2173ec73-7217-4e0c-bc49-3811ea5f9171" testId="2af7fc1e-8c6d-a607-4e2d-324e95793a7a" testName="SoftwareManagement.Api.IntegrationTests.Identity.UserAdministrationTests.REQ_IAM_007_Returns409_WhenDeactivatingTheLastOwner" computerName="JSRKMANISHKUMAR" duration="00:00:00.1556987" startTime="2026-09-08T07:41:36.7154536+05:30" endTime="2026-09-08T07:41:36.8715609+05:30" testType="13cdc9d9-ddb5-4fa4-a97d-d965ccfc6d4b" outcome="Passed" testListId="8c84fa94-04c1-424b-9868-57a2d4851a1d" relativeResultsDirectory="2173ec73-7217-4e0c-bc49-3811ea5f9171" />
    <UnitTestResult executionId="2dfe0ff8-97ed-48bb-b218-0cb52826e311" testId="432c57b3-afaf-a2a2-6e25-ae83353508e5" testName="SoftwareManagement.Api.IntegrationTests.Identity.AuthenticationTests.REQ_IAM_008_Returns202ForAnyAddress_SoTheEndpointCannotEnumerateAccounts" computerName="JSRKMANISHKUMAR" duration="00:00:00.0242753" startTime="2026-09-08T07:41:39.9454002+05:30" endTime="2026-09-08T07:41:39.9700233+05:30" testType="13cdc9d9-ddb5-4fa4-a97d-d965ccfc6d4b" outcome="Passed" testListId="8c84fa94-04c1-424b-9868-57a2d4851a1d" relativeResultsDirectory="2dfe0ff8-97ed-48bb-b218-0cb52826e311" />
    <UnitTestResult executionId="ac217c5c-e6b9-40ef-b6ca-a026002566ae" testId="a589903e-b8ca-a3a4-7c7e-d8ffa3464132" testName="SoftwareManagement.Api.IntegrationTests.Catalog.ProductCatalogTests.REQ_CAT_005_A_plan_priced_below_zero_is_refused" computerName="JSRKMANISHKUMAR" duration="00:00:00.0997731" startTime="2026-09-08T07:41:37.3502178+05:30" endTime="2026-09-08T07:41:37.4502998+05:30" testType="13cdc9d9-ddb5-4fa4-a97d-d965ccfc6d4b" outcome="Passed" testListId="8c84fa94-04c1-424b-9868-57a2d4851a1d" relativeResultsDirectory="ac217c5c-e6b9-40ef-b6ca-a026002566ae" />
    <UnitTestResult executionId="0774c5ff-899a-45b8-889c-f98c5f3b010d" testId="db8b508b-3f90-ac38-3ecb-298cea80d855" testName="SoftwareManagement.Api.IntegrationTests.Content.PageLifecycleTests.REQ_SITE_001_Returns422_ForASlugLongerThanTheColumn" computerName="JSRKMANISHKUMAR" duration="00:00:00.0734024" startTime="2026-09-08T07:41:43.3565755+05:30" endTime="2026-09-08T07:41:43.4302206+05:30" testType="13cdc9d9-ddb5-4fa4-a97d-d965ccfc6d4b" outcome="Passed" testListId="8c84fa94-04c1-424b-9868-57a2d4851a1d" relativeResultsDirectory="0774c5ff-899a-45b8-889c-f98c5f3b010d" />
    <UnitTestResult executionId="a815d5ae-22d1-41b4-bb2c-be5153b68597" testId="cb9c3f17-15cd-93b3-0a6d-d91098880341" testName="SoftwareManagement.Api.IntegrationTests.PipelineTests.UnknownRoute_Returns404_AndNeverLeaksAStackTrace" computerName="JSRKMANISHKUMAR" duration="00:00:00.0165009" startTime="2026-09-08T07:41:35.0114336+05:30" endTime="2026-09-08T07:41:35.0376646+05:30" testType="13cdc9d9-ddb5-4fa4-a97d-d965ccfc6d4b" outcome="Passed" testListId="8c84fa94-04c1-424b-9868-57a2d4851a1d" relativeResultsDirectory="a815d5ae-22d1-41b4-bb2c-be5153b68597" />
    <UnitTestResult executionId="ef88be9f-e60d-4f4b-a056-366af5fe596b" testId="c66b1e93-356c-3920-939c-31daf6086f2e" testName="SoftwareManagement.Api.IntegrationTests.Identity.AuthenticationTests.REQ_IAM_010_RevokesTheRefreshTokenSoTheSessionCannotBeResumed" computerName="JSRKMANISHKUMAR" duration="00:00:00.1364820" startTime="2026-09-08T07:41:38.1711715+05:30" endTime="2026-09-08T07:41:38.3081629+05:30" testType="13cdc9d9-ddb5-4fa4-a97d-d965ccfc6d4b" outcome="Passed" testListId="8c84fa94-04c1-424b-9868-57a2d4851a1d" relativeResultsDirectory="ef88be9f-e60d-4f4b-a056-366af5fe596b" />
    <UnitTestResult executionId="1a8edfb0-1f64-42f7-aa9b-b1a041af0af3" testId="cb33e659-9ec6-4c6f-e780-dddbac74a933" testName="SoftwareManagement.Api.IntegrationTests.Content.SiteStructureTests.REQ_SITE_002_Returns409_WhenTheReorderDoesNotListEverySectionOnce" computerName="JSRKMANISHKUMAR" duration="00:00:00.0970418" startTime="2026-09-08T07:41:39.9893119+05:30" endTime="2026-09-08T07:41:40.0866480+05:30" testType="13cdc9d9-ddb5-4fa4-a97d-d965ccfc6d4b" outcome="Passed" testListId="8c84fa94-04c1-424b-9868-57a2d4851a1d" relativeResultsDirectory="1a8edfb0-1f64-42f7-aa9b-b1a041af0af3" />
    <UnitTestResult executionId="d4f9cfb0-181e-48d5-8d3d-c967d0908fc9" testId="451a92a6-a64e-08f2-d5ed-4c678e13c7a5" testName="SoftwareManagement.Api.IntegrationTests.Content.SiteStructureTests.REQ_SITE_012_ShowsOnlyPermittedTestimonialsOnThePublicSite" computerName="JSRKMANISHKUMAR" duration="00:00:00.2042071" startTime="2026-09-08T07:41:40.0868402+05:30" endTime="2026-09-08T07:41:40.2915085+05:30" testType="13cdc9d9-ddb5-4fa4-a97d-d965ccfc6d4b" outcome="Passed" testListId="8c84fa94-04c1-424b-9868-57a2d4851a1d" relativeResultsDirectory="d4f9cfb0-181e-48d5-8d3d-c967d0908fc9" />
    <UnitTestResult executionId="518c3df2-f677-41d7-82bd-c0bbac4134d2" testId="67104cfb-2d99-ca3b-a6de-921b91db5cfb" testName="SoftwareManagement.Api.IntegrationTests.Identity.AuthenticationTests.REQ_IAM_003_IssuesANewTokenPairAndRetiresTheOldRefreshToken" computerName="JSRKMANISHKUMAR" duration="00:00:00.0867525" startTime="2026-09-08T07:41:39.3987922+05:30" endTime="2026-09-08T07:41:39.4859564+05:30" testType="13cdc9d9-ddb5-4fa4-a97d-d965ccfc6d4b" outcome="Passed" testListId="8c84fa94-04c1-424b-9868-57a2d4851a1d" relativeResultsDirectory="518c3df2-f677-41d7-82bd-c0bbac4134d2" />
    <UnitTestResult executionId="fb54a2ed-1a1f-40cf-b99b-01da3d5c6c99" testId="72177a79-4f01-bce8-6a12-ff9e02ae0764" testName="SoftwareManagement.Api.IntegrationTests.Catalog.ProductCatalogTests.REQ_CAT_006_Recommending_a_second_plan_clears_the_first_and_leaves_exactly_one" computerName="JSRKMANISHKUMAR" duration="00:00:00.1806408" startTime="2026-09-08T07:41:38.5262415+05:30" endTime="2026-09-08T07:41:38.7071781+05:30" testType="13cdc9d9-ddb5-4fa4-a97d-d965ccfc6d4b" outcome="Passed" testListId="8c84fa94-04c1-424b-9868-57a2d4851a1d" relativeResultsDirectory="fb54a2ed-1a1f-40cf-b99b-01da3d5c6c99" />
    <UnitTestResult executionId="9f6a4bc1-205c-4219-aba2-4ea877714345" testId="a8e6d58c-13a8-c2a8-426b-c3e504181d0d" testName="SoftwareManagement.Api.IntegrationTests.Catalog.ProductCatalogTests.REQ_CAT_005_The_public_card_quotes_the_cheapest_published_paid_plan" computerName="JSRKMANISHKUMAR" duration="00:00:00.1109397" startTime="2026-09-08T07:41:37.9734925+05:30" endTime="2026-09-08T07:41:38.0848079+05:30" testType="13cdc9d9-ddb5-4fa4-a97d-d965ccfc6d4b" outcome="Passed" testListId="8c84fa94-04c1-424b-9868-57a2d4851a1d" relativeResultsDirectory="9f6a4bc1-205c-4219-aba2-4ea877714345" />
    <UnitTestResult executionId="b247b2fd-bd6e-401a-9649-85a704c1ab23" testId="24a1b023-779f-69d7-d911-b6d5a0d7d1bc" testName="SoftwareManagement.Api.IntegrationTests.Identity.AuthorizationMatrixTests.REQ_IAM_011_Returns403_WhenAnEditorAsksForTheSignInLog" computerName="JSRKMANISHKUMAR" duration="00:00:00.0841305" startTime="2026-09-08T07:41:38.0871836+05:30" endTime="2026-09-08T07:41:38.1708651+05:30" testType="13cdc9d9-ddb5-4fa4-a97d-d965ccfc6d4b" outcome="Passed" testListId="8c84fa94-04c1-424b-9868-57a2d4851a1d" relativeResultsDirectory="b247b2fd-bd6e-401a-9649-85a704c1ab23" />
    <UnitTestResult executionId="4db026ee-b3ef-4365-a426-c6ebf7eb20c4" testId="a894cfd0-bcc5-5c7c-686d-3565fb0dc6b5" testName="SoftwareManagement.Api.IntegrationTests.PipelineTests.Liveness_Answers200_WithoutTouchingTheDatabase" computerName="JSRKMANISHKUMAR" duration="00:00:00.0235298" startTime="2026-09-08T07:41:35.0381120+05:30" endTime="2026-09-08T07:41:35.0578073+05:30" testType="13cdc9d9-ddb5-4fa4-a97d-d965ccfc6d4b" outcome="Passed" testListId="8c84fa94-04c1-424b-9868-57a2d4851a1d" relativeResultsDirectory="4db026ee-b3ef-4365-a426-c6ebf7eb20c4" />
    <UnitTestResult executionId="c0c97036-a6fd-4281-aa8e-af6048e28392" testId="a8ffe9dc-6131-1c6c-9cb1-5103a9b93973" testName="SoftwareManagement.Api.IntegrationTests.Identity.AuthorizationMatrixTests.REQ_IAM_005_AllowsExactlyTheFrozenAnonymousAllowlist" computerName="JSRKMANISHKUMAR" duration="00:00:00.0945602" startTime="2026-09-08T07:41:37.5377246+05:30" endTime="2026-09-08T07:41:37.6329034+05:30" testType="13cdc9d9-ddb5-4fa4-a97d-d965ccfc6d4b" outcome="Passed" testListId="8c84fa94-04c1-424b-9868-57a2d4851a1d" relativeResultsDirectory="c0c97036-a6fd-4281-aa8e-af6048e28392" />
    <UnitTestResult executionId="c3e304e2-080e-4a6f-898e-bb07b2021cb0" testId="31b5e945-5555-af33-c5a7-3bf48ec2f7ef" testName="SoftwareManagement.Api.IntegrationTests.Content.PageLifecycleTests.REQ_SITE_011_LeavesA301BehindWhenAPublishedPageIsRenamed" computerName="JSRKMANISHKUMAR" duration="00:00:00.1951603" startTime="2026-09-08T07:41:43.6035867+05:30" endTime="2026-09-08T07:41:43.7991302+05:30" testType="13cdc9d9-ddb5-4fa4-a97d-d965ccfc6d4b" outcome="Passed" testListId="8c84fa94-04c1-424b-9868-57a2d4851a1d" relativeResultsDirectory="c3e304e2-080e-4a6f-898e-bb07b2021cb0" />
    <UnitTestResult executionId="fee4744b-2e55-47a9-8758-43051b4a8028" testId="25aa2c9d-09b1-324e-abe7-8b3f9aaf54dc" testName="SoftwareManagement.Api.IntegrationTests.Identity.AuthenticationTests.REQ_IAM_010_Returns401_ForAnAnonymousLogout" computerName="JSRKMANISHKUMAR" duration="00:00:00.0034171" startTime="2026-09-08T07:41:39.9413057+05:30" endTime="2026-09-08T07:41:39.9450879+05:30" testType="13cdc9d9-ddb5-4fa4-a97d-d965ccfc6d4b" outcome="Passed" testListId="8c84fa94-04c1-424b-9868-57a2d4851a1d" relativeResultsDirectory="fee4744b-2e55-47a9-8758-43051b4a8028" />
    <UnitTestResult executionId="7f4ee509-957b-4688-b7c9-178a1b3e4f43" testId="dabfe86f-f42d-3b69-944a-8daf7bf2c339" testName="SoftwareManagement.Api.IntegrationTests.Content.SiteStructureTests.REQ_SITE_008_HidesAMenuItemWhoseTargetPageIsNotPublished" computerName="JSRKMANISHKUMAR" duration="00:00:00.3178336" startTime="2026-09-08T07:41:39.3402637+05:30" endTime="2026-09-08T07:41:39.6586814+05:30" testType="13cdc9d9-ddb5-4fa4-a97d-d965ccfc6d4b" outcome="Passed" testListId="8c84fa94-04c1-424b-9868-57a2d4851a1d" relativeResultsDirectory="7f4ee509-957b-4688-b7c9-178a1b3e4f43" />
    <UnitTestResult executionId="57e13ca9-e67e-41f4-bbcc-bc64591d00c1" testId="29c6d260-cd84-ff3c-82a8-89b2873feef9" testName="SoftwareManagement.Api.IntegrationTests.PipelineTests.PublicPing_IsReachableAnonymously" computerName="JSRKMANISHKUMAR" duration="00:00:00.0165951" startTime="2026-09-08T07:41:35.0580186+05:30" endTime="2026-09-08T07:41:35.0751057+05:30" testType="13cdc9d9-ddb5-4fa4-a97d-d965ccfc6d4b" outcome="Passed" testListId="8c84fa94-04c1-424b-9868-57a2d4851a1d" relativeResultsDirectory="57e13ca9-e67e-41f4-bbcc-bc64591d00c1" />
    <UnitTestResult executionId="09915f5b-d756-4256-8d48-d69f49159e1f" testId="c1b786ea-62fc-47f0-9036-6d3c5242383f" testName="SoftwareManagement.Api.IntegrationTests.Identity.AuthenticationTests.REQ_IAM_002_LocksTheAccountEvenWhenTheSixthAttemptUsesTheCorrectPassword" computerName="JSRKMANISHKUMAR" duration="00:00:00.3624133" startTime="2026-09-08T07:41:38.9590880+05:30" endTime="2026-09-08T07:41:39.3218223+05:30" testType="13cdc9d9-ddb5-4fa4-a97d-d965ccfc6d4b" outcome="Passed" testListId="8c84fa94-04c1-424b-9868-57a2d4851a1d" relativeResultsDirectory="09915f5b-d756-4256-8d48-d69f49159e1f" />
    <UnitTestResult executionId="7cff6ddf-8374-47a2-84f7-9352e27b3dfe" testId="919126ba-83e4-23e4-4cba-c442afd49c39" testName="SoftwareManagement.Api.IntegrationTests.Catalog.ProductCatalogTests.REQ_CAT_001_A_slug_another_product_already_holds_is_refused_with_an_alternative" computerName="JSRKMANISHKUMAR" duration="00:00:00.0933486" startTime="2026-09-08T07:41:37.6557759+05:30" endTime="2026-09-08T07:41:37.7493340+05:30" testType="13cdc9d9-ddb5-4fa4-a97d-d965ccfc6d4b" outcome="Passed" testListId="8c84fa94-04c1-424b-9868-57a2d4851a1d" relativeResultsDirectory="7cff6ddf-8374-47a2-84f7-9352e27b3dfe" />
    <UnitTestResult executionId="41f6eed6-0c93-46e7-83f2-4b1339ad83db" testId="3618c3b8-74bf-6405-4546-ca16ddd22aca" testName="SoftwareManagement.Api.IntegrationTests.InfrastructureRegistrationTests.SystemClock_ReturnsUtc_NeverLocalTime" computerName="JSRKMANISHKUMAR" duration="00:00:00.0037081" startTime="2026-09-08T07:41:31.8592193+05:30" endTime="2026-09-08T07:41:31.8597613+05:30" testType="13cdc9d9-ddb5-4fa4-a97d-d965ccfc6d4b" outcome="Passed" testListId="8c84fa94-04c1-424b-9868-57a2d4851a1d" relativeResultsDirectory="41f6eed6-0c93-46e7-83f2-4b1339ad83db" />
    <UnitTestResult executionId="29887d47-6ae8-4a7f-a336-974557dabe50" testId="650255d1-ff1a-bc01-d7cd-692b4f557d32" testName="SoftwareManagement.Api.IntegrationTests.Content.PageLifecycleTests.REQ_SITE_001_Returns409AndSuggestsAnAlternative_WhenTheSlugIsTaken" computerName="JSRKMANISHKUMAR" duration="00:00:00.0848957" startTime="2026-09-08T07:41:42.8993773+05:30" endTime="2026-09-08T07:41:42.9847281+05:30" testType="13cdc9d9-ddb5-4fa4-a97d-d965ccfc6d4b" outcome="Passed" testListId="8c84fa94-04c1-424b-9868-57a2d4851a1d" relativeResultsDirectory="29887d47-6ae8-4a7f-a336-974557dabe50" />
    <UnitTestResult executionId="d258afd3-c758-4de2-8ab3-b7713f7ec178" testId="1ebd049f-ce84-7c2d-ca03-5e2a53c1eed6" testName="SoftwareManagement.Api.IntegrationTests.Identity.AuthenticationTests.REQ_IAM_002_Returns423_OnTheSixthFailureWithinTheWindow" computerName="JSRKMANISHKUMAR" duration="00:00:00.3735965" startTime="2026-09-08T07:41:38.3083695+05:30" endTime="2026-09-08T07:41:38.6822929+05:30" testType="13cdc9d9-ddb5-4fa4-a97d-d965ccfc6d4b" outcome="Passed" testListId="8c84fa94-04c1-424b-9868-57a2d4851a1d" relativeResultsDirectory="d258afd3-c758-4de2-8ab3-b7713f7ec178" />
    <UnitTestResult executionId="78b1df33-b48c-4531-82d0-ed4f1b8e4abe" testId="657f3dc5-4a14-fa89-8a54-4c695305c3fd" testName="SoftwareManagement.Api.IntegrationTests.Identity.AuthenticationTests.REQ_IAM_008_Returns410_WhenTheResetTokenIsNotValid" computerName="JSRKMANISHKUMAR" duration="00:00:00.0192474" startTime="2026-09-08T07:41:39.9748372+05:30" endTime="2026-09-08T07:41:39.9937227+05:30" testType="13cdc9d9-ddb5-4fa4-a97d-d965ccfc6d4b" outcome="Passed" testListId="8c84fa94-04c1-424b-9868-57a2d4851a1d" relativeResultsDirectory="78b1df33-b48c-4531-82d0-ed4f1b8e4abe" />
    <UnitTestResult executionId="1eefa820-7c11-45d9-a660-00277f91b553" testId="5dc97ee6-96a1-d4f1-b389-915c35a759f8" testName="SoftwareManagement.Api.IntegrationTests.Identity.AuthenticationTests.REQ_IAM_009_Returns422_WhenTheNewPasswordIsTooShort" computerName="JSRKMANISHKUMAR" duration="00:00:00.1579181" startTime="2026-09-08T07:41:38.6824817+05:30" endTime="2026-09-08T07:41:38.8407413+05:30" testType="13cdc9d9-ddb5-4fa4-a97d-d965ccfc6d4b" outcome="Passed" testListId="8c84fa94-04c1-424b-9868-57a2d4851a1d" relativeResultsDirectory="1eefa820-7c11-45d9-a660-00277f91b553" />
    <UnitTestResult executionId="0eb55fee-2a39-4c7f-b8b6-4553a0d033df" testId="bd56576c-8ab9-c17e-8f92-0369874035c1" testName="SoftwareManagement.Api.IntegrationTests.Identity.AuthorizationMatrixTests.REQ_IAM_011_ClampsThePageSize_SoOneRequestCannotDrainTheTable" computerName="JSRKMANISHKUMAR" duration="00:00:00.1004343" startTime="2026-09-08T07:41:37.8219618+05:30" endTime="2026-09-08T07:41:37.9228387+05:30" testType="13cdc9d9-ddb5-4fa4-a97d-d965ccfc6d4b" outcome="Passed" testListId="8c84fa94-04c1-424b-9868-57a2d4851a1d" relativeResultsDirectory="0eb55fee-2a39-4c7f-b8b6-4553a0d033df" />
    <UnitTestResult executionId="511ce9cb-3c06-44cf-96b9-15a61e4d56d5" testId="1fd87e0a-7162-9ddc-814b-64dbc5aafc81" testName="SoftwareManagement.Api.IntegrationTests.Content.PageLifecycleTests.REQ_SITE_005_Returns404_ForAVersionThatDoesNotExist" computerName="JSRKMANISHKUMAR" duration="00:00:00.1402776" startTime="2026-09-08T07:41:42.0759510+05:30" endTime="2026-09-08T07:41:42.2167349+05:30" testType="13cdc9d9-ddb5-4fa4-a97d-d965ccfc6d4b" outcome="Passed" testListId="8c84fa94-04c1-424b-9868-57a2d4851a1d" relativeResultsDirectory="511ce9cb-3c06-44cf-96b9-15a61e4d56d5" />
    <UnitTestResult executionId="bbd87dc0-7347-4e8f-8d79-f1c3015730b5" testId="96b84f90-90e0-21e8-2534-5b5c13a4f991" testName="SoftwareManagement.Api.IntegrationTests.Identity.AuthorizationMatrixTests.REQ_IAM_011_LetsTheAuditorReadSignInAttempts" computerName="JSRKMANISHKUMAR" duration="00:00:00.1882195" startTime="2026-09-08T07:41:37.6330987+05:30" endTime="2026-09-08T07:41:37.8217478+05:30" testType="13cdc9d9-ddb5-4fa4-a97d-d965ccfc6d4b" outcome="Passed" testListId="8c84fa94-04c1-424b-9868-57a2d4851a1d" relativeResultsDirectory="bbd87dc0-7347-4e8f-8d79-f1c3015730b5" />
    <UnitTestResult executionId="d20e0ec2-0d56-475d-8f70-b853961b7b20" testId="08351177-d710-4c67-897f-ff7aba5eadea" testName="SoftwareManagement.Api.IntegrationTests.ReadinessTests.MigrationsHistory_ContainsTheInitialMigration_SoTheSchemaIsBuiltFromMigrationsAlone" computerName="JSRKMANISHKUMAR" duration="00:00:00.0133398" startTime="2026-09-08T07:41:35.0107810+05:30" endTime="2026-09-08T07:41:35.1275891+05:30" testType="13cdc9d9-ddb5-4fa4-a97d-d965ccfc6d4b" outcome="Passed" testListId="8c84fa94-04c1-424b-9868-57a2d4851a1d" relativeResultsDirectory="d20e0ec2-0d56-475d-8f70-b853961b7b20" />
    <UnitTestResult executionId="f17bd11f-0981-4577-8e62-e503569af162" testId="2ce37273-daad-409d-f736-1d18af71ab9e" testName="SoftwareManagement.Api.IntegrationTests.ErrorContractTests.UnhandledException_ReturnsRfc9457ProblemDetails_WithATraceIdAndNoStackTrace" computerName="JSRKMANISHKUMAR" duration="00:00:00.2044516" startTime="2026-09-08T07:41:35.0178079+05:30" endTime="2026-09-08T07:41:35.2225739+05:30" testType="13cdc9d9-ddb5-4fa4-a97d-d965ccfc6d4b" outcome="Passed" testListId="8c84fa94-04c1-424b-9868-57a2d4851a1d" relativeResultsDirectory="f17bd11f-0981-4577-8e62-e503569af162" />
    <UnitTestResult executionId="1efb2d06-0ad5-4fe9-b219-9c188cb3a0d8" testId="bb35a0d0-7d94-9cbb-7ef3-55c9a9b91774" testName="SoftwareManagement.Api.IntegrationTests.Identity.UserAdministrationTests.REQ_IAM_006_Returns409_WhenTheEmailAddressIsAlreadyRegistered" computerName="JSRKMANISHKUMAR" duration="00:00:00.0832746" startTime="2026-09-08T07:41:36.8717880+05:30" endTime="2026-09-08T07:41:36.9554380+05:30" testType="13cdc9d9-ddb5-4fa4-a97d-d965ccfc6d4b" outcome="Passed" testListId="8c84fa94-04c1-424b-9868-57a2d4851a1d" relativeResultsDirectory="1efb2d06-0ad5-4fe9-b219-9c188cb3a0d8" />
    <UnitTestResult executionId="a9ee7188-af47-4467-9022-03ba34b95db5" testId="a1beba10-c274-0de4-e53e-4ffe2592cd47" testName="SoftwareManagement.Api.IntegrationTests.ReadinessTests.Readiness_Answers200_WhenTheDatabaseIsReachable" computerName="JSRKMANISHKUMAR" duration="00:00:00.5421503" startTime="2026-09-08T07:41:34.3858030+05:30" endTime="2026-09-08T07:41:35.0104833+05:30" testType="13cdc9d9-ddb5-4fa4-a97d-d965ccfc6d4b" outcome="Passed" testListId="8c84fa94-04c1-424b-9868-57a2d4851a1d" relativeResultsDirectory="a9ee7188-af47-4467-9022-03ba34b95db5" />
    <UnitTestResult executionId="129481bd-7c51-412d-859d-1fd674389205" testId="0c956bf7-f5bc-76ee-2b6d-b60d31b69802" testName="SoftwareManagement.Api.IntegrationTests.Content.PageLifecycleTests.REQ_SITE_001_CreatesAPageAsADraftThatThePublicCannotSee" computerName="JSRKMANISHKUMAR" duration="00:00:00.1549449" startTime="2026-09-08T07:41:42.2169026+05:30" endTime="2026-09-08T07:41:42.3722140+05:30" testType="13cdc9d9-ddb5-4fa4-a97d-d965ccfc6d4b" outcome="Passed" testListId="8c84fa94-04c1-424b-9868-57a2d4851a1d" relativeResultsDirectory="129481bd-7c51-412d-859d-1fd674389205" />
    <UnitTestResult executionId="24b74f6d-62b3-4fec-b2ba-ce29feb46457" testId="070f8695-b9b9-a676-e899-56bc38145031" testName="SoftwareManagement.Api.IntegrationTests.Identity.AuthenticationTests.REQ_IAM_001_WritesASucceededLoginAttemptAndAHashedRefreshToken" computerName="JSRKMANISHKUMAR" duration="00:00:00.1316501" startTime="2026-09-08T07:41:39.8090367+05:30" endTime="2026-09-08T07:41:39.9411089+05:30" testType="13cdc9d9-ddb5-4fa4-a97d-d965ccfc6d4b" outcome="Passed" testListId="8c84fa94-04c1-424b-9868-57a2d4851a1d" relativeResultsDirectory="24b74f6d-62b3-4fec-b2ba-ce29feb46457" />
    <UnitTestResult executionId="bf2c7560-e9d3-4405-88ee-e98255a4246a" testId="d730ccfd-ed80-6d44-d6b0-13ca355d9450" testName="SoftwareManagement.Api.IntegrationTests.Identity.UserAdministrationTests.REQ_IAM_007_EndsAccessImmediatelyAndRevokesTheRefreshToken" computerName="JSRKMANISHKUMAR" duration="00:00:00.3077926" startTime="2026-09-08T07:41:36.4079410+05:30" endTime="2026-09-08T07:41:36.7152453+05:30" testType="13cdc9d9-ddb5-4fa4-a97d-d965ccfc6d4b" outcome="Passed" testListId="8c84fa94-04c1-424b-9868-57a2d4851a1d" relativeResultsDirectory="bf2c7560-e9d3-4405-88ee-e98255a4246a" />
    <UnitTestResult executionId="363fab1b-b8d9-4d3d-87f0-a4c16aacee12" testId="c5c217b9-8153-f09b-bef0-caa078e30f9d" testName="SoftwareManagement.Api.IntegrationTests.Identity.UserAdministrationTests.REQ_IAM_006_ListsUsersForTheAuditorButRefusesTheEditor" computerName="JSRKMANISHKUMAR" duration="00:00:00.2486430" startTime="2026-09-08T07:41:35.6388936+05:30" endTime="2026-09-08T07:41:35.8878481+05:30" testType="13cdc9d9-ddb5-4fa4-a97d-d965ccfc6d4b" outcome="Passed" testListId="8c84fa94-04c1-424b-9868-57a2d4851a1d" relativeResultsDirectory="363fab1b-b8d9-4d3d-87f0-a4c16aacee12" />
    <UnitTestResult executionId="397047af-7f9d-4dc1-86c9-dd14b85853f5" testId="29a8bfb1-e669-6f61-6740-9d3c04535eb9" testName="SoftwareManagement.Api.IntegrationTests.Identity.UserAdministrationTests.REQ_IAM_006_CreatesAUserWhoCannotSignInUntilTheySetAPassword" computerName="JSRKMANISHKUMAR" duration="00:00:00.1135045" startTime="2026-09-08T07:41:36.9556337+05:30" endTime="2026-09-08T07:41:37.0695240+05:30" testType="13cdc9d9-ddb5-4fa4-a97d-d965ccfc6d4b" outcome="Passed" testListId="8c84fa94-04c1-424b-9868-57a2d4851a1d" relativeResultsDirectory="397047af-7f9d-4dc1-86c9-dd14b85853f5" />
    <UnitTestResult executionId="76b42137-20d4-4ef9-94dc-22baf9ad3f5c" testId="7d6b297f-7f47-52a4-5b3e-d80ba9a4b81f" testName="SoftwareManagement.Api.IntegrationTests.Catalog.ProductCatalogTests.REQ_CAT_001_A_new_product_is_stored_as_a_draft_and_stays_out_of_the_public_catalogue" computerName="JSRKMANISHKUMAR" duration="00:00:00.1612303" startTime="2026-09-08T07:41:36.8263808+05:30" endTime="2026-09-08T07:41:36.9879788+05:30" testType="13cdc9d9-ddb5-4fa4-a97d-d965ccfc6d4b" outcome="Passed" testListId="8c84fa94-04c1-424b-9868-57a2d4851a1d" relativeResultsDirectory="76b42137-20d4-4ef9-94dc-22baf9ad3f5c" />
    <UnitTestResult executionId="c2585469-a937-4539-b013-3d969dc1b91d" testId="84a8cc79-9ab4-8938-c7a8-4d25d4634715" testName="SoftwareManagement.Api.IntegrationTests.Content.PageLifecycleTests.REQ_SITE_006_StoresTheEditorsLocalTimeAsTheCorrectUtcInstant" computerName="JSRKMANISHKUMAR" duration="00:00:00.0897924" startTime="2026-09-08T07:41:43.2662916+05:30" endTime="2026-09-08T07:41:43.3564035+05:30" testType="13cdc9d9-ddb5-4fa4-a97d-d965ccfc6d4b" outcome="Passed" testListId="8c84fa94-04c1-424b-9868-57a2d4851a1d" relativeResultsDirectory="c2585469-a937-4539-b013-3d969dc1b91d" />
    <UnitTestResult executionId="8149ae2c-8ffc-4e52-bb09-5b83040a88e2" testId="024f0d6c-8c53-6199-c384-e3a891be0c0f" testName="SoftwareManagement.Api.IntegrationTests.Content.SiteStructureTests.REQ_SITE_002_KeepsSectionOrderContiguousAfterAReorder" computerName="JSRKMANISHKUMAR" duration="00:00:00.2200652" startTime="2026-09-08T07:41:39.6588877+05:30" endTime="2026-09-08T07:41:39.8793140+05:30" testType="13cdc9d9-ddb5-4fa4-a97d-d965ccfc6d4b" outcome="Passed" testListId="8c84fa94-04c1-424b-9868-57a2d4851a1d" relativeResultsDirectory="8149ae2c-8ffc-4e52-bb09-5b83040a88e2" />
  </Results>
  <TestDefinitions>
    <UnitTest name="SoftwareManagement.Api.IntegrationTests.ReadinessTests.AggregateHealth_Answers200_WhenEveryCheckPasses" storage="g:\software-management\backend\tests\softwaremanagement.api.integrationtests\bin\release\net10.0\softwaremanagement.api.integrationtests.dll" id="724ed3d1-5144-f91e-0cb6-e65d0b2a22a2">
      <Execution id="6de0e71b-38db-4e54-afb2-2eb2ab51e81c" />
      <TestMethod codeBase="G:\software-management\backend\tests\SoftwareManagement.Api.IntegrationTests\bin\Release\net10.0\SoftwareManagement.Api.IntegrationTests.dll" adapterTypeName="executor://xunit/VsTestRunner3/netcore/" className="SoftwareManagement.Api.IntegrationTests.ReadinessTests" name="AggregateHealth_Answers200_WhenEveryCheckPasses" />
    </UnitTest>
    <UnitTest name="SoftwareManagement.Api.IntegrationTests.Identity.UserAdministrationTests.REQ_IAM_004_ChangesAUsersRoleAndAuditsTheChange" storage="g:\software-management\backend\tests\softwaremanagement.api.integrationtests\bin\release\net10.0\softwaremanagement.api.integrationtests.dll" id="47d95d40-350a-876b-e176-8c8fcf147901">
      <Execution id="cf996316-84cc-4b32-a5c9-b17ea018e6db" />
      <TestMethod codeBase="G:\software-management\backend\tests\SoftwareManagement.Api.IntegrationTests\bin\Release\net10.0\SoftwareManagement.Api.IntegrationTests.dll" adapterTypeName="executor://xunit/VsTestRunner3/netcore/" className="SoftwareManagement.Api.IntegrationTests.Identity.UserAdministrationTests" name="REQ_IAM_004_ChangesAUsersRoleAndAuditsTheChange" />
    </UnitTest>
    <UnitTest name="SoftwareManagement.Api.IntegrationTests.PipelineTests.UnknownRoute_Returns404_AndNeverLeaksAStackTrace" storage="g:\software-management\backend\tests\softwaremanagement.api.integrationtests\bin\release\net10.0\softwaremanagement.api.integrationtests.dll" id="cb9c3f17-15cd-93b3-0a6d-d91098880341">
      <Execution id="a815d5ae-22d1-41b4-bb2c-be5153b68597" />
      <TestMethod codeBase="G:\software-management\backend\tests\SoftwareManagement.Api.IntegrationTests\bin\Release\net10.0\SoftwareManagement.Api.IntegrationTests.dll" adapterTypeName="executor://xunit/VsTestRunner3/netcore/" className="SoftwareManagement.Api.IntegrationTests.PipelineTests" name="UnknownRoute_Returns404_AndNeverLeaksAStackTrace" />
    </UnitTest>
    <UnitTest name="SoftwareManagement.Api.IntegrationTests.Content.PageLifecycleTests.REQ_SITE_005_RestoreCreatesANewVersionAndKeepsTheOldOnes" storage="g:\software-management\backend\tests\softwaremanagement.api.integrationtests\bin\release\net10.0\softwaremanagement.api.integrationtests.dll" id="18289c2d-8ec1-ae26-b08d-032017c200c4">
      <Execution id="23080d81-19d1-4bef-9198-5879faa3e109" />
      <TestMethod codeBase="G:\software-management\backend\tests\SoftwareManagement.Api.IntegrationTests\bin\Release\net10.0\SoftwareManagement.Api.IntegrationTests.dll" adapterTypeName="executor://xunit/VsTestRunner3/netcore/" className="SoftwareManagement.Api.IntegrationTests.Content.PageLifecycleTests" name="REQ_SITE_005_RestoreCreatesANewVersionAndKeepsTheOldOnes" />
    </UnitTest>
    <UnitTest name="SoftwareManagement.Api.IntegrationTests.Catalog.ProductCatalogTests.REQ_CAT_006_Recommending_a_second_plan_clears_the_first_and_leaves_exactly_one" storage="g:\software-management\backend\tests\softwaremanagement.api.integrationtests\bin\release\net10.0\softwaremanagement.api.integrationtests.dll" id="72177a79-4f01-bce8-6a12-ff9e02ae0764">
      <Execution id="fb54a2ed-1a1f-40cf-b99b-01da3d5c6c99" />
      <TestMethod codeBase="G:\software-management\backend\tests\SoftwareManagement.Api.IntegrationTests\bin\Release\net10.0\SoftwareManagement.Api.IntegrationTests.dll" adapterTypeName="executor://xunit/VsTestRunner3/netcore/" className="SoftwareManagement.Api.IntegrationTests.Catalog.ProductCatalogTests" name="REQ_CAT_006_Recommending_a_second_plan_clears_the_first_and_leaves_exactly_one" />
    </UnitTest>
    <UnitTest name="SoftwareManagement.Api.IntegrationTests.PipelineTests.PublicPing_IsReachableAnonymously" storage="g:\software-management\backend\tests\softwaremanagement.api.integrationtests\bin\release\net10.0\softwaremanagement.api.integrationtests.dll" id="29c6d260-cd84-ff3c-82a8-89b2873feef9">
      <Execution id="57e13ca9-e67e-41f4-bbcc-bc64591d00c1" />
      <TestMethod codeBase="G:\software-management\backend\tests\SoftwareManagement.Api.IntegrationTests\bin\Release\net10.0\SoftwareManagement.Api.IntegrationTests.dll" adapterTypeName="executor://xunit/VsTestRunner3/netcore/" className="SoftwareManagement.Api.IntegrationTests.PipelineTests" name="PublicPing_IsReachableAnonymously" />
    </UnitTest>
    <UnitTest name="SoftwareManagement.Api.IntegrationTests.ErrorContractTests.UnhandledException_ReturnsRfc9457ProblemDetails_WithATraceIdAndNoStackTrace" storage="g:\software-management\backend\tests\softwaremanagement.api.integrationtests\bin\release\net10.0\softwaremanagement.api.integrationtests.dll" id="2ce37273-daad-409d-f736-1d18af71ab9e">
      <Execution id="f17bd11f-0981-4577-8e62-e503569af162" />
      <TestMethod codeBase="G:\software-management\backend\tests\SoftwareManagement.Api.IntegrationTests\bin\Release\net10.0\SoftwareManagement.Api.IntegrationTests.dll" adapterTypeName="executor://xunit/VsTestRunner3/netcore/" className="SoftwareManagement.Api.IntegrationTests.ErrorContractTests" name="UnhandledException_ReturnsRfc9457ProblemDetails_WithATraceIdAndNoStackTrace" />
    </UnitTest>
    <UnitTest name="SoftwareManagement.Api.IntegrationTests.Identity.AuthenticationTests.REQ_IAM_008_Returns410_WhenTheResetTokenIsNotValid" storage="g:\software-management\backend\tests\softwaremanagement.api.integrationtests\bin\release\net10.0\softwaremanagement.api.integrationtests.dll" id="657f3dc5-4a14-fa89-8a54-4c695305c3fd">
      <Execution id="78b1df33-b48c-4531-82d0-ed4f1b8e4abe" />
      <TestMethod codeBase="G:\software-management\backend\tests\SoftwareManagement.Api.IntegrationTests\bin\Release\net10.0\SoftwareManagement.Api.IntegrationTests.dll" adapterTypeName="executor://xunit/VsTestRunner3/netcore/" className="SoftwareManagement.Api.IntegrationTests.Identity.AuthenticationTests" name="REQ_IAM_008_Returns410_WhenTheResetTokenIsNotValid" />
    </UnitTest>
    <UnitTest name="SoftwareManagement.Api.IntegrationTests.InfrastructureRegistrationTests.AddInfrastructure_Throws_WhenTheConnectionStringIsMissing" storage="g:\software-management\backend\tests\softwaremanagement.api.integrationtests\bin\release\net10.0\softwaremanagement.api.integrationtests.dll" id="36b625fb-743b-53a8-b934-35c4775d4639">
      <Execution id="5569bd79-c7a8-438a-a784-e709c4c4192d" />
      <TestMethod codeBase="G:\software-management\backend\tests\SoftwareManagement.Api.IntegrationTests\bin\Release\net10.0\SoftwareManagement.Api.IntegrationTests.dll" adapterTypeName="executor://xunit/VsTestRunner3/netcore/" className="SoftwareManagement.Api.IntegrationTests.InfrastructureRegistrationTests" name="AddInfrastructure_Throws_WhenTheConnectionStringIsMissing" />
    </UnitTest>
    <UnitTest name="SoftwareManagement.Api.IntegrationTests.Identity.AuthenticationTests.REQ_IAM_002_Returns423_OnTheSixthFailureWithinTheWindow" storage="g:\software-management\backend\tests\softwaremanagement.api.integrationtests\bin\release\net10.0\softwaremanagement.api.integrationtests.dll" id="1ebd049f-ce84-7c2d-ca03-5e2a53c1eed6">
      <Execution id="d258afd3-c758-4de2-8ab3-b7713f7ec178" />
      <TestMethod codeBase="G:\software-management\backend\tests\SoftwareManagement.Api.IntegrationTests\bin\Release\net10.0\SoftwareManagement.Api.IntegrationTests.dll" adapterTypeName="executor://xunit/VsTestRunner3/netcore/" className="SoftwareManagement.Api.IntegrationTests.Identity.AuthenticationTests" name="REQ_IAM_002_Returns423_OnTheSixthFailureWithinTheWindow" />
    </UnitTest>
    <UnitTest name="SoftwareManagement.Api.IntegrationTests.Content.PageLifecycleTests.REQ_SITE_011_LeavesA301BehindWhenAPublishedPageIsRenamed" storage="g:\software-management\backend\tests\softwaremanagement.api.integrationtests\bin\release\net10.0\softwaremanagement.api.integrationtests.dll" id="31b5e945-5555-af33-c5a7-3bf48ec2f7ef">
      <Execution id="c3e304e2-080e-4a6f-898e-bb07b2021cb0" />
      <TestMethod codeBase="G:\software-management\backend\tests\SoftwareManagement.Api.IntegrationTests\bin\Release\net10.0\SoftwareManagement.Api.IntegrationTests.dll" adapterTypeName="executor://xunit/VsTestRunner3/netcore/" className="SoftwareManagement.Api.IntegrationTests.Content.PageLifecycleTests" name="REQ_SITE_011_LeavesA301BehindWhenAPublishedPageIsRenamed" />
    </UnitTest>
    <UnitTest name="SoftwareManagement.Api.IntegrationTests.Content.PageLifecycleTests.REQ_SITE_001_Returns409AndSuggestsAnAlternative_WhenTheSlugIsTaken" storage="g:\software-management\backend\tests\softwaremanagement.api.integrationtests\bin\release\net10.0\softwaremanagement.api.integrationtests.dll" id="650255d1-ff1a-bc01-d7cd-692b4f557d32">
      <Execution id="29887d47-6ae8-4a7f-a336-974557dabe50" />
      <TestMethod codeBase="G:\software-management\backend\tests\SoftwareManagement.Api.IntegrationTests\bin\Release\net10.0\SoftwareManagement.Api.IntegrationTests.dll" adapterTypeName="executor://xunit/VsTestRunner3/netcore/" className="SoftwareManagement.Api.IntegrationTests.Content.PageLifecycleTests" name="REQ_SITE_001_Returns409AndSuggestsAnAlternative_WhenTheSlugIsTaken" />
    </UnitTest>
    <UnitTest name="SoftwareManagement.Api.IntegrationTests.Identity.AuthorizationMatrixTests.REQ_IAM_011_Returns403_WhenAnEditorAsksForTheSignInLog" storage="g:\software-management\backend\tests\softwaremanagement.api.integrationtests\bin\release\net10.0\softwaremanagement.api.integrationtests.dll" id="24a1b023-779f-69d7-d911-b6d5a0d7d1bc">
      <Execution id="b247b2fd-bd6e-401a-9649-85a704c1ab23" />
      <TestMethod codeBase="G:\software-management\backend\tests\SoftwareManagement.Api.IntegrationTests\bin\Release\net10.0\SoftwareManagement.Api.IntegrationTests.dll" adapterTypeName="executor://xunit/VsTestRunner3/netcore/" className="SoftwareManagement.Api.IntegrationTests.Identity.AuthorizationMatrixTests" name="REQ_IAM_011_Returns403_WhenAnEditorAsksForTheSignInLog" />
    </UnitTest>
    <UnitTest name="SoftwareManagement.Api.IntegrationTests.Content.SiteStructureTests.REQ_SITE_012_Returns422_ForABannerThatEndsBeforeItStarts" storage="g:\software-management\backend\tests\softwaremanagement.api.integrationtests\bin\release\net10.0\softwaremanagement.api.integrationtests.dll" id="25df0403-a902-dbd5-659a-3fd726a1b888">
      <Execution id="8d8d1911-d08e-4e07-a3b6-4a447179f5f7" />
      <TestMethod codeBase="G:\software-management\backend\tests\SoftwareManagement.Api.IntegrationTests\bin\Release\net10.0\SoftwareManagement.Api.IntegrationTests.dll" adapterTypeName="executor://xunit/VsTestRunner3/netcore/" className="SoftwareManagement.Api.IntegrationTests.Content.SiteStructureTests" name="REQ_SITE_012_Returns422_ForABannerThatEndsBeforeItStarts" />
    </UnitTest>
    <UnitTest name="SoftwareManagement.Api.IntegrationTests.PipelineTests.SecurePing_Returns401_ForAnAnonymousCaller" storage="g:\software-management\backend\tests\softwaremanagement.api.integrationtests\bin\release\net10.0\softwaremanagement.api.integrationtests.dll" id="fcabc442-49ea-ed54-3d5f-079426aad631">
      <Execution id="1914427e-ed5a-4d6a-9016-827f3ddeb443" />
      <TestMethod codeBase="G:\software-management\backend\tests\SoftwareManagement.Api.IntegrationTests\bin\Release\net10.0\SoftwareManagement.Api.IntegrationTests.dll" adapterTypeName="executor://xunit/VsTestRunner3/netcore/" className="SoftwareManagement.Api.IntegrationTests.PipelineTests" name="SecurePing_Returns401_ForAnAnonymousCaller" />
    </UnitTest>
    <UnitTest name="SoftwareManagement.Api.IntegrationTests.Identity.AuthorizationMatrixTests.REQ_IAM_011_ClampsThePageSize_SoOneRequestCannotDrainTheTable" storage="g:\software-management\backend\tests\softwaremanagement.api.integrationtests\bin\release\net10.0\softwaremanagement.api.integrationtests.dll" id="bd56576c-8ab9-c17e-8f92-0369874035c1">
      <Execution id="0eb55fee-2a39-4c7f-b8b6-4553a0d033df" />
      <TestMethod codeBase="G:\software-management\backend\tests\SoftwareManagement.Api.IntegrationTests\bin\Release\net10.0\SoftwareManagement.Api.IntegrationTests.dll" adapterTypeName="executor://xunit/VsTestRunner3/netcore/" className="SoftwareManagement.Api.IntegrationTests.Identity.AuthorizationMatrixTests" name="REQ_IAM_011_ClampsThePageSize_SoOneRequestCannotDrainTheTable" />
    </UnitTest>
    <UnitTest name="SoftwareManagement.Api.IntegrationTests.Content.SiteStructureTests.REQ_SITE_002_Returns409_WhenTheReorderDoesNotListEverySectionOnce" storage="g:\software-management\backend\tests\softwaremanagement.api.integrationtests\bin\release\net10.0\softwaremanagement.api.integrationtests.dll" id="cb33e659-9ec6-4c6f-e780-dddbac74a933">
      <Execution id="1a8edfb0-1f64-42f7-aa9b-b1a041af0af3" />
      <TestMethod codeBase="G:\software-management\backend\tests\SoftwareManagement.Api.IntegrationTests\bin\Release\net10.0\SoftwareManagement.Api.IntegrationTests.dll" adapterTypeName="executor://xunit/VsTestRunner3/netcore/" className="SoftwareManagement.Api.IntegrationTests.Content.SiteStructureTests" name="REQ_SITE_002_Returns409_WhenTheReorderDoesNotListEverySectionOnce" />
    </UnitTest>
    <UnitTest name="SoftwareManagement.Api.IntegrationTests.Content.SiteStructureTests.REQ_SITE_008_Returns422_WhenAMenuItemHasBothOrNeitherDestination" storage="g:\software-management\backend\tests\softwaremanagement.api.integrationtests\bin\release\net10.0\softwaremanagement.api.integrationtests.dll" id="41c23d21-14f1-2412-155a-a7233ab5f930">
      <Execution id="846b9d5e-832e-4af9-9a7d-7d4a32aebdc5" />
      <TestMethod codeBase="G:\software-management\backend\tests\SoftwareManagement.Api.IntegrationTests\bin\Release\net10.0\SoftwareManagement.Api.IntegrationTests.dll" adapterTypeName="executor://xunit/VsTestRunner3/netcore/" className="SoftwareManagement.Api.IntegrationTests.Content.SiteStructureTests" name="REQ_SITE_008_Returns422_WhenAMenuItemHasBothOrNeitherDestination" />
    </UnitTest>
    <UnitTest name="SoftwareManagement.Api.IntegrationTests.Catalog.ProductCatalogTests.REQ_CAT_007_Every_cell_of_the_plan_comparison_carries_a_definite_answer" storage="g:\software-management\backend\tests\softwaremanagement.api.integrationtests\bin\release\net10.0\softwaremanagement.api.integrationtests.dll" id="0e70e851-1c00-7339-50d5-a521bd649c30">
      <Execution id="e1bc52b2-c234-4bdb-a01b-f4450cc9e87d" />
      <TestMethod codeBase="G:\software-management\backend\tests\SoftwareManagement.Api.IntegrationTests\bin\Release\net10.0\SoftwareManagement.Api.IntegrationTests.dll" adapterTypeName="executor://xunit/VsTestRunner3/netcore/" className="SoftwareManagement.Api.IntegrationTests.Catalog.ProductCatalogTests" name="REQ_CAT_007_Every_cell_of_the_plan_comparison_carries_a_definite_answer" />
    </UnitTest>
    <UnitTest name="SoftwareManagement.Api.IntegrationTests.Identity.UserAdministrationTests.REQ_IAM_007_EndsAccessImmediatelyAndRevokesTheRefreshToken" storage="g:\software-management\backend\tests\softwaremanagement.api.integrationtests\bin\release\net10.0\softwaremanagement.api.integrationtests.dll" id="d730ccfd-ed80-6d44-d6b0-13ca355d9450">
      <Execution id="bf2c7560-e9d3-4405-88ee-e98255a4246a" />
      <TestMethod codeBase="G:\software-management\backend\tests\SoftwareManagement.Api.IntegrationTests\bin\Release\net10.0\SoftwareManagement.Api.IntegrationTests.dll" adapterTypeName="executor://xunit/VsTestRunner3/netcore/" className="SoftwareManagement.Api.IntegrationTests.Identity.UserAdministrationTests" name="REQ_IAM_007_EndsAccessImmediatelyAndRevokesTheRefreshToken" />
    </UnitTest>
    <UnitTest name="SoftwareManagement.Api.IntegrationTests.Identity.UserAdministrationTests.REQ_IAM_007_Returns404_ForAUserThatDoesNotExist" storage="g:\software-management\backend\tests\softwaremanagement.api.integrationtests\bin\release\net10.0\softwaremanagement.api.integrationtests.dll" id="3ff15186-44db-3e4f-62a9-99bc40d059d8">
      <Execution id="ffb75f04-9b55-41e8-a957-d4124b19fd71" />
      <TestMethod codeBase="G:\software-management\backend\tests\SoftwareManagement.Api.IntegrationTests\bin\Release\net10.0\SoftwareManagement.Api.IntegrationTests.dll" adapterTypeName="executor://xunit/VsTestRunner3/netcore/" className="SoftwareManagement.Api.IntegrationTests.Identity.UserAdministrationTests" name="REQ_IAM_007_Returns404_ForAUserThatDoesNotExist" />
    </UnitTest>
    <UnitTest name="SoftwareManagement.Api.IntegrationTests.Catalog.ProductCatalogTests.REQ_CAT_002_The_public_catalogue_filtered_by_a_category_returns_only_that_categorys_published_products" storage="g:\software-management\backend\tests\softwaremanagement.api.integrationtests\bin\release\net10.0\softwaremanagement.api.integrationtests.dll" id="6dcf41b0-8c85-78e0-f409-4496a03f0413">
      <Execution id="b6536df8-dc1b-4877-94cf-d471cf0272d6" />
      <TestMethod codeBase="G:\software-management\backend\tests\SoftwareManagement.Api.IntegrationTests\bin\Release\net10.0\SoftwareManagement.Api.IntegrationTests.dll" adapterTypeName="executor://xunit/VsTestRunner3/netcore/" className="SoftwareManagement.Api.IntegrationTests.Catalog.ProductCatalogTests" name="REQ_CAT_002_The_public_catalogue_filtered_by_a_category_returns_only_that_categorys_published_products" />
    </UnitTest>
    <UnitTest name="SoftwareManagement.Api.IntegrationTests.Content.PageLifecycleTests.REQ_SITE_011_RendersTheSeoFieldsOnThePublicPage" storage="g:\software-management\backend\tests\softwaremanagement.api.integrationtests\bin\release\net10.0\softwaremanagement.api.integrationtests.dll" id="48408fd6-60e7-db04-fd72-886804e7fc7b">
      <Execution id="0728c682-b43c-40af-acc8-f22754be7c81" />
      <TestMethod codeBase="G:\software-management\backend\tests\SoftwareManagement.Api.IntegrationTests\bin\Release\net10.0\SoftwareManagement.Api.IntegrationTests.dll" adapterTypeName="executor://xunit/VsTestRunner3/netcore/" className="SoftwareManagement.Api.IntegrationTests.Content.PageLifecycleTests" name="REQ_SITE_011_RendersTheSeoFieldsOnThePublicPage" />
    </UnitTest>
    <UnitTest name="SoftwareManagement.Api.IntegrationTests.Identity.AuthorizationMatrixTests.REQ_IAM_005_GivesTheEditorNoAccessToPersonalDataOrMoney" storage="g:\software-management\backend\tests\softwaremanagement.api.integrationtests\bin\release\net10.0\softwaremanagement.api.integrationtests.dll" id="1656ab07-73cb-724e-d7db-4057024ab14a">
      <Execution id="0654e75d-4f1e-4429-98ff-afd9c544cd6c" />
      <TestMethod codeBase="G:\software-management\backend\tests\SoftwareManagement.Api.IntegrationTests\bin\Release\net10.0\SoftwareManagement.Api.IntegrationTests.dll" adapterTypeName="executor://xunit/VsTestRunner3/netcore/" className="SoftwareManagement.Api.IntegrationTests.Identity.AuthorizationMatrixTests" name="REQ_IAM_005_GivesTheEditorNoAccessToPersonalDataOrMoney" />
    </UnitTest>
    <UnitTest name="SoftwareManagement.Api.IntegrationTests.Content.PageLifecycleTests.REQ_SITE_005_Returns404_ForAVersionThatDoesNotExist" storage="g:\software-management\backend\tests\softwaremanagement.api.integrationtests\bin\release\net10.0\softwaremanagement.api.integrationtests.dll" id="1fd87e0a-7162-9ddc-814b-64dbc5aafc81">
      <Execution id="511ce9cb-3c06-44cf-96b9-15a61e4d56d5" />
      <TestMethod codeBase="G:\software-management\backend\tests\SoftwareManagement.Api.IntegrationTests\bin\Release\net10.0\SoftwareManagement.Api.IntegrationTests.dll" adapterTypeName="executor://xunit/VsTestRunner3/netcore/" className="SoftwareManagement.Api.IntegrationTests.Content.PageLifecycleTests" name="REQ_SITE_005_Returns404_ForAVersionThatDoesNotExist" />
    </UnitTest>
    <UnitTest name="SoftwareManagement.Api.IntegrationTests.PipelineTests.Liveness_Answers200_WithoutTouchingTheDatabase" storage="g:\software-management\backend\tests\softwaremanagement.api.integrationtests\bin\release\net10.0\softwaremanagement.api.integrationtests.dll" id="a894cfd0-bcc5-5c7c-686d-3565fb0dc6b5">
      <Execution id="4db026ee-b3ef-4365-a426-c6ebf7eb20c4" />
      <TestMethod codeBase="G:\software-management\backend\tests\SoftwareManagement.Api.IntegrationTests\bin\Release\net10.0\SoftwareManagement.Api.IntegrationTests.dll" adapterTypeName="executor://xunit/VsTestRunner3/netcore/" className="SoftwareManagement.Api.IntegrationTests.PipelineTests" name="Liveness_Answers200_WithoutTouchingTheDatabase" />
    </UnitTest>
    <UnitTest name="SoftwareManagement.Api.IntegrationTests.Catalog.ProductCatalogTests.REQ_CAT_007_A_feature_marked_limited_without_the_limit_itself_is_refused" storage="g:\software-management\backend\tests\softwaremanagement.api.integrationtests\bin\release\net10.0\softwaremanagement.api.integrationtests.dll" id="f8ae64f6-9498-b068-9178-6fca3f41124a">
      <Execution id="52ebbc0f-fc46-43b2-abff-143e39dfbfef" />
[...]
    </UnitTest>
    <UnitTest name="SoftwareManagement.Api.IntegrationTests.Catalog.ProductCatalogTests.REQ_CAT_001_Sales_reads_the_catalogue_but_cannot_author_it" storage="g:\software-management\backend\tests\softwaremanagement.api.integrationtests\bin\release\net10.0\softwaremanagement.api.integrationtests.dll" id="c542c5ec-a5b2-6681-e82a-153922beb117">
      <Execution id="0ce29cdf-d0e3-4952-829e-2072d6c8be86" />
      <TestMethod codeBase="G:\software-management\backend\tests\SoftwareManagement.Api.IntegrationTests\bin\Release\net10.0\SoftwareManagement.Api.IntegrationTests.dll" adapterTypeName="executor://xunit/VsTestRunner3/netcore/" className="SoftwareManagement.Api.IntegrationTests.Catalog.ProductCatalogTests" name="REQ_CAT_001_Sales_reads_the_catalogue_but_cannot_author_it" />
    </UnitTest>
    <UnitTest name="SoftwareManagement.Api.IntegrationTests.Content.PageLifecycleTests.REQ_SITE_006_Returns422_WhenTheScheduledTimeIsTooSoon" storage="g:\software-management\backend\tests\softwaremanagement.api.integrationtests\bin\release\net10.0\softwaremanagement.api.integrationtests.dll" id="99056014-276a-2418-1142-021551643d79">
      <Execution id="87a224c0-9a4b-474e-9f38-94f04b89c255" />
      <TestMethod codeBase="G:\software-management\backend\tests\SoftwareManagement.Api.IntegrationTests\bin\Release\net10.0\SoftwareManagement.Api.IntegrationTests.dll" adapterTypeName="executor://xunit/VsTestRunner3/netcore/" className="SoftwareManagement.Api.IntegrationTests.Content.PageLifecycleTests" name="REQ_SITE_006_Returns422_WhenTheScheduledTimeIsTooSoon" />
    </UnitTest>
    <UnitTest name="SoftwareManagement.Api.IntegrationTests.Identity.AuthenticationTests.REQ_IAM_003_IssuesANewTokenPairAndRetiresTheOldRefreshToken" storage="g:\software-management\backend\tests\softwaremanagement.api.integrationtests\bin\release\net10.0\softwaremanagement.api.integrationtests.dll" id="67104cfb-2d99-ca3b-a6de-921b91db5cfb">
      <Execution id="518c3df2-f677-41d7-82bd-c0bbac4134d2" />
      <TestMethod codeBase="G:\software-management\backend\tests\SoftwareManagement.Api.IntegrationTests\bin\Release\net10.0\SoftwareManagement.Api.IntegrationTests.dll" adapterTypeName="executor://xunit/VsTestRunner3/netcore/" className="SoftwareManagement.Api.IntegrationTests.Identity.AuthenticationTests" name="REQ_IAM_003_IssuesANewTokenPairAndRetiresTheOldRefreshToken" />
    </UnitTest>
  </TestDefinitions>
  <TestEntries>
    <TestEntry testId="f8ae64f6-9498-b068-9178-6fca3f41124a" executionId="52ebbc0f-fc46-43b2-abff-143e39dfbfef" testListId="8c84fa94-04c1-424b-9868-57a2d4851a1d" />
    <TestEntry testId="3d570c9d-2ba2-a592-02f6-6820e6520f89" executionId="e3373dd7-2453-4018-b514-8e3ec65699fa" testListId="8c84fa94-04c1-424b-9868-57a2d4851a1d" />
    <TestEntry testId="6e49c53c-9217-d127-2866-89fbccebebe4" executionId="b5a3af00-fa18-4c24-92d6-c44535cf0545" testListId="8c84fa94-04c1-424b-9868-57a2d4851a1d" />
    <TestEntry testId="bcee3310-1f4f-1a94-7003-3d9995b04747" executionId="91702ae1-4cc3-483f-9f2b-1bdad7b469bd" testListId="8c84fa94-04c1-424b-9868-57a2d4851a1d" />
    <TestEntry testId="10fc1172-5b9a-e433-95fe-23acc6955168" executionId="3dd90219-bea8-4279-b05e-29782c3b835b" testListId="8c84fa94-04c1-424b-9868-57a2d4851a1d" />
    <TestEntry testId="6dcf41b0-8c85-78e0-f409-4496a03f0413" executionId="b6536df8-dc1b-4877-94cf-d471cf0272d6" testListId="8c84fa94-04c1-424b-9868-57a2d4851a1d" />
    <TestEntry testId="0d83c265-ba1b-34f7-0456-597283a4004a" executionId="c9e73e9b-cd90-4cdc-ab1d-831eb4bfd550" testListId="8c84fa94-04c1-424b-9868-57a2d4851a1d" />
    <TestEntry testId="47d95d40-350a-876b-e176-8c8fcf147901" executionId="cf996316-84cc-4b32-a5c9-b17ea018e6db" testListId="8c84fa94-04c1-424b-9868-57a2d4851a1d" />
    <TestEntry testId="fcabc442-49ea-ed54-3d5f-079426aad631" executionId="1914427e-ed5a-4d6a-9016-827f3ddeb443" testListId="8c84fa94-04c1-424b-9868-57a2d4851a1d" />
    <TestEntry testId="dbda683e-d922-ff34-7b10-1242be1eddc1" executionId="ecf3ba69-efc3-4487-8955-0cc6d086e7a6" testListId="8c84fa94-04c1-424b-9868-57a2d4851a1d" />
    <TestEntry testId="58853ba1-246c-9947-d3c2-9d812e5a0016" executionId="c3ccd12f-a2c8-4153-901d-068b53168e51" testListId="8c84fa94-04c1-424b-9868-57a2d4851a1d" />
    <TestEntry testId="7dd048fb-7022-3dae-6af9-0819966852a5" executionId="e3a274b6-9912-4f05-b289-90d5d935d0d6" testListId="8c84fa94-04c1-424b-9868-57a2d4851a1d" />
    <TestEntry testId="a44eeae3-917c-b508-f6a2-4bc307124115" executionId="132ee0bf-f6fa-4154-82b2-0b32d8a23d90" testListId="8c84fa94-04c1-424b-9868-57a2d4851a1d" />
    <TestEntry testId="1656ab07-73cb-724e-d7db-4057024ab14a" executionId="0654e75d-4f1e-4429-98ff-afd9c544cd6c" testListId="8c84fa94-04c1-424b-9868-57a2d4851a1d" />
    <TestEntry testId="4d242859-f241-d662-d4c4-70c565e1c9e5" executionId="fb826ce3-2647-4277-aead-303bdb82ef7e" testListId="8c84fa94-04c1-424b-9868-57a2d4851a1d" />
    <TestEntry testId="f120ee50-de43-50ee-3818-d56c2b7aaa83" executionId="b2da5864-7aad-4204-9558-f59fa9ece601" testListId="8c84fa94-04c1-424b-9868-57a2d4851a1d" />
    <TestEntry testId="b43047a3-4b96-184d-85df-9c86405d2c76" executionId="bd3d1bf3-69d0-44ea-8aef-f7664dd3423b" testListId="8c84fa94-04c1-424b-9868-57a2d4851a1d" />
    <TestEntry testId="1360d691-9702-517e-6889-732774a3a26b" executionId="2e3c3111-bf10-4ef8-9ff3-f0bf6144f010" testListId="8c84fa94-04c1-424b-9868-57a2d4851a1d" />
    <TestEntry testId="33e405e1-dace-7f47-bbb0-f632a0a4e6d2" executionId="406f859e-5eaa-41b5-89fe-9210968b1d22" testListId="8c84fa94-04c1-424b-9868-57a2d4851a1d" />
    <TestEntry testId="05ad373a-5793-c0f7-c0dd-664a84b0500d" executionId="c53fd32e-4daa-44ef-82e4-e74cf99fd55c" testListId="8c84fa94-04c1-424b-9868-57a2d4851a1d" />
    <TestEntry testId="f1f020ca-ba61-7442-1df0-5e9b91512378" executionId="32a0efc5-746d-4c1c-9cc8-480495c4156c" testListId="8c84fa94-04c1-424b-9868-57a2d4851a1d" />
    <TestEntry testId="ec195f9d-4c3e-7de4-9177-7375c4cd6cbe" executionId="972145d1-39c8-432f-8989-065dab9bbb4e" testListId="8c84fa94-04c1-424b-9868-57a2d4851a1d" />
    <TestEntry testId="36b625fb-743b-53a8-b934-35c4775d4639" executionId="5569bd79-c7a8-438a-a784-e709c4c4192d" testListId="8c84fa94-04c1-424b-9868-57a2d4851a1d" />
    <TestEntry testId="acc4675e-1897-51f7-93d1-72a0bb0db28b" executionId="590eed66-ccc8-4291-b069-aedccd02e76b" testListId="8c84fa94-04c1-424b-9868-57a2d4851a1d" />
    <TestEntry testId="9503c57b-6485-f82e-c71c-bb111396f515" executionId="fcb1b55d-25d0-43cb-8369-5caa02c1d9d6" testListId="8c84fa94-04c1-424b-9868-57a2d4851a1d" />
    <TestEntry testId="99056014-276a-2418-1142-021551643d79" executionId="87a224c0-9a4b-474e-9f38-94f04b89c255" testListId="8c84fa94-04c1-424b-9868-57a2d4851a1d" />
    <TestEntry testId="eb96fab4-d5ea-eef7-485b-7c3ec301d1f1" executionId="f89b46ce-4a96-44a5-8720-a4e77ce5230c" testListId="8c84fa94-04c1-424b-9868-57a2d4851a1d" />
    <TestEntry testId="25df0403-a902-dbd5-659a-3fd726a1b888" executionId="8d8d1911-d08e-4e07-a3b6-4a447179f5f7" testListId="8c84fa94-04c1-424b-9868-57a2d4851a1d" />
    <TestEntry testId="1075b361-3474-da3a-6371-c54fdce27d6f" executionId="345bbb3e-6622-4458-ae19-88806b1ccb44" testListId="8c84fa94-04c1-424b-9868-57a2d4851a1d" />
    <TestEntry testId="35daa342-6a78-aa2b-cc7a-37c44e1b9dce" executionId="190d0c44-9e04-4dc7-9f14-d8be1ab4fa57" testListId="8c84fa94-04c1-424b-9868-57a2d4851a1d" />
    <TestEntry testId="a7eef393-87cd-b147-3942-ed2a1c709d72" executionId="8e91c0ba-1856-4d45-a97b-b5e6e81e8a2b" testListId="8c84fa94-04c1-424b-9868-57a2d4851a1d" />
    <TestEntry testId="75d5ef8f-7fb6-297d-e9fd-082e02e1058f" executionId="fafe8b98-668d-42d4-8c4f-18d3e6a83bb9" testListId="8c84fa94-04c1-424b-9868-57a2d4851a1d" />
    <TestEntry testId="9cbd744d-df8d-cbd1-d5fa-d5056ef45006" executionId="58708047-b5b7-413f-a623-caea8bb23947" testListId="8c84fa94-04c1-424b-9868-57a2d4851a1d" />
    <TestEntry testId="7ba7d296-b191-aefe-8bf9-54b9c587cb83" executionId="8dbb0291-19b8-4aca-bab4-558a61129885" testListId="8c84fa94-04c1-424b-9868-57a2d4851a1d" />
    <TestEntry testId="3ff15186-44db-3e4f-62a9-99bc40d059d8" executionId="ffb75f04-9b55-41e8-a957-d4124b19fd71" testListId="8c84fa94-04c1-424b-9868-57a2d4851a1d" />
    <TestEntry testId="0aded220-a7b5-cd75-13fe-6a41f44c5daa" executionId="12850e68-280f-4f67-a786-49570b8718c9" testListId="8c84fa94-04c1-424b-9868-57a2d4851a1d" />
    <TestEntry testId="3c4a8281-55e8-81cf-ec65-d62faf6046eb" executionId="81f4bcff-e9ab-41c1-ae5d-9fca93dbcbd7" testListId="8c84fa94-04c1-424b-9868-57a2d4851a1d" />
    <TestEntry testId="becacde3-446f-1649-2bff-bd3009eb4125" executionId="14d9be97-9078-47c4-9c07-1ee655b8ebea" testListId="8c84fa94-04c1-424b-9868-57a2d4851a1d" />
    <TestEntry testId="f154c0c4-60b1-cf57-b49d-bd2c43d2e09b" executionId="df1ec909-434d-4507-a5d7-8274ae29d949" testListId="8c84fa94-04c1-424b-9868-57a2d4851a1d" />
    <TestEntry testId="38c2c976-d411-7f6f-0d78-bfd32eb44a8c" executionId="86baf885-96b9-4623-ab6b-e0fddb56b86e" testListId="8c84fa94-04c1-424b-9868-57a2d4851a1d" />
    <TestEntry testId="0e70e851-1c00-7339-50d5-a521bd649c30" executionId="e1bc52b2-c234-4bdb-a01b-f4450cc9e87d" testListId="8c84fa94-04c1-424b-9868-57a2d4851a1d" />
    <TestEntry testId="18289c2d-8ec1-ae26-b08d-032017c200c4" executionId="23080d81-19d1-4bef-9198-5879faa3e109" testListId="8c84fa94-04c1-424b-9868-57a2d4851a1d" />
    <TestEntry testId="41c23d21-14f1-2412-155a-a7233ab5f930" executionId="846b9d5e-832e-4af9-9a7d-7d4a32aebdc5" testListId="8c84fa94-04c1-424b-9868-57a2d4851a1d" />
    <TestEntry testId="c542c5ec-a5b2-6681-e82a-153922beb117" executionId="0ce29cdf-d0e3-4952-829e-2072d6c8be86" testListId="8c84fa94-04c1-424b-9868-57a2d4851a1d" />
    <TestEntry testId="4260f301-0a12-3443-7397-26f767505788" executionId="28e5948c-7bd6-40d1-8f21-cd36ec0002e6" testListId="8c84fa94-04c1-424b-9868-57a2d4851a1d" />
    <TestEntry testId="724ed3d1-5144-f91e-0cb6-e65d0b2a22a2" executionId="6de0e71b-38db-4e54-afb2-2eb2ab51e81c" testListId="8c84fa94-04c1-424b-9868-57a2d4851a1d" />
    <TestEntry testId="a7589c65-4b3c-6769-1c79-07ce362e8074" executionId="5d3c2499-6549-42fa-a93d-6afbe737d284" testListId="8c84fa94-04c1-424b-9868-57a2d4851a1d" />
    <TestEntry testId="f36b4b36-476a-1049-d816-7b0cc33a8cd2" executionId="7520649d-f35e-4b0f-aa86-964cf7e98c1f" testListId="8c84fa94-04c1-424b-9868-57a2d4851a1d" />
    <TestEntry testId="3a758d35-dec5-2d83-36d5-403609f335f3" executionId="b6cde4f9-b17a-488a-b726-18a58db63c6a" testListId="8c84fa94-04c1-424b-9868-57a2d4851a1d" />
    <TestEntry testId="48408fd6-60e7-db04-fd72-886804e7fc7b" executionId="0728c682-b43c-40af-acc8-f22754be7c81" testListId="8c84fa94-04c1-424b-9868-57a2d4851a1d" />
    <TestEntry testId="08738dfe-9749-d42a-1a2e-eabd37f8e8b6" executionId="0dcef9c6-4748-4d60-8822-08f7ebaa2bb7" testListId="8c84fa94-04c1-424b-9868-57a2d4851a1d" />
    <TestEntry testId="5d446a2d-a0ca-9183-fd0a-e5b1d1250092" executionId="dbb5165f-1a95-44d7-9185-218db78a2766" testListId="8c84fa94-04c1-424b-9868-57a2d4851a1d" />
    <TestEntry testId="ce0c7339-3f91-6b04-e1bd-4604ebf0603c" executionId="e502a183-be67-4d4c-8ed1-7d25db5457e7" testListId="8c84fa94-04c1-424b-9868-57a2d4851a1d" />
    <TestEntry testId="8c754d1b-15de-f204-593e-38126f1bf4c7" executionId="ec23297a-894b-4d7e-9d51-31b2ec688825" testListId="8c84fa94-04c1-424b-9868-57a2d4851a1d" />
    <TestEntry testId="cc0f14a6-303e-74bc-b65f-11c13ba17035" executionId="139a64fa-962b-499d-9d37-36adc9aa78f6" testListId="8c84fa94-04c1-424b-9868-57a2d4851a1d" />
    <TestEntry testId="20767a5d-5cd9-fc5d-a3d9-026d4d6e8d89" executionId="fe3fc052-5284-4746-aaab-1cf9d8c35b81" testListId="8c84fa94-04c1-424b-9868-57a2d4851a1d" />
    <TestEntry testId="5b8398b7-568f-b8bb-7ca4-d03b5695abf8" executionId="9a65e57d-7e9f-4810-a013-f586a34696ea" testListId="8c84fa94-04c1-424b-9868-57a2d4851a1d" />
    <TestEntry testId="5127599b-5652-a090-530a-c2c6d9b47c3d" executionId="e2a71d89-4c9f-4fbf-ae4f-cf46ca60e68e" testListId="8c84fa94-04c1-424b-9868-57a2d4851a1d" />
    <TestEntry testId="47a6939e-eed9-59bc-303f-527912e03665" executionId="2bb4db5e-93c2-40b4-af58-0555ef918f53" testListId="8c84fa94-04c1-424b-9868-57a2d4851a1d" />
    <TestEntry testId="2af7fc1e-8c6d-a607-4e2d-324e95793a7a" executionId="2173ec73-7217-4e0c-bc49-3811ea5f9171" testListId="8c84fa94-04c1-424b-9868-57a2d4851a1d" />
    <TestEntry testId="432c57b3-afaf-a2a2-6e25-ae83353508e5" executionId="2dfe0ff8-97ed-48bb-b218-0cb52826e311" testListId="8c84fa94-04c1-424b-9868-57a2d4851a1d" />
    <TestEntry testId="a589903e-b8ca-a3a4-7c7e-d8ffa3464132" executionId="ac217c5c-e6b9-40ef-b6ca-a026002566ae" testListId="8c84fa94-04c1-424b-9868-57a2d4851a1d" />
    <TestEntry testId="db8b508b-3f90-ac38-3ecb-298cea80d855" executionId="0774c5ff-899a-45b8-889c-f98c5f3b010d" testListId="8c84fa94-04c1-424b-9868-57a2d4851a1d" />
    <TestEntry testId="cb9c3f17-15cd-93b3-0a6d-d91098880341" executionId="a815d5ae-22d1-41b4-bb2c-be5153b68597" testListId="8c84fa94-04c1-424b-9868-57a2d4851a1d" />
    <TestEntry testId="c66b1e93-356c-3920-939c-31daf6086f2e" executionId="ef88be9f-e60d-4f4b-a056-366af5fe596b" testListId="8c84fa94-04c1-424b-9868-57a2d4851a1d" />
    <TestEntry testId="cb33e659-9ec6-4c6f-e780-dddbac74a933" executionId="1a8edfb0-1f64-42f7-aa9b-b1a041af0af3" testListId="8c84fa94-04c1-424b-9868-57a2d4851a1d" />
    <TestEntry testId="451a92a6-a64e-08f2-d5ed-4c678e13c7a5" executionId="d4f9cfb0-181e-48d5-8d3d-c967d0908fc9" testListId="8c84fa94-04c1-424b-9868-57a2d4851a1d" />
    <TestEntry testId="67104cfb-2d99-ca3b-a6de-921b91db5cfb" executionId="518c3df2-f677-41d7-82bd-c0bbac4134d2" testListId="8c84fa94-04c1-424b-9868-57a2d4851a1d" />
    <TestEntry testId="72177a79-4f01-bce8-6a12-ff9e02ae0764" executionId="fb54a2ed-1a1f-40cf-b99b-01da3d5c6c99" testListId="8c84fa94-04c1-424b-9868-57a2d4851a1d" />
    <TestEntry testId="a8e6d58c-13a8-c2a8-426b-c3e504181d0d" executionId="9f6a4bc1-205c-4219-aba2-4ea877714345" testListId="8c84fa94-04c1-424b-9868-57a2d4851a1d" />
    <TestEntry testId="24a1b023-779f-69d7-d911-b6d5a0d7d1bc" executionId="b247b2fd-bd6e-401a-9649-85a704c1ab23" testListId="8c84fa94-04c1-424b-9868-57a2d4851a1d" />
    <TestEntry testId="a894cfd0-bcc5-5c7c-686d-3565fb0dc6b5" executionId="4db026ee-b3ef-4365-a426-c6ebf7eb20c4" testListId="8c84fa94-04c1-424b-9868-57a2d4851a1d" />
    <TestEntry testId="a8ffe9dc-6131-1c6c-9cb1-5103a9b93973" executionId="c0c97036-a6fd-4281-aa8e-af6048e28392" testListId="8c84fa94-04c1-424b-9868-57a2d4851a1d" />
    <TestEntry testId="31b5e945-5555-af33-c5a7-3bf48ec2f7ef" executionId="c3e304e2-080e-4a6f-898e-bb07b2021cb0" testListId="8c84fa94-04c1-424b-9868-57a2d4851a1d" />
    <TestEntry testId="25aa2c9d-09b1-324e-abe7-8b3f9aaf54dc" executionId="fee4744b-2e55-47a9-8758-43051b4a8028" testListId="8c84fa94-04c1-424b-9868-57a2d4851a1d" />
    <TestEntry testId="dabfe86f-f42d-3b69-944a-8daf7bf2c339" executionId="7f4ee509-957b-4688-b7c9-178a1b3e4f43" testListId="8c84fa94-04c1-424b-9868-57a2d4851a1d" />
    <TestEntry testId="29c6d260-cd84-ff3c-82a8-89b2873feef9" executionId="57e13ca9-e67e-41f4-bbcc-bc64591d00c1" testListId="8c84fa94-04c1-424b-9868-57a2d4851a1d" />
    <TestEntry testId="c1b786ea-62fc-47f0-9036-6d3c5242383f" executionId="09915f5b-d756-4256-8d48-d69f49159e1f" testListId="8c84fa94-04c1-424b-9868-57a2d4851a1d" />
    <TestEntry testId="919126ba-83e4-23e4-4cba-c442afd49c39" executionId="7cff6ddf-8374-47a2-84f7-9352e27b3dfe" testListId="8c84fa94-04c1-424b-9868-57a2d4851a1d" />
    <TestEntry testId="3618c3b8-74bf-6405-4546-ca16ddd22aca" executionId="41f6eed6-0c93-46e7-83f2-4b1339ad83db" testListId="8c84fa94-04c1-424b-9868-57a2d4851a1d" />
    <TestEntry testId="650255d1-ff1a-bc01-d7cd-692b4f557d32" executionId="29887d47-6ae8-4a7f-a336-974557dabe50" testListId="8c84fa94-04c1-424b-9868-57a2d4851a1d" />
    <TestEntry testId="1ebd049f-ce84-7c2d-ca03-5e2a53c1eed6" executionId="d258afd3-c758-4de2-8ab3-b7713f7ec178" testListId="8c84fa94-04c1-424b-9868-57a2d4851a1d" />
    <TestEntry testId="657f3dc5-4a14-fa89-8a54-4c695305c3fd" executionId="78b1df33-b48c-4531-82d0-ed4f1b8e4abe" testListId="8c84fa94-04c1-424b-9868-57a2d4851a1d" />
    <TestEntry testId="5dc97ee6-96a1-d4f1-b389-915c35a759f8" executionId="1eefa820-7c11-45d9-a660-00277f91b553" testListId="8c84fa94-04c1-424b-9868-57a2d4851a1d" />
    <TestEntry testId="bd56576c-8ab9-c17e-8f92-0369874035c1" executionId="0eb55fee-2a39-4c7f-b8b6-4553a0d033df" testListId="8c84fa94-04c1-424b-9868-57a2d4851a1d" />
    <TestEntry testId="1fd87e0a-7162-9ddc-814b-64dbc5aafc81" executionId="511ce9cb-3c06-44cf-96b9-15a61e4d56d5" testListId="8c84fa94-04c1-424b-9868-57a2d4851a1d" />
    <TestEntry testId="96b84f90-90e0-21e8-2534-5b5c13a4f991" executionId="bbd87dc0-7347-4e8f-8d79-f1c3015730b5" testListId="8c84fa94-04c1-424b-9868-57a2d4851a1d" />
    <TestEntry testId="08351177-d710-4c67-897f-ff7aba5eadea" executionId="d20e0ec2-0d56-475d-8f70-b853961b7b20" testListId="8c84fa94-04c1-424b-9868-57a2d4851a1d" />
    <TestEntry testId="2ce37273-daad-409d-f736-1d18af71ab9e" executionId="f17bd11f-0981-4577-8e62-e503569af162" testListId="8c84fa94-04c1-424b-9868-57a2d4851a1d" />
    <TestEntry testId="bb35a0d0-7d94-9cbb-7ef3-55c9a9b91774" executionId="1efb2d06-0ad5-4fe9-b219-9c188cb3a0d8" testListId="8c84fa94-04c1-424b-9868-57a2d4851a1d" />
    <TestEntry testId="a1beba10-c274-0de4-e53e-4ffe2592cd47" executionId="a9ee7188-af47-4467-9022-03ba34b95db5" testListId="8c84fa94-04c1-424b-9868-57a2d4851a1d" />
    <TestEntry testId="0c956bf7-f5bc-76ee-2b6d-b60d31b69802" executionId="129481bd-7c51-412d-859d-1fd674389205" testListId="8c84fa94-04c1-424b-9868-57a2d4851a1d" />
    <TestEntry testId="070f8695-b9b9-a676-e899-56bc38145031" executionId="24b74f6d-62b3-4fec-b2ba-ce29feb46457" testListId="8c84fa94-04c1-424b-9868-57a2d4851a1d" />
    <TestEntry testId="d730ccfd-ed80-6d44-d6b0-13ca355d9450" executionId="bf2c7560-e9d3-4405-88ee-e98255a4246a" testListId="8c84fa94-04c1-424b-9868-57a2d4851a1d" />
    <TestEntry testId="c5c217b9-8153-f09b-bef0-caa078e30f9d" executionId="363fab1b-b8d9-4d3d-87f0-a4c16aacee12" testListId="8c84fa94-04c1-424b-9868-57a2d4851a1d" />
    <TestEntry testId="29a8bfb1-e669-6f61-6740-9d3c04535eb9" executionId="397047af-7f9d-4dc1-86c9-dd14b85853f5" testListId="8c84fa94-04c1-424b-9868-57a2d4851a1d" />
    <TestEntry testId="7d6b297f-7f47-52a4-5b3e-d80ba9a4b81f" executionId="76b42137-20d4-4ef9-94dc-22baf9ad3f5c" testListId="8c84fa94-04c1-424b-9868-57a2d4851a1d" />
    <TestEntry testId="84a8cc79-9ab4-8938-c7a8-4d25d4634715" executionId="c2585469-a937-4539-b013-3d969dc1b91d" testListId="8c84fa94-04c1-424b-9868-57a2d4851a1d" />
    <TestEntry testId="024f0d6c-8c53-6199-c384-e3a891be0c0f" executionId="8149ae2c-8ffc-4e52-bb09-5b83040a88e2" testListId="8c84fa94-04c1-424b-9868-57a2d4851a1d" />
  </TestEntries>
  <TestLists>
    <TestList name="Results Not in a List" id="8c84fa94-04c1-424b-9868-57a2d4851a1d" />
    <TestList name="All Loaded Results" id="19431567-8539-422a-85d7-44ee4e166bda" />
  </TestLists>
  <ResultSummary outcome="Completed">
    <Counters total="99" executed="99" passed="99" failed="0" error="0" timeout="0" aborted="0" inconclusive="0" passedButRunAborted="0" notRunnable="0" notExecuted="0" disconnected="0" warning="0" completed="0" inProgress="0" pending="0" />
    <Output>
      <StdOut>[xUnit.net 00:00:00.00] xUnit.net VSTest Adapter v3.1.4+50e68bbb8b (64-bit .NET 10.0.11)&#xD;
[xUnit.net 00:00:01.09]   Discovering: SoftwareManagement.Api.IntegrationTests&#xD;
[xUnit.net 00:00:01.27]   Discovered:  SoftwareManagement.Api.IntegrationTests&#xD;
[xUnit.net 00:00:01.31]   Starting:    SoftwareManagement.Api.IntegrationTests&#xD;
[xUnit.net 00:00:16.67]   Finished:    SoftwareManagement.Api.IntegrationTests&#xD;
</StdOut>
    </Output>
  </ResultSummary>
</TestRun>