<?xml version="1.0" encoding="utf-8"?>
<TestRun id="d613c7ac-5cd3-4fb2-9690-9bd78c94659e" name="jsrkm@JSRKMANISHKUMAR 2026-09-21 00:42:46" runUser="JSRKMANISHKUMAR\jsrkm" xmlns="http://microsoft.com/schemas/VisualStudio/TeamTest/2010">
  <Times creation="2026-09-21T00:42:46.1584449+05:30" queuing="2026-09-21T00:42:46.1584453+05:30" start="2026-09-21T00:42:41.2178466+05:30" finish="2026-09-21T00:43:14.6993175+05:30" />
  <TestSettings name="default" id="3592e7f6-734f-4966-b2ae-5df6949d17fa">
    <Deployment runDeploymentRoot="jsrkm_JSRKMANISHKUMAR_2026-09-21_00_42_46" />
  </TestSettings>
  <Results>
    <UnitTestResult executionId="0962992f-ab42-4609-b7d4-7e6d6014c01e" testId="389ad4e3-0add-6125-36a1-b4d5c15d1040" testName="SoftwareManagement.Api.IntegrationTests.Leads.LeadReadingTests.REQ_LEAD_001_The_enquiry_list_reads_back_what_the_public_form_wrote" computerName="JSRKMANISHKUMAR" duration="00:00:00.0933427" startTime="2026-09-21T00:43:13.0836513+05:30" endTime="2026-09-21T00:43:13.1773638+05:30" testType="13cdc9d9-ddb5-4fa4-a97d-d965ccfc6d4b" outcome="Passed" testListId="8c84fa94-04c1-424b-9868-57a2d4851a1d" relativeResultsDirectory="0962992f-ab42-4609-b7d4-7e6d6014c01e" />
    <UnitTestResult executionId="1a3dbdf8-622e-4577-b2e9-193c53911ffc" testId="a7589c65-4b3c-6769-1c79-07ce362e8074" testName="SoftwareManagement.Api.IntegrationTests.Catalog.ProductCatalogTests.REQ_CAT_004_A_screenshot_is_attached_in_its_own_position_in_the_gallery" computerName="JSRKMANISHKUMAR" duration="00:00:00.1643899" startTime="2026-09-21T00:42:59.4259394+05:30" endTime="2026-09-21T00:42:59.5909207+05:30" testType="13cdc9d9-ddb5-4fa4-a97d-d965ccfc6d4b" outcome="Passed" testListId="8c84fa94-04c1-424b-9868-57a2d4851a1d" relativeResultsDirectory="1a3dbdf8-622e-4577-b2e9-193c53911ffc" />
    <UnitTestResult executionId="f265d04e-eab9-434b-986f-973807866de8" testId="c66b1e93-356c-3920-939c-31daf6086f2e" testName="SoftwareManagement.Api.IntegrationTests.Identity.AuthenticationTests.REQ_IAM_010_RevokesTheRefreshTokenSoTheSessionCannotBeResumed" computerName="JSRKMANISHKUMAR" duration="00:00:00.1296687" startTime="2026-09-21T00:43:09.8674837+05:30" endTime="2026-09-21T00:43:09.9975651+05:30" testType="13cdc9d9-ddb5-4fa4-a97d-d965ccfc6d4b" outcome="Passed" testListId="8c84fa94-04c1-424b-9868-57a2d4851a1d" relativeResultsDirectory="f265d04e-eab9-434b-986f-973807866de8" />
    <UnitTestResult executionId="91f9a95b-f4a1-407b-b5cc-a4841806145b" testId="aeb53c66-3a6c-7109-2145-3754be2bcdad" testName="SoftwareManagement.Api.IntegrationTests.Catalog.ProductCategoryTests.REQ_CAT_002_Deleting_a_category_that_is_not_there_is_a_404" computerName="JSRKMANISHKUMAR" duration="00:00:00.0788335" startTime="2026-09-21T00:42:56.8235701+05:30" endTime="2026-09-21T00:42:56.9027352+05:30" testType="13cdc9d9-ddb5-4fa4-a97d-d965ccfc6d4b" outcome="Passed" testListId="8c84fa94-04c1-424b-9868-57a2d4851a1d" relativeResultsDirectory="91f9a95b-f4a1-407b-b5cc-a4841806145b" />
    <UnitTestResult executionId="e82bf038-837f-4517-ba7f-c76bd4c99d61" testId="18289c2d-8ec1-ae26-b08d-032017c200c4" testName="SoftwareManagement.Api.IntegrationTests.Content.PageLifecycleTests.REQ_SITE_005_RestoreCreatesANewVersionAndKeepsTheOldOnes" computerName="JSRKMANISHKUMAR" duration="00:00:00.1403183" startTime="2026-09-21T00:43:05.7232722+05:30" endTime="2026-09-21T00:43:05.8638907+05:30" testType="13cdc9d9-ddb5-4fa4-a97d-d965ccfc6d4b" outcome="Passed" testListId="8c84fa94-04c1-424b-9868-57a2d4851a1d" relativeResultsDirectory="e82bf038-837f-4517-ba7f-c76bd4c99d61" />
    <UnitTestResult executionId="6923c408-a61a-470c-8995-9fb8abc059d8" testId="29a8bfb1-e669-6f61-6740-9d3c04535eb9" testName="SoftwareManagement.Api.IntegrationTests.Identity.UserAdministrationTests.REQ_IAM_006_CreatesAUserWhoCannotSignInUntilTheySetAPassword" computerName="JSRKMANISHKUMAR" duration="00:00:00.1066950" startTime="2026-09-21T00:43:08.7812784+05:30" endTime="2026-09-21T00:43:08.8883000+05:30" testType="13cdc9d9-ddb5-4fa4-a97d-d965ccfc6d4b" outcome="Passed" testListId="8c84fa94-04c1-424b-9868-57a2d4851a1d" relativeResultsDirectory="6923c408-a61a-470c-8995-9fb8abc059d8" />
    <UnitTestResult executionId="58aa98cf-8329-43da-bc5f-8257cedbcea4" testId="1fd87e0a-7162-9ddc-814b-64dbc5aafc81" testName="SoftwareManagement.Api.IntegrationTests.Content.PageLifecycleTests.REQ_SITE_005_Returns404_ForAVersionThatDoesNotExist" computerName="JSRKMANISHKUMAR" duration="00:00:00.1520782" startTime="2026-09-21T00:43:04.6507863+05:30" endTime="2026-09-21T00:43:04.8033411+05:30" testType="13cdc9d9-ddb5-4fa4-a97d-d965ccfc6d4b" outcome="Passed" testListId="8c84fa94-04c1-424b-9868-57a2d4851a1d" relativeResultsDirectory="58aa98cf-8329-43da-bc5f-8257cedbcea4" />
    <UnitTestResult executionId="0258d7ee-348a-4d79-92cf-79a9133161f2" testId="3a758d35-dec5-2d83-36d5-403609f335f3" testName="SoftwareManagement.Api.IntegrationTests.Identity.UserAdministrationTests.REQ_IAM_006_Returns422_ForARoleThatDoesNotExist" computerName="JSRKMANISHKUMAR" duration="00:00:00.1354926" startTime="2026-09-21T00:43:07.4521164+05:30" endTime="2026-09-21T00:43:07.5881626+05:30" testType="13cdc9d9-ddb5-4fa4-a97d-d965ccfc6d4b" outcome="Passed" testListId="8c84fa94-04c1-424b-9868-57a2d4851a1d" relativeResultsDirectory="0258d7ee-348a-4d79-92cf-79a9133161f2" />
    <UnitTestResult executionId="0e76cd20-8052-4f65-8444-ed524a71a276" testId="4a7f23c3-936d-b328-9a38-bb610f1b3454" testName="SoftwareManagement.Api.IntegrationTests.Leads.NotificationTests.NFR_PRIV_03_An_address_and_a_phone_number_keep_only_what_a_diagnosis_needs" computerName="JSRKMANISHKUMAR" duration="00:00:00.0012057" startTime="2026-09-21T00:43:12.7094915+05:30" endTime="2026-09-21T00:43:12.7106587+05:30" testType="13cdc9d9-ddb5-4fa4-a97d-d965ccfc6d4b" outcome="Passed" testListId="8c84fa94-04c1-424b-9868-57a2d4851a1d" relativeResultsDirectory="0e76cd20-8052-4f65-8444-ed524a71a276" />
    <UnitTestResult executionId="cb457a18-7d3a-4443-a85a-7ff1d35465f5" testId="64dd0fc6-e030-a3ce-81e9-f4a9ef200034" testName="SoftwareManagement.Api.IntegrationTests.Catalog.ProductCategoryTests.REQ_CAT_002_A_category_created_without_a_slug_gets_one_made_from_its_name" computerName="JSRKMANISHKUMAR" duration="00:00:00.1165418" startTime="2026-09-21T00:42:56.5475601+05:30" endTime="2026-09-21T00:42:56.6647351+05:30" testType="13cdc9d9-ddb5-4fa4-a97d-d965ccfc6d4b" outcome="Passed" testListId="8c84fa94-04c1-424b-9868-57a2d4851a1d" relativeResultsDirectory="cb457a18-7d3a-4443-a85a-7ff1d35465f5" />
    <UnitTestResult executionId="a766ebd7-528f-44b1-a1c0-ca247216493a" testId="2ce37273-daad-409d-f736-1d18af71ab9e" testName="SoftwareManagement.Api.IntegrationTests.ErrorContractTests.UnhandledException_ReturnsRfc9457ProblemDetails_WithATraceIdAndNoStackTrace" computerName="JSRKMANISHKUMAR" duration="00:00:00.0780740" startTime="2026-09-21T00:43:06.9699675+05:30" endTime="2026-09-21T00:43:07.0478522+05:30" testType="13cdc9d9-ddb5-4fa4-a97d-d965ccfc6d4b" outcome="Passed" testListId="8c84fa94-04c1-424b-9868-57a2d4851a1d" relativeResultsDirectory="a766ebd7-528f-44b1-a1c0-ca247216493a" />
    <UnitTestResult executionId="bb5fbd48-4822-4c12-b72d-09e355526213" testId="7d6b297f-7f47-52a4-5b3e-d80ba9a4b81f" testName="SoftwareManagement.Api.IntegrationTests.Catalog.ProductCatalogTests.REQ_CAT_001_A_new_product_is_stored_as_a_draft_and_stays_out_of_the_public_catalogue" computerName="JSRKMANISHKUMAR" duration="00:00:00.1822027" startTime="2026-09-21T00:42:58.2056417+05:30" endTime="2026-09-21T00:42:58.3882382+05:30" testType="13cdc9d9-ddb5-4fa4-a97d-d965ccfc6d4b" outcome="Passed" testListId="8c84fa94-04c1-424b-9868-57a2d4851a1d" relativeResultsDirectory="bb5fbd48-4822-4c12-b72d-09e355526213" />
    <UnitTestResult executionId="a8ab3a7c-61f5-429d-96d3-eca8c1507404" testId="5127599b-5652-a090-530a-c2c6d9b47c3d" testName="SoftwareManagement.Api.IntegrationTests.Content.SiteStructureTests.REQ_SITE_010_ListsAServiceWithTheTechnologiesItUses" computerName="JSRKMANISHKUMAR" duration="00:00:00.1380856" startTime="2026-09-21T00:43:03.1187816+05:30" endTime="2026-09-21T00:43:03.2573071+05:30" testType="13cdc9d9-ddb5-4fa4-a97d-d965ccfc6d4b" outcome="Passed" testListId="8c84fa94-04c1-424b-9868-57a2d4851a1d" relativeResultsDirectory="a8ab3a7c-61f5-429d-96d3-eca8c1507404" />
    <UnitTestResult executionId="6f996635-b4d3-44a6-b278-a518166be2ce" testId="1656ab07-73cb-724e-d7db-4057024ab14a" testName="SoftwareManagement.Api.IntegrationTests.Identity.AuthorizationMatrixTests.REQ_IAM_005_GivesTheEditorNoAccessToPersonalDataOrMoney" computerName="JSRKMANISHKUMAR" duration="00:00:00.0007544" startTime="2026-09-21T00:43:09.6390904+05:30" endTime="2026-09-21T00:43:09.6397754+05:30" testType="13cdc9d9-ddb5-4fa4-a97d-d965ccfc6d4b" outcome="Passed" testListId="8c84fa94-04c1-424b-9868-57a2d4851a1d" relativeResultsDirectory="6f996635-b4d3-44a6-b278-a518166be2ce" />
    <UnitTestResult executionId="ca6b65d3-5627-452c-ae1f-59eb00617111" testId="f2faf23d-0ee1-c0f1-5ba5-a82c1fde649d" testName="SoftwareManagement.Api.IntegrationTests.Leads.LeadCaptureTests.REQ_LEAD_008_A_lead_with_no_campaign_parameters_is_recorded_as_direct_rather_than_unknown" computerName="JSRKMANISHKUMAR" duration="00:00:00.0172062" startTime="2026-09-21T00:43:13.9225037+05:30" endTime="2026-09-21T00:43:13.9401605+05:30" testType="13cdc9d9-ddb5-4fa4-a97d-d965ccfc6d4b" outcome="Passed" testListId="8c84fa94-04c1-424b-9868-57a2d4851a1d" relativeResultsDirectory="ca6b65d3-5627-452c-ae1f-59eb00617111" />
    <UnitTestResult executionId="c24abc1c-30c7-4a84-9819-97e69ecc3f61" testId="25aa2c9d-09b1-324e-abe7-8b3f9aaf54dc" testName="SoftwareManagement.Api.IntegrationTests.Identity.AuthenticationTests.REQ_IAM_010_Returns401_ForAnAnonymousLogout" computerName="JSRKMANISHKUMAR" duration="00:00:00.0024088" startTime="2026-09-21T00:43:11.5623968+05:30" endTime="2026-09-21T00:43:11.5650696+05:30" testType="13cdc9d9-ddb5-4fa4-a97d-d965ccfc6d4b" outcome="Passed" testListId="8c84fa94-04c1-424b-9868-57a2d4851a1d" relativeResultsDirectory="c24abc1c-30c7-4a84-9819-97e69ecc3f61" />
    <UnitTestResult executionId="c0efe15a-5489-4098-aed4-72807e15d094" testId="67104cfb-2d99-ca3b-a6de-921b91db5cfb" testName="SoftwareManagement.Api.IntegrationTests.Identity.AuthenticationTests.REQ_IAM_003_IssuesANewTokenPairAndRetiresTheOldRefreshToken" computerName="JSRKMANISHKUMAR" duration="00:00:00.0837106" startTime="2026-09-21T00:43:11.0652093+05:30" endTime="2026-09-21T00:43:11.1492529+05:30" testType="13cdc9d9-ddb5-4fa4-a97d-d965ccfc6d4b" outcome="Passed" testListId="8c84fa94-04c1-424b-9868-57a2d4851a1d" relativeResultsDirectory="c0efe15a-5489-4098-aed4-72807e15d094" />
    <UnitTestResult executionId="2b2f3ff2-565d-4600-928f-b3992fc99fe6" testId="04f42e0d-0fa0-6f7f-9d62-49d2ba8430be" testName="SoftwareManagement.Api.IntegrationTests.Catalog.PublicCatalogTests.REQ_CAT_012_Searching_a_word_that_appears_only_in_one_products_features_returns_only_that_product" computerName="JSRKMANISHKUMAR" duration="00:00:00.2919401" startTime="2026-09-21T00:42:53.8788650+05:30" endTime="2026-09-21T00:42:54.1711774+05:30" testType="13cdc9d9-ddb5-4fa4-a97d-d965ccfc6d4b" outcome="Passed" testListId="8c84fa94-04c1-424b-9868-57a2d4851a1d" relativeResultsDirectory="2b2f3ff2-565d-4600-928f-b3992fc99fe6" />
    <UnitTestResult executionId="cfe38193-4ec2-4fd1-b5db-0e4751ae6276" testId="9503c57b-6485-f82e-c71c-bb111396f515" testName="SoftwareManagement.Api.IntegrationTests.Identity.AuthorizationMatrixTests.REQ_IAM_004_Returns403_WhenAnEditorCallsAnAdministrationEndpoint" computerName="JSRKMANISHKUMAR" duration="00:00:00.0739002" startTime="2026-09-21T00:43:09.7166837+05:30" endTime="2026-09-21T00:43:09.7910603+05:30" testType="13cdc9d9-ddb5-4fa4-a97d-d965ccfc6d4b" outcome="Passed" testListId="8c84fa94-04c1-424b-9868-57a2d4851a1d" relativeResultsDirectory="cfe38193-4ec2-4fd1-b5db-0e4751ae6276" />
    <UnitTestResult executionId="987430ed-4ef6-4c41-8789-5d35e61646f5" testId="9cbd744d-df8d-cbd1-d5fa-d5056ef45006" testName="SoftwareManagement.Api.IntegrationTests.Catalog.ProductCatalogTests.REQ_CAT_008_The_demo_is_recorded_and_its_credentials_stay_out_of_the_product_response" computerName="JSRKMANISHKUMAR" duration="00:00:00.1298174" startTime="2026-09-21T00:42:58.3883657+05:30" endTime="2026-09-21T00:42:58.5185522+05:30" testType="13cdc9d9-ddb5-4fa4-a97d-d965ccfc6d4b" outcome="Passed" testListId="8c84fa94-04c1-424b-9868-57a2d4851a1d" relativeResultsDirectory="987430ed-4ef6-4c41-8789-5d35e61646f5" />
    <UnitTestResult executionId="2e387997-51d9-476c-9174-94d6c6168a1a" testId="20767a5d-5cd9-fc5d-a3d9-026d4d6e8d89" testName="SoftwareManagement.Api.IntegrationTests.Catalog.ProductCatalogTests.REQ_CAT_003_A_second_feature_with_a_name_the_product_already_lists_is_refused" computerName="JSRKMANISHKUMAR" duration="00:00:00.1815669" startTime="2026-09-21T00:42:58.9211076+05:30" endTime="2026-09-21T00:42:59.1030452+05:30" testType="13cdc9d9-ddb5-4fa4-a97d-d965ccfc6d4b" outcome="Passed" testListId="8c84fa94-04c1-424b-9868-57a2d4851a1d" relativeResultsDirectory="2e387997-51d9-476c-9174-94d6c6168a1a" />
    <UnitTestResult executionId="74d91d1b-429c-4b94-868c-167f347b7e25" testId="d1815691-75af-323e-38d7-3182482be1f1" testName="SoftwareManagement.Api.IntegrationTests.Leads.LeadCaptureTests.REQ_LEAD_001_An_enquiry_with_neither_an_email_nor_a_phone_number_is_refused" computerName="JSRKMANISHKUMAR" duration="00:00:00.0133500" startTime="2026-09-21T00:43:13.8999736+05:30" endTime="2026-09-21T00:43:13.9133849+05:30" testType="13cdc9d9-ddb5-4fa4-a97d-d965ccfc6d4b" outcome="Passed" testListId="8c84fa94-04c1-424b-9868-57a2d4851a1d" relativeResultsDirectory="74d91d1b-429c-4b94-868c-167f347b7e25" />
    <UnitTestResult executionId="5ae9f8d8-4798-4728-8fc6-97724f3cc4d3" testId="24a1b023-779f-69d7-d911-b6d5a0d7d1bc" testName="SoftwareManagement.Api.IntegrationTests.Identity.AuthorizationMatrixTests.REQ_IAM_011_Returns403_WhenAnEditorAsksForTheSignInLog" computerName="JSRKMANISHKUMAR" duration="00:00:00.0753304" startTime="2026-09-21T00:43:09.7912058+05:30" endTime="2026-09-21T00:43:09.8671201+05:30" testType="13cdc9d9-ddb5-4fa4-a97d-d965ccfc6d4b" outcome="Passed" testListId="8c84fa94-04c1-424b-9868-57a2d4851a1d" relativeResultsDirectory="5ae9f8d8-4798-4728-8fc6-97724f3cc4d3" />
    <UnitTestResult executionId="14838612-6bed-4df1-bea6-73ff3357ab45" testId="06874553-9d67-523b-5dbd-70d2c446f227" testName="SoftwareManagement.Api.IntegrationTests.Catalog.ProductCategoryTests.REQ_CAT_002_A_new_category_takes_the_next_position_and_the_slug_it_was_given" computerName="JSRKMANISHKUMAR" duration="00:00:00.0846610" startTime="2026-09-21T00:42:57.3180696+05:30" endTime="2026-09-21T00:42:57.4030769+05:30" testType="13cdc9d9-ddb5-4fa4-a97d-d965ccfc6d4b" outcome="Passed" testListId="8c84fa94-04c1-424b-9868-57a2d4851a1d" relativeResultsDirectory="14838612-6bed-4df1-bea6-73ff3357ab45" />
    <UnitTestResult executionId="bb06d9fc-2fc7-4ba8-8b17-9d0b7a349b18" testId="3eea89b0-469a-bc10-de78-c8a2f5b46c22" testName="SoftwareManagement.Api.IntegrationTests.Leads.LeadCaptureTests.REQ_LEAD_007_The_same_enquiry_sent_twice_in_a_minute_is_one_lead_and_one_acknowledgement" computerName="JSRKMANISHKUMAR" duration="00:00:00.0475015" startTime="2026-09-21T00:43:14.1197039+05:30" endTime="2026-09-21T00:43:14.1676957+05:30" testType="13cdc9d9-ddb5-4fa4-a97d-d965ccfc6d4b" outcome="Passed" testListId="8c84fa94-04c1-424b-9868-57a2d4851a1d" relativeResultsDirectory="bb06d9fc-2fc7-4ba8-8b17-9d0b7a349b18" />
    <UnitTestResult executionId="8ce28db3-66e8-43da-89bb-7c26d4a42aea" testId="ba479005-e379-1975-cd09-1db623022ea1" testName="SoftwareManagement.Api.IntegrationTests.Leads.NotificationTests.REQ_NOTIF_003_The_acknowledgement_carries_the_persons_name_and_their_reference" computerName="JSRKMANISHKUMAR" duration="00:00:00.0339992" startTime="2026-09-21T00:43:12.8025562+05:30" endTime="2026-09-21T00:43:12.8369478+05:30" testType="13cdc9d9-ddb5-4fa4-a97d-d965ccfc6d4b" outcome="Passed" testListId="8c84fa94-04c1-424b-9868-57a2d4851a1d" relativeResultsDirectory="8ce28db3-66e8-43da-89bb-7c26d4a42aea" />
    <UnitTestResult executionId="82dc4dbe-70ce-47c9-a0b5-e70ad01a2d60" testId="1075b361-3474-da3a-6371-c54fdce27d6f" testName="SoftwareManagement.Api.IntegrationTests.Catalog.ProductCatalogTests.REQ_CAT_006_A_yearly_price_above_twelve_monthly_payments_is_refused" computerName="JSRKMANISHKUMAR" duration="00:00:00.1873733" startTime="2026-09-21T00:43:00.7465835+05:30" endTime="2026-09-21T00:43:00.9342950+05:30" testType="13cdc9d9-ddb5-4fa4-a97d-d965ccfc6d4b" outcome="Passed" testListId="8c84fa94-04c1-424b-9868-57a2d4851a1d" relativeResultsDirectory="82dc4dbe-70ce-47c9-a0b5-e70ad01a2d60" />
    <UnitTestResult executionId="555e3895-dbd8-464a-a348-58136259f70f" testId="7ec961ab-57af-b89b-43d5-771b2476ffdf" testName="SoftwareManagement.Api.IntegrationTests.Leads.LeadCaptureTests.REQ_LEAD_007_The_same_person_writing_again_about_something_else_is_a_second_enquiry" computerName="JSRKMANISHKUMAR" duration="00:00:00.0368251" startTime="2026-09-21T00:43:14.1741777+05:30" endTime="2026-09-21T00:43:14.2114564+05:30" testType="13cdc9d9-ddb5-4fa4-a97d-d965ccfc6d4b" outcome="Passed" testListId="8c84fa94-04c1-424b-9868-57a2d4851a1d" relativeResultsDirectory="555e3895-dbd8-464a-a348-58136259f70f" />
    <UnitTestResult executionId="22c92038-cd0a-41c8-bb27-e7187b841d46" testId="c5c217b9-8153-f09b-bef0-caa078e30f9d" testName="SoftwareManagement.Api.IntegrationTests.Identity.UserAdministrationTests.REQ_IAM_006_ListsUsersForTheAuditorButRefusesTheEditor" computerName="JSRKMANISHKUMAR" duration="00:00:00.2292505" startTime="2026-09-21T00:43:07.5883143+05:30" endTime="2026-09-21T00:43:07.8180213+05:30" testType="13cdc9d9-ddb5-4fa4-a97d-d965ccfc6d4b" outcome="Passed" testListId="8c84fa94-04c1-424b-9868-57a2d4851a1d" relativeResultsDirectory="22c92038-cd0a-41c8-bb27-e7187b841d46" />
    <UnitTestResult executionId="f5341821-b5e4-4196-929e-93ad75b0d1dc" testId="a589903e-b8ca-a3a4-7c7e-d8ffa3464132" testName="SoftwareManagement.Api.IntegrationTests.Catalog.ProductCatalogTests.REQ_CAT_005_A_plan_priced_below_zero_is_refused" computerName="JSRKMANISHKUMAR" duration="00:00:00.1528573" startTime="2026-09-21T00:42:58.7677400+05:30" endTime="2026-09-21T00:42:58.9209763+05:30" testType="13cdc9d9-ddb5-4fa4-a97d-d965ccfc6d4b" outcome="Passed" testListId="8c84fa94-04c1-424b-9868-57a2d4851a1d" relativeResultsDirectory="f5341821-b5e4-4196-929e-93ad75b0d1dc" />
    <UnitTestResult executionId="9f5f298d-4328-44fc-973a-a1754862f261" testId="650255d1-ff1a-bc01-d7cd-692b4f557d32" testName="SoftwareManagement.Api.IntegrationTests.Content.PageLifecycleTests.REQ_SITE_001_Returns409AndSuggestsAnAlternative_WhenTheSlugIsTaken" computerName="JSRKMANISHKUMAR" duration="00:00:00.0840766" startTime="2026-09-21T00:43:05.4841372+05:30" endTime="2026-09-21T00:43:05.5685163+05:30" testType="13cdc9d9-ddb5-4fa4-a97d-d965ccfc6d4b" outcome="Passed" testListId="8c84fa94-04c1-424b-9868-57a2d4851a1d" relativeResultsDirectory="9f5f298d-4328-44fc-973a-a1754862f261" />
    <UnitTestResult executionId="a35d5b8e-2349-4b5f-8e49-b3c0e239caba" testId="356419b8-8524-1dea-c514-7521e54efc87" testName="SoftwareManagement.Api.IntegrationTests.Catalog.PublicCatalogTests.REQ_CAT_013_The_plan_table_omits_unpublished_plans_and_leaves_no_cell_blank" computerName="JSRKMANISHKUMAR" duration="00:00:00.3197095" startTime="2026-09-21T00:42:55.2853298+05:30" endTime="2026-09-21T00:42:55.6053898+05:30" testType="13cdc9d9-ddb5-4fa4-a97d-d965ccfc6d4b" outcome="Passed" testListId="8c84fa94-04c1-424b-9868-57a2d4851a1d" relativeResultsDirectory="a35d5b8e-2349-4b5f-8e49-b3c0e239caba" />
    <UnitTestResult executionId="8ff6a313-5784-423b-8fc7-82dbbeef9c9f" testId="acc4675e-1897-51f7-93d1-72a0bb0db28b" testName="SoftwareManagement.Api.IntegrationTests.Identity.AuthenticationTests.REQ_IAM_001_Returns401WithoutRevealingWhichPartWasWrong_ForABadPassword" computerName="JSRKMANISHKUMAR" duration="00:00:00.1368775" startTime="2026-09-21T00:43:11.1493795+05:30" endTime="2026-09-21T00:43:11.2867261+05:30" testType="13cdc9d9-ddb5-4fa4-a97d-d965ccfc6d4b" outcome="Passed" testListId="8c84fa94-04c1-424b-9868-57a2d4851a1d" relativeResultsDirectory="8ff6a313-5784-423b-8fc7-82dbbeef9c9f" />
    <UnitTestResult executionId="b98e200a-a8ca-4a7e-aa83-9f70555820c5" testId="a44eeae3-917c-b508-f6a2-4bc307124115" testName="SoftwareManagement.Api.IntegrationTests.Content.PageLifecycleTests.REQ_SITE_006_Returns422_WhenTheUnpublishTimeComesFirst" computerName="JSRKMANISHKUMAR" duration="00:00:00.0836026" startTime="2026-09-21T00:43:06.5075298+05:30" endTime="2026-09-21T00:43:06.5914464+05:30" testType="13cdc9d9-ddb5-4fa4-a97d-d965ccfc6d4b" outcome="Passed" testListId="8c84fa94-04c1-424b-9868-57a2d4851a1d" relativeResultsDirectory="b98e200a-a8ca-4a7e-aa83-9f70555820c5" />
    <UnitTestResult executionId="26bc9707-6c52-493c-80c6-9d31c2a1d831" testId="2e832a9a-e797-60b8-1a6f-b59cf75d94e9" testName="SoftwareManagement.Api.IntegrationTests.Leads.LeadReadingTests.REQ_LEAD_003_The_detail_of_a_demo_request_names_the_product_it_came_from" computerName="JSRKMANISHKUMAR" duration="00:00:00.1227793" startTime="2026-09-21T00:43:13.5749677+05:30" endTime="2026-09-21T00:43:13.6979858+05:30" testType="13cdc9d9-ddb5-4fa4-a97d-d965ccfc6d4b" outcome="Passed" testListId="8c84fa94-04c1-424b-9868-57a2d4851a1d" relativeResultsDirectory="26bc9707-6c52-493c-80c6-9d31c2a1d831" />
    <UnitTestResult executionId="cbc83c1b-0ab0-43d8-ae45-1253c976b5ea" testId="99056014-276a-2418-1142-021551643d79" testName="SoftwareManagement.Api.IntegrationTests.Content.PageLifecycleTests.REQ_SITE_006_Returns422_WhenTheScheduledTimeIsTooSoon" computerName="JSRKMANISHKUMAR" duration="00:00:00.0908185" startTime="2026-09-21T00:43:05.2467396+05:30" endTime="2026-09-21T00:43:05.3380902+05:30" testType="13cdc9d9-ddb5-4fa4-a97d-d965ccfc6d4b" outcome="Passed" testListId="8c84fa94-04c1-424b-9868-57a2d4851a1d" relativeResultsDirectory="cbc83c1b-0ab0-43d8-ae45-1253c976b5ea" />
    <UnitTestResult executionId="9fe02922-4b70-44a2-b464-c6a0305ea767" testId="451a92a6-a64e-08f2-d5ed-4c678e13c7a5" testName="SoftwareManagement.Api.IntegrationTests.Content.SiteStructureTests.REQ_SITE_012_ShowsOnlyPermittedTestimonialsOnThePublicSite" computerName="JSRKMANISHKUMAR" duration="00:00:00.2092015" startTime="2026-09-21T00:43:02.5130545+05:30" endTime="2026-09-21T00:43:02.7227038+05:30" testType="13cdc9d9-ddb5-4fa4-a97d-d965ccfc6d4b" outcome="Passed" testListId="8c84fa94-04c1-424b-9868-57a2d4851a1d" relativeResultsDirectory="9fe02922-4b70-44a2-b464-c6a0305ea767" />
    <UnitTestResult executionId="558c3b8b-09ef-44f3-97b8-6214d6e8c618" testId="f47e28a9-d32b-4490-cb8d-51b4e72efa8f" testName="SoftwareManagement.Api.IntegrationTests.Catalog.PublicCatalogTests.REQ_CAT_009_The_readiness_report_says_what_is_missing_before_the_button_is_pressed" computerName="JSRKMANISHKUMAR" duration="00:00:00.1279727" startTime="2026-09-21T00:42:54.5387993+05:30" endTime="2026-09-21T00:42:54.6671589+05:30" testType="13cdc9d9-ddb5-4fa4-a97d-d965ccfc6d4b" outcome="Passed" testListId="8c84fa94-04c1-424b-9868-57a2d4851a1d" relativeResultsDirectory="558c3b8b-09ef-44f3-97b8-6214d6e8c618" />
    <UnitTestResult executionId="88b5bffa-02a7-4d8a-8d14-81a99f043b07" testId="96b84f90-90e0-21e8-2534-5b5c13a4f991" testName="SoftwareManagement.Api.IntegrationTests.Identity.AuthorizationMatrixTests.REQ_IAM_011_LetsTheAuditorReadSignInAttempts" computerName="JSRKMANISHKUMAR" duration="00:00:00.1729944" startTime="2026-09-21T00:43:09.3661006+05:30" endTime="2026-09-21T00:43:09.5394141+05:30" testType="13cdc9d9-ddb5-4fa4-a97d-d965ccfc6d4b" outcome="Passed" testListId="8c84fa94-04c1-424b-9868-57a2d4851a1d" relativeResultsDirectory="88b5bffa-02a7-4d8a-8d14-81a99f043b07" />
    <UnitTestResult executionId="5f5fb202-dd70-43fc-af81-f563b4963116" testId="08738dfe-9749-d42a-1a2e-eabd37f8e8b6" testName="SoftwareManagement.Api.IntegrationTests.Content.SiteStructureTests.REQ_SITE_008_Returns409_WhenDeletingAPageAMenuStillLinksTo" computerName="JSRKMANISHKUMAR" duration="00:00:00.1907400" startTime="2026-09-21T00:43:04.4593482+05:30" endTime="2026-09-21T00:43:04.6504771+05:30" testType="13cdc9d9-ddb5-4fa4-a97d-d965ccfc6d4b" outcome="Passed" testListId="8c84fa94-04c1-424b-9868-57a2d4851a1d" relativeResultsDirectory="5f5fb202-dd70-43fc-af81-f563b4963116" />
    <UnitTestResult executionId="fac14988-ad4f-4c95-982e-09a072020f3f" testId="1c02a1b8-4720-21fa-f19e-0e1ed6fd1d38" testName="SoftwareManagement.Api.IntegrationTests.Leads.LeadCaptureTests.REQ_LEAD_003_A_demo_request_from_a_product_page_puts_that_product_on_the_lead" computerName="JSRKMANISHKUMAR" duration="00:00:00.0486419" startTime="2026-09-21T00:43:14.2115810+05:30" endTime="2026-09-21T00:43:14.2605287+05:30" testType="13cdc9d9-ddb5-4fa4-a97d-d965ccfc6d4b" outcome="Passed" testListId="8c84fa94-04c1-424b-9868-57a2d4851a1d" relativeResultsDirectory="fac14988-ad4f-4c95-982e-09a072020f3f" />
    <UnitTestResult executionId="bfc711e9-0c27-4dc4-bf9a-3b80039a84e1" testId="0c956bf7-f5bc-76ee-2b6d-b60d31b69802" testName="SoftwareManagement.Api.IntegrationTests.Content.PageLifecycleTests.REQ_SITE_001_CreatesAPageAsADraftThatThePublicCannotSee" computerName="JSRKMANISHKUMAR" duration="00:00:00.1465596" startTime="2026-09-21T00:43:04.8034648+05:30" endTime="2026-09-21T00:43:04.9504585+05:30" testType="13cdc9d9-ddb5-4fa4-a97d-d965ccfc6d4b" outcome="Passed" testListId="8c84fa94-04c1-424b-9868-57a2d4851a1d" relativeResultsDirectory="bfc711e9-0c27-4dc4-bf9a-3b80039a84e1" />
    <UnitTestResult executionId="dc6913e0-3ff4-4e2c-8894-f4a86e49dd2b" testId="85c0c944-2bf4-78d9-d17c-4be9bcc0d353" testName="SoftwareManagement.Api.IntegrationTests.Catalog.PublicCatalogTests.REQ_CAT_010_A_draft_products_public_address_is_a_404_and_never_a_403" computerName="JSRKMANISHKUMAR" duration="00:00:00.1056089" startTime="2026-09-21T00:42:54.4327580+05:30" endTime="2026-09-21T00:42:54.5386568+05:30" testType="13cdc9d9-ddb5-4fa4-a97d-d965ccfc6d4b" outcome="Passed" testListId="8c84fa94-04c1-424b-9868-57a2d4851a1d" relativeResultsDirectory="dc6913e0-3ff4-4e2c-8894-f4a86e49dd2b" />
    <UnitTestResult executionId="d3e80ce5-fb5c-4da5-83cf-62d6cbef0e5f" testId="7ba7d296-b191-aefe-8bf9-54b9c587cb83" testName="SoftwareManagement.Api.IntegrationTests.Catalog.ProductCatalogTests.REQ_CAT_004_A_screenshot_pointing_at_an_image_nobody_uploaded_is_refused" computerName="JSRKMANISHKUMAR" duration="00:00:00.1625104" startTime="2026-09-21T00:43:00.3132125+05:30" endTime="2026-09-21T00:43:00.4760487+05:30" testType="13cdc9d9-ddb5-4fa4-a97d-d965ccfc6d4b" outcome="Passed" testListId="8c84fa94-04c1-424b-9868-57a2d4851a1d" relativeResultsDirectory="d3e80ce5-fb5c-4da5-83cf-62d6cbef0e5f" />
    <UnitTestResult executionId="7c8fd6ce-7522-4cb7-aefe-693265725f29" testId="1ebd049f-ce84-7c2d-ca03-5e2a53c1eed6" testName="SoftwareManagement.Api.IntegrationTests.Identity.AuthenticationTests.REQ_IAM_002_Returns423_OnTheSixthFailureWithinTheWindow" computerName="JSRKMANISHKUMAR" duration="00:00:00.3614495" startTime="2026-09-21T00:43:09.9977240+05:30" endTime="2026-09-21T00:43:10.3595323+05:30" testType="13cdc9d9-ddb5-4fa4-a97d-d965ccfc6d4b" outcome="Passed" testListId="8c84fa94-04c1-424b-9868-57a2d4851a1d" relativeResultsDirectory="7c8fd6ce-7522-4cb7-aefe-693265725f29" />
    <UnitTestResult executionId="f5a2f82a-a8b3-413d-b80d-f68d1821adc9" testId="40e9bda7-3453-237a-699d-ea4b13500f77" testName="SoftwareManagement.Api.IntegrationTests.Catalog.PublicCatalogTests.REQ_CAT_011_The_demo_disappears_from_the_page_once_it_has_failed_twice" computerName="JSRKMANISHKUMAR" duration="00:00:00.3032320" startTime="2026-09-21T00:42:55.9965643+05:30" endTime="2026-09-21T00:42:56.3001069+05:30" testType="13cdc9d9-ddb5-4fa4-a97d-d965ccfc6d4b" outcome="Passed" testListId="8c84fa94-04c1-424b-9868-57a2d4851a1d" relativeResultsDirectory="f5a2f82a-a8b3-413d-b80d-f68d1821adc9" />
    <UnitTestResult executionId="7a541671-fffd-4f19-bdc6-d4cc20b17f68" testId="6579ac98-5bea-df70-1ed0-80079e92fed4" testName="SoftwareManagement.Api.IntegrationTests.Leads.LeadReadingTests.REQ_LEAD_001_An_enquiry_that_does_not_exist_is_a_404_rather_than_an_empty_lead" computerName="JSRKMANISHKUMAR" duration="00:00:00.1094477" startTime="2026-09-21T00:43:13.2712855+05:30" endTime="2026-09-21T00:43:13.3810701+05:30" testType="13cdc9d9-ddb5-4fa4-a97d-d965ccfc6d4b" outcome="Passed" testListId="8c84fa94-04c1-424b-9868-57a2d4851a1d" relativeResultsDirectory="7a541671-fffd-4f19-bdc6-d4cc20b17f68" />
    <UnitTestResult executionId="d8c0b738-9306-4896-940e-6a1fde32fd7a" testId="cb9c3f17-15cd-93b3-0a6d-d91098880341" testName="SoftwareManagement.Api.IntegrationTests.PipelineTests.UnknownRoute_Returns404_AndNeverLeaksAStackTrace" computerName="JSRKMANISHKUMAR" duration="00:00:00.0126547" startTime="2026-09-21T00:42:50.9035474+05:30" endTime="2026-09-21T00:42:50.9164016+05:30" testType="13cdc9d9-ddb5-4fa4-a97d-d965ccfc6d4b" outcome="Passed" testListId="8c84fa94-04c1-424b-9868-57a2d4851a1d" relativeResultsDirectory="d8c0b738-9306-4896-940e-6a1fde32fd7a" />
    <UnitTestResult executionId="389ac145-ec16-424b-9c79-4ce59922a70a" testId="d9c23504-f735-ec8b-8190-7fa7e86c4b3b" testName="SoftwareManagement.Api.IntegrationTests.Leads.LeadReadingTests.REQ_LEAD_001_Spam_is_left_out_of_the_default_view_and_found_only_when_asked_for_by_name" computerName="JSRKMANISHKUMAR" duration="00:00:00.1074593" startTime="2026-09-21T00:43:13.6981608+05:30" endTime="2026-09-21T00:43:13.8058553+05:30" testType="13cdc9d9-ddb5-4fa4-a97d-d965ccfc6d4b" outcome="Passed" testListId="8c84fa94-04c1-424b-9868-57a2d4851a1d" relativeResultsDirectory="389ac145-ec16-424b-9c79-4ce59922a70a" />
    <UnitTestResult executionId="d00d3991-6b38-4e92-88c5-cd9bf0d963e0" testId="354e2085-c3aa-355b-eaf7-ecf807c4552a" testName="SoftwareManagement.Api.IntegrationTests.Leads.NotificationTests.REQ_NOTIF_001_A_new_lead_queues_both_messages_in_the_same_transaction_and_sends_nothing_inline" computerName="JSRKMANISHKUMAR" duration="00:00:00.3073770" startTime="2026-09-21T00:43:12.3986306+05:30" endTime="2026-09-21T00:43:12.7064549+05:30" testType="13cdc9d9-ddb5-4fa4-a97d-d965ccfc6d4b" outcome="Passed" testListId="8c84fa94-04c1-424b-9868-57a2d4851a1d" relativeResultsDirectory="d00d3991-6b38-4e92-88c5-cd9bf0d963e0" />
    <UnitTestResult executionId="4b7e6038-d72c-4dc0-8894-2d729552a4f9" testId="c542c5ec-a5b2-6681-e82a-153922beb117" testName="SoftwareManagement.Api.IntegrationTests.Catalog.ProductCatalogTests.REQ_CAT_001_Sales_reads_the_catalogue_but_cannot_author_it" computerName="JSRKMANISHKUMAR" duration="00:00:00.3120309" startTime="2026-09-21T00:43:01.1938120+05:30" endTime="2026-09-21T00:43:01.5063179+05:30" testType="13cdc9d9-ddb5-4fa4-a97d-d965ccfc6d4b" outcome="Passed" testListId="8c84fa94-04c1-424b-9868-57a2d4851a1d" relativeResultsDirectory="4b7e6038-d72c-4dc0-8894-2d729552a4f9" />
    <UnitTestResult executionId="d135cebb-bc96-43a1-b98d-211082b99fd1" testId="1360d691-9702-517e-6889-732774a3a26b" testName="SoftwareManagement.Api.IntegrationTests.PipelineTests.EveryResponse_CarriesTheRequiredSecurityHeaders" computerName="JSRKMANISHKUMAR" duration="00:00:00.0050626" startTime="2026-09-21T00:42:50.9414317+05:30" endTime="2026-09-21T00:42:50.9468358+05:30" testType="13cdc9d9-ddb5-4fa4-a97d-d965ccfc6d4b" outcome="Passed" testListId="8c84fa94-04c1-424b-9868-57a2d4851a1d" relativeResultsDirectory="d135cebb-bc96-43a1-b98d-211082b99fd1" />
    <UnitTestResult executionId="d74cdde7-ad17-47bd-8330-59ab774d6f14" testId="bd56576c-8ab9-c17e-8f92-0369874035c1" testName="SoftwareManagement.Api.IntegrationTests.Identity.AuthorizationMatrixTests.REQ_IAM_011_ClampsThePageSize_SoOneRequestCannotDrainTheTable" computerName="JSRKMANISHKUMAR" duration="00:00:00.0990627" startTime="2026-09-21T00:43:09.5395355+05:30" endTime="2026-09-21T00:43:09.6389607+05:30" testType="13cdc9d9-ddb5-4fa4-a97d-d965ccfc6d4b" outcome="Passed" testListId="8c84fa94-04c1-424b-9868-57a2d4851a1d" relativeResultsDirectory="d74cdde7-ad17-47bd-8330-59ab774d6f14" />
    <UnitTestResult executionId="842a4ed7-f2ff-4ae7-a1eb-e440a7eaad45" testId="7bfc9a05-b0f7-0151-7a4e-0d1955fc297d" testName="SoftwareManagement.Api.IntegrationTests.Leads.NotificationTests.REQ_NOTIF_002_The_envelope_sender_is_the_company_and_never_the_person_who_wrote_in" computerName="JSRKMANISHKUMAR" duration="00:00:00.0509128" startTime="2026-09-21T00:43:12.7512806+05:30" endTime="2026-09-21T00:43:12.8024285+05:30" testType="13cdc9d9-ddb5-4fa4-a97d-d965ccfc6d4b" outcome="Passed" testListId="8c84fa94-04c1-424b-9868-57a2d4851a1d" relativeResultsDirectory="842a4ed7-f2ff-4ae7-a1eb-e440a7eaad45" />
    <UnitTestResult executionId="0b3661a5-ca3e-423e-8bfe-6d7cb9ea0840" testId="f36b4b36-476a-1049-d816-7b0cc33a8cd2" testName="SoftwareManagement.Api.IntegrationTests.Identity.UserAdministrationTests.REQ_IAM_004_Returns422_WhenAssigningARoleThatDoesNotExist" computerName="JSRKMANISHKUMAR" duration="00:00:00.1129894" startTime="2026-09-21T00:43:08.1749200+05:30" endTime="2026-09-21T00:43:08.2882274+05:30" testType="13cdc9d9-ddb5-4fa4-a97d-d965ccfc6d4b" outcome="Passed" testListId="8c84fa94-04c1-424b-9868-57a2d4851a1d" relativeResultsDirectory="0b3661a5-ca3e-423e-8bfe-6d7cb9ea0840" />
    <UnitTestResult executionId="46f96eca-8e02-4088-b40e-8d17aa3bb35a" testId="85e39c55-9832-611e-c478-6ddd4f0729d6" testName="SoftwareManagement.Api.IntegrationTests.Leads.NotificationTests.REQ_NOTIF_003_A_template_with_a_placeholder_nobody_filled_is_refused_rather_than_queued" computerName="JSRKMANISHKUMAR" duration="00:00:00.0019174" startTime="2026-09-21T00:43:12.7065776+05:30" endTime="2026-09-21T00:43:12.7084178+05:30" testType="13cdc9d9-ddb5-4fa4-a97d-d965ccfc6d4b" outcome="Passed" testListId="8c84fa94-04c1-424b-9868-57a2d4851a1d" relativeResultsDirectory="46f96eca-8e02-4088-b40e-8d17aa3bb35a" />
    <UnitTestResult executionId="7bda216b-bc9a-4fa3-9c6f-91a860f95e97" testId="4a74eb4c-6c15-befd-b8b0-4799f0efe3f2" testName="SoftwareManagement.Api.IntegrationTests.Leads.LeadCaptureTests.REQ_LEAD_003_A_quote_request_without_a_product_is_refused" computerName="JSRKMANISHKUMAR" duration="00:00:00.0059113" startTime="2026-09-21T00:43:14.4353216+05:30" endTime="2026-09-21T00:43:14.4416284+05:30" testType="13cdc9d9-ddb5-4fa4-a97d-d965ccfc6d4b" outcome="Passed" testListId="8c84fa94-04c1-424b-9868-57a2d4851a1d" relativeResultsDirectory="7bda216b-bc9a-4fa3-9c6f-91a860f95e97" />
    <UnitTestResult executionId="d0b12bbe-6c64-401a-a4fa-c21e7db6ef90" testId="919126ba-83e4-23e4-4cba-c442afd49c39" testName="SoftwareManagement.Api.IntegrationTests.Catalog.ProductCatalogTests.REQ_CAT_001_A_slug_another_product_already_holds_is_refused_with_an_alternative" computerName="JSRKMANISHKUMAR" duration="00:00:00.1652307" startTime="2026-09-21T00:42:59.2602439+05:30" endTime="2026-09-21T00:42:59.4257957+05:30" testType="13cdc9d9-ddb5-4fa4-a97d-d965ccfc6d4b" outcome="Passed" testListId="8c84fa94-04c1-424b-9868-57a2d4851a1d" relativeResultsDirectory="d0b12bbe-6c64-401a-a4fa-c21e7db6ef90" />
    <UnitTestResult executionId="ecf47370-d29f-4809-93f3-8a86faa7c8d1" testId="0905ea49-e4b5-c877-a852-62ba0e6deb82" testName="SoftwareManagement.Api.IntegrationTests.Leads.EmailSenderTests.REQ_NOTIF_004_A_mail_server_that_refuses_the_connection_is_a_failure_the_pump_can_retry" computerName="JSRKMANISHKUMAR" duration="00:00:02.0209978" startTime="2026-09-21T00:42:48.6986866+05:30" endTime="2026-09-21T00:42:50.7199451+05:30" testType="13cdc9d9-ddb5-4fa4-a97d-d965ccfc6d4b" outcome="Passed" testListId="8c84fa94-04c1-424b-9868-57a2d4851a1d" relativeResultsDirectory="ecf47370-d29f-4809-93f3-8a86faa7c8d1" />
    <UnitTestResult executionId="9c0b378f-88cd-45fd-9fea-3b193a27e1a7" testId="31b5e945-5555-af33-c5a7-3bf48ec2f7ef" testName="SoftwareManagement.Api.IntegrationTests.Content.PageLifecycleTests.REQ_SITE_011_LeavesA301BehindWhenAPublishedPageIsRenamed" computerName="JSRKMANISHKUMAR" duration="00:00:00.1180382" startTime="2026-09-21T00:43:06.2229763+05:30" endTime="2026-09-21T00:43:06.3413187+05:30" testType="13cdc9d9-ddb5-4fa4-a97d-d965ccfc6d4b" outcome="Passed" testListId="8c84fa94-04c1-424b-9868-57a2d4851a1d" relativeResultsDirectory="9c0b378f-88cd-45fd-9fea-3b193a27e1a7" />
    <UnitTestResult executionId="ae95764b-aba3-4168-a0d4-fa5dc5d6c389" testId="a7eef393-87cd-b147-3942-ed2a1c709d72" testName="SoftwareManagement.Api.IntegrationTests.Identity.AuthorizationMatrixTests.REQ_IAM_005_Returns401_ForEveryAdministrationRouteWithoutAToken" computerName="JSRKMANISHKUMAR" duration="00:00:00.0033035" startTime="2026-09-21T00:43:09.6401903+05:30" endTime="2026-09-21T00:43:09.6435286+05:30" testType="13cdc9d9-ddb5-4fa4-a97d-d965ccfc6d4b" outcome="Passed" testListId="8c84fa94-04c1-424b-9868-57a2d4851a1d" relativeResultsDirectory="ae95764b-aba3-4168-a0d4-fa5dc5d6c389" />
    <UnitTestResult executionId="08df9ee3-7b97-4819-9fee-c7b8a01e9d3c" testId="db8b508b-3f90-ac38-3ecb-298cea80d855" testName="SoftwareManagement.Api.IntegrationTests.Content.PageLifecycleTests.REQ_SITE_001_Returns422_ForASlugLongerThanTheColumn" computerName="JSRKMANISHKUMAR" duration="00:00:00.0769362" startTime="2026-09-21T00:43:05.9586900+05:30" endTime="2026-09-21T00:43:06.0359817+05:30" testType="13cdc9d9-ddb5-4fa4-a97d-d965ccfc6d4b" outcome="Passed" testListId="8c84fa94-04c1-424b-9868-57a2d4851a1d" relativeResultsDirectory="08df9ee3-7b97-4819-9fee-c7b8a01e9d3c" />
    <UnitTestResult executionId="42d3fffb-cf05-4408-81c2-c03abd961014" testId="6e49c53c-9217-d127-2866-89fbccebebe4" testName="SoftwareManagement.Api.IntegrationTests.Identity.AuthenticationTests.REQ_IAM_009_Returns401_WhenNobodyIsSignedIn" computerName="JSRKMANISHKUMAR" duration="00:00:00.0026736" startTime="2026-09-21T00:43:11.5866279+05:30" endTime="2026-09-21T00:43:11.5896204+05:30" testType="13cdc9d9-ddb5-4fa4-a97d-d965ccfc6d4b" outcome="Passed" testListId="8c84fa94-04c1-424b-9868-57a2d4851a1d" relativeResultsDirectory="42d3fffb-cf05-4408-81c2-c03abd961014" />
    <UnitTestResult executionId="247ac7e7-4fb7-4c5f-a51c-57ef26980930" testId="0e70e851-1c00-7339-50d5-a521bd649c30" testName="SoftwareManagement.Api.IntegrationTests.Catalog.ProductCatalogTests.REQ_CAT_007_Every_cell_of_the_plan_comparison_carries_a_definite_answer" computerName="JSRKMANISHKUMAR" duration="00:00:00.1474111" startTime="2026-09-21T00:42:57.6941066+05:30" endTime="2026-09-21T00:42:57.8419744+05:30" testType="13cdc9d9-ddb5-4fa4-a97d-d965ccfc6d4b" outcome="Passed" testListId="8c84fa94-04c1-424b-9868-57a2d4851a1d" relativeResultsDirectory="247ac7e7-4fb7-4c5f-a51c-57ef26980930" />
    <UnitTestResult executionId="c759b025-16d6-429c-8c08-bd4b67e2fb68" testId="10aeb958-a51c-3f9c-df52-ff6586522531" testName="SoftwareManagement.Api.IntegrationTests.Leads.NotificationTests.REQ_NOTIF_004_A_message_that_sends_is_marked_sent_and_never_tried_again" computerName="JSRKMANISHKUMAR" duration="00:00:00.0153290" startTime="2026-09-21T00:43:12.7354992+05:30" endTime="2026-09-21T00:43:12.7510607+05:30" testType="13cdc9d9-ddb5-4fa4-a97d-d965ccfc6d4b" outcome="Passed" testListId="8c84fa94-04c1-424b-9868-57a2d4851a1d" relativeResultsDirectory="c759b025-16d6-429c-8c08-bd4b67e2fb68" />
    <UnitTestResult executionId="f40d481e-e826-44df-aec9-1ea6620b5950" testId="dabfe86f-f42d-3b69-944a-8daf7bf2c339" testName="SoftwareManagement.Api.IntegrationTests.Content.SiteStructureTests.REQ_SITE_008_HidesAMenuItemWhoseTargetPageIsNotPublished" computerName="JSRKMANISHKUMAR" duration="00:00:00.3917845" startTime="2026-09-21T00:43:01.6998537+05:30" endTime="2026-09-21T00:43:02.0921096+05:30" testType="13cdc9d9-ddb5-4fa4-a97d-d965ccfc6d4b" outcome="Passed" testListId="8c84fa94-04c1-424b-9868-57a2d4851a1d" relativeResultsDirectory="f40d481e-e826-44df-aec9-1ea6620b5950" />
    <UnitTestResult executionId="52d692b1-6f50-4863-b107-cea433723549" testId="5b984aa4-fcc2-26e5-86de-8c42ddbd4ee0" testName="SoftwareManagement.Api.IntegrationTests.Catalog.PublicCatalogTests.REQ_CAT_009_A_complete_product_publishes_and_appears_in_the_public_catalogue" computerName="JSRKMANISHKUMAR" duration="00:00:00.2466566" startTime="2026-09-21T00:42:56.3002494+05:30" endTime="2026-09-21T00:42:56.5472716+05:30" testType="13cdc9d9-ddb5-4fa4-a97d-d965ccfc6d4b" outcome="Passed" testListId="8c84fa94-04c1-424b-9868-57a2d4851a1d" relativeResultsDirectory="52d692b1-6f50-4863-b107-cea433723549" />
    <UnitTestResult executionId="c476d30d-43a1-435b-9468-7fd751cc1efa" testId="becacde3-446f-1649-2bff-bd3009eb4125" testName="SoftwareManagement.Api.IntegrationTests.Content.SiteStructureTests.REQ_SITE_010_Returns409_WhenDeletingATechnologyAServiceStillLists" computerName="JSRKMANISHKUMAR" duration="00:00:00.3220585" startTime="2026-09-21T00:43:02.7229461+05:30" endTime="2026-09-21T00:43:03.0453940+05:30" testType="13cdc9d9-ddb5-4fa4-a97d-d965ccfc6d4b" outcome="Passed" testListId="8c84fa94-04c1-424b-9868-57a2d4851a1d" relativeResultsDirectory="c476d30d-43a1-435b-9468-7fd751cc1efa" />
    <UnitTestResult executionId="7e5baf3d-1f56-4c19-9924-1e2cd5d77911" testId="a8e6d58c-13a8-c2a8-426b-c3e504181d0d" testName="SoftwareManagement.Api.IntegrationTests.Catalog.ProductCatalogTests.REQ_CAT_005_The_public_card_quotes_the_cheapest_published_paid_plan" computerName="JSRKMANISHKUMAR" duration="00:00:00.1993028" startTime="2026-09-21T00:42:59.5911806+05:30" endTime="2026-09-21T00:42:59.7907688+05:30" testType="13cdc9d9-ddb5-4fa4-a97d-d965ccfc6d4b" outcome="Passed" testListId="8c84fa94-04c1-424b-9868-57a2d4851a1d" relativeResultsDirectory="7e5baf3d-1f56-4c19-9924-1e2cd5d77911" />
    <UnitTestResult executionId="9594a134-b953-435a-9cba-7d815572a6dd" testId="3618c3b8-74bf-6405-4546-ca16ddd22aca" testName="SoftwareManagement.Api.IntegrationTests.InfrastructureRegistrationTests.SystemClock_ReturnsUtc_NeverLocalTime" computerName="JSRKMANISHKUMAR" duration="00:00:00.0020169" startTime="2026-09-21T00:43:06.8764863+05:30" endTime="2026-09-21T00:43:06.8784368+05:30" testType="13cdc9d9-ddb5-4fa4-a97d-d965ccfc6d4b" outcome="Passed" testListId="8c84fa94-04c1-424b-9868-57a2d4851a1d" relativeResultsDirectory="9594a134-b953-435a-9cba-7d815572a6dd" />
    <UnitTestResult executionId="6d6fe273-f7f5-4833-b936-4f9726c10421" testId="33e405e1-dace-7f47-bbb0-f632a0a4e6d2" testName="SoftwareManagement.Api.IntegrationTests.InfrastructureRegistrationTests.AddInfrastructure_Throws_WhenTheConnectionStringIsBlank" computerName="JSRKMANISHKUMAR" duration="00:00:00.0052379" startTime="2026-09-21T00:43:06.8614203+05:30" endTime="2026-09-21T00:43:06.8666082+05:30" testType="13cdc9d9-ddb5-4fa4-a97d-d965ccfc6d4b" outcome="Passed" testListId="8c84fa94-04c1-424b-9868-57a2d4851a1d" relativeResultsDirectory="6d6fe273-f7f5-4833-b936-4f9726c10421" />
    <UnitTestResult executionId="db17dccf-55fe-454f-803b-560ac35d7bfa" testId="ab367128-daab-1213-2d39-68160cddffc1" testName="SoftwareManagement.Api.IntegrationTests.Leads.LeadReadingTests.REQ_LEAD_001_A_stage_that_is_not_a_stage_shows_the_default_view_rather_than_failing" computerName="JSRKMANISHKUMAR" duration="00:00:00.1561456" startTime="2026-09-21T00:43:12.8371872+05:30" endTime="2026-09-21T00:43:12.9940077+05:30" testType="13cdc9d9-ddb5-4fa4-a97d-d965ccfc6d4b" outcome="Passed" testListId="8c84fa94-04c1-424b-9868-57a2d4851a1d" relativeResultsDirectory="db17dccf-55fe-454f-803b-560ac35d7bfa" />
    <UnitTestResult executionId="5afdc549-aa03-4c52-b1db-c700ef1d21a2" testId="035371c4-1f47-97ed-ae3c-d84f3ab45b88" testName="SoftwareManagement.Api.IntegrationTests.Leads.LeadCaptureTests.REQ_LEAD_002_A_submission_missing_a_field_the_definition_marks_required_names_that_field" computerName="JSRKMANISHKUMAR" duration="00:00:00.0059048" startTime="2026-09-21T00:43:14.1678356+05:30" endTime="2026-09-21T00:43:14.1740626+05:30" testType="13cdc9d9-ddb5-4fa4-a97d-d965ccfc6d4b" outcome="Passed" testListId="8c84fa94-04c1-424b-9868-57a2d4851a1d" relativeResultsDirectory="5afdc549-aa03-4c52-b1db-c700ef1d21a2" />
    <UnitTestResult executionId="f6cd9fb4-8ef3-4a09-a64a-fdadc4c1931b" testId="22ed7929-5f66-b49c-7edf-700ca201f813" testName="SoftwareManagement.Api.IntegrationTests.Leads.LeadReadingTests.REQ_LEAD_006_One_enquiry_carries_the_exact_words_the_person_consented_to" computerName="JSRKMANISHKUMAR" duration="00:00:00.0931425" startTime="2026-09-21T00:43:13.8059737+05:30" endTime="2026-09-21T00:43:13.8994326+05:30" testType="13cdc9d9-ddb5-4fa4-a97d-d965ccfc6d4b" outcome="Passed" testListId="8c84fa94-04c1-424b-9868-57a2d4851a1d" relativeResultsDirectory="f6cd9fb4-8ef3-4a09-a64a-fdadc4c1931b" />
    <UnitTestResult executionId="0176422c-7983-4b25-a790-d0614ad96e78" testId="5dc97ee6-96a1-d4f1-b389-915c35a759f8" testName="SoftwareManagement.Api.IntegrationTests.Identity.AuthenticationTests.REQ_IAM_009_Returns422_WhenTheNewPasswordIsTooShort" computerName="JSRKMANISHKUMAR" duration="00:00:00.1593906" startTime="2026-09-21T00:43:10.3596571+05:30" endTime="2026-09-21T00:43:10.5194243+05:30" testType="13cdc9d9-ddb5-4fa4-a97d-d965ccfc6d4b" outcome="Passed" testListId="8c84fa94-04c1-424b-9868-57a2d4851a1d" relativeResultsDirectory="0176422c-7983-4b25-a790-d0614ad96e78" />
    <UnitTestResult executionId="c0c6fc83-0963-4fdb-a974-dacba08f0de3" testId="a1beba10-c274-0de4-e53e-4ffe2592cd47" testName="SoftwareManagement.Api.IntegrationTests.ReadinessTests.Readiness_Answers200_WhenTheDatabaseIsReachable" computerName="JSRKMANISHKUMAR" duration="00:00:00.1396876" startTime="2026-09-21T00:42:46.1550469+05:30" endTime="2026-09-21T00:42:46.3740251+05:30" testType="13cdc9d9-ddb5-4fa4-a97d-d965ccfc6d4b" outcome="Passed" testListId="8c84fa94-04c1-424b-9868-57a2d4851a1d" relativeResultsDirectory="c0c6fc83-0963-4fdb-a974-dacba08f0de3" />
    <UnitTestResult executionId="b4019586-5724-4f2e-b966-9720695c4fed" testId="5b8398b7-568f-b8bb-7ca4-d03b5695abf8" testName="SoftwareManagement.Api.IntegrationTests.Catalog.ProductCatalogTests.REQ_CAT_003_Reordering_features_leaves_the_stored_positions_contiguous" computerName="JSRKMANISHKUMAR" duration="00:00:00.2485860" startTime="2026-09-21T00:42:58.5186754+05:30" endTime="2026-09-21T00:42:58.7676077+05:30" testType="13cdc9d9-ddb5-4fa4-a97d-d965ccfc6d4b" outcome="Passed" testListId="8c84fa94-04c1-424b-9868-57a2d4851a1d" relativeResultsDirectory="b4019586-5724-4f2e-b966-9720695c4fed" />
    <UnitTestResult executionId="904a13e3-faa7-4bf0-87d8-60d5a0fede67" testId="84a8cc79-9ab4-8938-c7a8-4d25d4634715" testName="SoftwareManagement.Api.IntegrationTests.Content.PageLifecycleTests.REQ_SITE_006_StoresTheEditorsLocalTimeAsTheCorrectUtcInstant" computerName="JSRKMANISHKUMAR" duration="00:00:00.0942019" startTime="2026-09-21T00:43:05.8640108+05:30" endTime="2026-09-21T00:43:05.9585637+05:30" testType="13cdc9d9-ddb5-4fa4-a97d-d965ccfc6d4b" outcome="Passed" testListId="8c84fa94-04c1-424b-9868-57a2d4851a1d" relativeResultsDirectory="904a13e3-faa7-4bf0-87d8-60d5a0fede67" />
    <UnitTestResult executionId="73e5500e-9895-44d2-847b-e674fb78e007" testId="aa81004b-4b89-99c1-f2a3-ea2d08d5f040" testName="SoftwareManagement.Api.IntegrationTests.Leads.NotificationTests.REQ_NOTIF_004_The_fifth_failure_dead_letters_the_message_and_alerts_the_owner" computerName="JSRKMANISHKUMAR" duration="00:00:00.1909424" startTime="2026-09-21T00:43:12.2070947+05:30" endTime="2026-09-21T00:43:12.3985070+05:30" testType="13cdc9d9-ddb5-4fa4-a97d-d965ccfc6d4b" outcome="Passed" testListId="8c84fa94-04c1-424b-9868-57a2d4851a1d" relativeResultsDirectory="73e5500e-9895-44d2-847b-e674fb78e007" />
    <UnitTestResult executionId="312a4202-a9c6-4c02-ad85-3c8be1e34157" testId="f1f020ca-ba61-7442-1df0-5e9b91512378" testName="SoftwareManagement.Api.IntegrationTests.Identity.AuthorizationMatrixTests.REQ_IAM_005_GivesTheAuditorNoWritePermissionAtAll" computerName="JSRKMANISHKUMAR" duration="00:00:00.0726054" startTime="2026-09-21T00:43:09.6436812+05:30" endTime="2026-09-21T00:43:09.7165664+05:30" testType="13cdc9d9-ddb5-4fa4-a97d-d965ccfc6d4b" outcome="Passed" testListId="8c84fa94-04c1-424b-9868-57a2d4851a1d" relativeResultsDirectory="312a4202-a9c6-4c02-ad85-3c8be1e34157" />
    <UnitTestResult executionId="67d4f0f5-adea-472c-9630-fa46eb592f5d" testId="a13144c9-de83-4925-9bf5-9c8dcedae419" testName="SoftwareManagement.Api.IntegrationTests.Catalog.ProductCategoryTests.REQ_CAT_002_A_category_holding_only_a_draft_is_refused_too_and_says_which_case_it_is" computerName="JSRKMANISHKUMAR" duration="00:00:00.1545184" startTime="2026-09-21T00:42:57.0697979+05:30" endTime="2026-09-21T00:42:57.2247385+05:30" testType="13cdc9d9-ddb5-4fa4-a97d-d965ccfc6d4b" outcome="Passed" testListId="8c84fa94-04c1-424b-9868-57a2d4851a1d" relativeResultsDirectory="67d4f0f5-adea-472c-9630-fa46eb592f5d" />
    <UnitTestResult executionId="a0b4d96a-0ec1-4da9-9391-efebf4a8007b" testId="0d83c265-ba1b-34f7-0456-597283a4004a" testName="SoftwareManagement.Api.IntegrationTests.Content.SiteStructureTests.REQ_SITE_009_Returns400_WhenNoFileIsSent" computerName="JSRKMANISHKUMAR" duration="00:00:00.0806581" startTime="2026-09-21T00:43:04.2885176+05:30" endTime="2026-09-21T00:43:04.3693534+05:30" testType="13cdc9d9-ddb5-4fa4-a97d-d965ccfc6d4b" outcome="Passed" testListId="8c84fa94-04c1-424b-9868-57a2d4851a1d" relativeResultsDirectory="a0b4d96a-0ec1-4da9-9391-efebf4a8007b" />
    <UnitTestResult executionId="83300a19-acb2-4876-be75-9e9e711eac62" testId="b43047a3-4b96-184d-85df-9c86405d2c76" testName="SoftwareManagement.Api.IntegrationTests.Content.SiteStructureTests.REQ_SITE_009_StoresAnUploadedImageWithItsDimensionsAndChecksum" computerName="JSRKMANISHKUMAR" duration="00:00:00.9528336" startTime="2026-09-21T00:43:03.3348897+05:30" endTime="2026-09-21T00:43:04.2882623+05:30" testType="13cdc9d9-ddb5-4fa4-a97d-d965ccfc6d4b" outcome="Passed" testListId="8c84fa94-04c1-424b-9868-57a2d4851a1d" relativeResultsDirectory="83300a19-acb2-4876-be75-9e9e711eac62" />
    <UnitTestResult executionId="130decf1-7bc7-4003-bd2a-d76ffeb5c9a9" testId="a0519aa0-43fa-d24a-1afe-7b55decb6738" testName="SoftwareManagement.Api.IntegrationTests.Catalog.PublicCatalogTests.REQ_CAT_015_Archiving_removes_a_product_from_the_catalogue_and_keeps_its_address_claimed" computerName="JSRKMANISHKUMAR" duration="00:00:00.3222490" startTime="2026-09-21T00:42:54.6672943+05:30" endTime="2026-09-21T00:42:54.9900087+05:30" testType="13cdc9d9-ddb5-4fa4-a97d-d965ccfc6d4b" outcome="Passed" testListId="8c84fa94-04c1-424b-9868-57a2d4851a1d" relativeResultsDirectory="130decf1-7bc7-4003-bd2a-d76ffeb5c9a9" />
    <UnitTestResult executionId="3188c6de-f371-491b-9269-431937a6c8f0" testId="29c6d260-cd84-ff3c-82a8-89b2873feef9" testName="SoftwareManagement.Api.IntegrationTests.PipelineTests.PublicPing_IsReachableAnonymously" computerName="JSRKMANISHKUMAR" duration="00:00:00.0157868" startTime="2026-09-21T00:42:50.9208379+05:30" endTime="2026-09-21T00:42:50.9368646+05:30" testType="13cdc9d9-ddb5-4fa4-a97d-d965ccfc6d4b" outcome="Passed" testListId="8c84fa94-04c1-424b-9868-57a2d4851a1d" relativeResultsDirectory="3188c6de-f371-491b-9269-431937a6c8f0" />
    <UnitTestResult executionId="361b7bd1-a24d-4dd1-8bae-fe0cc71a3511" testId="10fc1172-5b9a-e433-95fe-23acc6955168" testName="SoftwareManagement.Api.IntegrationTests.Identity.AuthenticationTests.REQ_IAM_012_DoesNotDemandACode_WhenTwoFactorIsNotEnrolled" computerName="JSRKMANISHKUMAR" duration="00:00:00.0747350" startTime="2026-09-21T00:43:10.9903600+05:30" endTime="2026-09-21T00:43:11.0650944+05:30" testType="13cdc9d9-ddb5-4fa4-a97d-d965ccfc6d4b" outcome="Passed" testListId="8c84fa94-04c1-424b-9868-57a2d4851a1d" relativeResultsDirectory="361b7bd1-a24d-4dd1-8bae-fe0cc71a3511" />
    <UnitTestResult executionId="0b71b2ac-2f7d-4329-9bc7-c3a45c270e83" testId="9f5b2e42-e9d2-d8e8-a429-91880ecdbdf1" testName="SoftwareManagement.Api.IntegrationTests.Catalog.PublicCatalogTests.REQ_CAT_009_Publishing_is_refused_below_the_thresholds_and_the_response_names_the_failing_counts" computerName="JSRKMANISHKUMAR" duration="00:00:00.1805412" startTime="2026-09-21T00:42:55.6055344+05:30" endTime="2026-09-21T00:42:55.7864202+05:30" testType="13cdc9d9-ddb5-4fa4-a97d-d965ccfc6d4b" outcome="Passed" testListId="8c84fa94-04c1-424b-9868-57a2d4851a1d" relativeResultsDirectory="0b71b2ac-2f7d-4329-9bc7-c3a45c270e83" />
    <UnitTestResult executionId="308d52dc-be4e-4cd5-b3e4-27cb4107550b" testId="cb33e659-9ec6-4c6f-e780-dddbac74a933" testName="SoftwareManagement.Api.IntegrationTests.Content.SiteStructureTests.REQ_SITE_002_Returns409_WhenTheReorderDoesNotListEverySectionOnce" computerName="JSRKMANISHKUMAR" duration="00:00:00.0816047" startTime="2026-09-21T00:43:02.4309058+05:30" endTime="2026-09-21T00:43:02.5129167+05:30" testType="13cdc9d9-ddb5-4fa4-a97d-d965ccfc6d4b" outcome="Passed" testListId="8c84fa94-04c1-424b-9868-57a2d4851a1d" relativeResultsDirectory="308d52dc-be4e-4cd5-b3e4-27cb4107550b" />
    <UnitTestResult executionId="73fd47fb-b4b3-4199-a2bd-0020d0342d17" testId="681b8e67-84fc-936c-b677-94aa5442fa7e" testName="SoftwareManagement.Api.IntegrationTests.Leads.EmailSenderTests.REQ_NOTIF_004_A_sender_with_no_host_configured_reports_a_failure_rather_than_a_delivery" computerName="JSRKMANISHKUMAR" duration="00:00:00.0142916" startTime="2026-09-21T00:42:46.6387426+05:30" endTime="2026-09-21T00:42:46.6532408+05:30" testType="13cdc9d9-ddb5-4fa4-a97d-d965ccfc6d4b" outcome="Passed" testListId="8c84fa94-04c1-424b-9868-57a2d4851a1d" relativeResultsDirectory="73fd47fb-b4b3-4199-a2bd-0020d0342d17" />
    <UnitTestResult executionId="878253b5-a64d-4b0f-ba1f-c27bbf20f105" testId="1a667d03-2811-d009-f3f2-6708207ee24c" testName="SoftwareManagement.Api.IntegrationTests.Catalog.PublicCatalogTests.REQ_CAT_010_The_catalogue_lists_published_products_only_with_their_lowest_paid_price" computerName="JSRKMANISHKUMAR" duration="00:00:01.7919215" startTime="2026-09-21T00:42:51.4071854+05:30" endTime="2026-09-21T00:42:53.1996061+05:30" testType="13cdc9d9-ddb5-4fa4-a97d-d965ccfc6d4b" outcome="Passed" testListId="8c84fa94-04c1-424b-9868-57a2d4851a1d" relativeResultsDirectory="878253b5-a64d-4b0f-ba1f-c27bbf20f105" />
    <UnitTestResult executionId="3ea209f9-1ac7-46c3-9b0a-101b340785b6" testId="f8ae64f6-9498-b068-9178-6fca3f41124a" testName="SoftwareManagement.Api.IntegrationTests.Catalog.ProductCatalogTests.REQ_CAT_007_A_feature_marked_limited_without_the_limit_itself_is_refused" computerName="JSRKMANISHKUMAR" duration="00:00:00.1563848" startTime="2026-09-21T00:42:59.1031988+05:30" endTime="2026-09-21T00:42:59.2599936+05:30" testType="13cdc9d9-ddb5-4fa4-a97d-d965ccfc6d4b" outcome="Passed" testListId="8c84fa94-04c1-424b-9868-57a2d4851a1d" relativeResultsDirectory="3ea209f9-1ac7-46c3-9b0a-101b340785b6" />
    <UnitTestResult executionId="fdd3e0c3-c448-4843-a174-15f307d902d3" testId="3d570c9d-2ba2-a592-02f6-6820e6520f89" testName="SoftwareManagement.Api.IntegrationTests.Identity.AuthenticationTests.REQ_IAM_003_Returns401AndRevokesTheWholeChain_WhenARotatedTokenIsPresentedAgain" computerName="JSRKMANISHKUMAR" duration="00:00:00.1139252" startTime="2026-09-21T00:43:10.5195580+05:30" endTime="2026-09-21T00:43:10.6342505+05:30" testType="13cdc9d9-ddb5-4fa4-a97d-d965ccfc6d4b" outcome="Passed" testListId="8c84fa94-04c1-424b-9868-57a2d4851a1d" relativeResultsDirectory="fdd3e0c3-c448-4843-a174-15f307d902d3" />
    <UnitTestResult executionId="e876c4da-bcea-4729-bf74-8524297391ec" testId="ce0c7339-3f91-6b04-e1bd-4604ebf0603c" testName="SoftwareManagement.Api.IntegrationTests.Content.SiteStructureTests.REQ_SITE_009_Returns415_WhenTheBytesDoNotMatchTheClaimedType" computerName="JSRKMANISHKUMAR" duration="00:00:00.1010748" startTime="2026-09-21T00:43:02.3292665+05:30" endTime="2026-09-21T00:43:02.4307816+05:30" testType="13cdc9d9-ddb5-4fa4-a97d-d965ccfc6d4b" outcome="Passed" testListId="8c84fa94-04c1-424b-9868-57a2d4851a1d" relativeResultsDirectory="e876c4da-bcea-4729-bf74-8524297391ec" />
    <UnitTestResult executionId="392a70c0-5d71-43e6-a571-2d3c42e113fc" testId="7345a0df-f88d-4ed2-e358-01dab286e062" testName="SoftwareManagement.Api.IntegrationTests.Catalog.ProductCategoryTests.REQ_CAT_002_The_same_address_twice_is_a_conflict_rather_than_a_second_category" computerName="JSRKMANISHKUMAR" duration="00:00:00.0946921" startTime="2026-09-21T00:42:57.4031998+05:30" endTime="2026-09-21T00:42:57.4982394+05:30" testType="13cdc9d9-ddb5-4fa4-a97d-d965ccfc6d4b" outcome="Passed" testListId="8c84fa94-04c1-424b-9868-57a2d4851a1d" relativeResultsDirectory="392a70c0-5d71-43e6-a571-2d3c42e113fc" />
    <UnitTestResult executionId="7eefa94b-161d-47b9-9621-74a298624819" testId="3206eb31-57eb-18d2-a6c8-b7ec09e702f0" testName="SoftwareManagement.Api.IntegrationTests.Leads.LeadCaptureTests.REQ_LEAD_002_A_form_reports_exactly_the_fields_it_defines_with_their_required_flags" computerName="JSRKMANISHKUMAR" duration="00:00:00.0689664" startTime="2026-09-21T00:43:14.5172094+05:30" endTime="2026-09-21T00:43:14.5864894+05:30" testType="13cdc9d9-ddb5-4fa4-a97d-d965ccfc6d4b" outcome="Passed" testListId="8c84fa94-04c1-424b-9868-57a2d4851a1d" relativeResultsDirectory="7eefa94b-161d-47b9-9621-74a298624819" />
    <UnitTestResult executionId="5cc1b7bf-5d3e-4b7b-851f-1284634667e0" testId="905e3313-6822-066d-e39a-915bf1a0b510" testName="SoftwareManagement.Api.IntegrationTests.Leads.LeadCaptureTests.REQ_LEAD_004_A_captcha_token_presented_twice_is_refused_and_creates_no_lead" computerName="JSRKMANISHKUMAR" duration="00:00:00.0288479" startTime="2026-09-21T00:43:14.0312072+05:30" endTime="2026-09-21T00:43:14.0604468+05:30" testType="13cdc9d9-ddb5-4fa4-a97d-d965ccfc6d4b" outcome="Passed" testListId="8c84fa94-04c1-424b-9868-57a2d4851a1d" relativeResultsDirectory="5cc1b7bf-5d3e-4b7b-851f-1284634667e0" />
    <UnitTestResult executionId="dc6d8337-1910-4a55-82be-6c1ea5089778" testId="c0efe5a5-001e-19f8-9c23-398c45c58f88" testName="SoftwareManagement.Api.IntegrationTests.Leads.LeadCaptureTests.REQ_LEAD_008_A_lead_carrying_campaign_parameters_records_them_and_its_source" computerName="JSRKMANISHKUMAR" duration="00:00:00.0160597" startTime="2026-09-21T00:43:14.2606533+05:30" endTime="2026-09-21T00:43:14.2770009+05:30" testType="13cdc9d9-ddb5-4fa4-a97d-d965ccfc6d4b" outcome="Passed" testListId="8c84fa94-04c1-424b-9868-57a2d4851a1d" relativeResultsDirectory="dc6d8337-1910-4a55-82be-6c1ea5089778" />
    <UnitTestResult executionId="43a63b67-cd91-4237-9f8f-2e73bff425de" testId="2cce3fe6-b1ad-5ec3-19bd-c830a57e45d1" testName="SoftwareManagement.Api.IntegrationTests.Catalog.PublicCatalogTests.REQ_CAT_015_A_product_that_has_been_public_cannot_be_deleted_only_archived" computerName="JSRKMANISHKUMAR" duration="00:00:00.2947220" startTime="2026-09-21T00:42:54.9901395+05:30" endTime="2026-09-21T00:42:55.2851887+05:30" testType="13cdc9d9-ddb5-4fa4-a97d-d965ccfc6d4b" outcome="Passed" testListId="8c84fa94-04c1-424b-9868-57a2d4851a1d" relativeResultsDirectory="43a63b67-cd91-4237-9f8f-2e73bff425de" />
    <UnitTestResult executionId="0d997fa7-9788-4e75-8c79-3a95ce7242c4" testId="48408fd6-60e7-db04-fd72-886804e7fc7b" testName="SoftwareManagement.Api.IntegrationTests.Content.PageLifecycleTests.REQ_SITE_011_RendersTheSeoFieldsOnThePublicPage" computerName="JSRKMANISHKUMAR" duration="00:00:00.0865906" startTime="2026-09-21T00:43:06.4205088+05:30" endTime="2026-09-21T00:43:06.5074106+05:30" testType="13cdc9d9-ddb5-4fa4-a97d-d965ccfc6d4b" outcome="Passed" testListId="8c84fa94-04c1-424b-9868-57a2d4851a1d" relativeResultsDirectory="0d997fa7-9788-4e75-8c79-3a95ce7242c4" />
    <UnitTestResult executionId="27139c8d-23ff-4801-8066-a6e7731b3d77" testId="4d242859-f241-d662-d4c4-70c565e1c9e5" testName="SoftwareManagement.Api.IntegrationTests.Content.PageLifecycleTests.REQ_SITE_007_ReportsEachFailureIndividuallyInABulkPublish" computerName="JSRKMANISHKUMAR" duration="00:00:00.1466571" startTime="2026-09-21T00:43:04.9505871+05:30" endTime="2026-09-21T00:43:05.0975819+05:30" testType="13cdc9d9-ddb5-4fa4-a97d-d965ccfc6d4b" outcome="Passed" testListId="8c84fa94-04c1-424b-9868-57a2d4851a1d" relativeResultsDirectory="27139c8d-23ff-4801-8066-a6e7731b3d77" />
    <UnitTestResult executionId="e66412f0-f8b3-4b1f-baf9-b215f4a83fdd" testId="1c5ee183-bdac-81ea-1dd3-430434891a94" testName="SoftwareManagement.Api.IntegrationTests.Leads.LeadReadingTests.REQ_LEAD_001_One_enquiry_is_as_closed_to_a_stranger_as_the_whole_list_is" computerName="JSRKMANISHKUMAR" duration="00:00:00.1929961" startTime="2026-09-21T00:43:13.3811948+05:30" endTime="2026-09-21T00:43:13.5745195+05:30" testType="13cdc9d9-ddb5-4fa4-a97d-d965ccfc6d4b" outcome="Passed" testListId="8c84fa94-04c1-424b-9868-57a2d4851a1d" relativeResultsDirectory="e66412f0-f8b3-4b1f-baf9-b215f4a83fdd" />
    <UnitTestResult executionId="d249a24d-d418-44bf-8695-65a1e3dc2253" testId="4d870f61-fa2a-62a8-e74d-6daa3181bbd2" testName="SoftwareManagement.Api.IntegrationTests.Leads.NotificationTests.REQ_NOTIF_001_A_submission_that_was_refused_leaves_nothing_behind_in_the_queue" computerName="JSRKMANISHKUMAR" duration="00:00:00.1559620" startTime="2026-09-21T00:43:12.0509434+05:30" endTime="2026-09-21T00:43:12.2069651+05:30" testType="13cdc9d9-ddb5-4fa4-a97d-d965ccfc6d4b" outcome="Passed" testListId="8c84fa94-04c1-424b-9868-57a2d4851a1d" relativeResultsDirectory="d249a24d-d418-44bf-8695-65a1e3dc2253" />
    <UnitTestResult executionId="2621de70-4820-4871-9b51-68267ee39d5d" testId="c1b786ea-62fc-47f0-9036-6d3c5242383f" testName="SoftwareManagement.Api.IntegrationTests.Identity.AuthenticationTests.REQ_IAM_002_LocksTheAccountEvenWhenTheSixthAttemptUsesTheCorrectPassword" computerName="JSRKMANISHKUMAR" duration="00:00:00.3549147" startTime="2026-09-21T00:43:10.6344613+05:30" endTime="2026-09-21T00:43:10.9898049+05:30" testType="13cdc9d9-ddb5-4fa4-a97d-d965ccfc6d4b" outcome="Passed" testListId="8c84fa94-04c1-424b-9868-57a2d4851a1d" relativeResultsDirectory="2621de70-4820-4871-9b51-68267ee39d5d" />
    <UnitTestResult executionId="5d1745f2-70b3-405a-aeae-966dd2b1d1a7" testId="724ed3d1-5144-f91e-0cb6-e65d0b2a22a2" testName="SoftwareManagement.Api.IntegrationTests.ReadinessTests.AggregateHealth_Answers200_WhenEveryCheckPasses" computerName="JSRKMANISHKUMAR" duration="00:00:00.0071860" startTime="2026-09-21T00:42:46.4990264+05:30" endTime="2026-09-21T00:42:46.6158040+05:30" testType="13cdc9d9-ddb5-4fa4-a97d-d965ccfc6d4b" outcome="Passed" testListId="8c84fa94-04c1-424b-9868-57a2d4851a1d" relativeResultsDirectory="5d1745f2-70b3-405a-aeae-966dd2b1d1a7" />
    <UnitTestResult executionId="d4ebeba2-68ce-4e20-ad73-8f8a720091f4" testId="cc0f14a6-303e-74bc-b65f-11c13ba17035" testName="SoftwareManagement.Api.IntegrationTests.Catalog.ProductCatalogTests.REQ_CAT_008_Demo_credentials_are_returned_only_to_a_caller_holding_the_demo_permission" computerName="JSRKMANISHKUMAR" duration="00:00:00.5216404" startTime="2026-09-21T00:42:59.7909232+05:30" endTime="2026-09-21T00:43:00.3130168+05:30" testType="13cdc9d9-ddb5-4fa4-a97d-d965ccfc6d4b" outcome="Passed" testListId="8c84fa94-04c1-424b-9868-57a2d4851a1d" relativeResultsDirectory="d4ebeba2-68ce-4e20-ad73-8f8a720091f4" />
    <UnitTestResult executionId="d2ff16e3-9409-46da-a4a8-1672fa4e75cd" testId="2f229b3a-d9c0-8d33-ab61-85e9a01144c7" testName="SoftwareManagement.Api.IntegrationTests.Leads.EmailSenderTests.NFR_PRIV_03_A_refused_delivery_never_puts_the_recipients_address_in_the_outcome" computerName="JSRKMANISHKUMAR" duration="00:00:02.0418993" startTime="2026-09-21T00:42:46.6534393+05:30" endTime="2026-09-21T00:42:48.6957149+05:30" testType="13cdc9d9-ddb5-4fa4-a97d-d965ccfc6d4b" outcome="Passed" testListId="8c84fa94-04c1-424b-9868-57a2d4851a1d" relativeResultsDirectory="d2ff16e3-9409-46da-a4a8-1672fa4e75cd" />
    <UnitTestResult executionId="f5ebf382-d4c0-4515-a736-afd3913e77ed" testId="08351177-d710-4c67-897f-ff7aba5eadea" testName="SoftwareManagement.Api.IntegrationTests.ReadinessTests.MigrationsHistory_ContainsTheInitialMigration_SoTheSchemaIsBuiltFromMigrationsAlone" computerName="JSRKMANISHKUMAR" duration="00:00:00.0090772" startTime="2026-09-21T00:42:46.3751083+05:30" endTime="2026-09-21T00:42:46.4986898+05:30" testType="13cdc9d9-ddb5-4fa4-a97d-d965ccfc6d4b" outcome="Passed" testListId="8c84fa94-04c1-424b-9868-57a2d4851a1d" relativeResultsDirectory="f5ebf382-d4c0-4515-a736-afd3913e77ed" />
    <UnitTestResult executionId="2d207599-44f4-4e6a-81f0-3df890a5a30b" testId="47a6939e-eed9-59bc-303f-527912e03665" testName="SoftwareManagement.Api.IntegrationTests.ReadinessTests.Model_HasNoPendingChanges_SoTheDatabaseMatchesTheCode" computerName="JSRKMANISHKUMAR" duration="00:00:00.1076109" startTime="2026-09-21T00:42:42.5350981+05:30" endTime="2026-09-21T00:42:46.1222909+05:30" testType="13cdc9d9-ddb5-4fa4-a97d-d965ccfc6d4b" outcome="Passed" testListId="8c84fa94-04c1-424b-9868-57a2d4851a1d" relativeResultsDirectory="2d207599-44f4-4e6a-81f0-3df890a5a30b" />
    <UnitTestResult executionId="4cf46520-f42f-4521-a12b-3e0eac8d6e57" testId="75d5ef8f-7fb6-297d-e9fd-082e02e1058f" testName="SoftwareManagement.Api.IntegrationTests.Identity.AuthorizationMatrixTests.REQ_IAM_004_GivesEachRoleExactlyThePermissionsTheMatrixGrantsIt" computerName="JSRKMANISHKUMAR" duration="00:00:00.3927151" startTime="2026-09-21T00:43:08.8886199+05:30" endTime="2026-09-21T00:43:09.2819523+05:30" testType="13cdc9d9-ddb5-4fa4-a97d-d965ccfc6d4b" outcome="Passed" testListId="8c84fa94-04c1-424b-9868-57a2d4851a1d" relativeResultsDirectory="4cf46520-f42f-4521-a12b-3e0eac8d6e57" />
    <UnitTestResult executionId="c3da9e11-9878-4c51-aca9-0ba1bb561c44" testId="eb96fab4-d5ea-eef7-485b-7c3ec301d1f1" testName="SoftwareManagement.Api.IntegrationTests.Content.PageLifecycleTests.REQ_SITE_003_Returns403_WhenSalesTriesToPublish" computerName="JSRKMANISHKUMAR" duration="00:00:00.1541404" startTime="2026-09-21T00:43:05.5686341+05:30" endTime="2026-09-21T00:43:05.7231443+05:30" testType="13cdc9d9-ddb5-4fa4-a97d-d965ccfc6d4b" outcome="Passed" testListId="8c84fa94-04c1-424b-9868-57a2d4851a1d" relativeResultsDirectory="c3da9e11-9878-4c51-aca9-0ba1bb561c44" />
    <UnitTestResult executionId="87d61c87-4329-4dad-b4a4-7f4d2d698c31" testId="6dcf41b0-8c85-78e0-f409-4496a03f0413" testName="SoftwareManagement.Api.IntegrationTests.Catalog.ProductCatalogTests.REQ_CAT_002_The_public_catalogue_filtered_by_a_category_returns_only_that_categorys_published_products" computerName="JSRKMANISHKUMAR" duration="00:00:00.2601674" startTime="2026-09-21T00:42:57.9449347+05:30" endTime="2026-09-21T00:42:58.2055030+05:30" testType="13cdc9d9-ddb5-4fa4-a97d-d965ccfc6d4b" outcome="Passed" testListId="8c84fa94-04c1-424b-9868-57a2d4851a1d" relativeResultsDirectory="87d61c87-4329-4dad-b4a4-7f4d2d698c31" />
    <UnitTestResult executionId="aa02f29e-87c4-4b6b-9227-49963331aa26" testId="bd6bb989-7122-4e5f-28d6-17f5d74085ff" testName="SoftwareManagement.Api.IntegrationTests.Leads.LeadCaptureTests.REQ_LEAD_005_A_filled_honeypot_looks_accepted_stores_spam_and_queues_nothing" computerName="JSRKMANISHKUMAR" duration="00:00:00.0466274" startTime="2026-09-21T00:43:13.9402833+05:30" endTime="2026-09-21T00:43:13.9872514+05:30" testType="13cdc9d9-ddb5-4fa4-a97d-d965ccfc6d4b" outcome="Passed" testListId="8c84fa94-04c1-424b-9868-57a2d4851a1d" relativeResultsDirectory="aa02f29e-87c4-4b6b-9227-49963331aa26" />
    <UnitTestResult executionId="1ecacf72-f4be-485b-a1fc-e75a8687e6d5" testId="ec195f9d-4c3e-7de4-9177-7375c4cd6cbe" testName="SoftwareManagement.Api.IntegrationTests.Catalog.ProductCatalogTests.REQ_CAT_005_A_plan_priced_at_4999_rupees_stores_exactly_that_amount_with_its_currency" computerName="JSRKMANISHKUMAR" duration="00:00:00.1024041" startTime="2026-09-21T00:42:57.8426342+05:30" endTime="2026-09-21T00:42:57.9448036+05:30" testType="13cdc9d9-ddb5-4fa4-a97d-d965ccfc6d4b" outcome="Passed" testListId="8c84fa94-04c1-424b-9868-57a2d4851a1d" relativeResultsDirectory="1ecacf72-f4be-485b-a1fc-e75a8687e6d5" />
    <UnitTestResult executionId="db984f17-bf37-4392-b43f-9a2e72cd10c2" testId="a8ffe9dc-6131-1c6c-9cb1-5103a9b93973" testName="SoftwareManagement.Api.IntegrationTests.Identity.AuthorizationMatrixTests.REQ_IAM_005_AllowsExactlyTheFrozenAnonymousAllowlist" computerName="JSRKMANISHKUMAR" duration="00:00:00.0836134" startTime="2026-09-21T00:43:09.2820779+05:30" endTime="2026-09-21T00:43:09.3659809+05:30" testType="13cdc9d9-ddb5-4fa4-a97d-d965ccfc6d4b" outcome="Passed" testListId="8c84fa94-04c1-424b-9868-57a2d4851a1d" relativeResultsDirectory="db984f17-bf37-4392-b43f-9a2e72cd10c2" />
    <UnitTestResult executionId="478cb0dc-a308-4475-93d6-75cbb3301194" testId="9f1f295e-0ed5-3cbd-6ef0-78f5100f0062" testName="SoftwareManagement.Api.IntegrationTests.Leads.LeadCaptureTests.REQ_LEAD_005_The_sixth_submission_from_one_address_in_ten_minutes_is_refused_with_a_retry_after" computerName="JSRKMANISHKUMAR" duration="00:00:00.0542780" startTime="2026-09-21T00:43:14.4417519+05:30" endTime="2026-09-21T00:43:14.4963149+05:30" testType="13cdc9d9-ddb5-4fa4-a97d-d965ccfc6d4b" outcome="Passed" testListId="8c84fa94-04c1-424b-9868-57a2d4851a1d" relativeResultsDirectory="478cb0dc-a308-4475-93d6-75cbb3301194" />
    <UnitTestResult executionId="8f83adfd-330e-42e3-94f6-45ada0dc20b6" testId="302ae241-0de7-ef24-1fb4-3723f0545149" testName="SoftwareManagement.Api.IntegrationTests.Leads.LeadCaptureTests.REQ_LEAD_001_An_accepted_enquiry_writes_a_submission_a_consent_record_and_a_lead" computerName="JSRKMANISHKUMAR" duration="00:00:00.0434191" startTime="2026-09-21T00:43:13.9873772+05:30" endTime="2026-09-21T00:43:14.0310876+05:30" testType="13cdc9d9-ddb5-4fa4-a97d-d965ccfc6d4b" outcome="Passed" testListId="8c84fa94-04c1-424b-9868-57a2d4851a1d" relativeResultsDirectory="8f83adfd-330e-42e3-94f6-45ada0dc20b6" />
    <UnitTestResult executionId="09466780-e9f8-4bf0-9ff7-14b9cb3b4b4e" testId="0aded220-a7b5-cd75-13fe-6a41f44c5daa" testName="SoftwareManagement.Api.IntegrationTests.Content.PageLifecycleTests.REQ_SITE_007_Returns400_WhenNothingIsSelected" computerName="JSRKMANISHKUMAR" duration="00:00:00.0783622" startTime="2026-09-21T00:43:06.3418165+05:30" endTime="2026-09-21T00:43:06.4203329+05:30" testType="13cdc9d9-ddb5-4fa4-a97d-d965ccfc6d4b" outcome="Passed" testListId="8c84fa94-04c1-424b-9868-57a2d4851a1d" relativeResultsDirectory="09466780-e9f8-4bf0-9ff7-14b9cb3b4b4e" />
    <UnitTestResult executionId="55bdd4f7-cdd4-41f1-91cc-710a1365f66e" testId="1a2658c2-0298-7d9d-1129-a240c86e40d9" testName="SoftwareManagement.Api.IntegrationTests.Leads.LeadCaptureTests.REQ_LEAD_006_Consent_is_stored_with_the_exact_words_the_person_agreed_to" computerName="JSRKMANISHKUMAR" duration="00:00:00.0587266" startTime="2026-09-21T00:43:14.0609005+05:30" endTime="2026-09-21T00:43:14.1195764+05:30" testType="13cdc9d9-ddb5-4fa4-a97d-d965ccfc6d4b" outcome="Passed" testListId="8c84fa94-04c1-424b-9868-57a2d4851a1d" relativeResultsDirectory="55bdd4f7-cdd4-41f1-91cc-710a1365f66e" />
    <UnitTestResult executionId="b7f690e8-017d-4325-af5e-93e32da81a76" testId="3edbb830-dd96-5087-ff5f-a23cfa99b0c1" testName="SoftwareManagement.Api.IntegrationTests.Leads.EmailSenderTests.REQ_NOTIF_002_A_sender_with_a_host_but_no_sending_address_refuses_to_send_at_all" computerName="JSRKMANISHKUMAR" duration="00:00:00.0008907" startTime="2026-09-21T00:42:48.6977582+05:30" endTime="2026-09-21T00:42:48.6984793+05:30" testType="13cdc9d9-ddb5-4fa4-a97d-d965ccfc6d4b" outcome="Passed" testListId="8c84fa94-04c1-424b-9868-57a2d4851a1d" relativeResultsDirectory="b7f690e8-017d-4325-af5e-93e32da81a76" />
    <UnitTestResult executionId="63395d59-04a7-4b89-bf2b-673fc3295d21" testId="1aeae9d2-94f4-fd37-0d53-ec9769ffbc3d" testName="SoftwareManagement.Api.IntegrationTests.Leads.NotificationTests.NFR_PRIV_03_An_email_address_is_masked_before_it_can_reach_a_log" computerName="JSRKMANISHKUMAR" duration="00:00:00.0009508" startTime="2026-09-21T00:43:12.7085027+05:30" endTime="2026-09-21T00:43:12.7094096+05:30" testType="13cdc9d9-ddb5-4fa4-a97d-d965ccfc6d4b" outcome="Passed" testListId="8c84fa94-04c1-424b-9868-57a2d4851a1d" relativeResultsDirectory="63395d59-04a7-4b89-bf2b-673fc3295d21" />
    <UnitTestResult executionId="9a94a3f5-a63e-4e34-a1db-7c4bb329d04c" testId="38c2c976-d411-7f6f-0d78-bfd32eb44a8c" testName="SoftwareManagement.Api.IntegrationTests.InfrastructureRegistrationTests.DesignTimeFactory_CreatesAContextSoMigrationsCanBeGeneratedWithoutStartingTheApi" computerName="JSRKMANISHKUMAR" duration="00:00:00.2645930" startTime="2026-09-21T00:43:06.5933887+05:30" endTime="2026-09-21T00:43:06.8580894+05:30" testType="13cdc9d9-ddb5-4fa4-a97d-d965ccfc6d4b" outcome="Passed" testListId="8c84fa94-04c1-424b-9868-57a2d4851a1d" relativeResultsDirectory="9a94a3f5-a63e-4e34-a1db-7c4bb329d04c" />
    <UnitTestResult executionId="da7d7521-b8af-4685-bf6d-07d7714a3208" testId="095db3dd-8155-72f0-99ed-5d0ba08ca56d" testName="SoftwareManagement.Api.IntegrationTests.Leads.NotificationTests.REQ_NOTIF_004_A_failed_send_increases_the_attempt_count_and_schedules_the_next_one" computerName="JSRKMANISHKUMAR" duration="00:00:00.0236915" startTime="2026-09-21T00:43:12.7107784+05:30" endTime="2026-09-21T00:43:12.7349871+05:30" testType="13cdc9d9-ddb5-4fa4-a97d-d965ccfc6d4b" outcome="Passed" testListId="8c84fa94-04c1-424b-9868-57a2d4851a1d" relativeResultsDirectory="da7d7521-b8af-4685-bf6d-07d7714a3208" />
    <UnitTestResult executionId="4a06ff37-e0ee-4c9d-ac03-d402c8fb6968" testId="3ff15186-44db-3e4f-62a9-99bc40d059d8" testName="SoftwareManagement.Api.IntegrationTests.Identity.UserAdministrationTests.REQ_IAM_007_Returns404_ForAUserThatDoesNotExist" computerName="JSRKMANISHKUMAR" duration="00:00:00.1140621" startTime="2026-09-21T00:43:07.8182155+05:30" endTime="2026-09-21T00:43:07.9325238+05:30" testType="13cdc9d9-ddb5-4fa4-a97d-d965ccfc6d4b" outcome="Passed" testListId="8c84fa94-04c1-424b-9868-57a2d4851a1d" relativeResultsDirectory="4a06ff37-e0ee-4c9d-ac03-d402c8fb6968" />
    <UnitTestResult executionId="58d41ffe-8e69-43c6-97be-47dfa701493c" testId="019b6a60-cc83-2576-c634-c6281d8dc08c" testName="SoftwareManagement.Api.IntegrationTests.Catalog.ProductCategoryTests.REQ_CAT_002_An_empty_category_is_deleted_and_stops_being_listed" computerName="JSRKMANISHKUMAR" duration="00:00:00.1581450" startTime="2026-09-21T00:42:56.6648907+05:30" endTime="2026-09-21T00:42:56.8234356+05:30" testType="13cdc9d9-ddb5-4fa4-a97d-d965ccfc6d4b" outcome="Passed" testListId="8c84fa94-04c1-424b-9868-57a2d4851a1d" relativeResultsDirectory="58d41ffe-8e69-43c6-97be-47dfa701493c" />
    <UnitTestResult executionId="dcb44bfd-defa-4d23-b8e0-9f5849e86451" testId="ae9ed6a3-94c1-6ddf-4de3-c113c4112fd1" testName="SoftwareManagement.Api.IntegrationTests.Leads.LeadCaptureTests.REQ_LEAD_004_A_submission_with_no_captcha_token_at_all_is_refused" computerName="JSRKMANISHKUMAR" duration="00:00:00.0085825" startTime="2026-09-21T00:43:13.9135060+05:30" endTime="2026-09-21T00:43:13.9223857+05:30" testType="13cdc9d9-ddb5-4fa4-a97d-d965ccfc6d4b" outcome="Passed" testListId="8c84fa94-04c1-424b-9868-57a2d4851a1d" relativeResultsDirectory="dcb44bfd-defa-4d23-b8e0-9f5849e86451" />
    <UnitTestResult executionId="5019e294-920e-41da-bd6d-bec2b52623d0" testId="f120ee50-de43-50ee-3818-d56c2b7aaa83" testName="SoftwareManagement.Api.IntegrationTests.Content.PageLifecycleTests.REQ_SITE_004_EditingALivePageKeepsThePublicOnTheLastPublishedVersion" computerName="JSRKMANISHKUMAR" duration="00:00:00.1453790" startTime="2026-09-21T00:43:05.3388104+05:30" endTime="2026-09-21T00:43:05.4840117+05:30" testType="13cdc9d9-ddb5-4fa4-a97d-d965ccfc6d4b" outcome="Passed" testListId="8c84fa94-04c1-424b-9868-57a2d4851a1d" relativeResultsDirectory="5019e294-920e-41da-bd6d-bec2b52623d0" />
    <UnitTestResult executionId="53641b59-07d5-4915-b672-a67016fea633" testId="7751641e-f966-6372-2270-7ec507ecdb22" testName="SoftwareManagement.Api.IntegrationTests.Catalog.ProductCategoryTests.REQ_CAT_002_A_category_holding_a_published_product_cannot_be_deleted" computerName="JSRKMANISHKUMAR" duration="00:00:00.1950500" startTime="2026-09-21T00:42:57.4983667+05:30" endTime="2026-09-21T00:42:57.6938181+05:30" testType="13cdc9d9-ddb5-4fa4-a97d-d965ccfc6d4b" outcome="Passed" testListId="8c84fa94-04c1-424b-9868-57a2d4851a1d" relativeResultsDirectory="53641b59-07d5-4915-b672-a67016fea633" />
    <UnitTestResult executionId="c34bcaf8-0a17-4c76-a95f-438916c3b599" testId="36b625fb-743b-53a8-b934-35c4775d4639" testName="SoftwareManagement.Api.IntegrationTests.InfrastructureRegistrationTests.AddInfrastructure_Throws_WhenTheConnectionStringIsMissing" computerName="JSRKMANISHKUMAR" duration="00:00:00.0097002" startTime="2026-09-21T00:43:06.8667057+05:30" endTime="2026-09-21T00:43:06.8763735+05:30" testType="13cdc9d9-ddb5-4fa4-a97d-d965ccfc6d4b" outcome="Passed" testListId="8c84fa94-04c1-424b-9868-57a2d4851a1d" relativeResultsDirectory="c34bcaf8-0a17-4c76-a95f-438916c3b599" />
    <UnitTestResult executionId="1f173359-2cd4-4909-a554-6185f88dc9c8" testId="58853ba1-246c-9947-d3c2-9d812e5a0016" testName="SoftwareManagement.Api.IntegrationTests.InfrastructureRegistrationTests.AddInfrastructure_RegistersTheDbContextAndTheClock" computerName="JSRKMANISHKUMAR" duration="00:00:00.0032122" startTime="2026-09-21T00:43:06.8582203+05:30" endTime="2026-09-21T00:43:06.8613288+05:30" testType="13cdc9d9-ddb5-4fa4-a97d-d965ccfc6d4b" outcome="Passed" testListId="8c84fa94-04c1-424b-9868-57a2d4851a1d" relativeResultsDirectory="1f173359-2cd4-4909-a554-6185f88dc9c8" />
    <UnitTestResult executionId="de122f6b-7516-4217-9b3d-6327d98c386f" testId="0d4a4a13-65ab-7710-1901-dcc8604a7e81" testName="SoftwareManagement.Api.IntegrationTests.Leads.NotificationTests.REQ_NOTIF_009_A_composed_message_containing_something_shaped_like_a_credential_is_refused" computerName="JSRKMANISHKUMAR" duration="00:00:00.0139481" startTime="2026-09-21T00:43:12.0365957+05:30" endTime="2026-09-21T00:43:12.0506904+05:30" testType="13cdc9d9-ddb5-4fa4-a97d-d965ccfc6d4b" outcome="Passed" testListId="8c84fa94-04c1-424b-9868-57a2d4851a1d" relativeResultsDirectory="de122f6b-7516-4217-9b3d-6327d98c386f" />
    <UnitTestResult executionId="1f97d574-0037-4e1a-b21e-86781e0c83ef" testId="c75a23fb-d45a-3d59-fec9-1fffedc16a05" testName="SoftwareManagement.Api.IntegrationTests.Catalog.PublicCatalogTests.REQ_CAT_010_Opening_a_product_page_counts_the_view_against_that_path" computerName="JSRKMANISHKUMAR" duration="00:00:00.4542465" startTime="2026-09-21T00:42:53.1999387+05:30" endTime="2026-09-21T00:42:53.6546033+05:30" testType="13cdc9d9-ddb5-4fa4-a97d-d965ccfc6d4b" outcome="Passed" testListId="8c84fa94-04c1-424b-9868-57a2d4851a1d" relativeResultsDirectory="1f97d574-0037-4e1a-b21e-86781e0c83ef" />
    <UnitTestResult executionId="ac9d9d8d-1f0e-4569-8917-72732ce7032c" testId="bb35a0d0-7d94-9cbb-7ef3-55c9a9b91774" testName="SoftwareManagement.Api.IntegrationTests.Identity.UserAdministrationTests.REQ_IAM_006_Returns409_WhenTheEmailAddressIsAlreadyRegistered" computerName="JSRKMANISHKUMAR" duration="00:00:00.0764137" startTime="2026-09-21T00:43:08.7044612+05:30" endTime="2026-09-21T00:43:08.7811627+05:30" testType="13cdc9d9-ddb5-4fa4-a97d-d965ccfc6d4b" outcome="Passed" testListId="8c84fa94-04c1-424b-9868-57a2d4851a1d" relativeResultsDirectory="ac9d9d8d-1f0e-4569-8917-72732ce7032c" />
    <UnitTestResult executionId="bbb86337-b031-4ccc-8c02-1ea2a7891eb0" testId="dbda683e-d922-ff34-7b10-1242be1eddc1" testName="SoftwareManagement.Api.IntegrationTests.ErrorContractTests.DiagnosticsEndpoint_Returns404_WhenItIsNotExplicitlyEnabled" computerName="JSRKMANISHKUMAR" duration="00:00:00.0903308" startTime="2026-09-21T00:43:06.8785947+05:30" endTime="2026-09-21T00:43:06.9693616+05:30" testType="13cdc9d9-ddb5-4fa4-a97d-d965ccfc6d4b" outcome="Passed" testListId="8c84fa94-04c1-424b-9868-57a2d4851a1d" relativeResultsDirectory="bbb86337-b031-4ccc-8c02-1ea2a7891eb0" />
[...]
    <TestEntry testId="1360d691-9702-517e-6889-732774a3a26b" executionId="d135cebb-bc96-43a1-b98d-211082b99fd1" testListId="8c84fa94-04c1-424b-9868-57a2d4851a1d" />
    <TestEntry testId="bd56576c-8ab9-c17e-8f92-0369874035c1" executionId="d74cdde7-ad17-47bd-8330-59ab774d6f14" testListId="8c84fa94-04c1-424b-9868-57a2d4851a1d" />
    <TestEntry testId="7bfc9a05-b0f7-0151-7a4e-0d1955fc297d" executionId="842a4ed7-f2ff-4ae7-a1eb-e440a7eaad45" testListId="8c84fa94-04c1-424b-9868-57a2d4851a1d" />
    <TestEntry testId="f36b4b36-476a-1049-d816-7b0cc33a8cd2" executionId="0b3661a5-ca3e-423e-8bfe-6d7cb9ea0840" testListId="8c84fa94-04c1-424b-9868-57a2d4851a1d" />
    <TestEntry testId="85e39c55-9832-611e-c478-6ddd4f0729d6" executionId="46f96eca-8e02-4088-b40e-8d17aa3bb35a" testListId="8c84fa94-04c1-424b-9868-57a2d4851a1d" />
    <TestEntry testId="4a74eb4c-6c15-befd-b8b0-4799f0efe3f2" executionId="7bda216b-bc9a-4fa3-9c6f-91a860f95e97" testListId="8c84fa94-04c1-424b-9868-57a2d4851a1d" />
    <TestEntry testId="919126ba-83e4-23e4-4cba-c442afd49c39" executionId="d0b12bbe-6c64-401a-a4fa-c21e7db6ef90" testListId="8c84fa94-04c1-424b-9868-57a2d4851a1d" />
    <TestEntry testId="0905ea49-e4b5-c877-a852-62ba0e6deb82" executionId="ecf47370-d29f-4809-93f3-8a86faa7c8d1" testListId="8c84fa94-04c1-424b-9868-57a2d4851a1d" />
    <TestEntry testId="31b5e945-5555-af33-c5a7-3bf48ec2f7ef" executionId="9c0b378f-88cd-45fd-9fea-3b193a27e1a7" testListId="8c84fa94-04c1-424b-9868-57a2d4851a1d" />
    <TestEntry testId="a7eef393-87cd-b147-3942-ed2a1c709d72" executionId="ae95764b-aba3-4168-a0d4-fa5dc5d6c389" testListId="8c84fa94-04c1-424b-9868-57a2d4851a1d" />
    <TestEntry testId="db8b508b-3f90-ac38-3ecb-298cea80d855" executionId="08df9ee3-7b97-4819-9fee-c7b8a01e9d3c" testListId="8c84fa94-04c1-424b-9868-57a2d4851a1d" />
    <TestEntry testId="6e49c53c-9217-d127-2866-89fbccebebe4" executionId="42d3fffb-cf05-4408-81c2-c03abd961014" testListId="8c84fa94-04c1-424b-9868-57a2d4851a1d" />
    <TestEntry testId="0e70e851-1c00-7339-50d5-a521bd649c30" executionId="247ac7e7-4fb7-4c5f-a51c-57ef26980930" testListId="8c84fa94-04c1-424b-9868-57a2d4851a1d" />
    <TestEntry testId="10aeb958-a51c-3f9c-df52-ff6586522531" executionId="c759b025-16d6-429c-8c08-bd4b67e2fb68" testListId="8c84fa94-04c1-424b-9868-57a2d4851a1d" />
    <TestEntry testId="dabfe86f-f42d-3b69-944a-8daf7bf2c339" executionId="f40d481e-e826-44df-aec9-1ea6620b5950" testListId="8c84fa94-04c1-424b-9868-57a2d4851a1d" />
    <TestEntry testId="5b984aa4-fcc2-26e5-86de-8c42ddbd4ee0" executionId="52d692b1-6f50-4863-b107-cea433723549" testListId="8c84fa94-04c1-424b-9868-57a2d4851a1d" />
    <TestEntry testId="becacde3-446f-1649-2bff-bd3009eb4125" executionId="c476d30d-43a1-435b-9468-7fd751cc1efa" testListId="8c84fa94-04c1-424b-9868-57a2d4851a1d" />
    <TestEntry testId="a8e6d58c-13a8-c2a8-426b-c3e504181d0d" executionId="7e5baf3d-1f56-4c19-9924-1e2cd5d77911" testListId="8c84fa94-04c1-424b-9868-57a2d4851a1d" />
    <TestEntry testId="3618c3b8-74bf-6405-4546-ca16ddd22aca" executionId="9594a134-b953-435a-9cba-7d815572a6dd" testListId="8c84fa94-04c1-424b-9868-57a2d4851a1d" />
    <TestEntry testId="33e405e1-dace-7f47-bbb0-f632a0a4e6d2" executionId="6d6fe273-f7f5-4833-b936-4f9726c10421" testListId="8c84fa94-04c1-424b-9868-57a2d4851a1d" />
    <TestEntry testId="ab367128-daab-1213-2d39-68160cddffc1" executionId="db17dccf-55fe-454f-803b-560ac35d7bfa" testListId="8c84fa94-04c1-424b-9868-57a2d4851a1d" />
    <TestEntry testId="035371c4-1f47-97ed-ae3c-d84f3ab45b88" executionId="5afdc549-aa03-4c52-b1db-c700ef1d21a2" testListId="8c84fa94-04c1-424b-9868-57a2d4851a1d" />
    <TestEntry testId="22ed7929-5f66-b49c-7edf-700ca201f813" executionId="f6cd9fb4-8ef3-4a09-a64a-fdadc4c1931b" testListId="8c84fa94-04c1-424b-9868-57a2d4851a1d" />
    <TestEntry testId="5dc97ee6-96a1-d4f1-b389-915c35a759f8" executionId="0176422c-7983-4b25-a790-d0614ad96e78" testListId="8c84fa94-04c1-424b-9868-57a2d4851a1d" />
    <TestEntry testId="a1beba10-c274-0de4-e53e-4ffe2592cd47" executionId="c0c6fc83-0963-4fdb-a974-dacba08f0de3" testListId="8c84fa94-04c1-424b-9868-57a2d4851a1d" />
    <TestEntry testId="5b8398b7-568f-b8bb-7ca4-d03b5695abf8" executionId="b4019586-5724-4f2e-b966-9720695c4fed" testListId="8c84fa94-04c1-424b-9868-57a2d4851a1d" />
    <TestEntry testId="84a8cc79-9ab4-8938-c7a8-4d25d4634715" executionId="904a13e3-faa7-4bf0-87d8-60d5a0fede67" testListId="8c84fa94-04c1-424b-9868-57a2d4851a1d" />
    <TestEntry testId="aa81004b-4b89-99c1-f2a3-ea2d08d5f040" executionId="73e5500e-9895-44d2-847b-e674fb78e007" testListId="8c84fa94-04c1-424b-9868-57a2d4851a1d" />
    <TestEntry testId="f1f020ca-ba61-7442-1df0-5e9b91512378" executionId="312a4202-a9c6-4c02-ad85-3c8be1e34157" testListId="8c84fa94-04c1-424b-9868-57a2d4851a1d" />
    <TestEntry testId="a13144c9-de83-4925-9bf5-9c8dcedae419" executionId="67d4f0f5-adea-472c-9630-fa46eb592f5d" testListId="8c84fa94-04c1-424b-9868-57a2d4851a1d" />
    <TestEntry testId="0d83c265-ba1b-34f7-0456-597283a4004a" executionId="a0b4d96a-0ec1-4da9-9391-efebf4a8007b" testListId="8c84fa94-04c1-424b-9868-57a2d4851a1d" />
    <TestEntry testId="b43047a3-4b96-184d-85df-9c86405d2c76" executionId="83300a19-acb2-4876-be75-9e9e711eac62" testListId="8c84fa94-04c1-424b-9868-57a2d4851a1d" />
    <TestEntry testId="a0519aa0-43fa-d24a-1afe-7b55decb6738" executionId="130decf1-7bc7-4003-bd2a-d76ffeb5c9a9" testListId="8c84fa94-04c1-424b-9868-57a2d4851a1d" />
    <TestEntry testId="29c6d260-cd84-ff3c-82a8-89b2873feef9" executionId="3188c6de-f371-491b-9269-431937a6c8f0" testListId="8c84fa94-04c1-424b-9868-57a2d4851a1d" />
    <TestEntry testId="10fc1172-5b9a-e433-95fe-23acc6955168" executionId="361b7bd1-a24d-4dd1-8bae-fe0cc71a3511" testListId="8c84fa94-04c1-424b-9868-57a2d4851a1d" />
    <TestEntry testId="9f5b2e42-e9d2-d8e8-a429-91880ecdbdf1" executionId="0b71b2ac-2f7d-4329-9bc7-c3a45c270e83" testListId="8c84fa94-04c1-424b-9868-57a2d4851a1d" />
    <TestEntry testId="cb33e659-9ec6-4c6f-e780-dddbac74a933" executionId="308d52dc-be4e-4cd5-b3e4-27cb4107550b" testListId="8c84fa94-04c1-424b-9868-57a2d4851a1d" />
    <TestEntry testId="681b8e67-84fc-936c-b677-94aa5442fa7e" executionId="73fd47fb-b4b3-4199-a2bd-0020d0342d17" testListId="8c84fa94-04c1-424b-9868-57a2d4851a1d" />
    <TestEntry testId="1a667d03-2811-d009-f3f2-6708207ee24c" executionId="878253b5-a64d-4b0f-ba1f-c27bbf20f105" testListId="8c84fa94-04c1-424b-9868-57a2d4851a1d" />
    <TestEntry testId="f8ae64f6-9498-b068-9178-6fca3f41124a" executionId="3ea209f9-1ac7-46c3-9b0a-101b340785b6" testListId="8c84fa94-04c1-424b-9868-57a2d4851a1d" />
    <TestEntry testId="3d570c9d-2ba2-a592-02f6-6820e6520f89" executionId="fdd3e0c3-c448-4843-a174-15f307d902d3" testListId="8c84fa94-04c1-424b-9868-57a2d4851a1d" />
    <TestEntry testId="ce0c7339-3f91-6b04-e1bd-4604ebf0603c" executionId="e876c4da-bcea-4729-bf74-8524297391ec" testListId="8c84fa94-04c1-424b-9868-57a2d4851a1d" />
    <TestEntry testId="7345a0df-f88d-4ed2-e358-01dab286e062" executionId="392a70c0-5d71-43e6-a571-2d3c42e113fc" testListId="8c84fa94-04c1-424b-9868-57a2d4851a1d" />
    <TestEntry testId="3206eb31-57eb-18d2-a6c8-b7ec09e702f0" executionId="7eefa94b-161d-47b9-9621-74a298624819" testListId="8c84fa94-04c1-424b-9868-57a2d4851a1d" />
    <TestEntry testId="905e3313-6822-066d-e39a-915bf1a0b510" executionId="5cc1b7bf-5d3e-4b7b-851f-1284634667e0" testListId="8c84fa94-04c1-424b-9868-57a2d4851a1d" />
    <TestEntry testId="c0efe5a5-001e-19f8-9c23-398c45c58f88" executionId="dc6d8337-1910-4a55-82be-6c1ea5089778" testListId="8c84fa94-04c1-424b-9868-57a2d4851a1d" />
    <TestEntry testId="2cce3fe6-b1ad-5ec3-19bd-c830a57e45d1" executionId="43a63b67-cd91-4237-9f8f-2e73bff425de" testListId="8c84fa94-04c1-424b-9868-57a2d4851a1d" />
    <TestEntry testId="48408fd6-60e7-db04-fd72-886804e7fc7b" executionId="0d997fa7-9788-4e75-8c79-3a95ce7242c4" testListId="8c84fa94-04c1-424b-9868-57a2d4851a1d" />
    <TestEntry testId="4d242859-f241-d662-d4c4-70c565e1c9e5" executionId="27139c8d-23ff-4801-8066-a6e7731b3d77" testListId="8c84fa94-04c1-424b-9868-57a2d4851a1d" />
    <TestEntry testId="1c5ee183-bdac-81ea-1dd3-430434891a94" executionId="e66412f0-f8b3-4b1f-baf9-b215f4a83fdd" testListId="8c84fa94-04c1-424b-9868-57a2d4851a1d" />
    <TestEntry testId="4d870f61-fa2a-62a8-e74d-6daa3181bbd2" executionId="d249a24d-d418-44bf-8695-65a1e3dc2253" testListId="8c84fa94-04c1-424b-9868-57a2d4851a1d" />
    <TestEntry testId="c1b786ea-62fc-47f0-9036-6d3c5242383f" executionId="2621de70-4820-4871-9b51-68267ee39d5d" testListId="8c84fa94-04c1-424b-9868-57a2d4851a1d" />
    <TestEntry testId="724ed3d1-5144-f91e-0cb6-e65d0b2a22a2" executionId="5d1745f2-70b3-405a-aeae-966dd2b1d1a7" testListId="8c84fa94-04c1-424b-9868-57a2d4851a1d" />
    <TestEntry testId="cc0f14a6-303e-74bc-b65f-11c13ba17035" executionId="d4ebeba2-68ce-4e20-ad73-8f8a720091f4" testListId="8c84fa94-04c1-424b-9868-57a2d4851a1d" />
    <TestEntry testId="2f229b3a-d9c0-8d33-ab61-85e9a01144c7" executionId="d2ff16e3-9409-46da-a4a8-1672fa4e75cd" testListId="8c84fa94-04c1-424b-9868-57a2d4851a1d" />
    <TestEntry testId="08351177-d710-4c67-897f-ff7aba5eadea" executionId="f5ebf382-d4c0-4515-a736-afd3913e77ed" testListId="8c84fa94-04c1-424b-9868-57a2d4851a1d" />
    <TestEntry testId="47a6939e-eed9-59bc-303f-527912e03665" executionId="2d207599-44f4-4e6a-81f0-3df890a5a30b" testListId="8c84fa94-04c1-424b-9868-57a2d4851a1d" />
    <TestEntry testId="75d5ef8f-7fb6-297d-e9fd-082e02e1058f" executionId="4cf46520-f42f-4521-a12b-3e0eac8d6e57" testListId="8c84fa94-04c1-424b-9868-57a2d4851a1d" />
    <TestEntry testId="eb96fab4-d5ea-eef7-485b-7c3ec301d1f1" executionId="c3da9e11-9878-4c51-aca9-0ba1bb561c44" testListId="8c84fa94-04c1-424b-9868-57a2d4851a1d" />
    <TestEntry testId="6dcf41b0-8c85-78e0-f409-4496a03f0413" executionId="87d61c87-4329-4dad-b4a4-7f4d2d698c31" testListId="8c84fa94-04c1-424b-9868-57a2d4851a1d" />
    <TestEntry testId="bd6bb989-7122-4e5f-28d6-17f5d74085ff" executionId="aa02f29e-87c4-4b6b-9227-49963331aa26" testListId="8c84fa94-04c1-424b-9868-57a2d4851a1d" />
    <TestEntry testId="ec195f9d-4c3e-7de4-9177-7375c4cd6cbe" executionId="1ecacf72-f4be-485b-a1fc-e75a8687e6d5" testListId="8c84fa94-04c1-424b-9868-57a2d4851a1d" />
    <TestEntry testId="a8ffe9dc-6131-1c6c-9cb1-5103a9b93973" executionId="db984f17-bf37-4392-b43f-9a2e72cd10c2" testListId="8c84fa94-04c1-424b-9868-57a2d4851a1d" />
    <TestEntry testId="9f1f295e-0ed5-3cbd-6ef0-78f5100f0062" executionId="478cb0dc-a308-4475-93d6-75cbb3301194" testListId="8c84fa94-04c1-424b-9868-57a2d4851a1d" />
    <TestEntry testId="302ae241-0de7-ef24-1fb4-3723f0545149" executionId="8f83adfd-330e-42e3-94f6-45ada0dc20b6" testListId="8c84fa94-04c1-424b-9868-57a2d4851a1d" />
    <TestEntry testId="0aded220-a7b5-cd75-13fe-6a41f44c5daa" executionId="09466780-e9f8-4bf0-9ff7-14b9cb3b4b4e" testListId="8c84fa94-04c1-424b-9868-57a2d4851a1d" />
    <TestEntry testId="1a2658c2-0298-7d9d-1129-a240c86e40d9" executionId="55bdd4f7-cdd4-41f1-91cc-710a1365f66e" testListId="8c84fa94-04c1-424b-9868-57a2d4851a1d" />
    <TestEntry testId="3edbb830-dd96-5087-ff5f-a23cfa99b0c1" executionId="b7f690e8-017d-4325-af5e-93e32da81a76" testListId="8c84fa94-04c1-424b-9868-57a2d4851a1d" />
    <TestEntry testId="1aeae9d2-94f4-fd37-0d53-ec9769ffbc3d" executionId="63395d59-04a7-4b89-bf2b-673fc3295d21" testListId="8c84fa94-04c1-424b-9868-57a2d4851a1d" />
    <TestEntry testId="38c2c976-d411-7f6f-0d78-bfd32eb44a8c" executionId="9a94a3f5-a63e-4e34-a1db-7c4bb329d04c" testListId="8c84fa94-04c1-424b-9868-57a2d4851a1d" />
    <TestEntry testId="095db3dd-8155-72f0-99ed-5d0ba08ca56d" executionId="da7d7521-b8af-4685-bf6d-07d7714a3208" testListId="8c84fa94-04c1-424b-9868-57a2d4851a1d" />
    <TestEntry testId="3ff15186-44db-3e4f-62a9-99bc40d059d8" executionId="4a06ff37-e0ee-4c9d-ac03-d402c8fb6968" testListId="8c84fa94-04c1-424b-9868-57a2d4851a1d" />
    <TestEntry testId="019b6a60-cc83-2576-c634-c6281d8dc08c" executionId="58d41ffe-8e69-43c6-97be-47dfa701493c" testListId="8c84fa94-04c1-424b-9868-57a2d4851a1d" />
    <TestEntry testId="ae9ed6a3-94c1-6ddf-4de3-c113c4112fd1" executionId="dcb44bfd-defa-4d23-b8e0-9f5849e86451" testListId="8c84fa94-04c1-424b-9868-57a2d4851a1d" />
    <TestEntry testId="f120ee50-de43-50ee-3818-d56c2b7aaa83" executionId="5019e294-920e-41da-bd6d-bec2b52623d0" testListId="8c84fa94-04c1-424b-9868-57a2d4851a1d" />
    <TestEntry testId="7751641e-f966-6372-2270-7ec507ecdb22" executionId="53641b59-07d5-4915-b672-a67016fea633" testListId="8c84fa94-04c1-424b-9868-57a2d4851a1d" />
    <TestEntry testId="36b625fb-743b-53a8-b934-35c4775d4639" executionId="c34bcaf8-0a17-4c76-a95f-438916c3b599" testListId="8c84fa94-04c1-424b-9868-57a2d4851a1d" />
    <TestEntry testId="58853ba1-246c-9947-d3c2-9d812e5a0016" executionId="1f173359-2cd4-4909-a554-6185f88dc9c8" testListId="8c84fa94-04c1-424b-9868-57a2d4851a1d" />
    <TestEntry testId="0d4a4a13-65ab-7710-1901-dcc8604a7e81" executionId="de122f6b-7516-4217-9b3d-6327d98c386f" testListId="8c84fa94-04c1-424b-9868-57a2d4851a1d" />
    <TestEntry testId="c75a23fb-d45a-3d59-fec9-1fffedc16a05" executionId="1f97d574-0037-4e1a-b21e-86781e0c83ef" testListId="8c84fa94-04c1-424b-9868-57a2d4851a1d" />
    <TestEntry testId="bb35a0d0-7d94-9cbb-7ef3-55c9a9b91774" executionId="ac9d9d8d-1f0e-4569-8917-72732ce7032c" testListId="8c84fa94-04c1-424b-9868-57a2d4851a1d" />
    <TestEntry testId="dbda683e-d922-ff34-7b10-1242be1eddc1" executionId="bbb86337-b031-4ccc-8c02-1ea2a7891eb0" testListId="8c84fa94-04c1-424b-9868-57a2d4851a1d" />
    <TestEntry testId="2c9508c0-26b7-6420-f203-640ba79b962a" executionId="56e69025-32c1-43c9-8f75-e1dd21615452" testListId="8c84fa94-04c1-424b-9868-57a2d4851a1d" />
    <TestEntry testId="b70b8fb6-3a69-7238-960f-92060208f8dd" executionId="eebe433c-b3d4-489e-bb7b-355db2f24dbe" testListId="8c84fa94-04c1-424b-9868-57a2d4851a1d" />
    <TestEntry testId="bf89614b-0414-ff4f-d8d7-6fd3bfc458e6" executionId="1389a2ec-adec-4d55-ac05-8216b5aa6e13" testListId="8c84fa94-04c1-424b-9868-57a2d4851a1d" />
    <TestEntry testId="f154c0c4-60b1-cf57-b49d-bd2c43d2e09b" executionId="6426a78f-8de1-4f0d-a258-f98d980e05b4" testListId="8c84fa94-04c1-424b-9868-57a2d4851a1d" />
    <TestEntry testId="d79e37c6-a0e9-fa7a-1472-9499d51bf592" executionId="7e52abce-dee4-4fa5-a0b2-15ca197ec45c" testListId="8c84fa94-04c1-424b-9868-57a2d4851a1d" />
    <TestEntry testId="2af7fc1e-8c6d-a607-4e2d-324e95793a7a" executionId="3de0ea39-8e7c-4f5f-84ea-1a3ae7a696c3" testListId="8c84fa94-04c1-424b-9868-57a2d4851a1d" />
    <TestEntry testId="a894cfd0-bcc5-5c7c-686d-3565fb0dc6b5" executionId="f15798fc-0179-4708-8d43-e1c6c951ba09" testListId="8c84fa94-04c1-424b-9868-57a2d4851a1d" />
    <TestEntry testId="8c754d1b-15de-f204-593e-38126f1bf4c7" executionId="8711fe54-09db-4090-9033-5216d46f9dfc" testListId="8c84fa94-04c1-424b-9868-57a2d4851a1d" />
    <TestEntry testId="432c57b3-afaf-a2a2-6e25-ae83353508e5" executionId="d10b3a1d-c10b-46f8-bdd2-e9755aef49eb" testListId="8c84fa94-04c1-424b-9868-57a2d4851a1d" />
    <TestEntry testId="91c22c35-761d-7d88-1c75-471ff1ee35f5" executionId="86dd3fe8-43f0-4d8c-b8f1-cf881d00b6d8" testListId="8c84fa94-04c1-424b-9868-57a2d4851a1d" />
    <TestEntry testId="25df0403-a902-dbd5-659a-3fd726a1b888" executionId="2612d7ce-2aba-438b-8eb3-17f1be6b23e9" testListId="8c84fa94-04c1-424b-9868-57a2d4851a1d" />
    <TestEntry testId="35daa342-6a78-aa2b-cc7a-37c44e1b9dce" executionId="ee76f77a-02b7-4991-a2e1-46089d3ffe6f" testListId="8c84fa94-04c1-424b-9868-57a2d4851a1d" />
    <TestEntry testId="72177a79-4f01-bce8-6a12-ff9e02ae0764" executionId="6b57e36e-fc11-4154-9351-e61ae9a02d9a" testListId="8c84fa94-04c1-424b-9868-57a2d4851a1d" />
    <TestEntry testId="41c23d21-14f1-2412-155a-a7233ab5f930" executionId="029e9729-7560-4c41-8cff-dee3edf110a9" testListId="8c84fa94-04c1-424b-9868-57a2d4851a1d" />
    <TestEntry testId="3c4a8281-55e8-81cf-ec65-d62faf6046eb" executionId="4f8f0fe0-c96a-4af5-96dd-f554a9c75169" testListId="8c84fa94-04c1-424b-9868-57a2d4851a1d" />
    <TestEntry testId="bd601a1b-a2a7-9cb6-0981-2cf6e1ae4006" executionId="3280c2e4-4364-4ad2-8204-03596d1bd4b4" testListId="8c84fa94-04c1-424b-9868-57a2d4851a1d" />
    <TestEntry testId="7dd048fb-7022-3dae-6af9-0819966852a5" executionId="757cf8cd-c816-463e-8dbc-90ea6605426b" testListId="8c84fa94-04c1-424b-9868-57a2d4851a1d" />
    <TestEntry testId="5c7c3daa-7fdd-c9ec-83d5-e7b37c361d42" executionId="8d5e7e88-591f-41c8-8bdf-e0eb0cfe1831" testListId="8c84fa94-04c1-424b-9868-57a2d4851a1d" />
    <TestEntry testId="e15c9d70-709b-a58b-7dee-658af865bbfa" executionId="2a0ba331-f970-404e-b6ad-c4002f33e121" testListId="8c84fa94-04c1-424b-9868-57a2d4851a1d" />
    <TestEntry testId="657f3dc5-4a14-fa89-8a54-4c695305c3fd" executionId="a63f9726-1d7c-4f89-9e73-da26ba126fb0" testListId="8c84fa94-04c1-424b-9868-57a2d4851a1d" />
    <TestEntry testId="d730ccfd-ed80-6d44-d6b0-13ca355d9450" executionId="a0edcf33-8d0e-444a-9dd7-121e0ef5caf7" testListId="8c84fa94-04c1-424b-9868-57a2d4851a1d" />
    <TestEntry testId="9df4bdea-9a18-d582-7f1d-df9a14e0ddc8" executionId="379106ca-c0e4-442c-ab97-62e559c235bb" testListId="8c84fa94-04c1-424b-9868-57a2d4851a1d" />
    <TestEntry testId="47d95d40-350a-876b-e176-8c8fcf147901" executionId="65c36ed5-7cd3-4a5f-876f-35db18021786" testListId="8c84fa94-04c1-424b-9868-57a2d4851a1d" />
    <TestEntry testId="45748828-b528-e0d2-3049-442665da5101" executionId="a1f0e1cd-ef9f-4540-9ee2-8a5005e8982d" testListId="8c84fa94-04c1-424b-9868-57a2d4851a1d" />
    <TestEntry testId="05ad373a-5793-c0f7-c0dd-664a84b0500d" executionId="027582f3-c18f-42cd-87d3-ccd6641d1827" testListId="8c84fa94-04c1-424b-9868-57a2d4851a1d" />
    <TestEntry testId="dbb17a04-f033-efbd-ed0a-c0d84d64ab37" executionId="d4567625-c79d-4552-8535-c66b8b1e0eb0" testListId="8c84fa94-04c1-424b-9868-57a2d4851a1d" />
    <TestEntry testId="4260f301-0a12-3443-7397-26f767505788" executionId="1e673aca-63a9-4f6b-affb-46b2f5459dd1" testListId="8c84fa94-04c1-424b-9868-57a2d4851a1d" />
    <TestEntry testId="bcee3310-1f4f-1a94-7003-3d9995b04747" executionId="d18fce4e-145c-4567-a585-60ac29def4af" testListId="8c84fa94-04c1-424b-9868-57a2d4851a1d" />
    <TestEntry testId="fcabc442-49ea-ed54-3d5f-079426aad631" executionId="2fa1be65-7aa4-4839-9bbb-3d7e5961a37c" testListId="8c84fa94-04c1-424b-9868-57a2d4851a1d" />
    <TestEntry testId="2a610c53-a51a-2718-70d9-5dfafe11fe49" executionId="36957a33-dbbc-4e87-945c-84be9173e0ad" testListId="8c84fa94-04c1-424b-9868-57a2d4851a1d" />
    <TestEntry testId="070f8695-b9b9-a676-e899-56bc38145031" executionId="27d5250a-1d99-47cf-9433-001d0c5ce3bd" testListId="8c84fa94-04c1-424b-9868-57a2d4851a1d" />
    <TestEntry testId="5d446a2d-a0ca-9183-fd0a-e5b1d1250092" executionId="ff450aa0-b7d8-4862-bacb-3eb7913028e4" testListId="8c84fa94-04c1-424b-9868-57a2d4851a1d" />
    <TestEntry testId="024f0d6c-8c53-6199-c384-e3a891be0c0f" executionId="572b1c09-5d16-430b-b48a-331cc1ef71e9" testListId="8c84fa94-04c1-424b-9868-57a2d4851a1d" />
  </TestEntries>
  <TestLists>
    <TestList name="Results Not in a List" id="8c84fa94-04c1-424b-9868-57a2d4851a1d" />
    <TestList name="All Loaded Results" id="19431567-8539-422a-85d7-44ee4e166bda" />
  </TestLists>
  <ResultSummary outcome="Completed">
    <Counters total="166" executed="166" passed="166" failed="0" error="0" timeout="0" aborted="0" inconclusive="0" passedButRunAborted="0" notRunnable="0" notExecuted="0" disconnected="0" warning="0" completed="0" inProgress="0" pending="0" />
    <Output>
      <StdOut>[xUnit.net 00:00:00.00] xUnit.net VSTest Adapter v3.1.4+50e68bbb8b (64-bit .NET 10.0.11)&#xD;
[xUnit.net 00:00:00.44]   Discovering: SoftwareManagement.Api.IntegrationTests&#xD;
[xUnit.net 00:00:00.53]   Discovered:  SoftwareManagement.Api.IntegrationTests&#xD;
[xUnit.net 00:00:00.58]   Starting:    SoftwareManagement.Api.IntegrationTests&#xD;
[xUnit.net 00:00:32.67]   Finished:    SoftwareManagement.Api.IntegrationTests&#xD;
</StdOut>
    </Output>
  </ResultSummary>
</TestRun>