<?xml version="1.0" encoding="utf-8"?>
<TestRun id="4a896a3d-ac9d-4632-b6fc-63925628a1ba" name="jsrkm@JSRKMANISHKUMAR 2026-09-20 21:28:20" runUser="JSRKMANISHKUMAR\jsrkm" xmlns="http://microsoft.com/schemas/VisualStudio/TeamTest/2010">
  <Times creation="2026-09-20T21:28:20.3808228+05:30" queuing="2026-09-20T21:28:20.3808236+05:30" start="2026-09-20T21:28:18.9456838+05:30" finish="2026-09-20T21:28:20.4259979+05:30" />
  <TestSettings name="default" id="14666ccf-1f76-468c-819b-6289fbca4370">
    <Deployment runDeploymentRoot="jsrkm_JSRKMANISHKUMAR_2026-09-20_21_28_20" />
  </TestSettings>
  <Results>
    <UnitTestResult executionId="ac48c285-e97e-43b8-8432-b5e9fcb2970a" testId="c7aaaa16-16fa-74bb-a810-c51020c44294" testName="SoftwareManagement.Application.Tests.Common.SlugTests.From_ReturnsEmpty_WhenNothingUsableRemains" computerName="JSRKMANISHKUMAR" duration="00:00:00.0002928" startTime="2026-09-20T21:28:20.3468093+05:30" endTime="2026-09-20T21:28:20.3468543+05:30" testType="13cdc9d9-ddb5-4fa4-a97d-d965ccfc6d4b" outcome="Passed" testListId="8c84fa94-04c1-424b-9868-57a2d4851a1d" relativeResultsDirectory="ac48c285-e97e-43b8-8432-b5e9fcb2970a" />
    <UnitTestResult executionId="959d50e5-8da5-4c46-8466-9d2b182b7743" testId="39883891-3df4-f9be-1411-99a8c035d976" testName="SoftwareManagement.Application.Tests.Common.SlugTests.IsValid_RejectsAMalformedSlug(slug: &quot;has space&quot;)" computerName="JSRKMANISHKUMAR" duration="00:00:00.0001674" startTime="2026-09-20T21:28:20.3084019+05:30" endTime="2026-09-20T21:28:20.3084766+05:30" testType="13cdc9d9-ddb5-4fa4-a97d-d965ccfc6d4b" outcome="Passed" testListId="8c84fa94-04c1-424b-9868-57a2d4851a1d" relativeResultsDirectory="959d50e5-8da5-4c46-8466-9d2b182b7743" />
    <UnitTestResult executionId="f1a30f55-b057-4d97-b230-a94e91676737" testId="2e91ee3e-f89a-7198-cfe5-e05f4279caab" testName="SoftwareManagement.Application.Tests.Common.SlugTests.IsValid_RejectsAMalformedSlug(slug: &quot;under_score&quot;)" computerName="JSRKMANISHKUMAR" duration="00:00:00.0000020" startTime="2026-09-20T21:28:20.3096302+05:30" endTime="2026-09-20T21:28:20.3096698+05:30" testType="13cdc9d9-ddb5-4fa4-a97d-d965ccfc6d4b" outcome="Passed" testListId="8c84fa94-04c1-424b-9868-57a2d4851a1d" relativeResultsDirectory="f1a30f55-b057-4d97-b230-a94e91676737" />
    <UnitTestResult executionId="44b4b894-0b29-450f-94ac-b9800d3badc0" testId="49482f24-7b25-80fa-2f89-b08de41ea123" testName="SoftwareManagement.Application.Tests.Common.SlugTests.From_ProducesAUrlSafeSlug(input: &quot;  ERP  for   SMBs  &quot;, expected: &quot;erp-for-smbs&quot;)" computerName="JSRKMANISHKUMAR" duration="00:00:00.0001503" startTime="2026-09-20T21:28:20.3474906+05:30" endTime="2026-09-20T21:28:20.3475314+05:30" testType="13cdc9d9-ddb5-4fa4-a97d-d965ccfc6d4b" outcome="Passed" testListId="8c84fa94-04c1-424b-9868-57a2d4851a1d" relativeResultsDirectory="44b4b894-0b29-450f-94ac-b9800d3badc0" />
    <UnitTestResult executionId="cbcf9142-78a8-4039-9d03-ef2fc9ad31f2" testId="713dc244-2b97-7c96-8573-a102852cc5cd" testName="SoftwareManagement.Application.Tests.Common.SlugTests.IsValid_AcceptsAWellFormedSlug(slug: &quot;erp&quot;)" computerName="JSRKMANISHKUMAR" duration="00:00:00.0001319" startTime="2026-09-20T21:28:20.3470868+05:30" endTime="2026-09-20T21:28:20.3471310+05:30" testType="13cdc9d9-ddb5-4fa4-a97d-d965ccfc6d4b" outcome="Passed" testListId="8c84fa94-04c1-424b-9868-57a2d4851a1d" relativeResultsDirectory="cbcf9142-78a8-4039-9d03-ef2fc9ad31f2" />
    <UnitTestResult executionId="8be7864c-c783-4177-ba0f-ddfe7021352e" testId="8f5c1a71-6fe9-6754-412f-156deb5e2642" testName="SoftwareManagement.Application.Tests.Common.SlugTests.IsValid_RejectsAMalformedSlug(slug: &quot;ab&quot;)" computerName="JSRKMANISHKUMAR" duration="00:00:00.0453386" startTime="2026-09-20T21:28:20.2403612+05:30" endTime="2026-09-20T21:28:20.2959922+05:30" testType="13cdc9d9-ddb5-4fa4-a97d-d965ccfc6d4b" outcome="Passed" testListId="8c84fa94-04c1-424b-9868-57a2d4851a1d" relativeResultsDirectory="8be7864c-c783-4177-ba0f-ddfe7021352e" />
    <UnitTestResult executionId="88b49f06-01f6-4b01-bb05-1c601717fb96" testId="a72be7ea-1f1c-7135-08d6-2bd0624c6f5c" testName="SoftwareManagement.Application.Tests.Common.SlugTests.IsValid_RejectsAMalformedSlug(slug: &quot;Upper-Case&quot;)" computerName="JSRKMANISHKUMAR" duration="00:00:00.0000020" startTime="2026-09-20T21:28:20.3093919+05:30" endTime="2026-09-20T21:28:20.3094335+05:30" testType="13cdc9d9-ddb5-4fa4-a97d-d965ccfc6d4b" outcome="Passed" testListId="8c84fa94-04c1-424b-9868-57a2d4851a1d" relativeResultsDirectory="88b49f06-01f6-4b01-bb05-1c601717fb96" />
    <UnitTestResult executionId="ff5ae523-f358-4b6b-a960-d2f3ca30acc1" testId="79bf6c31-d76e-8929-7ed4-d6d786039fc4" testName="SoftwareManagement.Application.Tests.Common.SlugTests.IsValid_RejectsAMalformedSlug(slug: null)" computerName="JSRKMANISHKUMAR" duration="00:00:00.0000025" startTime="2026-09-20T21:28:20.3092778+05:30" endTime="2026-09-20T21:28:20.3093173+05:30" testType="13cdc9d9-ddb5-4fa4-a97d-d965ccfc6d4b" outcome="Passed" testListId="8c84fa94-04c1-424b-9868-57a2d4851a1d" relativeResultsDirectory="ff5ae523-f358-4b6b-a960-d2f3ca30acc1" />
    <UnitTestResult executionId="af9d8e04-a1c4-4423-8d3a-840e1201e60c" testId="66be6fb1-9a6d-7afd-9795-5ea827c7f10b" testName="SoftwareManagement.Application.Tests.Common.SlugTests.IsValid_RejectsAMalformedSlug(slug: &quot;trailing-&quot;)" computerName="JSRKMANISHKUMAR" duration="00:00:00.0000030" startTime="2026-09-20T21:28:20.3095079+05:30" endTime="2026-09-20T21:28:20.3095592+05:30" testType="13cdc9d9-ddb5-4fa4-a97d-d965ccfc6d4b" outcome="Passed" testListId="8c84fa94-04c1-424b-9868-57a2d4851a1d" relativeResultsDirectory="af9d8e04-a1c4-4423-8d3a-840e1201e60c" />
    <UnitTestResult executionId="ba915e06-f1fb-4d31-a6ba-5f5d1b688f39" testId="909dd409-61f6-c458-2b91-ff0eec25952a" testName="SoftwareManagement.Application.Tests.Common.SlugTests.From_ProducesAUrlSafeSlug(input: &quot;Billing &amp; Invoicing 2.0&quot;, expected: &quot;billing-invoicing-2-0&quot;)" computerName="JSRKMANISHKUMAR" duration="00:00:00.0000056" startTime="2026-09-20T21:28:20.3477221+05:30" endTime="2026-09-20T21:28:20.3477715+05:30" testType="13cdc9d9-ddb5-4fa4-a97d-d965ccfc6d4b" outcome="Passed" testListId="8c84fa94-04c1-424b-9868-57a2d4851a1d" relativeResultsDirectory="ba915e06-f1fb-4d31-a6ba-5f5d1b688f39" />
    <UnitTestResult executionId="eccaf8b6-bb6e-4ac5-8c1d-a8fbaf78e265" testId="ada2f863-883c-36f8-1541-457a6ab275b4" testName="SoftwareManagement.Application.Tests.Common.SlugTests.IsValid_RejectsAMalformedSlug(slug: &quot;double--hyphen&quot;)" computerName="JSRKMANISHKUMAR" duration="00:00:00.0000020" startTime="2026-09-20T21:28:20.3097405+05:30" endTime="2026-09-20T21:28:20.3097778+05:30" testType="13cdc9d9-ddb5-4fa4-a97d-d965ccfc6d4b" outcome="Passed" testListId="8c84fa94-04c1-424b-9868-57a2d4851a1d" relativeResultsDirectory="eccaf8b6-bb6e-4ac5-8c1d-a8fbaf78e265" />
    <UnitTestResult executionId="6a59f446-bc1e-44e9-90c7-5a988d66b9c7" testId="714e5835-2e56-1360-e2d8-25bbf098428a" testName="SoftwareManagement.Application.Tests.Common.SlugTests.From_FoldsAccentsInsteadOfDroppingTheWord" computerName="JSRKMANISHKUMAR" duration="00:00:00.0022942" startTime="2026-09-20T21:28:20.3464210+05:30" endTime="2026-09-20T21:28:20.3464852+05:30" testType="13cdc9d9-ddb5-4fa4-a97d-d965ccfc6d4b" outcome="Passed" testListId="8c84fa94-04c1-424b-9868-57a2d4851a1d" relativeResultsDirectory="6a59f446-bc1e-44e9-90c7-5a988d66b9c7" />
    <UnitTestResult executionId="1f515dba-19af-471f-85b6-877dd5b0961d" testId="00a27300-d68f-0324-1004-08c28767f505" testName="SoftwareManagement.Application.Tests.Common.SlugTests.IsValid_AcceptsAWellFormedSlug(slug: &quot;hospital-management-system&quot;)" computerName="JSRKMANISHKUMAR" duration="00:00:00.0002812" startTime="2026-09-20T21:28:20.3469699+05:30" endTime="2026-09-20T21:28:20.3470119+05:30" testType="13cdc9d9-ddb5-4fa4-a97d-d965ccfc6d4b" outcome="Passed" testListId="8c84fa94-04c1-424b-9868-57a2d4851a1d" relativeResultsDirectory="1f515dba-19af-471f-85b6-877dd5b0961d" />
    <UnitTestResult executionId="41bb71c1-9cdf-4325-9481-0f45ecd32195" testId="8be76320-4a69-3f7c-c3ce-d7de6c794463" testName="SoftwareManagement.Application.Tests.Common.SlugTests.IsValid_RejectsAMalformedSlug(slug: &quot;&quot;)" computerName="JSRKMANISHKUMAR" duration="00:00:00.0000017" startTime="2026-09-20T21:28:20.3098484+05:30" endTime="2026-09-20T21:28:20.3098896+05:30" testType="13cdc9d9-ddb5-4fa4-a97d-d965ccfc6d4b" outcome="Passed" testListId="8c84fa94-04c1-424b-9868-57a2d4851a1d" relativeResultsDirectory="41bb71c1-9cdf-4325-9481-0f45ecd32195" />
    <UnitTestResult executionId="b93bc2a2-8f01-4732-b9e8-d075a3bd084f" testId="74d94025-3024-4786-3932-f1cabeab3e6f" testName="SoftwareManagement.Application.Tests.Common.SlugTests.From_ProducesAUrlSafeSlug(input: &quot;Hospital Management System&quot;, expected: &quot;hospital-management-system&quot;)" computerName="JSRKMANISHKUMAR" duration="00:00:00.0001351" startTime="2026-09-20T21:28:20.3476099+05:30" endTime="2026-09-20T21:28:20.3476506+05:30" testType="13cdc9d9-ddb5-4fa4-a97d-d965ccfc6d4b" outcome="Passed" testListId="8c84fa94-04c1-424b-9868-57a2d4851a1d" relativeResultsDirectory="b93bc2a2-8f01-4732-b9e8-d075a3bd084f" />
    <UnitTestResult executionId="3c302e1a-085b-499b-a318-57ac59ee3aeb" testId="54b5ac1e-3971-26ab-33d5-d3a7d2c24f9a" testName="SoftwareManagement.Application.Tests.Common.SlugTests.IsValid_RejectsASlugLongerThanTheColumn" computerName="JSRKMANISHKUMAR" duration="00:00:00.0001607" startTime="2026-09-20T21:28:20.3473499+05:30" endTime="2026-09-20T21:28:20.3473918+05:30" testType="13cdc9d9-ddb5-4fa4-a97d-d965ccfc6d4b" outcome="Passed" testListId="8c84fa94-04c1-424b-9868-57a2d4851a1d" relativeResultsDirectory="3c302e1a-085b-499b-a318-57ac59ee3aeb" />
    <UnitTestResult executionId="3b00752c-f3c2-484a-95f3-8abb941681dd" testId="74880f2c-25f9-11a5-4aba-e0bdc04c652f" testName="SoftwareManagement.Application.Tests.Common.SlugTests.IsValid_AcceptsAWellFormedSlug(slug: &quot;v2-billing&quot;)" computerName="JSRKMANISHKUMAR" duration="00:00:00.0000048" startTime="2026-09-20T21:28:20.3472048+05:30" endTime="2026-09-20T21:28:20.3472494+05:30" testType="13cdc9d9-ddb5-4fa4-a97d-d965ccfc6d4b" outcome="Passed" testListId="8c84fa94-04c1-424b-9868-57a2d4851a1d" relativeResultsDirectory="3b00752c-f3c2-484a-95f3-8abb941681dd" />
    <UnitTestResult executionId="a9ad49f6-0c78-4c9e-8bc7-c618cafea4d2" testId="06b109b8-a161-a8f3-3af8-8bd97fa15b4c" testName="SoftwareManagement.Application.Tests.Common.SlugTests.IsValid_RejectsAMalformedSlug(slug: &quot;-leading&quot;)" computerName="JSRKMANISHKUMAR" duration="00:00:00.0000050" startTime="2026-09-20T21:28:20.3091487+05:30" endTime="2026-09-20T21:28:20.3091927+05:30" testType="13cdc9d9-ddb5-4fa4-a97d-d965ccfc6d4b" outcome="Passed" testListId="8c84fa94-04c1-424b-9868-57a2d4851a1d" relativeResultsDirectory="a9ad49f6-0c78-4c9e-8bc7-c618cafea4d2" />
    <UnitTestResult executionId="8aa7c718-995c-42fe-8b7a-c19306fd8a89" testId="c32dafac-502a-ed08-f806-cddd929722b8" testName="SoftwareManagement.Application.Tests.Common.SlugTests.From_TruncatesAtTheMaximumLengthWithoutLeavingATrailingHyphen" computerName="JSRKMANISHKUMAR" duration="00:00:00.0365058" startTime="2026-09-20T21:28:20.3494325+05:30" endTime="2026-09-20T21:28:20.3494825+05:30" testType="13cdc9d9-ddb5-4fa4-a97d-d965ccfc6d4b" outcome="Passed" testListId="8c84fa94-04c1-424b-9868-57a2d4851a1d" relativeResultsDirectory="8aa7c718-995c-42fe-8b7a-c19306fd8a89" />
  </Results>
  <TestDefinitions>
    <UnitTest name="SoftwareManagement.Application.Tests.Common.SlugTests.IsValid_RejectsAMalformedSlug(slug: &quot;double--hyphen&quot;)" storage="g:\software-management\backend\tests\softwaremanagement.application.tests\bin\release\net10.0\softwaremanagement.application.tests.dll" id="ada2f863-883c-36f8-1541-457a6ab275b4">
      <Execution id="eccaf8b6-bb6e-4ac5-8c1d-a8fbaf78e265" />
      <TestMethod codeBase="G:\software-management\backend\tests\SoftwareManagement.Application.Tests\bin\Release\net10.0\SoftwareManagement.Application.Tests.dll" adapterTypeName="executor://xunit/VsTestRunner3/netcore/" className="SoftwareManagement.Application.Tests.Common.SlugTests" name="IsValid_RejectsAMalformedSlug" />
    </UnitTest>
    <UnitTest name="SoftwareManagement.Application.Tests.Common.SlugTests.From_ProducesAUrlSafeSlug(input: &quot;  ERP  for   SMBs  &quot;, expected: &quot;erp-for-smbs&quot;)" storage="g:\software-management\backend\tests\softwaremanagement.application.tests\bin\release\net10.0\softwaremanagement.application.tests.dll" id="49482f24-7b25-80fa-2f89-b08de41ea123">
      <Execution id="44b4b894-0b29-450f-94ac-b9800d3badc0" />
      <TestMethod codeBase="G:\software-management\backend\tests\SoftwareManagement.Application.Tests\bin\Release\net10.0\SoftwareManagement.Application.Tests.dll" adapterTypeName="executor://xunit/VsTestRunner3/netcore/" className="SoftwareManagement.Application.Tests.Common.SlugTests" name="From_ProducesAUrlSafeSlug" />
    </UnitTest>
    <UnitTest name="SoftwareManagement.Application.Tests.Common.SlugTests.IsValid_RejectsAMalformedSlug(slug: &quot;-leading&quot;)" storage="g:\software-management\backend\tests\softwaremanagement.application.tests\bin\release\net10.0\softwaremanagement.application.tests.dll" id="06b109b8-a161-a8f3-3af8-8bd97fa15b4c">
      <Execution id="a9ad49f6-0c78-4c9e-8bc7-c618cafea4d2" />
      <TestMethod codeBase="G:\software-management\backend\tests\SoftwareManagement.Application.Tests\bin\Release\net10.0\SoftwareManagement.Application.Tests.dll" adapterTypeName="executor://xunit/VsTestRunner3/netcore/" className="SoftwareManagement.Application.Tests.Common.SlugTests" name="IsValid_RejectsAMalformedSlug" />
    </UnitTest>
    <UnitTest name="SoftwareManagement.Application.Tests.Common.SlugTests.IsValid_RejectsAMalformedSlug(slug: &quot;ab&quot;)" storage="g:\software-management\backend\tests\softwaremanagement.application.tests\bin\release\net10.0\softwaremanagement.application.tests.dll" id="8f5c1a71-6fe9-6754-412f-156deb5e2642">
      <Execution id="8be7864c-c783-4177-ba0f-ddfe7021352e" />
      <TestMethod codeBase="G:\software-management\backend\tests\SoftwareManagement.Application.Tests\bin\Release\net10.0\SoftwareManagement.Application.Tests.dll" adapterTypeName="executor://xunit/VsTestRunner3/netcore/" className="SoftwareManagement.Application.Tests.Common.SlugTests" name="IsValid_RejectsAMalformedSlug" />
    </UnitTest>
    <UnitTest name="SoftwareManagement.Application.Tests.Common.SlugTests.From_ProducesAUrlSafeSlug(input: &quot;Billing &amp; Invoicing 2.0&quot;, expected: &quot;billing-invoicing-2-0&quot;)" storage="g:\software-management\backend\tests\softwaremanagement.application.tests\bin\release\net10.0\softwaremanagement.application.tests.dll" id="909dd409-61f6-c458-2b91-ff0eec25952a">
      <Execution id="ba915e06-f1fb-4d31-a6ba-5f5d1b688f39" />
      <TestMethod codeBase="G:\software-management\backend\tests\SoftwareManagement.Application.Tests\bin\Release\net10.0\SoftwareManagement.Application.Tests.dll" adapterTypeName="executor://xunit/VsTestRunner3/netcore/" className="SoftwareManagement.Application.Tests.Common.SlugTests" name="From_ProducesAUrlSafeSlug" />
    </UnitTest>
    <UnitTest name="SoftwareManagement.Application.Tests.Common.SlugTests.IsValid_RejectsASlugLongerThanTheColumn" storage="g:\software-management\backend\tests\softwaremanagement.application.tests\bin\release\net10.0\softwaremanagement.application.tests.dll" id="54b5ac1e-3971-26ab-33d5-d3a7d2c24f9a">
      <Execution id="3c302e1a-085b-499b-a318-57ac59ee3aeb" />
      <TestMethod codeBase="G:\software-management\backend\tests\SoftwareManagement.Application.Tests\bin\Release\net10.0\SoftwareManagement.Application.Tests.dll" adapterTypeName="executor://xunit/VsTestRunner3/netcore/" className="SoftwareManagement.Application.Tests.Common.SlugTests" name="IsValid_RejectsASlugLongerThanTheColumn" />
    </UnitTest>
    <UnitTest name="SoftwareManagement.Application.Tests.Common.SlugTests.From_ProducesAUrlSafeSlug(input: &quot;Hospital Management System&quot;, expected: &quot;hospital-management-system&quot;)" storage="g:\software-management\backend\tests\softwaremanagement.application.tests\bin\release\net10.0\softwaremanagement.application.tests.dll" id="74d94025-3024-4786-3932-f1cabeab3e6f">
      <Execution id="b93bc2a2-8f01-4732-b9e8-d075a3bd084f" />
      <TestMethod codeBase="G:\software-management\backend\tests\SoftwareManagement.Application.Tests\bin\Release\net10.0\SoftwareManagement.Application.Tests.dll" adapterTypeName="executor://xunit/VsTestRunner3/netcore/" className="SoftwareManagement.Application.Tests.Common.SlugTests" name="From_ProducesAUrlSafeSlug" />
    </UnitTest>
    <UnitTest name="SoftwareManagement.Application.Tests.Common.SlugTests.IsValid_AcceptsAWellFormedSlug(slug: &quot;v2-billing&quot;)" storage="g:\software-management\backend\tests\softwaremanagement.application.tests\bin\release\net10.0\softwaremanagement.application.tests.dll" id="74880f2c-25f9-11a5-4aba-e0bdc04c652f">
      <Execution id="3b00752c-f3c2-484a-95f3-8abb941681dd" />
      <TestMethod codeBase="G:\software-management\backend\tests\SoftwareManagement.Application.Tests\bin\Release\net10.0\SoftwareManagement.Application.Tests.dll" adapterTypeName="executor://xunit/VsTestRunner3/netcore/" className="SoftwareManagement.Application.Tests.Common.SlugTests" name="IsValid_AcceptsAWellFormedSlug" />
    </UnitTest>
    <UnitTest name="SoftwareManagement.Application.Tests.Common.SlugTests.IsValid_RejectsAMalformedSlug(slug: null)" storage="g:\software-management\backend\tests\softwaremanagement.application.tests\bin\release\net10.0\softwaremanagement.application.tests.dll" id="79bf6c31-d76e-8929-7ed4-d6d786039fc4">
      <Execution id="ff5ae523-f358-4b6b-a960-d2f3ca30acc1" />
      <TestMethod codeBase="G:\software-management\backend\tests\SoftwareManagement.Application.Tests\bin\Release\net10.0\SoftwareManagement.Application.Tests.dll" adapterTypeName="executor://xunit/VsTestRunner3/netcore/" className="SoftwareManagement.Application.Tests.Common.SlugTests" name="IsValid_RejectsAMalformedSlug" />
    </UnitTest>
    <UnitTest name="SoftwareManagement.Application.Tests.Common.SlugTests.IsValid_RejectsAMalformedSlug(slug: &quot;trailing-&quot;)" storage="g:\software-management\backend\tests\softwaremanagement.application.tests\bin\release\net10.0\softwaremanagement.application.tests.dll" id="66be6fb1-9a6d-7afd-9795-5ea827c7f10b">
      <Execution id="af9d8e04-a1c4-4423-8d3a-840e1201e60c" />
      <TestMethod codeBase="G:\software-management\backend\tests\SoftwareManagement.Application.Tests\bin\Release\net10.0\SoftwareManagement.Application.Tests.dll" adapterTypeName="executor://xunit/VsTestRunner3/netcore/" className="SoftwareManagement.Application.Tests.Common.SlugTests" name="IsValid_RejectsAMalformedSlug" />
    </UnitTest>
    <UnitTest name="SoftwareManagement.Application.Tests.Common.SlugTests.IsValid_AcceptsAWellFormedSlug(slug: &quot;hospital-management-system&quot;)" storage="g:\software-management\backend\tests\softwaremanagement.application.tests\bin\release\net10.0\softwaremanagement.application.tests.dll" id="00a27300-d68f-0324-1004-08c28767f505">
      <Execution id="1f515dba-19af-471f-85b6-877dd5b0961d" />
      <TestMethod codeBase="G:\software-management\backend\tests\SoftwareManagement.Application.Tests\bin\Release\net10.0\SoftwareManagement.Application.Tests.dll" adapterTypeName="executor://xunit/VsTestRunner3/netcore/" className="SoftwareManagement.Application.Tests.Common.SlugTests" name="IsValid_AcceptsAWellFormedSlug" />
    </UnitTest>
    <UnitTest name="SoftwareManagement.Application.Tests.Common.SlugTests.IsValid_RejectsAMalformedSlug(slug: &quot;Upper-Case&quot;)" storage="g:\software-management\backend\tests\softwaremanagement.application.tests\bin\release\net10.0\softwaremanagement.application.tests.dll" id="a72be7ea-1f1c-7135-08d6-2bd0624c6f5c">
      <Execution id="88b49f06-01f6-4b01-bb05-1c601717fb96" />
      <TestMethod codeBase="G:\software-management\backend\tests\SoftwareManagement.Application.Tests\bin\Release\net10.0\SoftwareManagement.Application.Tests.dll" adapterTypeName="executor://xunit/VsTestRunner3/netcore/" className="SoftwareManagement.Application.Tests.Common.SlugTests" name="IsValid_RejectsAMalformedSlug" />
    </UnitTest>
    <UnitTest name="SoftwareManagement.Application.Tests.Common.SlugTests.From_ReturnsEmpty_WhenNothingUsableRemains" storage="g:\software-management\backend\tests\softwaremanagement.application.tests\bin\release\net10.0\softwaremanagement.application.tests.dll" id="c7aaaa16-16fa-74bb-a810-c51020c44294">
      <Execution id="ac48c285-e97e-43b8-8432-b5e9fcb2970a" />
      <TestMethod codeBase="G:\software-management\backend\tests\SoftwareManagement.Application.Tests\bin\Release\net10.0\SoftwareManagement.Application.Tests.dll" adapterTypeName="executor://xunit/VsTestRunner3/netcore/" className="SoftwareManagement.Application.Tests.Common.SlugTests" name="From_ReturnsEmpty_WhenNothingUsableRemains" />
    </UnitTest>
    <UnitTest name="SoftwareManagement.Application.Tests.Common.SlugTests.IsValid_RejectsAMalformedSlug(slug: &quot;under_score&quot;)" storage="g:\software-management\backend\tests\softwaremanagement.application.tests\bin\release\net10.0\softwaremanagement.application.tests.dll" id="2e91ee3e-f89a-7198-cfe5-e05f4279caab">
      <Execution id="f1a30f55-b057-4d97-b230-a94e91676737" />
      <TestMethod codeBase="G:\software-management\backend\tests\SoftwareManagement.Application.Tests\bin\Release\net10.0\SoftwareManagement.Application.Tests.dll" adapterTypeName="executor://xunit/VsTestRunner3/netcore/" className="SoftwareManagement.Application.Tests.Common.SlugTests" name="IsValid_RejectsAMalformedSlug" />
    </UnitTest>
    <UnitTest name="SoftwareManagement.Application.Tests.Common.SlugTests.IsValid_AcceptsAWellFormedSlug(slug: &quot;erp&quot;)" storage="g:\software-management\backend\tests\softwaremanagement.application.tests\bin\release\net10.0\softwaremanagement.application.tests.dll" id="713dc244-2b97-7c96-8573-a102852cc5cd">
      <Execution id="cbcf9142-78a8-4039-9d03-ef2fc9ad31f2" />
      <TestMethod codeBase="G:\software-management\backend\tests\SoftwareManagement.Application.Tests\bin\Release\net10.0\SoftwareManagement.Application.Tests.dll" adapterTypeName="executor://xunit/VsTestRunner3/netcore/" className="SoftwareManagement.Application.Tests.Common.SlugTests" name="IsValid_AcceptsAWellFormedSlug" />
    </UnitTest>
    <UnitTest name="SoftwareManagement.Application.Tests.Common.SlugTests.IsValid_RejectsAMalformedSlug(slug: &quot;&quot;)" storage="g:\software-management\backend\tests\softwaremanagement.application.tests\bin\release\net10.0\softwaremanagement.application.tests.dll" id="8be76320-4a69-3f7c-c3ce-d7de6c794463">
      <Execution id="41bb71c1-9cdf-4325-9481-0f45ecd32195" />
      <TestMethod codeBase="G:\software-management\backend\tests\SoftwareManagement.Application.Tests\bin\Release\net10.0\SoftwareManagement.Application.Tests.dll" adapterTypeName="executor://xunit/VsTestRunner3/netcore/" className="SoftwareManagement.Application.Tests.Common.SlugTests" name="IsValid_RejectsAMalformedSlug" />
    </UnitTest>
    <UnitTest name="SoftwareManagement.Application.Tests.Common.SlugTests.From_TruncatesAtTheMaximumLengthWithoutLeavingATrailingHyphen" storage="g:\software-management\backend\tests\softwaremanagement.application.tests\bin\release\net10.0\softwaremanagement.application.tests.dll" id="c32dafac-502a-ed08-f806-cddd929722b8">
      <Execution id="8aa7c718-995c-42fe-8b7a-c19306fd8a89" />
      <TestMethod codeBase="G:\software-management\backend\tests\SoftwareManagement.Application.Tests\bin\Release\net10.0\SoftwareManagement.Application.Tests.dll" adapterTypeName="executor://xunit/VsTestRunner3/netcore/" className="SoftwareManagement.Application.Tests.Common.SlugTests" name="From_TruncatesAtTheMaximumLengthWithoutLeavingATrailingHyphen" />
    </UnitTest>
    <UnitTest name="SoftwareManagement.Application.Tests.Common.SlugTests.From_FoldsAccentsInsteadOfDroppingTheWord" storage="g:\software-management\backend\tests\softwaremanagement.application.tests\bin\release\net10.0\softwaremanagement.application.tests.dll" id="714e5835-2e56-1360-e2d8-25bbf098428a">
      <Execution id="6a59f446-bc1e-44e9-90c7-5a988d66b9c7" />
      <TestMethod codeBase="G:\software-management\backend\tests\SoftwareManagement.Application.Tests\bin\Release\net10.0\SoftwareManagement.Application.Tests.dll" adapterTypeName="executor://xunit/VsTestRunner3/netcore/" className="SoftwareManagement.Application.Tests.Common.SlugTests" name="From_FoldsAccentsInsteadOfDroppingTheWord" />
    </UnitTest>
    <UnitTest name="SoftwareManagement.Application.Tests.Common.SlugTests.IsValid_RejectsAMalformedSlug(slug: &quot;has space&quot;)" storage="g:\software-management\backend\tests\softwaremanagement.application.tests\bin\release\net10.0\softwaremanagement.application.tests.dll" id="39883891-3df4-f9be-1411-99a8c035d976">
      <Execution id="959d50e5-8da5-4c46-8466-9d2b182b7743" />
      <TestMethod codeBase="G:\software-management\backend\tests\SoftwareManagement.Application.Tests\bin\Release\net10.0\SoftwareManagement.Application.Tests.dll" adapterTypeName="executor://xunit/VsTestRunner3/netcore/" className="SoftwareManagement.Application.Tests.Common.SlugTests" name="IsValid_RejectsAMalformedSlug" />
    </UnitTest>
  </TestDefinitions>
  <TestEntries>
    <TestEntry testId="c7aaaa16-16fa-74bb-a810-c51020c44294" executionId="ac48c285-e97e-43b8-8432-b5e9fcb2970a" testListId="8c84fa94-04c1-424b-9868-57a2d4851a1d" />
    <TestEntry testId="39883891-3df4-f9be-1411-99a8c035d976" executionId="959d50e5-8da5-4c46-8466-9d2b182b7743" testListId="8c84fa94-04c1-424b-9868-57a2d4851a1d" />
    <TestEntry testId="2e91ee3e-f89a-7198-cfe5-e05f4279caab" executionId="f1a30f55-b057-4d97-b230-a94e91676737" testListId="8c84fa94-04c1-424b-9868-57a2d4851a1d" />
    <TestEntry testId="49482f24-7b25-80fa-2f89-b08de41ea123" executionId="44b4b894-0b29-450f-94ac-b9800d3badc0" testListId="8c84fa94-04c1-424b-9868-57a2d4851a1d" />
    <TestEntry testId="713dc244-2b97-7c96-8573-a102852cc5cd" executionId="cbcf9142-78a8-4039-9d03-ef2fc9ad31f2" testListId="8c84fa94-04c1-424b-9868-57a2d4851a1d" />
    <TestEntry testId="8f5c1a71-6fe9-6754-412f-156deb5e2642" executionId="8be7864c-c783-4177-ba0f-ddfe7021352e" testListId="8c84fa94-04c1-424b-9868-57a2d4851a1d" />
    <TestEntry testId="a72be7ea-1f1c-7135-08d6-2bd0624c6f5c" executionId="88b49f06-01f6-4b01-bb05-1c601717fb96" testListId="8c84fa94-04c1-424b-9868-57a2d4851a1d" />
    <TestEntry testId="79bf6c31-d76e-8929-7ed4-d6d786039fc4" executionId="ff5ae523-f358-4b6b-a960-d2f3ca30acc1" testListId="8c84fa94-04c1-424b-9868-57a2d4851a1d" />
    <TestEntry testId="66be6fb1-9a6d-7afd-9795-5ea827c7f10b" executionId="af9d8e04-a1c4-4423-8d3a-840e1201e60c" testListId="8c84fa94-04c1-424b-9868-57a2d4851a1d" />
    <TestEntry testId="909dd409-61f6-c458-2b91-ff0eec25952a" executionId="ba915e06-f1fb-4d31-a6ba-5f5d1b688f39" testListId="8c84fa94-04c1-424b-9868-57a2d4851a1d" />
    <TestEntry testId="ada2f863-883c-36f8-1541-457a6ab275b4" executionId="eccaf8b6-bb6e-4ac5-8c1d-a8fbaf78e265" testListId="8c84fa94-04c1-424b-9868-57a2d4851a1d" />
    <TestEntry testId="714e5835-2e56-1360-e2d8-25bbf098428a" executionId="6a59f446-bc1e-44e9-90c7-5a988d66b9c7" testListId="8c84fa94-04c1-424b-9868-57a2d4851a1d" />
    <TestEntry testId="00a27300-d68f-0324-1004-08c28767f505" executionId="1f515dba-19af-471f-85b6-877dd5b0961d" testListId="8c84fa94-04c1-424b-9868-57a2d4851a1d" />
    <TestEntry testId="8be76320-4a69-3f7c-c3ce-d7de6c794463" executionId="41bb71c1-9cdf-4325-9481-0f45ecd32195" testListId="8c84fa94-04c1-424b-9868-57a2d4851a1d" />
    <TestEntry testId="74d94025-3024-4786-3932-f1cabeab3e6f" executionId="b93bc2a2-8f01-4732-b9e8-d075a3bd084f" testListId="8c84fa94-04c1-424b-9868-57a2d4851a1d" />
    <TestEntry testId="54b5ac1e-3971-26ab-33d5-d3a7d2c24f9a" executionId="3c302e1a-085b-499b-a318-57ac59ee3aeb" testListId="8c84fa94-04c1-424b-9868-57a2d4851a1d" />
    <TestEntry testId="74880f2c-25f9-11a5-4aba-e0bdc04c652f" executionId="3b00752c-f3c2-484a-95f3-8abb941681dd" testListId="8c84fa94-04c1-424b-9868-57a2d4851a1d" />
    <TestEntry testId="06b109b8-a161-a8f3-3af8-8bd97fa15b4c" executionId="a9ad49f6-0c78-4c9e-8bc7-c618cafea4d2" testListId="8c84fa94-04c1-424b-9868-57a2d4851a1d" />
    <TestEntry testId="c32dafac-502a-ed08-f806-cddd929722b8" executionId="8aa7c718-995c-42fe-8b7a-c19306fd8a89" testListId="8c84fa94-04c1-424b-9868-57a2d4851a1d" />
  </TestEntries>
  <TestLists>
    <TestList name="Results Not in a List" id="8c84fa94-04c1-424b-9868-57a2d4851a1d" />
    <TestList name="All Loaded Results" id="19431567-8539-422a-85d7-44ee4e166bda" />
  </TestLists>
  <ResultSummary outcome="Completed">
    <Counters total="19" executed="19" passed="19" failed="0" error="0" timeout="0" aborted="0" inconclusive="0" passedButRunAborted="0" notRunnable="0" notExecuted="0" disconnected="0" warning="0" completed="0" inProgress="0" pending="0" />
    <Output>
      <StdOut>[xUnit.net 00:00:00.00] xUnit.net VSTest Adapter v3.1.4+50e68bbb8b (64-bit .NET 10.0.11)&#xD;
[xUnit.net 00:00:00.16]   Discovering: SoftwareManagement.Application.Tests&#xD;
[xUnit.net 00:00:00.23]   Discovered:  SoftwareManagement.Application.Tests&#xD;
[xUnit.net 00:00:00.27]   Starting:    SoftwareManagement.Application.Tests&#xD;
[xUnit.net 00:00:00.41]   Finished:    SoftwareManagement.Application.Tests&#xD;
</StdOut>
    </Output>
  </ResultSummary>
</TestRun>