<?xml version="1.0" encoding="utf-8"?>
<TestRun id="c1a34d54-13cf-4a31-bd05-01486accf091" name="jsrkm@JSRKMANISHKUMAR 2026-09-21 16:10:59" runUser="JSRKMANISHKUMAR\jsrkm" xmlns="http://microsoft.com/schemas/VisualStudio/TeamTest/2010">
  <Times creation="2026-09-21T16:10:59.4914280+05:30" queuing="2026-09-21T16:10:59.4914285+05:30" start="2026-09-21T16:10:58.3874647+05:30" finish="2026-09-21T16:10:59.5436786+05:30" />
  <TestSettings name="default" id="cab587b7-bdae-45e4-8b18-a8585ad061b7">
    <Deployment runDeploymentRoot="jsrkm_JSRKMANISHKUMAR_2026-09-21_16_10_59" />
  </TestSettings>
  <Results>
    <UnitTestResult executionId="0adc6c07-a174-49ba-ba5f-f799cd1c09ce" testId="74d94025-3024-4786-3932-f1cabeab3e6f" testName="SoftwareManagement.Application.Tests.Common.SlugTests.From_ProducesAUrlSafeSlug(input: &quot;Hospital Management System&quot;, expected: &quot;hospital-management-system&quot;)" computerName="JSRKMANISHKUMAR" duration="00:00:00.0001681" startTime="2026-09-21T16:10:59.4559890+05:30" endTime="2026-09-21T16:10:59.4560408+05:30" testType="13cdc9d9-ddb5-4fa4-a97d-d965ccfc6d4b" outcome="Passed" testListId="8c84fa94-04c1-424b-9868-57a2d4851a1d" relativeResultsDirectory="0adc6c07-a174-49ba-ba5f-f799cd1c09ce" />
    <UnitTestResult executionId="b212a856-c548-4c05-ba66-8032abca927e" testId="66be6fb1-9a6d-7afd-9795-5ea827c7f10b" testName="SoftwareManagement.Application.Tests.Common.SlugTests.IsValid_RejectsAMalformedSlug(slug: &quot;trailing-&quot;)" computerName="JSRKMANISHKUMAR" duration="00:00:00.0000056" startTime="2026-09-21T16:10:59.4141123+05:30" endTime="2026-09-21T16:10:59.4141789+05:30" testType="13cdc9d9-ddb5-4fa4-a97d-d965ccfc6d4b" outcome="Passed" testListId="8c84fa94-04c1-424b-9868-57a2d4851a1d" relativeResultsDirectory="b212a856-c548-4c05-ba66-8032abca927e" />
    <UnitTestResult executionId="c5928d00-5768-4381-b8a0-082ab9021ce6" testId="a72be7ea-1f1c-7135-08d6-2bd0624c6f5c" testName="SoftwareManagement.Application.Tests.Common.SlugTests.IsValid_RejectsAMalformedSlug(slug: &quot;Upper-Case&quot;)" computerName="JSRKMANISHKUMAR" duration="00:00:00.0000044" startTime="2026-09-21T16:10:59.4139527+05:30" endTime="2026-09-21T16:10:59.4140078+05:30" testType="13cdc9d9-ddb5-4fa4-a97d-d965ccfc6d4b" outcome="Passed" testListId="8c84fa94-04c1-424b-9868-57a2d4851a1d" relativeResultsDirectory="c5928d00-5768-4381-b8a0-082ab9021ce6" />
    <UnitTestResult executionId="7daf11a7-6840-496e-ae64-9aa812721681" testId="49482f24-7b25-80fa-2f89-b08de41ea123" testName="SoftwareManagement.Application.Tests.Common.SlugTests.From_ProducesAUrlSafeSlug(input: &quot;  ERP  for   SMBs  &quot;, expected: &quot;erp-for-smbs&quot;)" computerName="JSRKMANISHKUMAR" duration="00:00:00.0002149" startTime="2026-09-21T16:10:59.4558204+05:30" endTime="2026-09-21T16:10:59.4558867+05:30" testType="13cdc9d9-ddb5-4fa4-a97d-d965ccfc6d4b" outcome="Passed" testListId="8c84fa94-04c1-424b-9868-57a2d4851a1d" relativeResultsDirectory="7daf11a7-6840-496e-ae64-9aa812721681" />
    <UnitTestResult executionId="43a47a7e-425d-4859-846d-880605c0884c" testId="79bf6c31-d76e-8929-7ed4-d6d786039fc4" testName="SoftwareManagement.Application.Tests.Common.SlugTests.IsValid_RejectsAMalformedSlug(slug: null)" computerName="JSRKMANISHKUMAR" duration="00:00:00.0000048" startTime="2026-09-21T16:10:59.4137912+05:30" endTime="2026-09-21T16:10:59.4138458+05:30" testType="13cdc9d9-ddb5-4fa4-a97d-d965ccfc6d4b" outcome="Passed" testListId="8c84fa94-04c1-424b-9868-57a2d4851a1d" relativeResultsDirectory="43a47a7e-425d-4859-846d-880605c0884c" />
    <UnitTestResult executionId="6aff4c7d-55c4-434b-bd3e-9e5459b77c9f" testId="ada2f863-883c-36f8-1541-457a6ab275b4" testName="SoftwareManagement.Application.Tests.Common.SlugTests.IsValid_RejectsAMalformedSlug(slug: &quot;double--hyphen&quot;)" computerName="JSRKMANISHKUMAR" duration="00:00:00.0000041" startTime="2026-09-21T16:10:59.4144337+05:30" endTime="2026-09-21T16:10:59.4144860+05:30" testType="13cdc9d9-ddb5-4fa4-a97d-d965ccfc6d4b" outcome="Passed" testListId="8c84fa94-04c1-424b-9868-57a2d4851a1d" relativeResultsDirectory="6aff4c7d-55c4-434b-bd3e-9e5459b77c9f" />
    <UnitTestResult executionId="2585a595-635b-467e-a5f1-bb16a5ada9cd" testId="39883891-3df4-f9be-1411-99a8c035d976" testName="SoftwareManagement.Application.Tests.Common.SlugTests.IsValid_RejectsAMalformedSlug(slug: &quot;has space&quot;)" computerName="JSRKMANISHKUMAR" duration="00:00:00.0001841" startTime="2026-09-21T16:10:59.4126725+05:30" endTime="2026-09-21T16:10:59.4127842+05:30" testType="13cdc9d9-ddb5-4fa4-a97d-d965ccfc6d4b" outcome="Passed" testListId="8c84fa94-04c1-424b-9868-57a2d4851a1d" relativeResultsDirectory="2585a595-635b-467e-a5f1-bb16a5ada9cd" />
    <UnitTestResult executionId="7793936d-6d64-4e64-943b-9cd84ddb6eb9" testId="2e91ee3e-f89a-7198-cfe5-e05f4279caab" testName="SoftwareManagement.Application.Tests.Common.SlugTests.IsValid_RejectsAMalformedSlug(slug: &quot;under_score&quot;)" computerName="JSRKMANISHKUMAR" duration="00:00:00.0000043" startTime="2026-09-21T16:10:59.4142823+05:30" endTime="2026-09-21T16:10:59.4143348+05:30" testType="13cdc9d9-ddb5-4fa4-a97d-d965ccfc6d4b" outcome="Passed" testListId="8c84fa94-04c1-424b-9868-57a2d4851a1d" relativeResultsDirectory="7793936d-6d64-4e64-943b-9cd84ddb6eb9" />
    <UnitTestResult executionId="8d394dcc-cb26-4a8d-b7e4-02f5f84b9489" testId="54b5ac1e-3971-26ab-33d5-d3a7d2c24f9a" testName="SoftwareManagement.Application.Tests.Common.SlugTests.IsValid_RejectsASlugLongerThanTheColumn" computerName="JSRKMANISHKUMAR" duration="00:00:00.0002174" startTime="2026-09-21T16:10:59.4556184+05:30" endTime="2026-09-21T16:10:59.4556729+05:30" testType="13cdc9d9-ddb5-4fa4-a97d-d965ccfc6d4b" outcome="Passed" testListId="8c84fa94-04c1-424b-9868-57a2d4851a1d" relativeResultsDirectory="8d394dcc-cb26-4a8d-b7e4-02f5f84b9489" />
    <UnitTestResult executionId="cb6a85ef-002a-4d49-8de2-94a84ab93356" testId="c7aaaa16-16fa-74bb-a810-c51020c44294" testName="SoftwareManagement.Application.Tests.Common.SlugTests.From_ReturnsEmpty_WhenNothingUsableRemains" computerName="JSRKMANISHKUMAR" duration="00:00:00.0003878" startTime="2026-09-21T16:10:59.4548855+05:30" endTime="2026-09-21T16:10:59.4549445+05:30" testType="13cdc9d9-ddb5-4fa4-a97d-d965ccfc6d4b" outcome="Passed" testListId="8c84fa94-04c1-424b-9868-57a2d4851a1d" relativeResultsDirectory="cb6a85ef-002a-4d49-8de2-94a84ab93356" />
    <UnitTestResult executionId="5cf60838-b44a-4771-875b-59caab4a35cf" testId="909dd409-61f6-c458-2b91-ff0eec25952a" testName="SoftwareManagement.Application.Tests.Common.SlugTests.From_ProducesAUrlSafeSlug(input: &quot;Billing &amp; Invoicing 2.0&quot;, expected: &quot;billing-invoicing-2-0&quot;)" computerName="JSRKMANISHKUMAR" duration="00:00:00.0000086" startTime="2026-09-21T16:10:59.4561346+05:30" endTime="2026-09-21T16:10:59.4561919+05:30" testType="13cdc9d9-ddb5-4fa4-a97d-d965ccfc6d4b" outcome="Passed" testListId="8c84fa94-04c1-424b-9868-57a2d4851a1d" relativeResultsDirectory="5cf60838-b44a-4771-875b-59caab4a35cf" />
    <UnitTestResult executionId="ebea5cf4-d497-4a4d-8a84-b718da932850" testId="06b109b8-a161-a8f3-3af8-8bd97fa15b4c" testName="SoftwareManagement.Application.Tests.Common.SlugTests.IsValid_RejectsAMalformedSlug(slug: &quot;-leading&quot;)" computerName="JSRKMANISHKUMAR" duration="00:00:00.0000074" startTime="2026-09-21T16:10:59.4136066+05:30" endTime="2026-09-21T16:10:59.4136681+05:30" testType="13cdc9d9-ddb5-4fa4-a97d-d965ccfc6d4b" outcome="Passed" testListId="8c84fa94-04c1-424b-9868-57a2d4851a1d" relativeResultsDirectory="ebea5cf4-d497-4a4d-8a84-b718da932850" />
    <UnitTestResult executionId="da89f905-c3ff-408c-b5b1-602f687594a1" testId="713dc244-2b97-7c96-8573-a102852cc5cd" testName="SoftwareManagement.Application.Tests.Common.SlugTests.IsValid_AcceptsAWellFormedSlug(slug: &quot;erp&quot;)" computerName="JSRKMANISHKUMAR" duration="00:00:00.0001486" startTime="2026-09-21T16:10:59.4552554+05:30" endTime="2026-09-21T16:10:59.4553189+05:30" testType="13cdc9d9-ddb5-4fa4-a97d-d965ccfc6d4b" outcome="Passed" testListId="8c84fa94-04c1-424b-9868-57a2d4851a1d" relativeResultsDirectory="da89f905-c3ff-408c-b5b1-602f687594a1" />
    <UnitTestResult executionId="89ea6315-c22c-4755-8ff5-6ef7ae6e65a1" testId="74880f2c-25f9-11a5-4aba-e0bdc04c652f" testName="SoftwareManagement.Application.Tests.Common.SlugTests.IsValid_AcceptsAWellFormedSlug(slug: &quot;v2-billing&quot;)" computerName="JSRKMANISHKUMAR" duration="00:00:00.0000072" startTime="2026-09-21T16:10:59.4554224+05:30" endTime="2026-09-21T16:10:59.4554823+05:30" testType="13cdc9d9-ddb5-4fa4-a97d-d965ccfc6d4b" outcome="Passed" testListId="8c84fa94-04c1-424b-9868-57a2d4851a1d" relativeResultsDirectory="89ea6315-c22c-4755-8ff5-6ef7ae6e65a1" />
    <UnitTestResult executionId="b3611228-14db-4700-b76f-14abf97c9f48" testId="8f5c1a71-6fe9-6754-412f-156deb5e2642" testName="SoftwareManagement.Application.Tests.Common.SlugTests.IsValid_RejectsAMalformedSlug(slug: &quot;ab&quot;)" computerName="JSRKMANISHKUMAR" duration="00:00:00.0482618" startTime="2026-09-21T16:10:59.3386327+05:30" endTime="2026-09-21T16:10:59.3977669+05:30" testType="13cdc9d9-ddb5-4fa4-a97d-d965ccfc6d4b" outcome="Passed" testListId="8c84fa94-04c1-424b-9868-57a2d4851a1d" relativeResultsDirectory="b3611228-14db-4700-b76f-14abf97c9f48" />
    <UnitTestResult executionId="89fab79f-ff2e-45aa-9778-9b98c73cfa9d" testId="8be76320-4a69-3f7c-c3ce-d7de6c794463" testName="SoftwareManagement.Application.Tests.Common.SlugTests.IsValid_RejectsAMalformedSlug(slug: &quot;&quot;)" computerName="JSRKMANISHKUMAR" duration="00:00:00.0000040" startTime="2026-09-21T16:10:59.4145913+05:30" endTime="2026-09-21T16:10:59.4146485+05:30" testType="13cdc9d9-ddb5-4fa4-a97d-d965ccfc6d4b" outcome="Passed" testListId="8c84fa94-04c1-424b-9868-57a2d4851a1d" relativeResultsDirectory="89fab79f-ff2e-45aa-9778-9b98c73cfa9d" />
    <UnitTestResult executionId="e3036e50-1ea3-4b6a-9c34-742f88996525" testId="714e5835-2e56-1360-e2d8-25bbf098428a" testName="SoftwareManagement.Application.Tests.Common.SlugTests.From_FoldsAccentsInsteadOfDroppingTheWord" computerName="JSRKMANISHKUMAR" duration="00:00:00.0029949" startTime="2026-09-21T16:10:59.4543985+05:30" endTime="2026-09-21T16:10:59.4544770+05:30" testType="13cdc9d9-ddb5-4fa4-a97d-d965ccfc6d4b" outcome="Passed" testListId="8c84fa94-04c1-424b-9868-57a2d4851a1d" relativeResultsDirectory="e3036e50-1ea3-4b6a-9c34-742f88996525" />
    <UnitTestResult executionId="0df39c3f-46b7-4b59-ae69-4cbe3bbd9da2" testId="00a27300-d68f-0324-1004-08c28767f505" testName="SoftwareManagement.Application.Tests.Common.SlugTests.IsValid_AcceptsAWellFormedSlug(slug: &quot;hospital-management-system&quot;)" computerName="JSRKMANISHKUMAR" duration="00:00:00.0003709" startTime="2026-09-21T16:10:59.4550969+05:30" endTime="2026-09-21T16:10:59.4551515+05:30" testType="13cdc9d9-ddb5-4fa4-a97d-d965ccfc6d4b" outcome="Passed" testListId="8c84fa94-04c1-424b-9868-57a2d4851a1d" relativeResultsDirectory="0df39c3f-46b7-4b59-ae69-4cbe3bbd9da2" />
    <UnitTestResult executionId="4d964e37-3376-4620-824b-005c37ae63a9" testId="c32dafac-502a-ed08-f806-cddd929722b8" testName="SoftwareManagement.Application.Tests.Common.SlugTests.From_TruncatesAtTheMaximumLengthWithoutLeavingATrailingHyphen" computerName="JSRKMANISHKUMAR" duration="00:00:00.0423117" startTime="2026-09-21T16:10:59.4582462+05:30" endTime="2026-09-21T16:10:59.4583223+05:30" testType="13cdc9d9-ddb5-4fa4-a97d-d965ccfc6d4b" outcome="Passed" testListId="8c84fa94-04c1-424b-9868-57a2d4851a1d" relativeResultsDirectory="4d964e37-3376-4620-824b-005c37ae63a9" />
  </Results>
  <TestDefinitions>
    <UnitTest name="SoftwareManagement.Application.Tests.Common.SlugTests.IsValid_RejectsAMalformedSlug(slug: &quot;double--hyphen&quot;)" storage="g:\software-management\backend\tests\softwaremanagement.application.tests\bin\debug\net10.0\softwaremanagement.application.tests.dll" id="ada2f863-883c-36f8-1541-457a6ab275b4">
      <Execution id="6aff4c7d-55c4-434b-bd3e-9e5459b77c9f" />
      <TestMethod codeBase="G:\software-management\backend\tests\SoftwareManagement.Application.Tests\bin\Debug\net10.0\SoftwareManagement.Application.Tests.dll" adapterTypeName="executor://xunit/VsTestRunner3/netcore/" className="SoftwareManagement.Application.Tests.Common.SlugTests" name="IsValid_RejectsAMalformedSlug" />
    </UnitTest>
    <UnitTest name="SoftwareManagement.Application.Tests.Common.SlugTests.From_ProducesAUrlSafeSlug(input: &quot;  ERP  for   SMBs  &quot;, expected: &quot;erp-for-smbs&quot;)" storage="g:\software-management\backend\tests\softwaremanagement.application.tests\bin\debug\net10.0\softwaremanagement.application.tests.dll" id="49482f24-7b25-80fa-2f89-b08de41ea123">
      <Execution id="7daf11a7-6840-496e-ae64-9aa812721681" />
      <TestMethod codeBase="G:\software-management\backend\tests\SoftwareManagement.Application.Tests\bin\Debug\net10.0\SoftwareManagement.Application.Tests.dll" adapterTypeName="executor://xunit/VsTestRunner3/netcore/" className="SoftwareManagement.Application.Tests.Common.SlugTests" name="From_ProducesAUrlSafeSlug" />
    </UnitTest>
    <UnitTest name="SoftwareManagement.Application.Tests.Common.SlugTests.IsValid_RejectsAMalformedSlug(slug: &quot;-leading&quot;)" storage="g:\software-management\backend\tests\softwaremanagement.application.tests\bin\debug\net10.0\softwaremanagement.application.tests.dll" id="06b109b8-a161-a8f3-3af8-8bd97fa15b4c">
      <Execution id="ebea5cf4-d497-4a4d-8a84-b718da932850" />
      <TestMethod codeBase="G:\software-management\backend\tests\SoftwareManagement.Application.Tests\bin\Debug\net10.0\SoftwareManagement.Application.Tests.dll" adapterTypeName="executor://xunit/VsTestRunner3/netcore/" className="SoftwareManagement.Application.Tests.Common.SlugTests" name="IsValid_RejectsAMalformedSlug" />
    </UnitTest>
    <UnitTest name="SoftwareManagement.Application.Tests.Common.SlugTests.IsValid_RejectsAMalformedSlug(slug: &quot;ab&quot;)" storage="g:\software-management\backend\tests\softwaremanagement.application.tests\bin\debug\net10.0\softwaremanagement.application.tests.dll" id="8f5c1a71-6fe9-6754-412f-156deb5e2642">
      <Execution id="b3611228-14db-4700-b76f-14abf97c9f48" />
      <TestMethod codeBase="G:\software-management\backend\tests\SoftwareManagement.Application.Tests\bin\Debug\net10.0\SoftwareManagement.Application.Tests.dll" adapterTypeName="executor://xunit/VsTestRunner3/netcore/" className="SoftwareManagement.Application.Tests.Common.SlugTests" name="IsValid_RejectsAMalformedSlug" />
    </UnitTest>
    <UnitTest name="SoftwareManagement.Application.Tests.Common.SlugTests.From_ProducesAUrlSafeSlug(input: &quot;Billing &amp; Invoicing 2.0&quot;, expected: &quot;billing-invoicing-2-0&quot;)" storage="g:\software-management\backend\tests\softwaremanagement.application.tests\bin\debug\net10.0\softwaremanagement.application.tests.dll" id="909dd409-61f6-c458-2b91-ff0eec25952a">
      <Execution id="5cf60838-b44a-4771-875b-59caab4a35cf" />
      <TestMethod codeBase="G:\software-management\backend\tests\SoftwareManagement.Application.Tests\bin\Debug\net10.0\SoftwareManagement.Application.Tests.dll" adapterTypeName="executor://xunit/VsTestRunner3/netcore/" className="SoftwareManagement.Application.Tests.Common.SlugTests" name="From_ProducesAUrlSafeSlug" />
    </UnitTest>
    <UnitTest name="SoftwareManagement.Application.Tests.Common.SlugTests.IsValid_RejectsASlugLongerThanTheColumn" storage="g:\software-management\backend\tests\softwaremanagement.application.tests\bin\debug\net10.0\softwaremanagement.application.tests.dll" id="54b5ac1e-3971-26ab-33d5-d3a7d2c24f9a">
      <Execution id="8d394dcc-cb26-4a8d-b7e4-02f5f84b9489" />
      <TestMethod codeBase="G:\software-management\backend\tests\SoftwareManagement.Application.Tests\bin\Debug\net10.0\SoftwareManagement.Application.Tests.dll" adapterTypeName="executor://xunit/VsTestRunner3/netcore/" className="SoftwareManagement.Application.Tests.Common.SlugTests" name="IsValid_RejectsASlugLongerThanTheColumn" />
    </UnitTest>
    <UnitTest name="SoftwareManagement.Application.Tests.Common.SlugTests.From_ProducesAUrlSafeSlug(input: &quot;Hospital Management System&quot;, expected: &quot;hospital-management-system&quot;)" storage="g:\software-management\backend\tests\softwaremanagement.application.tests\bin\debug\net10.0\softwaremanagement.application.tests.dll" id="74d94025-3024-4786-3932-f1cabeab3e6f">
      <Execution id="0adc6c07-a174-49ba-ba5f-f799cd1c09ce" />
      <TestMethod codeBase="G:\software-management\backend\tests\SoftwareManagement.Application.Tests\bin\Debug\net10.0\SoftwareManagement.Application.Tests.dll" adapterTypeName="executor://xunit/VsTestRunner3/netcore/" className="SoftwareManagement.Application.Tests.Common.SlugTests" name="From_ProducesAUrlSafeSlug" />
    </UnitTest>
    <UnitTest name="SoftwareManagement.Application.Tests.Common.SlugTests.IsValid_AcceptsAWellFormedSlug(slug: &quot;v2-billing&quot;)" storage="g:\software-management\backend\tests\softwaremanagement.application.tests\bin\debug\net10.0\softwaremanagement.application.tests.dll" id="74880f2c-25f9-11a5-4aba-e0bdc04c652f">
      <Execution id="89ea6315-c22c-4755-8ff5-6ef7ae6e65a1" />
      <TestMethod codeBase="G:\software-management\backend\tests\SoftwareManagement.Application.Tests\bin\Debug\net10.0\SoftwareManagement.Application.Tests.dll" adapterTypeName="executor://xunit/VsTestRunner3/netcore/" className="SoftwareManagement.Application.Tests.Common.SlugTests" name="IsValid_AcceptsAWellFormedSlug" />
    </UnitTest>
    <UnitTest name="SoftwareManagement.Application.Tests.Common.SlugTests.IsValid_RejectsAMalformedSlug(slug: null)" storage="g:\software-management\backend\tests\softwaremanagement.application.tests\bin\debug\net10.0\softwaremanagement.application.tests.dll" id="79bf6c31-d76e-8929-7ed4-d6d786039fc4">
      <Execution id="43a47a7e-425d-4859-846d-880605c0884c" />
      <TestMethod codeBase="G:\software-management\backend\tests\SoftwareManagement.Application.Tests\bin\Debug\net10.0\SoftwareManagement.Application.Tests.dll" adapterTypeName="executor://xunit/VsTestRunner3/netcore/" className="SoftwareManagement.Application.Tests.Common.SlugTests" name="IsValid_RejectsAMalformedSlug" />
    </UnitTest>
    <UnitTest name="SoftwareManagement.Application.Tests.Common.SlugTests.IsValid_RejectsAMalformedSlug(slug: &quot;trailing-&quot;)" storage="g:\software-management\backend\tests\softwaremanagement.application.tests\bin\debug\net10.0\softwaremanagement.application.tests.dll" id="66be6fb1-9a6d-7afd-9795-5ea827c7f10b">
      <Execution id="b212a856-c548-4c05-ba66-8032abca927e" />
      <TestMethod codeBase="G:\software-management\backend\tests\SoftwareManagement.Application.Tests\bin\Debug\net10.0\SoftwareManagement.Application.Tests.dll" adapterTypeName="executor://xunit/VsTestRunner3/netcore/" className="SoftwareManagement.Application.Tests.Common.SlugTests" name="IsValid_RejectsAMalformedSlug" />
    </UnitTest>
    <UnitTest name="SoftwareManagement.Application.Tests.Common.SlugTests.IsValid_AcceptsAWellFormedSlug(slug: &quot;hospital-management-system&quot;)" storage="g:\software-management\backend\tests\softwaremanagement.application.tests\bin\debug\net10.0\softwaremanagement.application.tests.dll" id="00a27300-d68f-0324-1004-08c28767f505">
      <Execution id="0df39c3f-46b7-4b59-ae69-4cbe3bbd9da2" />
      <TestMethod codeBase="G:\software-management\backend\tests\SoftwareManagement.Application.Tests\bin\Debug\net10.0\SoftwareManagement.Application.Tests.dll" adapterTypeName="executor://xunit/VsTestRunner3/netcore/" className="SoftwareManagement.Application.Tests.Common.SlugTests" name="IsValid_AcceptsAWellFormedSlug" />
    </UnitTest>
    <UnitTest name="SoftwareManagement.Application.Tests.Common.SlugTests.IsValid_RejectsAMalformedSlug(slug: &quot;Upper-Case&quot;)" storage="g:\software-management\backend\tests\softwaremanagement.application.tests\bin\debug\net10.0\softwaremanagement.application.tests.dll" id="a72be7ea-1f1c-7135-08d6-2bd0624c6f5c">
      <Execution id="c5928d00-5768-4381-b8a0-082ab9021ce6" />
      <TestMethod codeBase="G:\software-management\backend\tests\SoftwareManagement.Application.Tests\bin\Debug\net10.0\SoftwareManagement.Application.Tests.dll" adapterTypeName="executor://xunit/VsTestRunner3/netcore/" className="SoftwareManagement.Application.Tests.Common.SlugTests" name="IsValid_RejectsAMalformedSlug" />
    </UnitTest>
    <UnitTest name="SoftwareManagement.Application.Tests.Common.SlugTests.From_ReturnsEmpty_WhenNothingUsableRemains" storage="g:\software-management\backend\tests\softwaremanagement.application.tests\bin\debug\net10.0\softwaremanagement.application.tests.dll" id="c7aaaa16-16fa-74bb-a810-c51020c44294">
      <Execution id="cb6a85ef-002a-4d49-8de2-94a84ab93356" />
      <TestMethod codeBase="G:\software-management\backend\tests\SoftwareManagement.Application.Tests\bin\Debug\net10.0\SoftwareManagement.Application.Tests.dll" adapterTypeName="executor://xunit/VsTestRunner3/netcore/" className="SoftwareManagement.Application.Tests.Common.SlugTests" name="From_ReturnsEmpty_WhenNothingUsableRemains" />
    </UnitTest>
    <UnitTest name="SoftwareManagement.Application.Tests.Common.SlugTests.IsValid_RejectsAMalformedSlug(slug: &quot;under_score&quot;)" storage="g:\software-management\backend\tests\softwaremanagement.application.tests\bin\debug\net10.0\softwaremanagement.application.tests.dll" id="2e91ee3e-f89a-7198-cfe5-e05f4279caab">
      <Execution id="7793936d-6d64-4e64-943b-9cd84ddb6eb9" />
      <TestMethod codeBase="G:\software-management\backend\tests\SoftwareManagement.Application.Tests\bin\Debug\net10.0\SoftwareManagement.Application.Tests.dll" adapterTypeName="executor://xunit/VsTestRunner3/netcore/" className="SoftwareManagement.Application.Tests.Common.SlugTests" name="IsValid_RejectsAMalformedSlug" />
    </UnitTest>
    <UnitTest name="SoftwareManagement.Application.Tests.Common.SlugTests.IsValid_AcceptsAWellFormedSlug(slug: &quot;erp&quot;)" storage="g:\software-management\backend\tests\softwaremanagement.application.tests\bin\debug\net10.0\softwaremanagement.application.tests.dll" id="713dc244-2b97-7c96-8573-a102852cc5cd">
      <Execution id="da89f905-c3ff-408c-b5b1-602f687594a1" />
      <TestMethod codeBase="G:\software-management\backend\tests\SoftwareManagement.Application.Tests\bin\Debug\net10.0\SoftwareManagement.Application.Tests.dll" adapterTypeName="executor://xunit/VsTestRunner3/netcore/" className="SoftwareManagement.Application.Tests.Common.SlugTests" name="IsValid_AcceptsAWellFormedSlug" />
    </UnitTest>
    <UnitTest name="SoftwareManagement.Application.Tests.Common.SlugTests.IsValid_RejectsAMalformedSlug(slug: &quot;&quot;)" storage="g:\software-management\backend\tests\softwaremanagement.application.tests\bin\debug\net10.0\softwaremanagement.application.tests.dll" id="8be76320-4a69-3f7c-c3ce-d7de6c794463">
      <Execution id="89fab79f-ff2e-45aa-9778-9b98c73cfa9d" />
      <TestMethod codeBase="G:\software-management\backend\tests\SoftwareManagement.Application.Tests\bin\Debug\net10.0\SoftwareManagement.Application.Tests.dll" adapterTypeName="executor://xunit/VsTestRunner3/netcore/" className="SoftwareManagement.Application.Tests.Common.SlugTests" name="IsValid_RejectsAMalformedSlug" />
    </UnitTest>
    <UnitTest name="SoftwareManagement.Application.Tests.Common.SlugTests.From_TruncatesAtTheMaximumLengthWithoutLeavingATrailingHyphen" storage="g:\software-management\backend\tests\softwaremanagement.application.tests\bin\debug\net10.0\softwaremanagement.application.tests.dll" id="c32dafac-502a-ed08-f806-cddd929722b8">
      <Execution id="4d964e37-3376-4620-824b-005c37ae63a9" />
      <TestMethod codeBase="G:\software-management\backend\tests\SoftwareManagement.Application.Tests\bin\Debug\net10.0\SoftwareManagement.Application.Tests.dll" adapterTypeName="executor://xunit/VsTestRunner3/netcore/" className="SoftwareManagement.Application.Tests.Common.SlugTests" name="From_TruncatesAtTheMaximumLengthWithoutLeavingATrailingHyphen" />
    </UnitTest>
    <UnitTest name="SoftwareManagement.Application.Tests.Common.SlugTests.From_FoldsAccentsInsteadOfDroppingTheWord" storage="g:\software-management\backend\tests\softwaremanagement.application.tests\bin\debug\net10.0\softwaremanagement.application.tests.dll" id="714e5835-2e56-1360-e2d8-25bbf098428a">
      <Execution id="e3036e50-1ea3-4b6a-9c34-742f88996525" />
      <TestMethod codeBase="G:\software-management\backend\tests\SoftwareManagement.Application.Tests\bin\Debug\net10.0\SoftwareManagement.Application.Tests.dll" adapterTypeName="executor://xunit/VsTestRunner3/netcore/" className="SoftwareManagement.Application.Tests.Common.SlugTests" name="From_FoldsAccentsInsteadOfDroppingTheWord" />
    </UnitTest>
    <UnitTest name="SoftwareManagement.Application.Tests.Common.SlugTests.IsValid_RejectsAMalformedSlug(slug: &quot;has space&quot;)" storage="g:\software-management\backend\tests\softwaremanagement.application.tests\bin\debug\net10.0\softwaremanagement.application.tests.dll" id="39883891-3df4-f9be-1411-99a8c035d976">
      <Execution id="2585a595-635b-467e-a5f1-bb16a5ada9cd" />
      <TestMethod codeBase="G:\software-management\backend\tests\SoftwareManagement.Application.Tests\bin\Debug\net10.0\SoftwareManagement.Application.Tests.dll" adapterTypeName="executor://xunit/VsTestRunner3/netcore/" className="SoftwareManagement.Application.Tests.Common.SlugTests" name="IsValid_RejectsAMalformedSlug" />
    </UnitTest>
  </TestDefinitions>
  <TestEntries>
    <TestEntry testId="74d94025-3024-4786-3932-f1cabeab3e6f" executionId="0adc6c07-a174-49ba-ba5f-f799cd1c09ce" testListId="8c84fa94-04c1-424b-9868-57a2d4851a1d" />
    <TestEntry testId="66be6fb1-9a6d-7afd-9795-5ea827c7f10b" executionId="b212a856-c548-4c05-ba66-8032abca927e" testListId="8c84fa94-04c1-424b-9868-57a2d4851a1d" />
    <TestEntry testId="a72be7ea-1f1c-7135-08d6-2bd0624c6f5c" executionId="c5928d00-5768-4381-b8a0-082ab9021ce6" testListId="8c84fa94-04c1-424b-9868-57a2d4851a1d" />
    <TestEntry testId="49482f24-7b25-80fa-2f89-b08de41ea123" executionId="7daf11a7-6840-496e-ae64-9aa812721681" testListId="8c84fa94-04c1-424b-9868-57a2d4851a1d" />
    <TestEntry testId="79bf6c31-d76e-8929-7ed4-d6d786039fc4" executionId="43a47a7e-425d-4859-846d-880605c0884c" testListId="8c84fa94-04c1-424b-9868-57a2d4851a1d" />
    <TestEntry testId="ada2f863-883c-36f8-1541-457a6ab275b4" executionId="6aff4c7d-55c4-434b-bd3e-9e5459b77c9f" testListId="8c84fa94-04c1-424b-9868-57a2d4851a1d" />
    <TestEntry testId="39883891-3df4-f9be-1411-99a8c035d976" executionId="2585a595-635b-467e-a5f1-bb16a5ada9cd" testListId="8c84fa94-04c1-424b-9868-57a2d4851a1d" />
    <TestEntry testId="2e91ee3e-f89a-7198-cfe5-e05f4279caab" executionId="7793936d-6d64-4e64-943b-9cd84ddb6eb9" testListId="8c84fa94-04c1-424b-9868-57a2d4851a1d" />
    <TestEntry testId="54b5ac1e-3971-26ab-33d5-d3a7d2c24f9a" executionId="8d394dcc-cb26-4a8d-b7e4-02f5f84b9489" testListId="8c84fa94-04c1-424b-9868-57a2d4851a1d" />
    <TestEntry testId="c7aaaa16-16fa-74bb-a810-c51020c44294" executionId="cb6a85ef-002a-4d49-8de2-94a84ab93356" testListId="8c84fa94-04c1-424b-9868-57a2d4851a1d" />
    <TestEntry testId="909dd409-61f6-c458-2b91-ff0eec25952a" executionId="5cf60838-b44a-4771-875b-59caab4a35cf" testListId="8c84fa94-04c1-424b-9868-57a2d4851a1d" />
    <TestEntry testId="06b109b8-a161-a8f3-3af8-8bd97fa15b4c" executionId="ebea5cf4-d497-4a4d-8a84-b718da932850" testListId="8c84fa94-04c1-424b-9868-57a2d4851a1d" />
    <TestEntry testId="713dc244-2b97-7c96-8573-a102852cc5cd" executionId="da89f905-c3ff-408c-b5b1-602f687594a1" testListId="8c84fa94-04c1-424b-9868-57a2d4851a1d" />
    <TestEntry testId="74880f2c-25f9-11a5-4aba-e0bdc04c652f" executionId="89ea6315-c22c-4755-8ff5-6ef7ae6e65a1" testListId="8c84fa94-04c1-424b-9868-57a2d4851a1d" />
    <TestEntry testId="8f5c1a71-6fe9-6754-412f-156deb5e2642" executionId="b3611228-14db-4700-b76f-14abf97c9f48" testListId="8c84fa94-04c1-424b-9868-57a2d4851a1d" />
    <TestEntry testId="8be76320-4a69-3f7c-c3ce-d7de6c794463" executionId="89fab79f-ff2e-45aa-9778-9b98c73cfa9d" testListId="8c84fa94-04c1-424b-9868-57a2d4851a1d" />
    <TestEntry testId="714e5835-2e56-1360-e2d8-25bbf098428a" executionId="e3036e50-1ea3-4b6a-9c34-742f88996525" testListId="8c84fa94-04c1-424b-9868-57a2d4851a1d" />
    <TestEntry testId="00a27300-d68f-0324-1004-08c28767f505" executionId="0df39c3f-46b7-4b59-ae69-4cbe3bbd9da2" testListId="8c84fa94-04c1-424b-9868-57a2d4851a1d" />
    <TestEntry testId="c32dafac-502a-ed08-f806-cddd929722b8" executionId="4d964e37-3376-4620-824b-005c37ae63a9" testListId="8c84fa94-04c1-424b-9868-57a2d4851a1d" />
  </TestEntries>
  <TestLists>
    <TestList name="Results Not in a List" id="8c84fa94-04c1-424b-9868-57a2d4851a1d" />
    <TestList name="All Loaded Results" id="19431567-8539-422a-85d7-44ee4e166bda" />
  </TestLists>
  <ResultSummary outcome="Completed">
    <Counters total="19" executed="19" passed="19" failed="0" error="0" timeout="0" aborted="0" inconclusive="0" passedButRunAborted="0" notRunnable="0" notExecuted="0" disconnected="0" warning="0" completed="0" inProgress="0" pending="0" />
    <Output>
      <StdOut>[xUnit.net 00:00:00.00] xUnit.net VSTest Adapter v3.1.4+50e68bbb8b (64-bit .NET 10.0.11)&#xD;
[xUnit.net 00:00:00.16]   Discovering: SoftwareManagement.Application.Tests&#xD;
[xUnit.net 00:00:00.23]   Discovered:  SoftwareManagement.Application.Tests&#xD;
[xUnit.net 00:00:00.27]   Starting:    SoftwareManagement.Application.Tests&#xD;
[xUnit.net 00:00:00.43]   Finished:    SoftwareManagement.Application.Tests&#xD;
</StdOut>
    </Output>
  </ResultSummary>
</TestRun>