<?xml version="1.0" encoding="utf-8"?>
<TestRun id="c0917b50-2d20-408d-92aa-34dbf3a926bc" name="jsrkm@JSRKMANISHKUMAR 2026-09-08 08:08:53" runUser="JSRKMANISHKUMAR\jsrkm" xmlns="http://microsoft.com/schemas/VisualStudio/TeamTest/2010">
  <Times creation="2026-09-08T08:08:53.3258378+05:30" queuing="2026-09-08T08:08:53.3258381+05:30" start="2026-09-08T08:08:46.3824922+05:30" finish="2026-09-08T08:09:08.3714668+05:30" />
  <TestSettings name="default" id="d6ce6f54-0888-40ff-b035-01c43ec961dd">
    <Deployment runDeploymentRoot="jsrkm_JSRKMANISHKUMAR_2026-09-08_08_08_53" />
  </TestSettings>
  <Results>
    <UnitTestResult executionId="e3f8069d-a78c-4820-8a89-d8adcc5466bc" testId="85c0c944-2bf4-78d9-d17c-4be9bcc0d353" testName="SoftwareManagement.Api.IntegrationTests.Catalog.PublicCatalogTests.REQ_CAT_010_A_draft_products_public_address_is_a_404_and_never_a_403" computerName="JSRKMANISHKUMAR" duration="00:00:00.0951568" startTime="2026-09-08T08:08:59.1192626+05:30" endTime="2026-09-08T08:08:59.2148212+05:30" testType="13cdc9d9-ddb5-4fa4-a97d-d965ccfc6d4b" outcome="Passed" testListId="8c84fa94-04c1-424b-9868-57a2d4851a1d" relativeResultsDirectory="e3f8069d-a78c-4820-8a89-d8adcc5466bc" />
    <UnitTestResult executionId="e7df7c0b-78d2-4237-b2ea-a66dcc801c22" testId="ec195f9d-4c3e-7de4-9177-7375c4cd6cbe" testName="SoftwareManagement.Api.IntegrationTests.Catalog.ProductCatalogTests.REQ_CAT_005_A_plan_priced_at_4999_rupees_stores_exactly_that_amount_with_its_currency" computerName="JSRKMANISHKUMAR" duration="00:00:00.0999598" startTime="2026-09-08T08:09:01.4002818+05:30" endTime="2026-09-08T08:09:01.5006205+05:30" testType="13cdc9d9-ddb5-4fa4-a97d-d965ccfc6d4b" outcome="Passed" testListId="8c84fa94-04c1-424b-9868-57a2d4851a1d" relativeResultsDirectory="e7df7c0b-78d2-4237-b2ea-a66dcc801c22" />
    <UnitTestResult executionId="8c3a335a-d0c8-4021-be69-83a2edd84eeb" testId="becacde3-446f-1649-2bff-bd3009eb4125" testName="SoftwareManagement.Api.IntegrationTests.Content.SiteStructureTests.REQ_SITE_010_Returns409_WhenDeletingATechnologyAServiceStillLists" computerName="JSRKMANISHKUMAR" duration="00:00:00.3068519" startTime="2026-09-08T08:09:04.5261828+05:30" endTime="2026-09-08T08:09:04.8334801+05:30" testType="13cdc9d9-ddb5-4fa4-a97d-d965ccfc6d4b" outcome="Passed" testListId="8c84fa94-04c1-424b-9868-57a2d4851a1d" relativeResultsDirectory="8c3a335a-d0c8-4021-be69-83a2edd84eeb" />
    <UnitTestResult executionId="dc2cc888-e903-454f-9447-9151f89b8658" testId="cb33e659-9ec6-4c6f-e780-dddbac74a933" testName="SoftwareManagement.Api.IntegrationTests.Content.SiteStructureTests.REQ_SITE_002_Returns409_WhenTheReorderDoesNotListEverySectionOnce" computerName="JSRKMANISHKUMAR" duration="00:00:00.0842051" startTime="2026-09-08T08:09:04.2480271+05:30" endTime="2026-09-08T08:09:04.3325985+05:30" testType="13cdc9d9-ddb5-4fa4-a97d-d965ccfc6d4b" outcome="Passed" testListId="8c84fa94-04c1-424b-9868-57a2d4851a1d" relativeResultsDirectory="dc2cc888-e903-454f-9447-9151f89b8658" />
    <UnitTestResult executionId="cf0a5e6d-94a1-45af-921e-ab3dcc2f6da7" testId="919126ba-83e4-23e4-4cba-c442afd49c39" testName="SoftwareManagement.Api.IntegrationTests.Catalog.ProductCatalogTests.REQ_CAT_001_A_slug_another_product_already_holds_is_refused_with_an_alternative" computerName="JSRKMANISHKUMAR" duration="00:00:00.0875865" startTime="2026-09-08T08:09:02.2324931+05:30" endTime="2026-09-08T08:09:02.3204993+05:30" testType="13cdc9d9-ddb5-4fa4-a97d-d965ccfc6d4b" outcome="Passed" testListId="8c84fa94-04c1-424b-9868-57a2d4851a1d" relativeResultsDirectory="cf0a5e6d-94a1-45af-921e-ab3dcc2f6da7" />
    <UnitTestResult executionId="09f403b1-2a7d-4e83-9313-9fec36dfd1ea" testId="b70b8fb6-3a69-7238-960f-92060208f8dd" testName="SoftwareManagement.Api.IntegrationTests.Catalog.PublicCatalogTests.REQ_CAT_010_A_request_for_a_hundred_thousand_products_returns_at_most_a_hundred" computerName="JSRKMANISHKUMAR" duration="00:00:00.0071175" startTime="2026-09-08T08:09:00.5555234+05:30" endTime="2026-09-08T08:09:00.5629259+05:30" testType="13cdc9d9-ddb5-4fa4-a97d-d965ccfc6d4b" outcome="Passed" testListId="8c84fa94-04c1-424b-9868-57a2d4851a1d" relativeResultsDirectory="09f403b1-2a7d-4e83-9313-9fec36dfd1ea" />
    <UnitTestResult executionId="90dcada0-52b4-4500-94ab-cabb574ecb54" testId="c542c5ec-a5b2-6681-e82a-153922beb117" testName="SoftwareManagement.Api.IntegrationTests.Catalog.ProductCatalogTests.REQ_CAT_001_Sales_reads_the_catalogue_but_cannot_author_it" computerName="JSRKMANISHKUMAR" duration="00:00:00.2118377" startTime="2026-09-08T08:09:03.3801232+05:30" endTime="2026-09-08T08:09:03.5922323+05:30" testType="13cdc9d9-ddb5-4fa4-a97d-d965ccfc6d4b" outcome="Passed" testListId="8c84fa94-04c1-424b-9868-57a2d4851a1d" relativeResultsDirectory="90dcada0-52b4-4500-94ab-cabb574ecb54" />
    <UnitTestResult executionId="678dadfa-7533-4399-994c-f48a3959b32d" testId="3a758d35-dec5-2d83-36d5-403609f335f3" testName="SoftwareManagement.Api.IntegrationTests.Identity.UserAdministrationTests.REQ_IAM_006_Returns422_ForARoleThatDoesNotExist" computerName="JSRKMANISHKUMAR" duration="00:00:01.5562662" startTime="2026-09-08T08:08:55.1385098+05:30" endTime="2026-09-08T08:08:56.6952126+05:30" testType="13cdc9d9-ddb5-4fa4-a97d-d965ccfc6d4b" outcome="Passed" testListId="8c84fa94-04c1-424b-9868-57a2d4851a1d" relativeResultsDirectory="678dadfa-7533-4399-994c-f48a3959b32d" />
    <UnitTestResult executionId="c4182455-7fff-49b7-ab53-28c3b5d7068a" testId="dbda683e-d922-ff34-7b10-1242be1eddc1" testName="SoftwareManagement.Api.IntegrationTests.ErrorContractTests.DiagnosticsEndpoint_Returns404_WhenItIsNotExplicitlyEnabled" computerName="JSRKMANISHKUMAR" duration="00:00:05.8097836" startTime="2026-09-08T08:08:50.2860040+05:30" endTime="2026-09-08T08:08:56.0692439+05:30" testType="13cdc9d9-ddb5-4fa4-a97d-d965ccfc6d4b" outcome="Passed" testListId="8c84fa94-04c1-424b-9868-57a2d4851a1d" relativeResultsDirectory="c4182455-7fff-49b7-ab53-28c3b5d7068a" />
    <UnitTestResult executionId="2394cee4-02fa-45d5-a238-46770f4f8566" testId="08738dfe-9749-d42a-1a2e-eabd37f8e8b6" testName="SoftwareManagement.Api.IntegrationTests.Content.SiteStructureTests.REQ_SITE_008_Returns409_WhenDeletingAPageAMenuStillLinksTo" computerName="JSRKMANISHKUMAR" duration="00:00:00.1926660" startTime="2026-09-08T08:09:06.1926552+05:30" endTime="2026-09-08T08:09:06.3858305+05:30" testType="13cdc9d9-ddb5-4fa4-a97d-d965ccfc6d4b" outcome="Passed" testListId="8c84fa94-04c1-424b-9868-57a2d4851a1d" relativeResultsDirectory="2394cee4-02fa-45d5-a238-46770f4f8566" />
    <UnitTestResult executionId="9f0fe29f-13f4-4b17-9a68-a06d7d09f15d" testId="c1b786ea-62fc-47f0-9036-6d3c5242383f" testName="SoftwareManagement.Api.IntegrationTests.Identity.AuthenticationTests.REQ_IAM_002_LocksTheAccountEvenWhenTheSixthAttemptUsesTheCorrectPassword" computerName="JSRKMANISHKUMAR" duration="00:00:00.3665823" startTime="2026-09-08T08:09:00.0592735+05:30" endTime="2026-09-08T08:09:00.4261694+05:30" testType="13cdc9d9-ddb5-4fa4-a97d-d965ccfc6d4b" outcome="Passed" testListId="8c84fa94-04c1-424b-9868-57a2d4851a1d" relativeResultsDirectory="9f0fe29f-13f4-4b17-9a68-a06d7d09f15d" />
    <UnitTestResult executionId="f92d9fc8-8a63-42ea-96d6-a64e601745de" testId="724ed3d1-5144-f91e-0cb6-e65d0b2a22a2" testName="SoftwareManagement.Api.IntegrationTests.ReadinessTests.AggregateHealth_Answers200_WhenEveryCheckPasses" computerName="JSRKMANISHKUMAR" duration="00:00:00.0059435" startTime="2026-09-08T08:08:56.2135562+05:30" endTime="2026-09-08T08:08:56.3404763+05:30" testType="13cdc9d9-ddb5-4fa4-a97d-d965ccfc6d4b" outcome="Passed" testListId="8c84fa94-04c1-424b-9868-57a2d4851a1d" relativeResultsDirectory="f92d9fc8-8a63-42ea-96d6-a64e601745de" />
    <UnitTestResult executionId="04a2bbbc-94e3-4581-81ba-44aa593f9471" testId="72177a79-4f01-bce8-6a12-ff9e02ae0764" testName="SoftwareManagement.Api.IntegrationTests.Catalog.ProductCatalogTests.REQ_CAT_006_Recommending_a_second_plan_clears_the_first_and_leaves_exactly_one" computerName="JSRKMANISHKUMAR" duration="00:00:00.1445172" startTime="2026-09-08T08:09:02.9438172+05:30" endTime="2026-09-08T08:09:03.0872281+05:30" testType="13cdc9d9-ddb5-4fa4-a97d-d965ccfc6d4b" outcome="Passed" testListId="8c84fa94-04c1-424b-9868-57a2d4851a1d" relativeResultsDirectory="04a2bbbc-94e3-4581-81ba-44aa593f9471" />
    <UnitTestResult executionId="a2f63ef0-4efd-4b75-b4ee-6e453b647d32" testId="a589903e-b8ca-a3a4-7c7e-d8ffa3464132" testName="SoftwareManagement.Api.IntegrationTests.Catalog.ProductCatalogTests.REQ_CAT_005_A_plan_priced_below_zero_is_refused" computerName="JSRKMANISHKUMAR" duration="00:00:00.0786560" startTime="2026-09-08T08:09:01.9656060+05:30" endTime="2026-09-08T08:09:02.0446744+05:30" testType="13cdc9d9-ddb5-4fa4-a97d-d965ccfc6d4b" outcome="Passed" testListId="8c84fa94-04c1-424b-9868-57a2d4851a1d" relativeResultsDirectory="a2f63ef0-4efd-4b75-b4ee-6e453b647d32" />
    <UnitTestResult executionId="240a88dc-13c3-414b-9408-81dca49b126b" testId="48408fd6-60e7-db04-fd72-886804e7fc7b" testName="SoftwareManagement.Api.IntegrationTests.Content.PageLifecycleTests.REQ_SITE_011_RendersTheSeoFieldsOnThePublicPage" computerName="JSRKMANISHKUMAR" duration="00:00:00.0811713" startTime="2026-09-08T08:09:08.0895495+05:30" endTime="2026-09-08T08:09:08.1710834+05:30" testType="13cdc9d9-ddb5-4fa4-a97d-d965ccfc6d4b" outcome="Passed" testListId="8c84fa94-04c1-424b-9868-57a2d4851a1d" relativeResultsDirectory="240a88dc-13c3-414b-9408-81dca49b126b" />
    <UnitTestResult executionId="36529559-a8c8-469c-86a6-78e56e0d52aa" testId="3d570c9d-2ba2-a592-02f6-6820e6520f89" testName="SoftwareManagement.Api.IntegrationTests.Identity.AuthenticationTests.REQ_IAM_003_Returns401AndRevokesTheWholeChain_WhenARotatedTokenIsPresentedAgain" computerName="JSRKMANISHKUMAR" duration="00:00:00.1136159" startTime="2026-09-08T08:08:59.9451651+05:30" endTime="2026-09-08T08:09:00.0590626+05:30" testType="13cdc9d9-ddb5-4fa4-a97d-d965ccfc6d4b" outcome="Passed" testListId="8c84fa94-04c1-424b-9868-57a2d4851a1d" relativeResultsDirectory="36529559-a8c8-469c-86a6-78e56e0d52aa" />
    <UnitTestResult executionId="fdd45ad1-2850-4c4e-ae44-84a549ea06a4" testId="84a8cc79-9ab4-8938-c7a8-4d25d4634715" testName="SoftwareManagement.Api.IntegrationTests.Content.PageLifecycleTests.REQ_SITE_006_StoresTheEditorsLocalTimeAsTheCorrectUtcInstant" computerName="JSRKMANISHKUMAR" duration="00:00:00.0900579" startTime="2026-09-08T08:09:07.5758580+05:30" endTime="2026-09-08T08:09:07.6662274+05:30" testType="13cdc9d9-ddb5-4fa4-a97d-d965ccfc6d4b" outcome="Passed" testListId="8c84fa94-04c1-424b-9868-57a2d4851a1d" relativeResultsDirectory="fdd45ad1-2850-4c4e-ae44-84a549ea06a4" />
    <UnitTestResult executionId="90a3e756-3187-4bf2-ba6f-8c3d0f1db508" testId="fcabc442-49ea-ed54-3d5f-079426aad631" testName="SoftwareManagement.Api.IntegrationTests.PipelineTests.SecurePing_Returns401_ForAnAnonymousCaller" computerName="JSRKMANISHKUMAR" duration="00:00:00.0050214" startTime="2026-09-08T08:08:56.1217030+05:30" endTime="2026-09-08T08:08:56.1270643+05:30" testType="13cdc9d9-ddb5-4fa4-a97d-d965ccfc6d4b" outcome="Passed" testListId="8c84fa94-04c1-424b-9868-57a2d4851a1d" relativeResultsDirectory="90a3e756-3187-4bf2-ba6f-8c3d0f1db508" />
    <UnitTestResult executionId="84fa5b91-6d19-4eb3-8246-9fea6282b7b8" testId="1656ab07-73cb-724e-d7db-4057024ab14a" testName="SoftwareManagement.Api.IntegrationTests.Identity.AuthorizationMatrixTests.REQ_IAM_005_GivesTheEditorNoAccessToPersonalDataOrMoney" computerName="JSRKMANISHKUMAR" duration="00:00:00.0008311" startTime="2026-09-08T08:08:58.9967808+05:30" endTime="2026-09-08T08:08:58.9974205+05:30" testType="13cdc9d9-ddb5-4fa4-a97d-d965ccfc6d4b" outcome="Passed" testListId="8c84fa94-04c1-424b-9868-57a2d4851a1d" relativeResultsDirectory="84fa5b91-6d19-4eb3-8246-9fea6282b7b8" />
    <UnitTestResult executionId="42268a82-7d90-4144-b4bc-ebfc1578a5f7" testId="5d446a2d-a0ca-9183-fd0a-e5b1d1250092" testName="SoftwareManagement.Api.IntegrationTests.Content.PageLifecycleTests.REQ_SITE_003_PublishesAPageAndServesItToThePublic" computerName="JSRKMANISHKUMAR" duration="00:00:00.1386031" startTime="2026-09-08T08:09:06.8137214+05:30" endTime="2026-09-08T08:09:06.9526041+05:30" testType="13cdc9d9-ddb5-4fa4-a97d-d965ccfc6d4b" outcome="Passed" testListId="8c84fa94-04c1-424b-9868-57a2d4851a1d" relativeResultsDirectory="42268a82-7d90-4144-b4bc-ebfc1578a5f7" />
    <UnitTestResult executionId="2e3c2712-51bc-44bb-8280-b66518450a53" testId="6e49c53c-9217-d127-2866-89fbccebebe4" testName="SoftwareManagement.Api.IntegrationTests.Identity.AuthenticationTests.REQ_IAM_009_Returns401_WhenNobodyIsSignedIn" computerName="JSRKMANISHKUMAR" duration="00:00:00.0041777" startTime="2026-09-08T08:09:01.0615290+05:30" endTime="2026-09-08T08:09:01.0661906+05:30" testType="13cdc9d9-ddb5-4fa4-a97d-d965ccfc6d4b" outcome="Passed" testListId="8c84fa94-04c1-424b-9868-57a2d4851a1d" relativeResultsDirectory="2e3c2712-51bc-44bb-8280-b66518450a53" />
    <UnitTestResult executionId="d4a93ecb-8fd3-4a16-92be-35ff6b780596" testId="c75a23fb-d45a-3d59-fec9-1fffedc16a05" testName="SoftwareManagement.Api.IntegrationTests.Catalog.PublicCatalogTests.REQ_CAT_010_Opening_a_product_page_counts_the_view_against_that_path" computerName="JSRKMANISHKUMAR" duration="00:00:00.4699943" startTime="2026-09-08T08:08:57.9155837+05:30" endTime="2026-09-08T08:08:58.3859376+05:30" testType="13cdc9d9-ddb5-4fa4-a97d-d965ccfc6d4b" outcome="Passed" testListId="8c84fa94-04c1-424b-9868-57a2d4851a1d" relativeResultsDirectory="d4a93ecb-8fd3-4a16-92be-35ff6b780596" />
    <UnitTestResult executionId="ab1a09e4-e0e6-459d-8d45-112e5e7d115d" testId="024f0d6c-8c53-6199-c384-e3a891be0c0f" testName="SoftwareManagement.Api.IntegrationTests.Content.SiteStructureTests.REQ_SITE_002_KeepsSectionOrderContiguousAfterAReorder" computerName="JSRKMANISHKUMAR" duration="00:00:00.2017262" startTime="2026-09-08T08:09:03.9507305+05:30" endTime="2026-09-08T08:09:04.1528120+05:30" testType="13cdc9d9-ddb5-4fa4-a97d-d965ccfc6d4b" outcome="Passed" testListId="8c84fa94-04c1-424b-9868-57a2d4851a1d" relativeResultsDirectory="ab1a09e4-e0e6-459d-8d45-112e5e7d115d" />
    <UnitTestResult executionId="9809c1b9-977b-4a72-9149-84fe13044057" testId="f1f020ca-ba61-7442-1df0-5e9b91512378" testName="SoftwareManagement.Api.IntegrationTests.Identity.AuthorizationMatrixTests.REQ_IAM_005_GivesTheAuditorNoWritePermissionAtAll" computerName="JSRKMANISHKUMAR" duration="00:00:00.0984163" startTime="2026-09-08T08:08:59.0032460+05:30" endTime="2026-09-08T08:08:59.1021050+05:30" testType="13cdc9d9-ddb5-4fa4-a97d-d965ccfc6d4b" outcome="Passed" testListId="8c84fa94-04c1-424b-9868-57a2d4851a1d" relativeResultsDirectory="9809c1b9-977b-4a72-9149-84fe13044057" />
    <UnitTestResult executionId="3aee88cb-e55f-495b-adf5-bee1ae06a235" testId="2af7fc1e-8c6d-a607-4e2d-324e95793a7a" testName="SoftwareManagement.Api.IntegrationTests.Identity.UserAdministrationTests.REQ_IAM_007_Returns409_WhenDeactivatingTheLastOwner" computerName="JSRKMANISHKUMAR" duration="00:00:00.1431217" startTime="2026-09-08T08:08:57.7829304+05:30" endTime="2026-09-08T08:08:57.9262863+05:30" testType="13cdc9d9-ddb5-4fa4-a97d-d965ccfc6d4b" outcome="Passed" testListId="8c84fa94-04c1-424b-9868-57a2d4851a1d" relativeResultsDirectory="3aee88cb-e55f-495b-adf5-bee1ae06a235" />
    <UnitTestResult executionId="ba734698-31aa-4b28-904b-93b5a86dcd29" testId="acc4675e-1897-51f7-93d1-72a0bb0db28b" testName="SoftwareManagement.Api.IntegrationTests.Identity.AuthenticationTests.REQ_IAM_001_Returns401WithoutRevealingWhichPartWasWrong_ForABadPassword" computerName="JSRKMANISHKUMAR" duration="00:00:00.1423516" startTime="2026-09-08T08:09:00.5897646+05:30" endTime="2026-09-08T08:09:00.7326414+05:30" testType="13cdc9d9-ddb5-4fa4-a97d-d965ccfc6d4b" outcome="Passed" testListId="8c84fa94-04c1-424b-9868-57a2d4851a1d" relativeResultsDirectory="ba734698-31aa-4b28-904b-93b5a86dcd29" />
    <UnitTestResult executionId="933844dd-b1b0-459a-ac83-4cbe80184c86" testId="a894cfd0-bcc5-5c7c-686d-3565fb0dc6b5" testName="SoftwareManagement.Api.IntegrationTests.PipelineTests.Liveness_Answers200_WithoutTouchingTheDatabase" computerName="JSRKMANISHKUMAR" duration="00:00:00.0120202" startTime="2026-09-08T08:08:56.0889473+05:30" endTime="2026-09-08T08:08:56.1012715+05:30" testType="13cdc9d9-ddb5-4fa4-a97d-d965ccfc6d4b" outcome="Passed" testListId="8c84fa94-04c1-424b-9868-57a2d4851a1d" relativeResultsDirectory="933844dd-b1b0-459a-ac83-4cbe80184c86" />
    <UnitTestResult executionId="865bab81-fac4-4219-82dd-8d877cebbf3c" testId="c5c217b9-8153-f09b-bef0-caa078e30f9d" testName="SoftwareManagement.Api.IntegrationTests.Identity.UserAdministrationTests.REQ_IAM_006_ListsUsersForTheAuditorButRefusesTheEditor" computerName="JSRKMANISHKUMAR" duration="00:00:00.2429426" startTime="2026-09-08T08:08:56.6954696+05:30" endTime="2026-09-08T08:08:56.9387451+05:30" testType="13cdc9d9-ddb5-4fa4-a97d-d965ccfc6d4b" outcome="Passed" testListId="8c84fa94-04c1-424b-9868-57a2d4851a1d" relativeResultsDirectory="865bab81-fac4-4219-82dd-8d877cebbf3c" />
    <UnitTestResult executionId="a7647ecb-33b8-4965-a2a5-0535640f3f9f" testId="4260f301-0a12-3443-7397-26f767505788" testName="SoftwareManagement.Api.IntegrationTests.Catalog.ProductCatalogTests.REQ_CAT_005_A_plan_priced_at_zero_that_does_not_say_it_is_free_is_refused" computerName="JSRKMANISHKUMAR" duration="00:00:00.0784553" startTime="2026-09-08T08:09:03.5923947+05:30" endTime="2026-09-08T08:09:03.6711559+05:30" testType="13cdc9d9-ddb5-4fa4-a97d-d965ccfc6d4b" outcome="Passed" testListId="8c84fa94-04c1-424b-9868-57a2d4851a1d" relativeResultsDirectory="a7647ecb-33b8-4965-a2a5-0535640f3f9f" />
    <UnitTestResult executionId="62ab462c-659c-4a71-8dee-a49e5d4d7e23" testId="67104cfb-2d99-ca3b-a6de-921b91db5cfb" testName="SoftwareManagement.Api.IntegrationTests.Identity.AuthenticationTests.REQ_IAM_003_IssuesANewTokenPairAndRetiresTheOldRefreshToken" computerName="JSRKMANISHKUMAR" duration="00:00:00.0842556" startTime="2026-09-08T08:09:00.5057259+05:30" endTime="2026-09-08T08:09:00.5895439+05:30" testType="13cdc9d9-ddb5-4fa4-a97d-d965ccfc6d4b" outcome="Passed" testListId="8c84fa94-04c1-424b-9868-57a2d4851a1d" relativeResultsDirectory="62ab462c-659c-4a71-8dee-a49e5d4d7e23" />
    <UnitTestResult executionId="306bcede-2a7a-4c17-b2c5-fc053a344524" testId="f36b4b36-476a-1049-d816-7b0cc33a8cd2" testName="SoftwareManagement.Api.IntegrationTests.Identity.UserAdministrationTests.REQ_IAM_004_Returns422_WhenAssigningARoleThatDoesNotExist" computerName="JSRKMANISHKUMAR" duration="00:00:00.1172623" startTime="2026-09-08T08:08:57.3614479+05:30" endTime="2026-09-08T08:08:57.4791001+05:30" testType="13cdc9d9-ddb5-4fa4-a97d-d965ccfc6d4b" outcome="Passed" testListId="8c84fa94-04c1-424b-9868-57a2d4851a1d" relativeResultsDirectory="306bcede-2a7a-4c17-b2c5-fc053a344524" />
    <UnitTestResult executionId="f0a3d840-695f-46dc-8df4-862b6bca7e0f" testId="f120ee50-de43-50ee-3818-d56c2b7aaa83" testName="SoftwareManagement.Api.IntegrationTests.Content.PageLifecycleTests.REQ_SITE_004_EditingALivePageKeepsThePublicOnTheLastPublishedVersion" computerName="JSRKMANISHKUMAR" duration="00:00:00.1387979" startTime="2026-09-08T08:09:07.0594201+05:30" endTime="2026-09-08T08:09:07.1978928+05:30" testType="13cdc9d9-ddb5-4fa4-a97d-d965ccfc6d4b" outcome="Passed" testListId="8c84fa94-04c1-424b-9868-57a2d4851a1d" relativeResultsDirectory="f0a3d840-695f-46dc-8df4-862b6bca7e0f" />
    <UnitTestResult executionId="e6934167-3fd8-4528-99d0-a1f5250058c4" testId="bb35a0d0-7d94-9cbb-7ef3-55c9a9b91774" testName="SoftwareManagement.Api.IntegrationTests.Identity.UserAdministrationTests.REQ_IAM_006_Returns409_WhenTheEmailAddressIsAlreadyRegistered" computerName="JSRKMANISHKUMAR" duration="00:00:00.0773238" startTime="2026-09-08T08:08:57.9264832+05:30" endTime="2026-09-08T08:08:58.0041616+05:30" testType="13cdc9d9-ddb5-4fa4-a97d-d965ccfc6d4b" outcome="Passed" testListId="8c84fa94-04c1-424b-9868-57a2d4851a1d" relativeResultsDirectory="e6934167-3fd8-4528-99d0-a1f5250058c4" />
    <UnitTestResult executionId="a9e9215b-fa8a-4a98-87db-8eaeb7c3c2d6" testId="070f8695-b9b9-a676-e899-56bc38145031" testName="SoftwareManagement.Api.IntegrationTests.Identity.AuthenticationTests.REQ_IAM_001_WritesASucceededLoginAttemptAndAHashedRefreshToken" computerName="JSRKMANISHKUMAR" duration="00:00:00.1264258" startTime="2026-09-08T08:09:00.9041512+05:30" endTime="2026-09-08T08:09:01.0310413+05:30" testType="13cdc9d9-ddb5-4fa4-a97d-d965ccfc6d4b" outcome="Passed" testListId="8c84fa94-04c1-424b-9868-57a2d4851a1d" relativeResultsDirectory="a9e9215b-fa8a-4a98-87db-8eaeb7c3c2d6" />
    <UnitTestResult executionId="b0a0fcde-65d5-433a-8db1-8395b5efa2a8" testId="1ebd049f-ce84-7c2d-ca03-5e2a53c1eed6" testName="SoftwareManagement.Api.IntegrationTests.Identity.AuthenticationTests.REQ_IAM_002_Returns423_OnTheSixthFailureWithinTheWindow" computerName="JSRKMANISHKUMAR" duration="00:00:00.3719316" startTime="2026-09-08T08:08:59.4166311+05:30" endTime="2026-09-08T08:08:59.7882450+05:30" testType="13cdc9d9-ddb5-4fa4-a97d-d965ccfc6d4b" outcome="Passed" testListId="8c84fa94-04c1-424b-9868-57a2d4851a1d" relativeResultsDirectory="b0a0fcde-65d5-433a-8db1-8395b5efa2a8" />
    <UnitTestResult executionId="c609d78b-f002-4a99-8aa7-91be7ef8e0b8" testId="04f42e0d-0fa0-6f7f-9d62-49d2ba8430be" testName="SoftwareManagement.Api.IntegrationTests.Catalog.PublicCatalogTests.REQ_CAT_012_Searching_a_word_that_appears_only_in_one_products_features_returns_only_that_product" computerName="JSRKMANISHKUMAR" duration="00:00:00.2537402" startTime="2026-09-08T08:08:58.5606189+05:30" endTime="2026-09-08T08:08:58.8146094+05:30" testType="13cdc9d9-ddb5-4fa4-a97d-d965ccfc6d4b" outcome="Passed" testListId="8c84fa94-04c1-424b-9868-57a2d4851a1d" relativeResultsDirectory="c609d78b-f002-4a99-8aa7-91be7ef8e0b8" />
    <UnitTestResult executionId="d1402514-15bb-4d2c-bbfa-0cee1a482542" testId="d730ccfd-ed80-6d44-d6b0-13ca355d9450" testName="SoftwareManagement.Api.IntegrationTests.Identity.UserAdministrationTests.REQ_IAM_007_EndsAccessImmediatelyAndRevokesTheRefreshToken" computerName="JSRKMANISHKUMAR" duration="00:00:00.3027084" startTime="2026-09-08T08:08:57.4793098+05:30" endTime="2026-09-08T08:08:57.7826123+05:30" testType="13cdc9d9-ddb5-4fa4-a97d-d965ccfc6d4b" outcome="Passed" testListId="8c84fa94-04c1-424b-9868-57a2d4851a1d" relativeResultsDirectory="d1402514-15bb-4d2c-bbfa-0cee1a482542" />
    <UnitTestResult executionId="6037d416-9e09-4d39-a6ec-931b7f9020ce" testId="6dcf41b0-8c85-78e0-f409-4496a03f0413" testName="SoftwareManagement.Api.IntegrationTests.Catalog.ProductCatalogTests.REQ_CAT_002_The_public_catalogue_filtered_by_a_category_returns_only_that_categorys_published_products" computerName="JSRKMANISHKUMAR" duration="00:00:00.1248604" startTime="2026-09-08T08:09:01.5008053+05:30" endTime="2026-09-08T08:09:01.6260556+05:30" testType="13cdc9d9-ddb5-4fa4-a97d-d965ccfc6d4b" outcome="Passed" testListId="8c84fa94-04c1-424b-9868-57a2d4851a1d" relativeResultsDirectory="6037d416-9e09-4d39-a6ec-931b7f9020ce" />
    <UnitTestResult executionId="73672ac4-e119-46f7-8e59-ca259feefc9d" testId="99056014-276a-2418-1142-021551643d79" testName="SoftwareManagement.Api.IntegrationTests.Content.PageLifecycleTests.REQ_SITE_006_Returns422_WhenTheScheduledTimeIsTooSoon" computerName="JSRKMANISHKUMAR" duration="00:00:00.1055267" startTime="2026-09-08T08:09:06.9527740+05:30" endTime="2026-09-08T08:09:07.0586603+05:30" testType="13cdc9d9-ddb5-4fa4-a97d-d965ccfc6d4b" outcome="Passed" testListId="8c84fa94-04c1-424b-9868-57a2d4851a1d" relativeResultsDirectory="73672ac4-e119-46f7-8e59-ca259feefc9d" />
    <UnitTestResult executionId="c82e6102-8697-46c9-bf18-0904001b6d73" testId="25aa2c9d-09b1-324e-abe7-8b3f9aaf54dc" testName="SoftwareManagement.Api.IntegrationTests.Identity.AuthenticationTests.REQ_IAM_010_Returns401_ForAnAnonymousLogout" computerName="JSRKMANISHKUMAR" duration="00:00:00.0043466" startTime="2026-09-08T08:09:01.0324447+05:30" endTime="2026-09-08T08:09:01.0359429+05:30" testType="13cdc9d9-ddb5-4fa4-a97d-d965ccfc6d4b" outcome="Passed" testListId="8c84fa94-04c1-424b-9868-57a2d4851a1d" relativeResultsDirectory="c82e6102-8697-46c9-bf18-0904001b6d73" />
    <UnitTestResult executionId="c38ee290-ec2e-4b6d-95cf-7212806a4bf9" testId="9cbd744d-df8d-cbd1-d5fa-d5056ef45006" testName="SoftwareManagement.Api.IntegrationTests.Catalog.ProductCatalogTests.REQ_CAT_008_The_demo_is_recorded_and_its_credentials_stay_out_of_the_product_response" computerName="JSRKMANISHKUMAR" duration="00:00:00.0928168" startTime="2026-09-08T08:09:01.7194721+05:30" endTime="2026-09-08T08:09:01.8126763+05:30" testType="13cdc9d9-ddb5-4fa4-a97d-d965ccfc6d4b" outcome="Passed" testListId="8c84fa94-04c1-424b-9868-57a2d4851a1d" relativeResultsDirectory="c38ee290-ec2e-4b6d-95cf-7212806a4bf9" />
    <UnitTestResult executionId="2cfee752-d7d3-4638-ae17-181b97be9ee2" testId="f154c0c4-60b1-cf57-b49d-bd2c43d2e09b" testName="SoftwareManagement.Api.IntegrationTests.Content.SiteStructureTests.REQ_SITE_012_RefusesToPublishATestimonialWithoutRecordedPermission" computerName="JSRKMANISHKUMAR" duration="00:00:00.0738699" startTime="2026-09-08T08:09:05.0463389+05:30" endTime="2026-09-08T08:09:05.1206027+05:30" testType="13cdc9d9-ddb5-4fa4-a97d-d965ccfc6d4b" outcome="Passed" testListId="8c84fa94-04c1-424b-9868-57a2d4851a1d" relativeResultsDirectory="2cfee752-d7d3-4638-ae17-181b97be9ee2" />
    <UnitTestResult executionId="0404f82a-6f34-478e-85ce-75ccfa2e2a28" testId="96b84f90-90e0-21e8-2534-5b5c13a4f991" testName="SoftwareManagement.Api.IntegrationTests.Identity.AuthorizationMatrixTests.REQ_IAM_011_LetsTheAuditorReadSignInAttempts" computerName="JSRKMANISHKUMAR" duration="00:00:00.1924733" startTime="2026-09-08T08:08:58.7068213+05:30" endTime="2026-09-08T08:08:58.8997842+05:30" testType="13cdc9d9-ddb5-4fa4-a97d-d965ccfc6d4b" outcome="Passed" testListId="8c84fa94-04c1-424b-9868-57a2d4851a1d" relativeResultsDirectory="0404f82a-6f34-478e-85ce-75ccfa2e2a28" />
    <UnitTestResult executionId="f588269a-4989-48d3-89b3-16241a714cfe" testId="a1beba10-c274-0de4-e53e-4ffe2592cd47" testName="SoftwareManagement.Api.IntegrationTests.ReadinessTests.Readiness_Answers200_WhenTheDatabaseIsReachable" computerName="JSRKMANISHKUMAR" duration="00:00:00.2918432" startTime="2026-09-08T08:08:55.6756544+05:30" endTime="2026-09-08T08:08:56.0621190+05:30" testType="13cdc9d9-ddb5-4fa4-a97d-d965ccfc6d4b" outcome="Passed" testListId="8c84fa94-04c1-424b-9868-57a2d4851a1d" relativeResultsDirectory="f588269a-4989-48d3-89b3-16241a714cfe" />
    <UnitTestResult executionId="de90a419-9ed9-4a30-b235-2e4ffb06ef9b" testId="db8b508b-3f90-ac38-3ecb-298cea80d855" testName="SoftwareManagement.Api.IntegrationTests.Content.PageLifecycleTests.REQ_SITE_001_Returns422_ForASlugLongerThanTheColumn" computerName="JSRKMANISHKUMAR" duration="00:00:00.0712528" startTime="2026-09-08T08:09:07.6663965+05:30" endTime="2026-09-08T08:09:07.7379722+05:30" testType="13cdc9d9-ddb5-4fa4-a97d-d965ccfc6d4b" outcome="Passed" testListId="8c84fa94-04c1-424b-9868-57a2d4851a1d" relativeResultsDirectory="de90a419-9ed9-4a30-b235-2e4ffb06ef9b" />
    <UnitTestResult executionId="07100e8a-58d5-410e-aace-9b2d680d0aa5" testId="a44eeae3-917c-b508-f6a2-4bc307124115" testName="SoftwareManagement.Api.IntegrationTests.Content.PageLifecycleTests.REQ_SITE_006_Returns422_WhenTheUnpublishTimeComesFirst" computerName="JSRKMANISHKUMAR" duration="00:00:00.0844821" startTime="2026-09-08T08:09:08.1712423+05:30" endTime="2026-09-08T08:09:08.2559861+05:30" testType="13cdc9d9-ddb5-4fa4-a97d-d965ccfc6d4b" outcome="Passed" testListId="8c84fa94-04c1-424b-9868-57a2d4851a1d" relativeResultsDirectory="07100e8a-58d5-410e-aace-9b2d680d0aa5" />
    <UnitTestResult executionId="b09fde3f-6a24-4820-82ea-9f2651f6c67c" testId="5127599b-5652-a090-530a-c2c6d9b47c3d" testName="SoftwareManagement.Api.IntegrationTests.Content.SiteStructureTests.REQ_SITE_010_ListsAServiceWithTheTechnologiesItUses" computerName="JSRKMANISHKUMAR" duration="00:00:00.1378601" startTime="2026-09-08T08:09:04.9073575+05:30" endTime="2026-09-08T08:09:05.0461046+05:30" testType="13cdc9d9-ddb5-4fa4-a97d-d965ccfc6d4b" outcome="Passed" testListId="8c84fa94-04c1-424b-9868-57a2d4851a1d" relativeResultsDirectory="b09fde3f-6a24-4820-82ea-9f2651f6c67c" />
    <UnitTestResult executionId="a6556417-4f46-47e5-b6f7-fdf7121aa84a" testId="650255d1-ff1a-bc01-d7cd-692b4f557d32" testName="SoftwareManagement.Api.IntegrationTests.Content.PageLifecycleTests.REQ_SITE_001_Returns409AndSuggestsAnAlternative_WhenTheSlugIsTaken" computerName="JSRKMANISHKUMAR" duration="00:00:00.0838309" startTime="2026-09-08T08:09:07.1980619+05:30" endTime="2026-09-08T08:09:07.2823995+05:30" testType="13cdc9d9-ddb5-4fa4-a97d-d965ccfc6d4b" outcome="Passed" testListId="8c84fa94-04c1-424b-9868-57a2d4851a1d" relativeResultsDirectory="a6556417-4f46-47e5-b6f7-fdf7121aa84a" />
    <UnitTestResult executionId="bb9e9693-56a9-4fba-994f-585b768f61a6" testId="f8ae64f6-9498-b068-9178-6fca3f41124a" testName="SoftwareManagement.Api.IntegrationTests.Catalog.ProductCatalogTests.REQ_CAT_007_A_feature_marked_limited_without_the_limit_itself_is_refused" computerName="JSRKMANISHKUMAR" duration="00:00:00.0963943" startTime="2026-09-08T08:09:02.1354795+05:30" endTime="2026-09-08T08:09:02.2322786+05:30" testType="13cdc9d9-ddb5-4fa4-a97d-d965ccfc6d4b" outcome="Passed" testListId="8c84fa94-04c1-424b-9868-57a2d4851a1d" relativeResultsDirectory="bb9e9693-56a9-4fba-994f-585b768f61a6" />
    <UnitTestResult executionId="ba6eca30-31b5-4f1f-a3be-57cfd2b23493" testId="356419b8-8524-1dea-c514-7521e54efc87" testName="SoftwareManagement.Api.IntegrationTests.Catalog.PublicCatalogTests.REQ_CAT_013_The_plan_table_omits_unpublished_plans_and_leaves_no_cell_blank" computerName="JSRKMANISHKUMAR" duration="00:00:00.3367210" startTime="2026-09-08T08:09:00.0195334+05:30" endTime="2026-09-08T08:09:00.3566761+05:30" testType="13cdc9d9-ddb5-4fa4-a97d-d965ccfc6d4b" outcome="Passed" testListId="8c84fa94-04c1-424b-9868-57a2d4851a1d" relativeResultsDirectory="ba6eca30-31b5-4f1f-a3be-57cfd2b23493" />
    <UnitTestResult executionId="f889ff2b-e767-4864-ab2e-ff62df323910" testId="e15c9d70-709b-a58b-7dee-658af865bbfa" testName="SoftwareManagement.Api.IntegrationTests.Catalog.PublicCatalogTests.REQ_CAT_014_A_question_saved_without_an_answer_is_refused" computerName="JSRKMANISHKUMAR" duration="00:00:00.1068840" startTime="2026-09-08T08:08:58.4531762+05:30" endTime="2026-09-08T08:08:58.5604062+05:30" testType="13cdc9d9-ddb5-4fa4-a97d-d965ccfc6d4b" outcome="Passed" testListId="8c84fa94-04c1-424b-9868-57a2d4851a1d" relativeResultsDirectory="f889ff2b-e767-4864-ab2e-ff62df323910" />
    <UnitTestResult executionId="ed3e6bb1-59d9-4d6b-80ed-fa9451abc915" testId="bd56576c-8ab9-c17e-8f92-0369874035c1" testName="SoftwareManagement.Api.IntegrationTests.Identity.AuthorizationMatrixTests.REQ_IAM_011_ClampsThePageSize_SoOneRequestCannotDrainTheTable" computerName="JSRKMANISHKUMAR" duration="00:00:00.0958345" startTime="2026-09-08T08:08:58.9000599+05:30" endTime="2026-09-08T08:08:58.9965437+05:30" testType="13cdc9d9-ddb5-4fa4-a97d-d965ccfc6d4b" outcome="Passed" testListId="8c84fa94-04c1-424b-9868-57a2d4851a1d" relativeResultsDirectory="ed3e6bb1-59d9-4d6b-80ed-fa9451abc915" />
    <UnitTestResult executionId="44744b96-3f8a-4722-b256-2869ab683c90" testId="eb96fab4-d5ea-eef7-485b-7c3ec301d1f1" testName="SoftwareManagement.Api.IntegrationTests.Content.PageLifecycleTests.REQ_SITE_003_Returns403_WhenSalesTriesToPublish" computerName="JSRKMANISHKUMAR" duration="00:00:00.1434506" startTime="2026-09-08T08:09:07.2825967+05:30" endTime="2026-09-08T08:09:07.4262704+05:30" testType="13cdc9d9-ddb5-4fa4-a97d-d965ccfc6d4b" outcome="Passed" testListId="8c84fa94-04c1-424b-9868-57a2d4851a1d" relativeResultsDirectory="44744b96-3f8a-4722-b256-2869ab683c90" />
    <UnitTestResult executionId="a0b63eee-95de-42bd-b1a4-167bb823333e" testId="35daa342-6a78-aa2b-cc7a-37c44e1b9dce" testName="SoftwareManagement.Api.IntegrationTests.Content.PageLifecycleTests.REQ_SITE_004_PublishingTheDraftReplacesWhatThePublicSees" computerName="JSRKMANISHKUMAR" duration="00:00:00.0908124" startTime="2026-09-08T08:09:07.8193901+05:30" endTime="2026-09-08T08:09:07.9105323+05:30" testType="13cdc9d9-ddb5-4fa4-a97d-d965ccfc6d4b" outcome="Passed" testListId="8c84fa94-04c1-424b-9868-57a2d4851a1d" relativeResultsDirectory="a0b63eee-95de-42bd-b1a4-167bb823333e" />
    <UnitTestResult executionId="74d40a59-b253-45e3-b431-30048111fcac" testId="29a8bfb1-e669-6f61-6740-9d3c04535eb9" testName="SoftwareManagement.Api.IntegrationTests.Identity.UserAdministrationTests.REQ_IAM_006_CreatesAUserWhoCannotSignInUntilTheySetAPassword" computerName="JSRKMANISHKUMAR" duration="00:00:00.1103054" startTime="2026-09-08T08:08:58.0044039+05:30" endTime="2026-09-08T08:08:58.1152425+05:30" testType="13cdc9d9-ddb5-4fa4-a97d-d965ccfc6d4b" outcome="Passed" testListId="8c84fa94-04c1-424b-9868-57a2d4851a1d" relativeResultsDirectory="74d40a59-b253-45e3-b431-30048111fcac" />
    <UnitTestResult executionId="9e862a09-e1a4-4bed-af65-2e2e005e4a37" testId="2cce3fe6-b1ad-5ec3-19bd-c830a57e45d1" testName="SoftwareManagement.Api.IntegrationTests.Catalog.PublicCatalogTests.REQ_CAT_015_A_product_that_has_been_public_cannot_be_deleted_only_archived" computerName="JSRKMANISHKUMAR" duration="00:00:00.3089090" startTime="2026-09-08T08:08:59.7100319+05:30" endTime="2026-09-08T08:09:00.0193353+05:30" testType="13cdc9d9-ddb5-4fa4-a97d-d965ccfc6d4b" outcome="Passed" testListId="8c84fa94-04c1-424b-9868-57a2d4851a1d" relativeResultsDirectory="9e862a09-e1a4-4bed-af65-2e2e005e4a37" />
    <UnitTestResult executionId="268b4c45-bd20-4c07-8313-46f422870748" testId="bd601a1b-a2a7-9cb6-0981-2cf6e1ae4006" testName="SoftwareManagement.Api.IntegrationTests.Catalog.PublicCatalogTests.REQ_CAT_014_Only_published_faq_items_reach_the_page_and_they_keep_their_order" computerName="JSRKMANISHKUMAR" duration="00:00:00.3036723" startTime="2026-09-08T08:08:58.8149215+05:30" endTime="2026-09-08T08:08:59.1190491+05:30" testType="13cdc9d9-ddb5-4fa4-a97d-d965ccfc6d4b" outcome="Passed" testListId="8c84fa94-04c1-424b-9868-57a2d4851a1d" relativeResultsDirectory="268b4c45-bd20-4c07-8313-46f422870748" />
    <UnitTestResult executionId="7ecd9b04-dd90-45f2-bda3-1ed6a0d953be" testId="dabfe86f-f42d-3b69-944a-8daf7bf2c339" testName="SoftwareManagement.Api.IntegrationTests.Content.SiteStructureTests.REQ_SITE_008_HidesAMenuItemWhoseTargetPageIsNotPublished" computerName="JSRKMANISHKUMAR" duration="00:00:00.2785540" startTime="2026-09-08T08:09:03.6715117+05:30" endTime="2026-09-08T08:09:03.9505478+05:30" testType="13cdc9d9-ddb5-4fa4-a97d-d965ccfc6d4b" outcome="Passed" testListId="8c84fa94-04c1-424b-9868-57a2d4851a1d" relativeResultsDirectory="7ecd9b04-dd90-45f2-bda3-1ed6a0d953be" />
    <UnitTestResult executionId="c82fbfcb-baf0-445c-9bd6-8f7f49a1f8c0" testId="3618c3b8-74bf-6405-4546-ca16ddd22aca" testName="SoftwareManagement.Api.IntegrationTests.InfrastructureRegistrationTests.SystemClock_ReturnsUtc_NeverLocalTime" computerName="JSRKMANISHKUMAR" duration="00:00:00.0027061" startTime="2026-09-08T08:08:53.1230583+05:30" endTime="2026-09-08T08:08:53.1255474+05:30" testType="13cdc9d9-ddb5-4fa4-a97d-d965ccfc6d4b" outcome="Passed" testListId="8c84fa94-04c1-424b-9868-57a2d4851a1d" relativeResultsDirectory="c82fbfcb-baf0-445c-9bd6-8f7f49a1f8c0" />
    <UnitTestResult executionId="c4e71a5d-ee15-48fe-be62-6fb20cd10ba6" testId="bf89614b-0414-ff4f-d8d7-6fd3bfc458e6" testName="SoftwareManagement.Api.IntegrationTests.Catalog.PublicCatalogTests.REQ_CAT_011_The_product_page_carries_the_features_screenshots_plans_and_faq" computerName="JSRKMANISHKUMAR" duration="00:00:00.2038881" startTime="2026-09-08T08:09:00.5631405+05:30" endTime="2026-09-08T08:09:00.7674381+05:30" testType="13cdc9d9-ddb5-4fa4-a97d-d965ccfc6d4b" outcome="Passed" testListId="8c84fa94-04c1-424b-9868-57a2d4851a1d" relativeResultsDirectory="c4e71a5d-ee15-48fe-be62-6fb20cd10ba6" />
    <UnitTestResult executionId="5d05df6b-9332-47f8-ad51-4d9720d1ffa4" testId="18289c2d-8ec1-ae26-b08d-032017c200c4" testName="SoftwareManagement.Api.IntegrationTests.Content.PageLifecycleTests.REQ_SITE_005_RestoreCreatesANewVersionAndKeepsTheOldOnes" computerName="JSRKMANISHKUMAR" duration="00:00:00.1488034" startTime="2026-09-08T08:09:07.4264374+05:30" endTime="2026-09-08T08:09:07.5756904+05:30" testType="13cdc9d9-ddb5-4fa4-a97d-d965ccfc6d4b" outcome="Passed" testListId="8c84fa94-04c1-424b-9868-57a2d4851a1d" relativeResultsDirectory="5d05df6b-9332-47f8-ad51-4d9720d1ffa4" />
    <UnitTestResult executionId="53c6ef22-6e1e-484b-b482-455ee034e136" testId="24a1b023-779f-69d7-d911-b6d5a0d7d1bc" testName="SoftwareManagement.Api.IntegrationTests.Identity.AuthorizationMatrixTests.REQ_IAM_011_Returns403_WhenAnEditorAsksForTheSignInLog" computerName="JSRKMANISHKUMAR" duration="00:00:00.0914382" startTime="2026-09-08T08:08:59.1754267+05:30" endTime="2026-09-08T08:08:59.2671789+05:30" testType="13cdc9d9-ddb5-4fa4-a97d-d965ccfc6d4b" outcome="Passed" testListId="8c84fa94-04c1-424b-9868-57a2d4851a1d" relativeResultsDirectory="53c6ef22-6e1e-484b-b482-455ee034e136" />
    <UnitTestResult executionId="d2fe3cc0-45e1-4f93-8f3b-76d3bc1b6ee7" testId="432c57b3-afaf-a2a2-6e25-ae83353508e5" testName="SoftwareManagement.Api.IntegrationTests.Identity.AuthenticationTests.REQ_IAM_008_Returns202ForAnyAddress_SoTheEndpointCannotEnumerateAccounts" computerName="JSRKMANISHKUMAR" duration="00:00:00.0247884" startTime="2026-09-08T08:09:01.0361298+05:30" endTime="2026-09-08T08:09:01.0613392+05:30" testType="13cdc9d9-ddb5-4fa4-a97d-d965ccfc6d4b" outcome="Passed" testListId="8c84fa94-04c1-424b-9868-57a2d4851a1d" relativeResultsDirectory="d2fe3cc0-45e1-4f93-8f3b-76d3bc1b6ee7" />
    <UnitTestResult executionId="d09234d0-59bf-4504-9065-118a8c992c63" testId="1075b361-3474-da3a-6371-c54fdce27d6f" testName="SoftwareManagement.Api.IntegrationTests.Catalog.ProductCatalogTests.REQ_CAT_006_A_yearly_price_above_twelve_monthly_payments_is_refused" computerName="JSRKMANISHKUMAR" duration="00:00:00.0900871" startTime="2026-09-08T08:09:03.0873972+05:30" endTime="2026-09-08T08:09:03.1778974+05:30" testType="13cdc9d9-ddb5-4fa4-a97d-d965ccfc6d4b" outcome="Passed" testListId="8c84fa94-04c1-424b-9868-57a2d4851a1d" relativeResultsDirectory="d09234d0-59bf-4504-9065-118a8c992c63" />
    <UnitTestResult executionId="4e62338f-b0cd-4740-a49e-14a33b4516aa" testId="3c4a8281-55e8-81cf-ec65-d62faf6046eb" testName="SoftwareManagement.Api.IntegrationTests.Identity.AuthenticationTests.REQ_IAM_012_Returns401MfaRequired_WhenTwoFactorIsEnrolledAndNoCodeIsSupplied" computerName="JSRKMANISHKUMAR" duration="00:00:00.0928706" startTime="2026-09-08T08:09:00.7328473+05:30" endTime="2026-09-08T08:09:00.8259907+05:30" testType="13cdc9d9-ddb5-4fa4-a97d-d965ccfc6d4b" outcome="Passed" testListId="8c84fa94-04c1-424b-9868-57a2d4851a1d" relativeResultsDirectory="4e62338f-b0cd-4740-a49e-14a33b4516aa" />
    <UnitTestResult executionId="7f01dc72-11d3-4f8c-9e45-0a6926e50725" testId="a0519aa0-43fa-d24a-1afe-7b55decb6738" testName="SoftwareManagement.Api.IntegrationTests.Catalog.PublicCatalogTests.REQ_CAT_015_Archiving_removes_a_product_from_the_catalogue_and_keeps_its_address_claimed" computerName="JSRKMANISHKUMAR" duration="00:00:00.3520941" startTime="2026-09-08T08:08:59.3573167+05:30" endTime="2026-09-08T08:08:59.7098432+05:30" testType="13cdc9d9-ddb5-4fa4-a97d-d965ccfc6d4b" outcome="Passed" testListId="8c84fa94-04c1-424b-9868-57a2d4851a1d" relativeResultsDirectory="7f01dc72-11d3-4f8c-9e45-0a6926e50725" />
    <UnitTestResult executionId="57075ce0-82bc-437d-9640-bd47ca8aa400" testId="33e405e1-dace-7f47-bbb0-f632a0a4e6d2" testName="SoftwareManagement.Api.IntegrationTests.InfrastructureRegistrationTests.AddInfrastructure_Throws_WhenTheConnectionStringIsBlank" computerName="JSRKMANISHKUMAR" duration="00:00:00.0107828" startTime="2026-09-08T08:08:53.1147222+05:30" endTime="2026-09-08T08:08:53.1148697+05:30" testType="13cdc9d9-ddb5-4fa4-a97d-d965ccfc6d4b" outcome="Passed" testListId="8c84fa94-04c1-424b-9868-57a2d4851a1d" relativeResultsDirectory="57075ce0-82bc-437d-9640-bd47ca8aa400" />
    <UnitTestResult executionId="19ba1758-e107-4752-85f2-9448d9a50a5e" testId="7dd048fb-7022-3dae-6af9-0819966852a5" testName="SoftwareManagement.Api.IntegrationTests.Content.PageLifecycleTests.REQ_SITE_003_WritesAContentVersionOnEveryPublish" computerName="JSRKMANISHKUMAR" duration="00:00:00.0806833" startTime="2026-09-08T08:09:07.7381317+05:30" endTime="2026-09-08T08:09:07.8192218+05:30" testType="13cdc9d9-ddb5-4fa4-a97d-d965ccfc6d4b" outcome="Passed" testListId="8c84fa94-04c1-424b-9868-57a2d4851a1d" relativeResultsDirectory="19ba1758-e107-4752-85f2-9448d9a50a5e" />
    <UnitTestResult executionId="d88bfd89-b1c4-40d5-a641-fc8678603736" testId="2ce37273-daad-409d-f736-1d18af71ab9e" testName="SoftwareManagement.Api.IntegrationTests.ErrorContractTests.UnhandledException_ReturnsRfc9457ProblemDetails_WithATraceIdAndNoStackTrace" computerName="JSRKMANISHKUMAR" duration="00:00:00.2656149" startTime="2026-09-08T08:08:56.0695383+05:30" endTime="2026-09-08T08:08:56.3355719+05:30" testType="13cdc9d9-ddb5-4fa4-a97d-d965ccfc6d4b" outcome="Passed" testListId="8c84fa94-04c1-424b-9868-57a2d4851a1d" relativeResultsDirectory="d88bfd89-b1c4-40d5-a641-fc8678603736" />
    <UnitTestResult executionId="61067512-0a30-4095-9d26-be3563cf7232" testId="3ff15186-44db-3e4f-62a9-99bc40d059d8" testName="SoftwareManagement.Api.IntegrationTests.Identity.UserAdministrationTests.REQ_IAM_007_Returns404_ForAUserThatDoesNotExist" computerName="JSRKMANISHKUMAR" duration="00:00:00.1183960" startTime="2026-09-08T08:08:56.9389484+05:30" endTime="2026-09-08T08:08:57.0577576+05:30" testType="13cdc9d9-ddb5-4fa4-a97d-d965ccfc6d4b" outcome="Passed" testListId="8c84fa94-04c1-424b-9868-57a2d4851a1d" relativeResultsDirectory="61067512-0a30-4095-9d26-be3563cf7232" />
    <UnitTestResult executionId="57baf920-eb38-4ac8-aab2-4eb4d6dfcd6b" testId="36b625fb-743b-53a8-b934-35c4775d4639" testName="SoftwareManagement.Api.IntegrationTests.InfrastructureRegistrationTests.AddInfrastructure_Throws_WhenTheConnectionStringIsMissing" computerName="JSRKMANISHKUMAR" duration="00:00:00.0163046" startTime="2026-09-08T08:08:53.1150927+05:30" endTime="2026-09-08T08:08:53.1227844+05:30" testType="13cdc9d9-ddb5-4fa4-a97d-d965ccfc6d4b" outcome="Passed" testListId="8c84fa94-04c1-424b-9868-57a2d4851a1d" relativeResultsDirectory="57baf920-eb38-4ac8-aab2-4eb4d6dfcd6b" />
    <UnitTestResult executionId="74e82bad-1abe-4117-a458-d7fb19e1d5a1" testId="05ad373a-5793-c0f7-c0dd-664a84b0500d" testName="SoftwareManagement.Api.IntegrationTests.PipelineTests.SecurePing_Returns401_ForAGarbageToken" computerName="JSRKMANISHKUMAR" duration="00:00:05.8033249" startTime="2026-09-08T08:08:50.2859695+05:30" endTime="2026-09-08T08:08:56.0625728+05:30" testType="13cdc9d9-ddb5-4fa4-a97d-d965ccfc6d4b" outcome="Passed" testListId="8c84fa94-04c1-424b-9868-57a2d4851a1d" relativeResultsDirectory="74e82bad-1abe-4117-a458-d7fb19e1d5a1" />
    <UnitTestResult executionId="47b4a65a-b441-4037-bded-cd1fb1ea4544" testId="7d6b297f-7f47-52a4-5b3e-d80ba9a4b81f" testName="SoftwareManagement.Api.IntegrationTests.Catalog.ProductCatalogTests.REQ_CAT_001_A_new_product_is_stored_as_a_draft_and_stays_out_of_the_public_catalogue" computerName="JSRKMANISHKUMAR" duration="00:00:00.0925799" startTime="2026-09-08T08:09:01.6269249+05:30" endTime="2026-09-08T08:09:01.7192865+05:30" testType="13cdc9d9-ddb5-4fa4-a97d-d965ccfc6d4b" outcome="Passed" testListId="8c84fa94-04c1-424b-9868-57a2d4851a1d" relativeResultsDirectory="47b4a65a-b441-4037-bded-cd1fb1ea4544" />
    <UnitTestResult executionId="08429ea0-bce8-4da7-8689-f8c0df556439" testId="0e70e851-1c00-7339-50d5-a521bd649c30" testName="SoftwareManagement.Api.IntegrationTests.Catalog.ProductCatalogTests.REQ_CAT_007_Every_cell_of_the_plan_comparison_carries_a_definite_answer" computerName="JSRKMANISHKUMAR" duration="00:00:00.1430784" startTime="2026-09-08T08:09:01.2565643+05:30" endTime="2026-09-08T08:09:01.4000917+05:30" testType="13cdc9d9-ddb5-4fa4-a97d-d965ccfc6d4b" outcome="Passed" testListId="8c84fa94-04c1-424b-9868-57a2d4851a1d" relativeResultsDirectory="08429ea0-bce8-4da7-8689-f8c0df556439" />
    <UnitTestResult executionId="b21d9fde-1ec7-40dd-a9d2-690513205e71" testId="29c6d260-cd84-ff3c-82a8-89b2873feef9" testName="SoftwareManagement.Api.IntegrationTests.PipelineTests.PublicPing_IsReachableAnonymously" computerName="JSRKMANISHKUMAR" duration="00:00:00.0196413" startTime="2026-09-08T08:08:56.1033712+05:30" endTime="2026-09-08T08:08:56.1214863+05:30" testType="13cdc9d9-ddb5-4fa4-a97d-d965ccfc6d4b" outcome="Passed" testListId="8c84fa94-04c1-424b-9868-57a2d4851a1d" relativeResultsDirectory="b21d9fde-1ec7-40dd-a9d2-690513205e71" />
    <UnitTestResult executionId="1209796d-bf70-4412-9be1-c22661a0f7a5" testId="a8ffe9dc-6131-1c6c-9cb1-5103a9b93973" testName="SoftwareManagement.Api.IntegrationTests.Identity.AuthorizationMatrixTests.REQ_IAM_005_AllowsExactlyTheFrozenAnonymousAllowlist" computerName="JSRKMANISHKUMAR" duration="00:00:00.1062564" startTime="2026-09-08T08:08:58.5999696+05:30" endTime="2026-09-08T08:08:58.7065984+05:30" testType="13cdc9d9-ddb5-4fa4-a97d-d965ccfc6d4b" outcome="Passed" testListId="8c84fa94-04c1-424b-9868-57a2d4851a1d" relativeResultsDirectory="1209796d-bf70-4412-9be1-c22661a0f7a5" />
    <UnitTestResult executionId="77e18360-6231-47b3-a298-d4bfe81ff8d1" testId="1fd87e0a-7162-9ddc-814b-64dbc5aafc81" testName="SoftwareManagement.Api.IntegrationTests.Content.PageLifecycleTests.REQ_SITE_005_Returns404_ForAVersionThatDoesNotExist" computerName="JSRKMANISHKUMAR" duration="00:00:00.1409362" startTime="2026-09-08T08:09:06.3861616+05:30" endTime="2026-09-08T08:09:06.5277188+05:30" testType="13cdc9d9-ddb5-4fa4-a97d-d965ccfc6d4b" outcome="Passed" testListId="8c84fa94-04c1-424b-9868-57a2d4851a1d" relativeResultsDirectory="77e18360-6231-47b3-a298-d4bfe81ff8d1" />
    <UnitTestResult executionId="30e72756-568e-4759-8b79-5738d69b4e12" testId="20767a5d-5cd9-fc5d-a3d9-026d4d6e8d89" testName="SoftwareManagement.Api.IntegrationTests.Catalog.ProductCatalogTests.REQ_CAT_003_A_second_feature_with_a_name_the_product_already_lists_is_refused" computerName="JSRKMANISHKUMAR" duration="00:00:00.0900498" startTime="2026-09-08T08:09:02.0448564+05:30" endTime="2026-09-08T08:09:02.1352897+05:30" testType="13cdc9d9-ddb5-4fa4-a97d-d965ccfc6d4b" outcome="Passed" testListId="8c84fa94-04c1-424b-9868-57a2d4851a1d" relativeResultsDirectory="30e72756-568e-4759-8b79-5738d69b4e12" />
    <UnitTestResult executionId="c4603a7f-452f-43f7-8bda-3d6726c81e1c" testId="47d95d40-350a-876b-e176-8c8fcf147901" testName="SoftwareManagement.Api.IntegrationTests.Identity.UserAdministrationTests.REQ_IAM_004_ChangesAUsersRoleAndAuditsTheChange" computerName="JSRKMANISHKUMAR" duration="00:00:00.3028692" startTime="2026-09-08T08:08:57.0587615+05:30" endTime="2026-09-08T08:08:57.3612358+05:30" testType="13cdc9d9-ddb5-4fa4-a97d-d965ccfc6d4b" outcome="Passed" testListId="8c84fa94-04c1-424b-9868-57a2d4851a1d" relativeResultsDirectory="c4603a7f-452f-43f7-8bda-3d6726c81e1c" />
    <UnitTestResult executionId="63bb5563-abc6-496a-a1d3-381453aea7c2" testId="25df0403-a902-dbd5-659a-3fd726a1b888" testName="SoftwareManagement.Api.IntegrationTests.Content.SiteStructureTests.REQ_SITE_012_Returns422_ForABannerThatEndsBeforeItStarts" computerName="JSRKMANISHKUMAR" duration="00:00:00.0841234" startTime="2026-09-08T08:09:06.1078481+05:30" endTime="2026-09-08T08:09:06.1924482+05:30" testType="13cdc9d9-ddb5-4fa4-a97d-d965ccfc6d4b" outcome="Passed" testListId="8c84fa94-04c1-424b-9868-57a2d4851a1d" relativeResultsDirectory="63bb5563-abc6-496a-a1d3-381453aea7c2" />
    <UnitTestResult executionId="b9bcb24b-361a-438b-befe-b9ba70df92ae" testId="a7eef393-87cd-b147-3942-ed2a1c709d72" testName="SoftwareManagement.Api.IntegrationTests.Identity.AuthorizationMatrixTests.REQ_IAM_005_Returns401_ForEveryAdministrationRouteWithoutAToken" computerName="JSRKMANISHKUMAR" duration="00:00:00.0050885" startTime="2026-09-08T08:08:58.9986154+05:30" endTime="2026-09-08T08:08:59.0030517+05:30" testType="13cdc9d9-ddb5-4fa4-a97d-d965ccfc6d4b" outcome="Passed" testListId="8c84fa94-04c1-424b-9868-57a2d4851a1d" relativeResultsDirectory="b9bcb24b-361a-438b-befe-b9ba70df92ae" />
    <UnitTestResult executionId="19a0763e-e485-4e37-acaf-b4ad9dcdac29" testId="0d83c265-ba1b-34f7-0456-597283a4004a" testName="SoftwareManagement.Api.IntegrationTests.Content.SiteStructureTests.REQ_SITE_009_Returns400_WhenNoFileIsSent" computerName="JSRKMANISHKUMAR" duration="00:00:00.0716916" startTime="2026-09-08T08:09:06.0357025+05:30" endTime="2026-09-08T08:09:06.1076835+05:30" testType="13cdc9d9-ddb5-4fa4-a97d-d965ccfc6d4b" outcome="Passed" testListId="8c84fa94-04c1-424b-9868-57a2d4851a1d" relativeResultsDirectory="19a0763e-e485-4e37-acaf-b4ad9dcdac29" />
    <UnitTestResult executionId="1e462c5b-322f-45ff-a874-78a168b02adc" testId="b43047a3-4b96-184d-85df-9c86405d2c76" testName="SoftwareManagement.Api.IntegrationTests.Content.SiteStructureTests.REQ_SITE_009_StoresAnUploadedImageWithItsDimensionsAndChecksum" computerName="JSRKMANISHKUMAR" duration="00:00:00.9144396" startTime="2026-09-08T08:09:05.1207728+05:30" endTime="2026-09-08T08:09:06.0355139+05:30" testType="13cdc9d9-ddb5-4fa4-a97d-d965ccfc6d4b" outcome="Passed" testListId="8c84fa94-04c1-424b-9868-57a2d4851a1d" relativeResultsDirectory="1e462c5b-322f-45ff-a874-78a168b02adc" />
    <UnitTestResult executionId="9e1e9774-9dc8-45d4-aea3-deecc596e12b" testId="75d5ef8f-7fb6-297d-e9fd-082e02e1058f" testName="SoftwareManagement.Api.IntegrationTests.Identity.AuthorizationMatrixTests.REQ_IAM_004_GivesEachRoleExactlyThePermissionsTheMatrixGrantsIt" computerName="JSRKMANISHKUMAR" duration="00:00:00.4835287" startTime="2026-09-08T08:08:58.1155923+05:30" endTime="2026-09-08T08:08:58.5997662+05:30" testType="13cdc9d9-ddb5-4fa4-a97d-d965ccfc6d4b" outcome="Passed" testListId="8c84fa94-04c1-424b-9868-57a2d4851a1d" relativeResultsDirectory="9e1e9774-9dc8-45d4-aea3-deecc596e12b" />
    <UnitTestResult executionId="94100321-5c49-463d-8da9-a6321bc6f11e" testId="31b5e945-5555-af33-c5a7-3bf48ec2f7ef" testName="SoftwareManagement.Api.IntegrationTests.Content.PageLifecycleTests.REQ_SITE_011_LeavesA301BehindWhenAPublishedPageIsRenamed" computerName="JSRKMANISHKUMAR" duration="00:00:00.1046821" startTime="2026-09-08T08:09:07.9116884+05:30" endTime="2026-09-08T08:09:08.0158471+05:30" testType="13cdc9d9-ddb5-4fa4-a97d-d965ccfc6d4b" outcome="Passed" testListId="8c84fa94-04c1-424b-9868-57a2d4851a1d" relativeResultsDirectory="94100321-5c49-463d-8da9-a6321bc6f11e" />
    <UnitTestResult executionId="09e2f125-8441-4898-b0a3-fca505d2576e" testId="5dc97ee6-96a1-d4f1-b389-915c35a759f8" testName="SoftwareManagement.Api.IntegrationTests.Identity.AuthenticationTests.REQ_IAM_009_Returns422_WhenTheNewPasswordIsTooShort" computerName="JSRKMANISHKUMAR" duration="00:00:00.1560693" startTime="2026-09-08T08:08:59.7885295+05:30" endTime="2026-09-08T08:08:59.9449576+05:30" testType="13cdc9d9-ddb5-4fa4-a97d-d965ccfc6d4b" outcome="Passed" testListId="8c84fa94-04c1-424b-9868-57a2d4851a1d" relativeResultsDirectory="09e2f125-8441-4898-b0a3-fca505d2576e" />
    <UnitTestResult executionId="cd910f92-27e9-4ea4-bf95-d001c14f0cad" testId="cc0f14a6-303e-74bc-b65f-11c13ba17035" testName="SoftwareManagement.Api.IntegrationTests.Catalog.ProductCatalogTests.REQ_CAT_008_Demo_credentials_are_returned_only_to_a_caller_holding_the_demo_permission" computerName="JSRKMANISHKUMAR" duration="00:00:00.3367215" startTime="2026-09-08T08:09:02.5263731+05:30" endTime="2026-09-08T08:09:02.8630085+05:30" testType="13cdc9d9-ddb5-4fa4-a97d-d965ccfc6d4b" outcome="Passed" testListId="8c84fa94-04c1-424b-9868-57a2d4851a1d" relativeResultsDirectory="cd910f92-27e9-4ea4-bf95-d001c14f0cad" />
    <UnitTestResult executionId="adfb3351-8457-4fb9-bb17-7206ff7d4f59" testId="ce0c7339-3f91-6b04-e1bd-4604ebf0603c" testName="SoftwareManagement.Api.IntegrationTests.Content.SiteStructureTests.REQ_SITE_009_Returns415_WhenTheBytesDoNotMatchTheClaimedType" computerName="JSRKMANISHKUMAR" duration="00:00:00.0944302" startTime="2026-09-08T08:09:04.1529927+05:30" endTime="2026-09-08T08:09:04.2478485+05:30" testType="13cdc9d9-ddb5-4fa4-a97d-d965ccfc6d4b" outcome="Passed" testListId="8c84fa94-04c1-424b-9868-57a2d4851a1d" relativeResultsDirectory="adfb3351-8457-4fb9-bb17-7206ff7d4f59" />
    <UnitTestResult executionId="949b67a2-eb43-474b-ba42-d68a9e84e57b" testId="9503c57b-6485-f82e-c71c-bb111396f515" testName="SoftwareManagement.Api.IntegrationTests.Identity.AuthorizationMatrixTests.REQ_IAM_004_Returns403_WhenAnEditorCallsAnAdministrationEndpoint" computerName="JSRKMANISHKUMAR" duration="00:00:00.0725868" startTime="2026-09-08T08:08:59.1022948+05:30" endTime="2026-09-08T08:08:59.1752195+05:30" testType="13cdc9d9-ddb5-4fa4-a97d-d965ccfc6d4b" outcome="Passed" testListId="8c84fa94-04c1-424b-9868-57a2d4851a1d" relativeResultsDirectory="949b67a2-eb43-474b-ba42-d68a9e84e57b" />
    <UnitTestResult executionId="47de0975-4ecd-40a1-828a-a5975a00836a" testId="a8e6d58c-13a8-c2a8-426b-c3e504181d0d" testName="SoftwareManagement.Api.IntegrationTests.Catalog.ProductCatalogTests.REQ_CAT_005_The_public_card_quotes_the_cheapest_published_paid_plan" computerName="JSRKMANISHKUMAR" duration="00:00:00.1070434" startTime="2026-09-08T08:09:02.4180739+05:30" endTime="2026-09-08T08:09:02.5255349+05:30" testType="13cdc9d9-ddb5-4fa4-a97d-d965ccfc6d4b" outcome="Passed" testListId="8c84fa94-04c1-424b-9868-57a2d4851a1d" relativeResultsDirectory="47de0975-4ecd-40a1-828a-a5975a00836a" />
    <UnitTestResult executionId="169a4590-2819-4566-aa2d-e3890eaf5382" testId="5b984aa4-fcc2-26e5-86de-8c42ddbd4ee0" testName="SoftwareManagement.Api.IntegrationTests.Catalog.PublicCatalogTests.REQ_CAT_009_A_complete_product_publishes_and_appears_in_the_public_catalogue" computerName="JSRKMANISHKUMAR" duration="00:00:00.1848017" startTime="2026-09-08T08:09:01.0707727+05:30" endTime="2026-09-08T08:09:01.2562782+05:30" testType="13cdc9d9-ddb5-4fa4-a97d-d965ccfc6d4b" outcome="Passed" testListId="8c84fa94-04c1-424b-9868-57a2d4851a1d" relativeResultsDirectory="169a4590-2819-4566-aa2d-e3890eaf5382" />
    <UnitTestResult executionId="381decbc-2b53-4f8f-9566-b8095bef3030" testId="5b8398b7-568f-b8bb-7ca4-d03b5695abf8" testName="SoftwareManagement.Api.IntegrationTests.Catalog.ProductCatalogTests.REQ_CAT_003_Reordering_features_leaves_the_stored_positions_contiguous" computerName="JSRKMANISHKUMAR" duration="00:00:00.1520980" startTime="2026-09-08T08:09:01.8128661+05:30" endTime="2026-09-08T08:09:01.9654181+05:30" testType="13cdc9d9-ddb5-4fa4-a97d-d965ccfc6d4b" outcome="Passed" testListId="8c84fa94-04c1-424b-9868-57a2d4851a1d" relativeResultsDirectory="381decbc-2b53-4f8f-9566-b8095bef3030" />
    <UnitTestResult executionId="78796811-8aac-43ae-8262-ff628e70523b" testId="1360d691-9702-517e-6889-732774a3a26b" testName="SoftwareManagement.Api.IntegrationTests.PipelineTests.EveryResponse_CarriesTheRequiredSecurityHeaders" computerName="JSRKMANISHKUMAR" duration="00:00:00.0105604" startTime="2026-09-08T08:08:56.1272743+05:30" endTime="2026-09-08T08:08:56.1383444+05:30" testType="13cdc9d9-ddb5-4fa4-a97d-d965ccfc6d4b" outcome="Passed" testListId="8c84fa94-04c1-424b-9868-57a2d4851a1d" relativeResultsDirectory="78796811-8aac-43ae-8262-ff628e70523b" />
    <UnitTestResult executionId="1b73cd3a-bf3d-4fec-9683-6df1dfe7d321" testId="0c956bf7-f5bc-76ee-2b6d-b60d31b69802" testName="SoftwareManagement.Api.IntegrationTests.Content.PageLifecycleTests.REQ_SITE_001_CreatesAPageAsADraftThatThePublicCannotSee" computerName="JSRKMANISHKUMAR" duration="00:00:00.1483312" startTime="2026-09-08T08:09:06.5278930+05:30" endTime="2026-09-08T08:09:06.6766920+05:30" testType="13cdc9d9-ddb5-4fa4-a97d-d965ccfc6d4b" outcome="Passed" testListId="8c84fa94-04c1-424b-9868-57a2d4851a1d" relativeResultsDirectory="1b73cd3a-bf3d-4fec-9683-6df1dfe7d321" />
    <UnitTestResult executionId="391a147a-abf7-4656-900e-006b494148c7" testId="cb9c3f17-15cd-93b3-0a6d-d91098880341" testName="SoftwareManagement.Api.IntegrationTests.PipelineTests.UnknownRoute_Returns404_AndNeverLeaksAStackTrace" computerName="JSRKMANISHKUMAR" duration="00:00:00.0257286" startTime="2026-09-08T08:08:56.0628000+05:30" endTime="2026-09-08T08:08:56.0886138+05:30" testType="13cdc9d9-ddb5-4fa4-a97d-d965ccfc6d4b" outcome="Passed" testListId="8c84fa94-04c1-424b-9868-57a2d4851a1d" relativeResultsDirectory="391a147a-abf7-4656-900e-006b494148c7" />
    <UnitTestResult executionId="aa3b1190-5bff-4908-88fa-eeafed5d6dc2" testId="08351177-d710-4c67-897f-ff7aba5eadea" testName="SoftwareManagement.Api.IntegrationTests.ReadinessTests.MigrationsHistory_ContainsTheInitialMigration_SoTheSchemaIsBuiltFromMigrationsAlone" computerName="JSRKMANISHKUMAR" duration="00:00:00.0105021" startTime="2026-09-08T08:08:56.0624789+05:30" endTime="2026-09-08T08:08:56.2132966+05:30" testType="13cdc9d9-ddb5-4fa4-a97d-d965ccfc6d4b" outcome="Passed" testListId="8c84fa94-04c1-424b-9868-57a2d4851a1d" relativeResultsDirectory="aa3b1190-5bff-4908-88fa-eeafed5d6dc2" />
    <UnitTestResult executionId="87d368f0-fa0c-4cc5-ac7e-8819db4a359e" testId="7ba7d296-b191-aefe-8bf9-54b9c587cb83" testName="SoftwareManagement.Api.IntegrationTests.Catalog.ProductCatalogTests.REQ_CAT_004_A_screenshot_pointing_at_an_image_nobody_uploaded_is_refused" computerName="JSRKMANISHKUMAR" duration="00:00:00.0788105" startTime="2026-09-08T08:09:02.8632285+05:30" endTime="2026-09-08T08:09:02.9422823+05:30" testType="13cdc9d9-ddb5-4fa4-a97d-d965ccfc6d4b" outcome="Passed" testListId="8c84fa94-04c1-424b-9868-57a2d4851a1d" relativeResultsDirectory="87d368f0-fa0c-4cc5-ac7e-8819db4a359e" />
    <UnitTestResult executionId="d81eb041-61fd-4b44-97aa-8b0281274716" testId="47a6939e-eed9-59bc-303f-527912e03665" testName="SoftwareManagement.Api.IntegrationTests.ReadinessTests.Model_HasNoPendingChanges_SoTheDatabaseMatchesTheCode" computerName="JSRKMANISHKUMAR" duration="00:00:00.4876304" startTime="2026-09-08T08:08:50.2858915+05:30" endTime="2026-09-08T08:08:55.6739295+05:30" testType="13cdc9d9-ddb5-4fa4-a97d-d965ccfc6d4b" outcome="Passed" testListId="8c84fa94-04c1-424b-9868-57a2d4851a1d" relativeResultsDirectory="d81eb041-61fd-4b44-97aa-8b0281274716" />
    <UnitTestResult executionId="0a3e0f09-2e4e-4a8f-bcc4-4c40e3c54c52" testId="bcee3310-1f4f-1a94-7003-3d9995b04747" testName="SoftwareManagement.Api.IntegrationTests.Identity.AuthenticationTests.REQ_IAM_001_Returns200AndAnAccessToken_ForCorrectCredentials" computerName="JSRKMANISHKUMAR" duration="00:00:00.0774176" startTime="2026-09-08T08:09:00.8262006+05:30" endTime="2026-09-08T08:09:00.9039333+05:30" testType="13cdc9d9-ddb5-4fa4-a97d-d965ccfc6d4b" outcome="Passed" testListId="8c84fa94-04c1-424b-9868-57a2d4851a1d" relativeResultsDirectory="0a3e0f09-2e4e-4a8f-bcc4-4c40e3c54c52" />
    <UnitTestResult executionId="11fa2c72-2d8f-4d37-a52a-6fabab51c345" testId="451a92a6-a64e-08f2-d5ed-4c678e13c7a5" testName="SoftwareManagement.Api.IntegrationTests.Content.SiteStructureTests.REQ_SITE_012_ShowsOnlyPermittedTestimonialsOnThePublicSite" computerName="JSRKMANISHKUMAR" duration="00:00:00.1929842" startTime="2026-09-08T08:09:04.3327697+05:30" endTime="2026-09-08T08:09:04.5260017+05:30" testType="13cdc9d9-ddb5-4fa4-a97d-d965ccfc6d4b" outcome="Passed" testListId="8c84fa94-04c1-424b-9868-57a2d4851a1d" relativeResultsDirectory="11fa2c72-2d8f-4d37-a52a-6fabab51c345" />
    <UnitTestResult executionId="55197dc4-9441-4722-9ba4-0de7867d089d" testId="40e9bda7-3453-237a-699d-ea4b13500f77" testName="SoftwareManagement.Api.IntegrationTests.Catalog.PublicCatalogTests.REQ_CAT_011_The_demo_disappears_from_the_page_once_it_has_failed_twice" computerName="JSRKMANISHKUMAR" duration="00:00:00.3026268" startTime="2026-09-08T08:09:00.7676410+05:30" endTime="2026-09-08T08:09:01.0705906+05:30" testType="13cdc9d9-ddb5-4fa4-a97d-d965ccfc6d4b" outcome="Passed" testListId="8c84fa94-04c1-424b-9868-57a2d4851a1d" relativeResultsDirectory="55197dc4-9441-4722-9ba4-0de7867d089d" />
    <UnitTestResult executionId="6ff6054d-b2a7-4516-b910-bac9e101b58b" testId="10fc1172-5b9a-e433-95fe-23acc6955168" testName="SoftwareManagement.Api.IntegrationTests.Identity.AuthenticationTests.REQ_IAM_012_DoesNotDemandACode_WhenTwoFactorIsNotEnrolled" computerName="JSRKMANISHKUMAR" duration="00:00:00.0781131" startTime="2026-09-08T08:09:00.4263994+05:30" endTime="2026-09-08T08:09:00.5047488+05:30" testType="13cdc9d9-ddb5-4fa4-a97d-d965ccfc6d4b" outcome="Passed" testListId="8c84fa94-04c1-424b-9868-57a2d4851a1d" relativeResultsDirectory="6ff6054d-b2a7-4516-b910-bac9e101b58b" />
    <UnitTestResult executionId="2ba301c7-92a0-4d35-abaa-fa83677895d6" testId="a7589c65-4b3c-6769-1c79-07ce362e8074" testName="SoftwareManagement.Api.IntegrationTests.Catalog.ProductCatalogTests.REQ_CAT_004_A_screenshot_is_attached_in_its_own_position_in_the_gallery" computerName="JSRKMANISHKUMAR" duration="00:00:00.0968272" startTime="2026-09-08T08:09:02.3206748+05:30" endTime="2026-09-08T08:09:02.4178943+05:30" testType="13cdc9d9-ddb5-4fa4-a97d-d965ccfc6d4b" outcome="Passed" testListId="8c84fa94-04c1-424b-9868-57a2d4851a1d" relativeResultsDirectory="2ba301c7-92a0-4d35-abaa-fa83677895d6" />
    <UnitTestResult executionId="2c1b3506-9169-4c2f-8225-dc3ce390a1d4" testId="4d242859-f241-d662-d4c4-70c565e1c9e5" testName="SoftwareManagement.Api.IntegrationTests.Content.PageLifecycleTests.REQ_SITE_007_ReportsEachFailureIndividuallyInABulkPublish" computerName="JSRKMANISHKUMAR" duration="00:00:00.1363638" startTime="2026-09-08T08:09:06.6768612+05:30" endTime="2026-09-08T08:09:06.8135428+05:30" testType="13cdc9d9-ddb5-4fa4-a97d-d965ccfc6d4b" outcome="Passed" testListId="8c84fa94-04c1-424b-9868-57a2d4851a1d" relativeResultsDirectory="2c1b3506-9169-4c2f-8225-dc3ce390a1d4" />
    <UnitTestResult executionId="d5b456aa-e8a6-4c42-a398-caae9bbd3432" testId="0aded220-a7b5-cd75-13fe-6a41f44c5daa" testName="SoftwareManagement.Api.IntegrationTests.Content.PageLifecycleTests.REQ_SITE_007_Returns400_WhenNothingIsSelected" computerName="JSRKMANISHKUMAR" duration="00:00:00.0729569" startTime="2026-09-08T08:09:08.0160347+05:30" endTime="2026-09-08T08:09:08.0893878+05:30" testType="13cdc9d9-ddb5-4fa4-a97d-d965ccfc6d4b" outcome="Passed" testListId="8c84fa94-04c1-424b-9868-57a2d4851a1d" relativeResultsDirectory="d5b456aa-e8a6-4c42-a398-caae9bbd3432" />
    <UnitTestResult executionId="c0c7ed0e-73ba-45e6-93ce-95b0275c011f" testId="c66b1e93-356c-3920-939c-31daf6086f2e" testName="SoftwareManagement.Api.IntegrationTests.Identity.AuthenticationTests.REQ_IAM_010_RevokesTheRefreshTokenSoTheSessionCannotBeResumed" computerName="JSRKMANISHKUMAR" duration="00:00:00.1475044" startTime="2026-09-08T08:08:59.2675448+05:30" endTime="2026-09-08T08:08:59.4155493+05:30" testType="13cdc9d9-ddb5-4fa4-a97d-d965ccfc6d4b" outcome="Passed" testListId="8c84fa94-04c1-424b-9868-57a2d4851a1d" relativeResultsDirectory="c0c7ed0e-73ba-45e6-93ce-95b0275c011f" />
    <UnitTestResult executionId="d0a54db5-37ef-4161-be79-a8b8682b6bae" testId="f47e28a9-d32b-4490-cb8d-51b4e72efa8f" testName="SoftwareManagement.Api.IntegrationTests.Catalog.PublicCatalogTests.REQ_CAT_009_The_readiness_report_says_what_is_missing_before_the_button_is_pressed" computerName="JSRKMANISHKUMAR" duration="00:00:00.1417586" startTime="2026-09-08T08:08:59.2153061+05:30" endTime="2026-09-08T08:08:59.3571144+05:30" testType="13cdc9d9-ddb5-4fa4-a97d-d965ccfc6d4b" outcome="Passed" testListId="8c84fa94-04c1-424b-9868-57a2d4851a1d" relativeResultsDirectory="d0a54db5-37ef-4161-be79-a8b8682b6bae" />
    <UnitTestResult executionId="e25cf2ee-5445-4081-a9f0-c08add9f4b77" testId="9f5b2e42-e9d2-d8e8-a429-91880ecdbdf1" testName="SoftwareManagement.Api.IntegrationTests.Catalog.PublicCatalogTests.REQ_CAT_009_Publishing_is_refused_below_the_thresholds_and_the_response_names_the_failing_counts" computerName="JSRKMANISHKUMAR" duration="00:00:00.1981579" startTime="2026-09-08T08:09:00.3568721+05:30" endTime="2026-09-08T08:09:00.5553185+05:30" testType="13cdc9d9-ddb5-4fa4-a97d-d965ccfc6d4b" outcome="Passed" testListId="8c84fa94-04c1-424b-9868-57a2d4851a1d" relativeResultsDirectory="e25cf2ee-5445-4081-a9f0-c08add9f4b77" />
    <UnitTestResult executionId="a7b4135c-42c3-46b3-a03f-6ad8d1f8417b" testId="8c754d1b-15de-f204-593e-38126f1bf4c7" testName="SoftwareManagement.Api.IntegrationTests.Catalog.ProductCatalogTests.REQ_CAT_002_A_category_that_still_holds_a_published_product_cannot_be_deleted" computerName="JSRKMANISHKUMAR" duration="00:00:00.2011312" startTime="2026-09-08T08:09:03.1780643+05:30" endTime="2026-09-08T08:09:03.3798261+05:30" testType="13cdc9d9-ddb5-4fa4-a97d-d965ccfc6d4b" outcome="Passed" testListId="8c84fa94-04c1-424b-9868-57a2d4851a1d" relativeResultsDirectory="a7b4135c-42c3-46b3-a03f-6ad8d1f8417b" />
    <UnitTestResult executionId="c2d8cb3f-df05-42f1-bc5a-7537c1a4073b" testId="657f3dc5-4a14-fa89-8a54-4c695305c3fd" testName="SoftwareManagement.Api.IntegrationTests.Identity.AuthenticationTests.REQ_IAM_008_Returns410_WhenTheResetTokenIsNotValid" computerName="JSRKMANISHKUMAR" duration="00:00:00.0182348" startTime="2026-09-08T08:09:01.0663851+05:30" endTime="2026-09-08T08:09:01.0849648+05:30" testType="13cdc9d9-ddb5-4fa4-a97d-d965ccfc6d4b" outcome="Passed" testListId="8c84fa94-04c1-424b-9868-57a2d4851a1d" relativeResultsDirectory="c2d8cb3f-df05-42f1-bc5a-7537c1a4073b" />
    <UnitTestResult executionId="f68faf47-51ee-4faa-8e2b-c2562e9dc8e5" testId="58853ba1-246c-9947-d3c2-9d812e5a0016" testName="SoftwareManagement.Api.IntegrationTests.InfrastructureRegistrationTests.AddInfrastructure_RegistersTheDbContextAndTheClock" computerName="JSRKMANISHKUMAR" duration="00:00:00.0044583" startTime="2026-09-08T08:08:53.1131604+05:30" endTime="2026-09-08T08:08:53.1133550+05:30" testType="13cdc9d9-ddb5-4fa4-a97d-d965ccfc6d4b" outcome="Passed" testListId="8c84fa94-04c1-424b-9868-57a2d4851a1d" relativeResultsDirectory="f68faf47-51ee-4faa-8e2b-c2562e9dc8e5" />
    <UnitTestResult executionId="32ed9833-5605-4673-8a3b-b71940d22320" testId="41c23d21-14f1-2412-155a-a7233ab5f930" testName="SoftwareManagement.Api.IntegrationTests.Content.SiteStructureTests.REQ_SITE_008_Returns422_WhenAMenuItemHasBothOrNeitherDestination" computerName="JSRKMANISHKUMAR" duration="00:00:00.0731618" startTime="2026-09-08T08:09:04.8336627+05:30" endTime="2026-09-08T08:09:04.9071944+05:30" testType="13cdc9d9-ddb5-4fa4-a97d-d965ccfc6d4b" outcome="Passed" testListId="8c84fa94-04c1-424b-9868-57a2d4851a1d" relativeResultsDirectory="32ed9833-5605-4673-8a3b-b71940d22320" />
    <UnitTestResult executionId="e049a071-8568-4dae-97b0-dea98c58acdf" testId="45748828-b528-e0d2-3049-442665da5101" testName="SoftwareManagement.Api.IntegrationTests.Catalog.PublicCatalogTests.REQ_CAT_012_A_search_that_matches_nothing_is_an_empty_list_rather_than_an_error" computerName="JSRKMANISHKUMAR" duration="00:00:00.0664233" startTime="2026-09-08T08:08:58.3869604+05:30" endTime="2026-09-08T08:08:58.4529843+05:30" testType="13cdc9d9-ddb5-4fa4-a97d-d965ccfc6d4b" outcome="Passed" testListId="8c84fa94-04c1-424b-9868-57a2d4851a1d" relativeResultsDirectory="e049a071-8568-4dae-97b0-dea98c58acdf" />
    <UnitTestResult executionId="7cd1091b-f5bf-43c6-a160-ce7a5664219b" testId="1a667d03-2811-d009-f3f2-6708207ee24c" testName="SoftwareManagement.Api.IntegrationTests.Catalog.PublicCatalogTests.REQ_CAT_010_The_catalogue_lists_published_products_only_with_their_lowest_paid_price" computerName="JSRKMANISHKUMAR" duration="00:00:02.7855420" startTime="2026-09-08T08:08:55.1313813+05:30" endTime="2026-09-08T08:08:57.9152848+05:30" testType="13cdc9d9-ddb5-4fa4-a97d-d965ccfc6d4b" outcome="Passed" testListId="8c84fa94-04c1-424b-9868-57a2d4851a1d" relativeResultsDirectory="7cd1091b-f5bf-43c6-a160-ce7a5664219b" />
    <UnitTestResult executionId="679c8284-d9a2-4230-b355-5dac7171cbe0" testId="38c2c976-d411-7f6f-0d78-bfd32eb44a8c" testName="SoftwareManagement.Api.IntegrationTests.InfrastructureRegistrationTests.DesignTimeFactory_CreatesAContextSoMigrationsCanBeGeneratedWithoutStartingTheApi" computerName="JSRKMANISHKUMAR" duration="00:00:02.8292925" startTime="2026-09-08T08:08:50.2831243+05:30" endTime="2026-09-08T08:08:53.0938929+05:30" testType="13cdc9d9-ddb5-4fa4-a97d-d965ccfc6d4b" outcome="Passed" testListId="8c84fa94-04c1-424b-9868-57a2d4851a1d" relativeResultsDirectory="679c8284-d9a2-4230-b355-5dac7171cbe0" />
  </Results>
  <TestDefinitions>
    <UnitTest name="SoftwareManagement.Api.IntegrationTests.ReadinessTests.AggregateHealth_Answers200_WhenEveryCheckPasses" storage="g:\software-management\backend\tests\softwaremanagement.api.integrationtests\bin\release\net10.0\softwaremanagement.api.integrationtests.dll" id="724ed3d1-5144-f91e-0cb6-e65d0b2a22a2">
      <Execution id="f92d9fc8-8a63-42ea-96d6-a64e601745de" />
      <TestMethod codeBase="G:\software-management\backend\tests\SoftwareManagement.Api.IntegrationTests\bin\Release\net10.0\SoftwareManagement.Api.IntegrationTests.dll" adapterTypeName="executor://xunit/VsTestRunner3/netcore/" className="SoftwareManagement.Api.IntegrationTests.ReadinessTests" name="AggregateHealth_Answers200_WhenEveryCheckPasses" />
    </UnitTest>
    <UnitTest name="SoftwareManagement.Api.IntegrationTests.Identity.UserAdministrationTests.REQ_IAM_004_ChangesAUsersRoleAndAuditsTheChange" storage="g:\software-management\backend\tests\softwaremanagement.api.integrationtests\bin\release\net10.0\softwaremanagement.api.integrationtests.dll" id="47d95d40-350a-876b-e176-8c8fcf147901">
      <Execution id="c4603a7f-452f-43f7-8bda-3d6726c81e1c" />
      <TestMethod codeBase="G:\software-management\backend\tests\SoftwareManagement.Api.IntegrationTests\bin\Release\net10.0\SoftwareManagement.Api.IntegrationTests.dll" adapterTypeName="executor://xunit/VsTestRunner3/netcore/" className="SoftwareManagement.Api.IntegrationTests.Identity.UserAdministrationTests" name="REQ_IAM_004_ChangesAUsersRoleAndAuditsTheChange" />
    </UnitTest>
    <UnitTest name="SoftwareManagement.Api.IntegrationTests.PipelineTests.UnknownRoute_Returns404_AndNeverLeaksAStackTrace" storage="g:\software-management\backend\tests\softwaremanagement.api.integrationtests\bin\release\net10.0\softwaremanagement.api.integrationtests.dll" id="cb9c3f17-15cd-93b3-0a6d-d91098880341">
      <Execution id="391a147a-abf7-4656-900e-006b494148c7" />
      <TestMethod codeBase="G:\software-management\backend\tests\SoftwareManagement.Api.IntegrationTests\bin\Release\net10.0\SoftwareManagement.Api.IntegrationTests.dll" adapterTypeName="executor://xunit/VsTestRunner3/netcore/" className="SoftwareManagement.Api.IntegrationTests.PipelineTests" name="UnknownRoute_Returns404_AndNeverLeaksAStackTrace" />
    </UnitTest>
    <UnitTest name="SoftwareManagement.Api.IntegrationTests.Content.PageLifecycleTests.REQ_SITE_005_RestoreCreatesANewVersionAndKeepsTheOldOnes" storage="g:\software-management\backend\tests\softwaremanagement.api.integrationtests\bin\release\net10.0\softwaremanagement.api.integrationtests.dll" id="18289c2d-8ec1-ae26-b08d-032017c200c4">
      <Execution id="5d05df6b-9332-47f8-ad51-4d9720d1ffa4" />
      <TestMethod codeBase="G:\software-management\backend\tests\SoftwareManagement.Api.IntegrationTests\bin\Release\net10.0\SoftwareManagement.Api.IntegrationTests.dll" adapterTypeName="executor://xunit/VsTestRunner3/netcore/" className="SoftwareManagement.Api.IntegrationTests.Content.PageLifecycleTests" name="REQ_SITE_005_RestoreCreatesANewVersionAndKeepsTheOldOnes" />
    </UnitTest>
    <UnitTest name="SoftwareManagement.Api.IntegrationTests.Catalog.ProductCatalogTests.REQ_CAT_006_Recommending_a_second_plan_clears_the_first_and_leaves_exactly_one" storage="g:\software-management\backend\tests\softwaremanagement.api.integrationtests\bin\release\net10.0\softwaremanagement.api.integrationtests.dll" id="72177a79-4f01-bce8-6a12-ff9e02ae0764">
      <Execution id="04a2bbbc-94e3-4581-81ba-44aa593f9471" />
      <TestMethod codeBase="G:\software-management\backend\tests\SoftwareManagement.Api.IntegrationTests\bin\Release\net10.0\SoftwareManagement.Api.IntegrationTests.dll" adapterTypeName="executor://xunit/VsTestRunner3/netcore/" className="SoftwareManagement.Api.IntegrationTests.Catalog.ProductCatalogTests" name="REQ_CAT_006_Recommending_a_second_plan_clears_the_first_and_leaves_exactly_one" />
    </UnitTest>
    <UnitTest name="SoftwareManagement.Api.IntegrationTests.PipelineTests.PublicPing_IsReachableAnonymously" storage="g:\software-management\backend\tests\softwaremanagement.api.integrationtests\bin\release\net10.0\softwaremanagement.api.integrationtests.dll" id="29c6d260-cd84-ff3c-82a8-89b2873feef9">
      <Execution id="b21d9fde-1ec7-40dd-a9d2-690513205e71" />
      <TestMethod codeBase="G:\software-management\backend\tests\SoftwareManagement.Api.IntegrationTests\bin\Release\net10.0\SoftwareManagement.Api.IntegrationTests.dll" adapterTypeName="executor://xunit/VsTestRunner3/netcore/" className="SoftwareManagement.Api.IntegrationTests.PipelineTests" name="PublicPing_IsReachableAnonymously" />
    </UnitTest>
    <UnitTest name="SoftwareManagement.Api.IntegrationTests.ErrorContractTests.UnhandledException_ReturnsRfc9457ProblemDetails_WithATraceIdAndNoStackTrace" storage="g:\software-management\backend\tests\softwaremanagement.api.integrationtests\bin\release\net10.0\softwaremanagement.api.integrationtests.dll" id="2ce37273-daad-409d-f736-1d18af71ab9e">
      <Execution id="d88bfd89-b1c4-40d5-a641-fc8678603736" />
      <TestMethod codeBase="G:\software-management\backend\tests\SoftwareManagement.Api.IntegrationTests\bin\Release\net10.0\SoftwareManagement.Api.IntegrationTests.dll" adapterTypeName="executor://xunit/VsTestRunner3/netcore/" className="SoftwareManagement.Api.IntegrationTests.ErrorContractTests" name="UnhandledException_ReturnsRfc9457ProblemDetails_WithATraceIdAndNoStackTrace" />
    </UnitTest>
    <UnitTest name="SoftwareManagement.Api.IntegrationTests.Identity.AuthenticationTests.REQ_IAM_008_Returns410_WhenTheResetTokenIsNotValid" storage="g:\software-management\backend\tests\softwaremanagement.api.integrationtests\bin\release\net10.0\softwaremanagement.api.integrationtests.dll" id="657f3dc5-4a14-fa89-8a54-4c695305c3fd">
      <Execution id="c2d8cb3f-df05-42f1-bc5a-7537c1a4073b" />
      <TestMethod codeBase="G:\software-management\backend\tests\SoftwareManagement.Api.IntegrationTests\bin\Release\net10.0\SoftwareManagement.Api.IntegrationTests.dll" adapterTypeName="executor://xunit/VsTestRunner3/netcore/" className="SoftwareManagement.Api.IntegrationTests.Identity.AuthenticationTests" name="REQ_IAM_008_Returns410_WhenTheResetTokenIsNotValid" />
    </UnitTest>
    <UnitTest name="SoftwareManagement.Api.IntegrationTests.InfrastructureRegistrationTests.AddInfrastructure_Throws_WhenTheConnectionStringIsMissing" storage="g:\software-management\backend\tests\softwaremanagement.api.integrationtests\bin\release\net10.0\softwaremanagement.api.integrationtests.dll" id="36b625fb-743b-53a8-b934-35c4775d4639">
      <Execution id="57baf920-eb38-4ac8-aab2-4eb4d6dfcd6b" />
      <TestMethod codeBase="G:\software-management\backend\tests\SoftwareManagement.Api.IntegrationTests\bin\Release\net10.0\SoftwareManagement.Api.IntegrationTests.dll" adapterTypeName="executor://xunit/VsTestRunner3/netcore/" className="SoftwareManagement.Api.IntegrationTests.InfrastructureRegistrationTests" name="AddInfrastructure_Throws_WhenTheConnectionStringIsMissing" />
    </UnitTest>
    <UnitTest name="SoftwareManagement.Api.IntegrationTests.Identity.AuthenticationTests.REQ_IAM_002_Returns423_OnTheSixthFailureWithinTheWindow" storage="g:\software-management\backend\tests\softwaremanagement.api.integrationtests\bin\release\net10.0\softwaremanagement.api.integrationtests.dll" id="1ebd049f-ce84-7c2d-ca03-5e2a53c1eed6">
      <Execution id="b0a0fcde-65d5-433a-8db1-8395b5efa2a8" />
      <TestMethod codeBase="G:\software-management\backend\tests\SoftwareManagement.Api.IntegrationTests\bin\Release\net10.0\SoftwareManagement.Api.IntegrationTests.dll" adapterTypeName="executor://xunit/VsTestRunner3/netcore/" className="SoftwareManagement.Api.IntegrationTests.Identity.AuthenticationTests" name="REQ_IAM_002_Returns423_OnTheSixthFailureWithinTheWindow" />
    </UnitTest>
    <UnitTest name="SoftwareManagement.Api.IntegrationTests.Content.PageLifecycleTests.REQ_SITE_011_LeavesA301BehindWhenAPublishedPageIsRenamed" storage="g:\software-management\backend\tests\softwaremanagement.api.integrationtests\bin\release\net10.0\softwaremanagement.api.integrationtests.dll" id="31b5e945-5555-af33-c5a7-3bf48ec2f7ef">
      <Execution id="94100321-5c49-463d-8da9-a6321bc6f11e" />
      <TestMethod codeBase="G:\software-management\backend\tests\SoftwareManagement.Api.IntegrationTests\bin\Release\net10.0\SoftwareManagement.Api.IntegrationTests.dll" adapterTypeName="executor://xunit/VsTestRunner3/netcore/" className="SoftwareManagement.Api.IntegrationTests.Content.PageLifecycleTests" name="REQ_SITE_011_LeavesA301BehindWhenAPublishedPageIsRenamed" />
    </UnitTest>
    <UnitTest name="SoftwareManagement.Api.IntegrationTests.Content.PageLifecycleTests.REQ_SITE_001_Returns409AndSuggestsAnAlternative_WhenTheSlugIsTaken" storage="g:\software-management\backend\tests\softwaremanagement.api.integrationtests\bin\release\net10.0\softwaremanagement.api.integrationtests.dll" id="650255d1-ff1a-bc01-d7cd-692b4f557d32">
      <Execution id="a6556417-4f46-47e5-b6f7-fdf7121aa84a" />
      <TestMethod codeBase="G:\software-management\backend\tests\SoftwareManagement.Api.IntegrationTests\bin\Release\net10.0\SoftwareManagement.Api.IntegrationTests.dll" adapterTypeName="executor://xunit/VsTestRunner3/netcore/" className="SoftwareManagement.Api.IntegrationTests.Content.PageLifecycleTests" name="REQ_SITE_001_Returns409AndSuggestsAnAlternative_WhenTheSlugIsTaken" />
    </UnitTest>
    <UnitTest name="SoftwareManagement.Api.IntegrationTests.Identity.AuthorizationMatrixTests.REQ_IAM_011_Returns403_WhenAnEditorAsksForTheSignInLog" storage="g:\software-management\backend\tests\softwaremanagement.api.integrationtests\bin\release\net10.0\softwaremanagement.api.integrationtests.dll" id="24a1b023-779f-69d7-d911-b6d5a0d7d1bc">
      <Execution id="53c6ef22-6e1e-484b-b482-455ee034e136" />
      <TestMethod codeBase="G:\software-management\backend\tests\SoftwareManagement.Api.IntegrationTests\bin\Release\net10.0\SoftwareManagement.Api.IntegrationTests.dll" adapterTypeName="executor://xunit/VsTestRunner3/netcore/" className="SoftwareManagement.Api.IntegrationTests.Identity.AuthorizationMatrixTests" name="REQ_IAM_011_Returns403_WhenAnEditorAsksForTheSignInLog" />
    </UnitTest>
    <UnitTest name="SoftwareManagement.Api.IntegrationTests.Content.SiteStructureTests.REQ_SITE_012_Returns422_ForABannerThatEndsBeforeItStarts" storage="g:\software-management\backend\tests\softwaremanagement.api.integrationtests\bin\release\net10.0\softwaremanagement.api.integrationtests.dll" id="25df0403-a902-dbd5-659a-3fd726a1b888">
      <Execution id="63bb5563-abc6-496a-a1d3-381453aea7c2" />
      <TestMethod codeBase="G:\software-management\backend\tests\SoftwareManagement.Api.IntegrationTests\bin\Release\net10.0\SoftwareManagement.Api.IntegrationTests.dll" adapterTypeName="executor://xunit/VsTestRunner3/netcore/" className="SoftwareManagement.Api.IntegrationTests.Content.SiteStructureTests" name="REQ_SITE_012_Returns422_ForABannerThatEndsBeforeItStarts" />
    </UnitTest>
    <UnitTest name="SoftwareManagement.Api.IntegrationTests.PipelineTests.SecurePing_Returns401_ForAnAnonymousCaller" storage="g:\software-management\backend\tests\softwaremanagement.api.integrationtests\bin\release\net10.0\softwaremanagement.api.integrationtests.dll" id="fcabc442-49ea-ed54-3d5f-079426aad631">
      <Execution id="90a3e756-3187-4bf2-ba6f-8c3d0f1db508" />
[...]
    <TestEntry testId="85c0c944-2bf4-78d9-d17c-4be9bcc0d353" executionId="e3f8069d-a78c-4820-8a89-d8adcc5466bc" testListId="8c84fa94-04c1-424b-9868-57a2d4851a1d" />
    <TestEntry testId="ec195f9d-4c3e-7de4-9177-7375c4cd6cbe" executionId="e7df7c0b-78d2-4237-b2ea-a66dcc801c22" testListId="8c84fa94-04c1-424b-9868-57a2d4851a1d" />
    <TestEntry testId="becacde3-446f-1649-2bff-bd3009eb4125" executionId="8c3a335a-d0c8-4021-be69-83a2edd84eeb" testListId="8c84fa94-04c1-424b-9868-57a2d4851a1d" />
    <TestEntry testId="cb33e659-9ec6-4c6f-e780-dddbac74a933" executionId="dc2cc888-e903-454f-9447-9151f89b8658" testListId="8c84fa94-04c1-424b-9868-57a2d4851a1d" />
    <TestEntry testId="919126ba-83e4-23e4-4cba-c442afd49c39" executionId="cf0a5e6d-94a1-45af-921e-ab3dcc2f6da7" testListId="8c84fa94-04c1-424b-9868-57a2d4851a1d" />
    <TestEntry testId="b70b8fb6-3a69-7238-960f-92060208f8dd" executionId="09f403b1-2a7d-4e83-9313-9fec36dfd1ea" testListId="8c84fa94-04c1-424b-9868-57a2d4851a1d" />
    <TestEntry testId="c542c5ec-a5b2-6681-e82a-153922beb117" executionId="90dcada0-52b4-4500-94ab-cabb574ecb54" testListId="8c84fa94-04c1-424b-9868-57a2d4851a1d" />
    <TestEntry testId="3a758d35-dec5-2d83-36d5-403609f335f3" executionId="678dadfa-7533-4399-994c-f48a3959b32d" testListId="8c84fa94-04c1-424b-9868-57a2d4851a1d" />
    <TestEntry testId="dbda683e-d922-ff34-7b10-1242be1eddc1" executionId="c4182455-7fff-49b7-ab53-28c3b5d7068a" testListId="8c84fa94-04c1-424b-9868-57a2d4851a1d" />
    <TestEntry testId="08738dfe-9749-d42a-1a2e-eabd37f8e8b6" executionId="2394cee4-02fa-45d5-a238-46770f4f8566" testListId="8c84fa94-04c1-424b-9868-57a2d4851a1d" />
    <TestEntry testId="c1b786ea-62fc-47f0-9036-6d3c5242383f" executionId="9f0fe29f-13f4-4b17-9a68-a06d7d09f15d" testListId="8c84fa94-04c1-424b-9868-57a2d4851a1d" />
    <TestEntry testId="724ed3d1-5144-f91e-0cb6-e65d0b2a22a2" executionId="f92d9fc8-8a63-42ea-96d6-a64e601745de" testListId="8c84fa94-04c1-424b-9868-57a2d4851a1d" />
    <TestEntry testId="72177a79-4f01-bce8-6a12-ff9e02ae0764" executionId="04a2bbbc-94e3-4581-81ba-44aa593f9471" testListId="8c84fa94-04c1-424b-9868-57a2d4851a1d" />
    <TestEntry testId="a589903e-b8ca-a3a4-7c7e-d8ffa3464132" executionId="a2f63ef0-4efd-4b75-b4ee-6e453b647d32" testListId="8c84fa94-04c1-424b-9868-57a2d4851a1d" />
    <TestEntry testId="48408fd6-60e7-db04-fd72-886804e7fc7b" executionId="240a88dc-13c3-414b-9408-81dca49b126b" testListId="8c84fa94-04c1-424b-9868-57a2d4851a1d" />
    <TestEntry testId="3d570c9d-2ba2-a592-02f6-6820e6520f89" executionId="36529559-a8c8-469c-86a6-78e56e0d52aa" testListId="8c84fa94-04c1-424b-9868-57a2d4851a1d" />
    <TestEntry testId="84a8cc79-9ab4-8938-c7a8-4d25d4634715" executionId="fdd45ad1-2850-4c4e-ae44-84a549ea06a4" testListId="8c84fa94-04c1-424b-9868-57a2d4851a1d" />
    <TestEntry testId="fcabc442-49ea-ed54-3d5f-079426aad631" executionId="90a3e756-3187-4bf2-ba6f-8c3d0f1db508" testListId="8c84fa94-04c1-424b-9868-57a2d4851a1d" />
    <TestEntry testId="1656ab07-73cb-724e-d7db-4057024ab14a" executionId="84fa5b91-6d19-4eb3-8246-9fea6282b7b8" testListId="8c84fa94-04c1-424b-9868-57a2d4851a1d" />
    <TestEntry testId="5d446a2d-a0ca-9183-fd0a-e5b1d1250092" executionId="42268a82-7d90-4144-b4bc-ebfc1578a5f7" testListId="8c84fa94-04c1-424b-9868-57a2d4851a1d" />
    <TestEntry testId="6e49c53c-9217-d127-2866-89fbccebebe4" executionId="2e3c2712-51bc-44bb-8280-b66518450a53" testListId="8c84fa94-04c1-424b-9868-57a2d4851a1d" />
    <TestEntry testId="c75a23fb-d45a-3d59-fec9-1fffedc16a05" executionId="d4a93ecb-8fd3-4a16-92be-35ff6b780596" testListId="8c84fa94-04c1-424b-9868-57a2d4851a1d" />
    <TestEntry testId="024f0d6c-8c53-6199-c384-e3a891be0c0f" executionId="ab1a09e4-e0e6-459d-8d45-112e5e7d115d" testListId="8c84fa94-04c1-424b-9868-57a2d4851a1d" />
    <TestEntry testId="f1f020ca-ba61-7442-1df0-5e9b91512378" executionId="9809c1b9-977b-4a72-9149-84fe13044057" testListId="8c84fa94-04c1-424b-9868-57a2d4851a1d" />
    <TestEntry testId="2af7fc1e-8c6d-a607-4e2d-324e95793a7a" executionId="3aee88cb-e55f-495b-adf5-bee1ae06a235" testListId="8c84fa94-04c1-424b-9868-57a2d4851a1d" />
    <TestEntry testId="acc4675e-1897-51f7-93d1-72a0bb0db28b" executionId="ba734698-31aa-4b28-904b-93b5a86dcd29" testListId="8c84fa94-04c1-424b-9868-57a2d4851a1d" />
    <TestEntry testId="a894cfd0-bcc5-5c7c-686d-3565fb0dc6b5" executionId="933844dd-b1b0-459a-ac83-4cbe80184c86" testListId="8c84fa94-04c1-424b-9868-57a2d4851a1d" />
    <TestEntry testId="c5c217b9-8153-f09b-bef0-caa078e30f9d" executionId="865bab81-fac4-4219-82dd-8d877cebbf3c" testListId="8c84fa94-04c1-424b-9868-57a2d4851a1d" />
    <TestEntry testId="4260f301-0a12-3443-7397-26f767505788" executionId="a7647ecb-33b8-4965-a2a5-0535640f3f9f" testListId="8c84fa94-04c1-424b-9868-57a2d4851a1d" />
    <TestEntry testId="67104cfb-2d99-ca3b-a6de-921b91db5cfb" executionId="62ab462c-659c-4a71-8dee-a49e5d4d7e23" testListId="8c84fa94-04c1-424b-9868-57a2d4851a1d" />
    <TestEntry testId="f36b4b36-476a-1049-d816-7b0cc33a8cd2" executionId="306bcede-2a7a-4c17-b2c5-fc053a344524" testListId="8c84fa94-04c1-424b-9868-57a2d4851a1d" />
    <TestEntry testId="f120ee50-de43-50ee-3818-d56c2b7aaa83" executionId="f0a3d840-695f-46dc-8df4-862b6bca7e0f" testListId="8c84fa94-04c1-424b-9868-57a2d4851a1d" />
    <TestEntry testId="bb35a0d0-7d94-9cbb-7ef3-55c9a9b91774" executionId="e6934167-3fd8-4528-99d0-a1f5250058c4" testListId="8c84fa94-04c1-424b-9868-57a2d4851a1d" />
    <TestEntry testId="070f8695-b9b9-a676-e899-56bc38145031" executionId="a9e9215b-fa8a-4a98-87db-8eaeb7c3c2d6" testListId="8c84fa94-04c1-424b-9868-57a2d4851a1d" />
    <TestEntry testId="1ebd049f-ce84-7c2d-ca03-5e2a53c1eed6" executionId="b0a0fcde-65d5-433a-8db1-8395b5efa2a8" testListId="8c84fa94-04c1-424b-9868-57a2d4851a1d" />
    <TestEntry testId="04f42e0d-0fa0-6f7f-9d62-49d2ba8430be" executionId="c609d78b-f002-4a99-8aa7-91be7ef8e0b8" testListId="8c84fa94-04c1-424b-9868-57a2d4851a1d" />
    <TestEntry testId="d730ccfd-ed80-6d44-d6b0-13ca355d9450" executionId="d1402514-15bb-4d2c-bbfa-0cee1a482542" testListId="8c84fa94-04c1-424b-9868-57a2d4851a1d" />
    <TestEntry testId="6dcf41b0-8c85-78e0-f409-4496a03f0413" executionId="6037d416-9e09-4d39-a6ec-931b7f9020ce" testListId="8c84fa94-04c1-424b-9868-57a2d4851a1d" />
    <TestEntry testId="99056014-276a-2418-1142-021551643d79" executionId="73672ac4-e119-46f7-8e59-ca259feefc9d" testListId="8c84fa94-04c1-424b-9868-57a2d4851a1d" />
    <TestEntry testId="25aa2c9d-09b1-324e-abe7-8b3f9aaf54dc" executionId="c82e6102-8697-46c9-bf18-0904001b6d73" testListId="8c84fa94-04c1-424b-9868-57a2d4851a1d" />
    <TestEntry testId="9cbd744d-df8d-cbd1-d5fa-d5056ef45006" executionId="c38ee290-ec2e-4b6d-95cf-7212806a4bf9" testListId="8c84fa94-04c1-424b-9868-57a2d4851a1d" />
    <TestEntry testId="f154c0c4-60b1-cf57-b49d-bd2c43d2e09b" executionId="2cfee752-d7d3-4638-ae17-181b97be9ee2" testListId="8c84fa94-04c1-424b-9868-57a2d4851a1d" />
    <TestEntry testId="96b84f90-90e0-21e8-2534-5b5c13a4f991" executionId="0404f82a-6f34-478e-85ce-75ccfa2e2a28" testListId="8c84fa94-04c1-424b-9868-57a2d4851a1d" />
    <TestEntry testId="a1beba10-c274-0de4-e53e-4ffe2592cd47" executionId="f588269a-4989-48d3-89b3-16241a714cfe" testListId="8c84fa94-04c1-424b-9868-57a2d4851a1d" />
    <TestEntry testId="db8b508b-3f90-ac38-3ecb-298cea80d855" executionId="de90a419-9ed9-4a30-b235-2e4ffb06ef9b" testListId="8c84fa94-04c1-424b-9868-57a2d4851a1d" />
    <TestEntry testId="a44eeae3-917c-b508-f6a2-4bc307124115" executionId="07100e8a-58d5-410e-aace-9b2d680d0aa5" testListId="8c84fa94-04c1-424b-9868-57a2d4851a1d" />
    <TestEntry testId="5127599b-5652-a090-530a-c2c6d9b47c3d" executionId="b09fde3f-6a24-4820-82ea-9f2651f6c67c" testListId="8c84fa94-04c1-424b-9868-57a2d4851a1d" />
    <TestEntry testId="650255d1-ff1a-bc01-d7cd-692b4f557d32" executionId="a6556417-4f46-47e5-b6f7-fdf7121aa84a" testListId="8c84fa94-04c1-424b-9868-57a2d4851a1d" />
    <TestEntry testId="f8ae64f6-9498-b068-9178-6fca3f41124a" executionId="bb9e9693-56a9-4fba-994f-585b768f61a6" testListId="8c84fa94-04c1-424b-9868-57a2d4851a1d" />
    <TestEntry testId="356419b8-8524-1dea-c514-7521e54efc87" executionId="ba6eca30-31b5-4f1f-a3be-57cfd2b23493" testListId="8c84fa94-04c1-424b-9868-57a2d4851a1d" />
    <TestEntry testId="e15c9d70-709b-a58b-7dee-658af865bbfa" executionId="f889ff2b-e767-4864-ab2e-ff62df323910" testListId="8c84fa94-04c1-424b-9868-57a2d4851a1d" />
    <TestEntry testId="bd56576c-8ab9-c17e-8f92-0369874035c1" executionId="ed3e6bb1-59d9-4d6b-80ed-fa9451abc915" testListId="8c84fa94-04c1-424b-9868-57a2d4851a1d" />
    <TestEntry testId="eb96fab4-d5ea-eef7-485b-7c3ec301d1f1" executionId="44744b96-3f8a-4722-b256-2869ab683c90" testListId="8c84fa94-04c1-424b-9868-57a2d4851a1d" />
    <TestEntry testId="35daa342-6a78-aa2b-cc7a-37c44e1b9dce" executionId="a0b63eee-95de-42bd-b1a4-167bb823333e" testListId="8c84fa94-04c1-424b-9868-57a2d4851a1d" />
    <TestEntry testId="29a8bfb1-e669-6f61-6740-9d3c04535eb9" executionId="74d40a59-b253-45e3-b431-30048111fcac" testListId="8c84fa94-04c1-424b-9868-57a2d4851a1d" />
    <TestEntry testId="2cce3fe6-b1ad-5ec3-19bd-c830a57e45d1" executionId="9e862a09-e1a4-4bed-af65-2e2e005e4a37" testListId="8c84fa94-04c1-424b-9868-57a2d4851a1d" />
    <TestEntry testId="bd601a1b-a2a7-9cb6-0981-2cf6e1ae4006" executionId="268b4c45-bd20-4c07-8313-46f422870748" testListId="8c84fa94-04c1-424b-9868-57a2d4851a1d" />
    <TestEntry testId="dabfe86f-f42d-3b69-944a-8daf7bf2c339" executionId="7ecd9b04-dd90-45f2-bda3-1ed6a0d953be" testListId="8c84fa94-04c1-424b-9868-57a2d4851a1d" />
    <TestEntry testId="3618c3b8-74bf-6405-4546-ca16ddd22aca" executionId="c82fbfcb-baf0-445c-9bd6-8f7f49a1f8c0" testListId="8c84fa94-04c1-424b-9868-57a2d4851a1d" />
    <TestEntry testId="bf89614b-0414-ff4f-d8d7-6fd3bfc458e6" executionId="c4e71a5d-ee15-48fe-be62-6fb20cd10ba6" testListId="8c84fa94-04c1-424b-9868-57a2d4851a1d" />
    <TestEntry testId="18289c2d-8ec1-ae26-b08d-032017c200c4" executionId="5d05df6b-9332-47f8-ad51-4d9720d1ffa4" testListId="8c84fa94-04c1-424b-9868-57a2d4851a1d" />
    <TestEntry testId="24a1b023-779f-69d7-d911-b6d5a0d7d1bc" executionId="53c6ef22-6e1e-484b-b482-455ee034e136" testListId="8c84fa94-04c1-424b-9868-57a2d4851a1d" />
    <TestEntry testId="432c57b3-afaf-a2a2-6e25-ae83353508e5" executionId="d2fe3cc0-45e1-4f93-8f3b-76d3bc1b6ee7" testListId="8c84fa94-04c1-424b-9868-57a2d4851a1d" />
    <TestEntry testId="1075b361-3474-da3a-6371-c54fdce27d6f" executionId="d09234d0-59bf-4504-9065-118a8c992c63" testListId="8c84fa94-04c1-424b-9868-57a2d4851a1d" />
    <TestEntry testId="3c4a8281-55e8-81cf-ec65-d62faf6046eb" executionId="4e62338f-b0cd-4740-a49e-14a33b4516aa" testListId="8c84fa94-04c1-424b-9868-57a2d4851a1d" />
    <TestEntry testId="a0519aa0-43fa-d24a-1afe-7b55decb6738" executionId="7f01dc72-11d3-4f8c-9e45-0a6926e50725" testListId="8c84fa94-04c1-424b-9868-57a2d4851a1d" />
    <TestEntry testId="33e405e1-dace-7f47-bbb0-f632a0a4e6d2" executionId="57075ce0-82bc-437d-9640-bd47ca8aa400" testListId="8c84fa94-04c1-424b-9868-57a2d4851a1d" />
    <TestEntry testId="7dd048fb-7022-3dae-6af9-0819966852a5" executionId="19ba1758-e107-4752-85f2-9448d9a50a5e" testListId="8c84fa94-04c1-424b-9868-57a2d4851a1d" />
    <TestEntry testId="2ce37273-daad-409d-f736-1d18af71ab9e" executionId="d88bfd89-b1c4-40d5-a641-fc8678603736" testListId="8c84fa94-04c1-424b-9868-57a2d4851a1d" />
    <TestEntry testId="3ff15186-44db-3e4f-62a9-99bc40d059d8" executionId="61067512-0a30-4095-9d26-be3563cf7232" testListId="8c84fa94-04c1-424b-9868-57a2d4851a1d" />
    <TestEntry testId="36b625fb-743b-53a8-b934-35c4775d4639" executionId="57baf920-eb38-4ac8-aab2-4eb4d6dfcd6b" testListId="8c84fa94-04c1-424b-9868-57a2d4851a1d" />
    <TestEntry testId="05ad373a-5793-c0f7-c0dd-664a84b0500d" executionId="74e82bad-1abe-4117-a458-d7fb19e1d5a1" testListId="8c84fa94-04c1-424b-9868-57a2d4851a1d" />
    <TestEntry testId="7d6b297f-7f47-52a4-5b3e-d80ba9a4b81f" executionId="47b4a65a-b441-4037-bded-cd1fb1ea4544" testListId="8c84fa94-04c1-424b-9868-57a2d4851a1d" />
    <TestEntry testId="0e70e851-1c00-7339-50d5-a521bd649c30" executionId="08429ea0-bce8-4da7-8689-f8c0df556439" testListId="8c84fa94-04c1-424b-9868-57a2d4851a1d" />
    <TestEntry testId="29c6d260-cd84-ff3c-82a8-89b2873feef9" executionId="b21d9fde-1ec7-40dd-a9d2-690513205e71" testListId="8c84fa94-04c1-424b-9868-57a2d4851a1d" />
    <TestEntry testId="a8ffe9dc-6131-1c6c-9cb1-5103a9b93973" executionId="1209796d-bf70-4412-9be1-c22661a0f7a5" testListId="8c84fa94-04c1-424b-9868-57a2d4851a1d" />
    <TestEntry testId="1fd87e0a-7162-9ddc-814b-64dbc5aafc81" executionId="77e18360-6231-47b3-a298-d4bfe81ff8d1" testListId="8c84fa94-04c1-424b-9868-57a2d4851a1d" />
    <TestEntry testId="20767a5d-5cd9-fc5d-a3d9-026d4d6e8d89" executionId="30e72756-568e-4759-8b79-5738d69b4e12" testListId="8c84fa94-04c1-424b-9868-57a2d4851a1d" />
    <TestEntry testId="47d95d40-350a-876b-e176-8c8fcf147901" executionId="c4603a7f-452f-43f7-8bda-3d6726c81e1c" testListId="8c84fa94-04c1-424b-9868-57a2d4851a1d" />
    <TestEntry testId="25df0403-a902-dbd5-659a-3fd726a1b888" executionId="63bb5563-abc6-496a-a1d3-381453aea7c2" testListId="8c84fa94-04c1-424b-9868-57a2d4851a1d" />
    <TestEntry testId="a7eef393-87cd-b147-3942-ed2a1c709d72" executionId="b9bcb24b-361a-438b-befe-b9ba70df92ae" testListId="8c84fa94-04c1-424b-9868-57a2d4851a1d" />
    <TestEntry testId="0d83c265-ba1b-34f7-0456-597283a4004a" executionId="19a0763e-e485-4e37-acaf-b4ad9dcdac29" testListId="8c84fa94-04c1-424b-9868-57a2d4851a1d" />
    <TestEntry testId="b43047a3-4b96-184d-85df-9c86405d2c76" executionId="1e462c5b-322f-45ff-a874-78a168b02adc" testListId="8c84fa94-04c1-424b-9868-57a2d4851a1d" />
    <TestEntry testId="75d5ef8f-7fb6-297d-e9fd-082e02e1058f" executionId="9e1e9774-9dc8-45d4-aea3-deecc596e12b" testListId="8c84fa94-04c1-424b-9868-57a2d4851a1d" />
    <TestEntry testId="31b5e945-5555-af33-c5a7-3bf48ec2f7ef" executionId="94100321-5c49-463d-8da9-a6321bc6f11e" testListId="8c84fa94-04c1-424b-9868-57a2d4851a1d" />
    <TestEntry testId="5dc97ee6-96a1-d4f1-b389-915c35a759f8" executionId="09e2f125-8441-4898-b0a3-fca505d2576e" testListId="8c84fa94-04c1-424b-9868-57a2d4851a1d" />
    <TestEntry testId="cc0f14a6-303e-74bc-b65f-11c13ba17035" executionId="cd910f92-27e9-4ea4-bf95-d001c14f0cad" testListId="8c84fa94-04c1-424b-9868-57a2d4851a1d" />
    <TestEntry testId="ce0c7339-3f91-6b04-e1bd-4604ebf0603c" executionId="adfb3351-8457-4fb9-bb17-7206ff7d4f59" testListId="8c84fa94-04c1-424b-9868-57a2d4851a1d" />
    <TestEntry testId="9503c57b-6485-f82e-c71c-bb111396f515" executionId="949b67a2-eb43-474b-ba42-d68a9e84e57b" testListId="8c84fa94-04c1-424b-9868-57a2d4851a1d" />
    <TestEntry testId="a8e6d58c-13a8-c2a8-426b-c3e504181d0d" executionId="47de0975-4ecd-40a1-828a-a5975a00836a" testListId="8c84fa94-04c1-424b-9868-57a2d4851a1d" />
    <TestEntry testId="5b984aa4-fcc2-26e5-86de-8c42ddbd4ee0" executionId="169a4590-2819-4566-aa2d-e3890eaf5382" testListId="8c84fa94-04c1-424b-9868-57a2d4851a1d" />
    <TestEntry testId="5b8398b7-568f-b8bb-7ca4-d03b5695abf8" executionId="381decbc-2b53-4f8f-9566-b8095bef3030" testListId="8c84fa94-04c1-424b-9868-57a2d4851a1d" />
    <TestEntry testId="1360d691-9702-517e-6889-732774a3a26b" executionId="78796811-8aac-43ae-8262-ff628e70523b" testListId="8c84fa94-04c1-424b-9868-57a2d4851a1d" />
    <TestEntry testId="0c956bf7-f5bc-76ee-2b6d-b60d31b69802" executionId="1b73cd3a-bf3d-4fec-9683-6df1dfe7d321" testListId="8c84fa94-04c1-424b-9868-57a2d4851a1d" />
    <TestEntry testId="cb9c3f17-15cd-93b3-0a6d-d91098880341" executionId="391a147a-abf7-4656-900e-006b494148c7" testListId="8c84fa94-04c1-424b-9868-57a2d4851a1d" />
    <TestEntry testId="08351177-d710-4c67-897f-ff7aba5eadea" executionId="aa3b1190-5bff-4908-88fa-eeafed5d6dc2" testListId="8c84fa94-04c1-424b-9868-57a2d4851a1d" />
    <TestEntry testId="7ba7d296-b191-aefe-8bf9-54b9c587cb83" executionId="87d368f0-fa0c-4cc5-ac7e-8819db4a359e" testListId="8c84fa94-04c1-424b-9868-57a2d4851a1d" />
    <TestEntry testId="47a6939e-eed9-59bc-303f-527912e03665" executionId="d81eb041-61fd-4b44-97aa-8b0281274716" testListId="8c84fa94-04c1-424b-9868-57a2d4851a1d" />
    <TestEntry testId="bcee3310-1f4f-1a94-7003-3d9995b04747" executionId="0a3e0f09-2e4e-4a8f-bcc4-4c40e3c54c52" testListId="8c84fa94-04c1-424b-9868-57a2d4851a1d" />
    <TestEntry testId="451a92a6-a64e-08f2-d5ed-4c678e13c7a5" executionId="11fa2c72-2d8f-4d37-a52a-6fabab51c345" testListId="8c84fa94-04c1-424b-9868-57a2d4851a1d" />
    <TestEntry testId="40e9bda7-3453-237a-699d-ea4b13500f77" executionId="55197dc4-9441-4722-9ba4-0de7867d089d" testListId="8c84fa94-04c1-424b-9868-57a2d4851a1d" />
    <TestEntry testId="10fc1172-5b9a-e433-95fe-23acc6955168" executionId="6ff6054d-b2a7-4516-b910-bac9e101b58b" testListId="8c84fa94-04c1-424b-9868-57a2d4851a1d" />
    <TestEntry testId="a7589c65-4b3c-6769-1c79-07ce362e8074" executionId="2ba301c7-92a0-4d35-abaa-fa83677895d6" testListId="8c84fa94-04c1-424b-9868-57a2d4851a1d" />
    <TestEntry testId="4d242859-f241-d662-d4c4-70c565e1c9e5" executionId="2c1b3506-9169-4c2f-8225-dc3ce390a1d4" testListId="8c84fa94-04c1-424b-9868-57a2d4851a1d" />
    <TestEntry testId="0aded220-a7b5-cd75-13fe-6a41f44c5daa" executionId="d5b456aa-e8a6-4c42-a398-caae9bbd3432" testListId="8c84fa94-04c1-424b-9868-57a2d4851a1d" />
    <TestEntry testId="c66b1e93-356c-3920-939c-31daf6086f2e" executionId="c0c7ed0e-73ba-45e6-93ce-95b0275c011f" testListId="8c84fa94-04c1-424b-9868-57a2d4851a1d" />
    <TestEntry testId="f47e28a9-d32b-4490-cb8d-51b4e72efa8f" executionId="d0a54db5-37ef-4161-be79-a8b8682b6bae" testListId="8c84fa94-04c1-424b-9868-57a2d4851a1d" />
    <TestEntry testId="9f5b2e42-e9d2-d8e8-a429-91880ecdbdf1" executionId="e25cf2ee-5445-4081-a9f0-c08add9f4b77" testListId="8c84fa94-04c1-424b-9868-57a2d4851a1d" />
    <TestEntry testId="8c754d1b-15de-f204-593e-38126f1bf4c7" executionId="a7b4135c-42c3-46b3-a03f-6ad8d1f8417b" testListId="8c84fa94-04c1-424b-9868-57a2d4851a1d" />
    <TestEntry testId="657f3dc5-4a14-fa89-8a54-4c695305c3fd" executionId="c2d8cb3f-df05-42f1-bc5a-7537c1a4073b" testListId="8c84fa94-04c1-424b-9868-57a2d4851a1d" />
    <TestEntry testId="58853ba1-246c-9947-d3c2-9d812e5a0016" executionId="f68faf47-51ee-4faa-8e2b-c2562e9dc8e5" testListId="8c84fa94-04c1-424b-9868-57a2d4851a1d" />
    <TestEntry testId="41c23d21-14f1-2412-155a-a7233ab5f930" executionId="32ed9833-5605-4673-8a3b-b71940d22320" testListId="8c84fa94-04c1-424b-9868-57a2d4851a1d" />
    <TestEntry testId="45748828-b528-e0d2-3049-442665da5101" executionId="e049a071-8568-4dae-97b0-dea98c58acdf" testListId="8c84fa94-04c1-424b-9868-57a2d4851a1d" />
    <TestEntry testId="1a667d03-2811-d009-f3f2-6708207ee24c" executionId="7cd1091b-f5bf-43c6-a160-ce7a5664219b" testListId="8c84fa94-04c1-424b-9868-57a2d4851a1d" />
    <TestEntry testId="38c2c976-d411-7f6f-0d78-bfd32eb44a8c" executionId="679c8284-d9a2-4230-b355-5dac7171cbe0" testListId="8c84fa94-04c1-424b-9868-57a2d4851a1d" />
  </TestEntries>
  <TestLists>
    <TestList name="Results Not in a List" id="8c84fa94-04c1-424b-9868-57a2d4851a1d" />
    <TestList name="All Loaded Results" id="19431567-8539-422a-85d7-44ee4e166bda" />
  </TestLists>
  <ResultSummary outcome="Completed">
    <Counters total="115" executed="115" passed="115" failed="0" error="0" timeout="0" aborted="0" inconclusive="0" passedButRunAborted="0" notRunnable="0" notExecuted="0" disconnected="0" warning="0" completed="0" inProgress="0" pending="0" />
    <Output>
      <StdOut>[xUnit.net 00:00:00.00] xUnit.net VSTest Adapter v3.1.4+50e68bbb8b (64-bit .NET 10.0.11)&#xD;
[xUnit.net 00:00:01.25]   Discovering: SoftwareManagement.Api.IntegrationTests&#xD;
[xUnit.net 00:00:01.46]   Discovered:  SoftwareManagement.Api.IntegrationTests&#xD;
[xUnit.net 00:00:01.50]   Starting:    SoftwareManagement.Api.IntegrationTests&#xD;
[xUnit.net 00:00:19.54]   Finished:    SoftwareManagement.Api.IntegrationTests&#xD;
</StdOut>
    </Output>
  </ResultSummary>
</TestRun>