<?xml version="1.0" encoding="utf-8"?>
<TestRun id="55c1e293-570b-4d60-8132-1a266f98bd2b" name="jsrkm@JSRKMANISHKUMAR 2026-09-20 15:28:10" runUser="JSRKMANISHKUMAR\jsrkm" xmlns="http://microsoft.com/schemas/VisualStudio/TeamTest/2010">
  <Times creation="2026-09-20T15:28:10.4162244+05:30" queuing="2026-09-20T15:28:10.4162248+05:30" start="2026-09-20T15:28:05.6012717+05:30" finish="2026-09-20T15:28:10.4215004+05:30" />
  <TestSettings name="default" id="e7290d7e-244c-4978-86c7-e6be9b2b38a8">
    <Deployment runDeploymentRoot="jsrkm_JSRKMANISHKUMAR_2026-09-20_15_28_10" />
  </TestSettings>
  <Results>
    <UnitTestResult executionId="d2bbdb06-bff0-4b04-8aef-464adfd6f39d" testId="9656c69e-fece-3117-f721-8242f57b5b74" testName="SoftwareManagement.Architecture.Tests.LayeringTests.Domain_DoesNotReferenceAnyOtherProjectInTheSolution" computerName="JSRKMANISHKUMAR" duration="00:00:00.0025442" startTime="2026-09-20T15:28:10.3154952+05:30" endTime="2026-09-20T15:28:10.3156708+05:30" testType="13cdc9d9-ddb5-4fa4-a97d-d965ccfc6d4b" outcome="Passed" testListId="8c84fa94-04c1-424b-9868-57a2d4851a1d" relativeResultsDirectory="d2bbdb06-bff0-4b04-8aef-464adfd6f39d" />
    <UnitTestResult executionId="294fc8f4-43d1-40ff-89e4-6132178b9dc2" testId="7264c2e2-eb00-6cb4-29a7-44d95c304d10" testName="SoftwareManagement.Architecture.Tests.LayeringTests.Application_ReferencesDomain_SoDependenciesPointInward" computerName="JSRKMANISHKUMAR" duration="00:00:00.0006125" startTime="2026-09-20T15:28:10.3167092+05:30" endTime="2026-09-20T15:28:10.3168094+05:30" testType="13cdc9d9-ddb5-4fa4-a97d-d965ccfc6d4b" outcome="Passed" testListId="8c84fa94-04c1-424b-9868-57a2d4851a1d" relativeResultsDirectory="294fc8f4-43d1-40ff-89e4-6132178b9dc2" />
    <UnitTestResult executionId="3b49e3e6-26f1-4d63-85a2-99aa9e83fafd" testId="a6e090f5-6bbe-b3ea-38f3-eb4c8e3f81d0" testName="SoftwareManagement.Architecture.Tests.LayeringTests.Application_DoesNotReferenceAspNetCoreMvc" computerName="JSRKMANISHKUMAR" duration="00:00:00.0006912" startTime="2026-09-20T15:28:10.3173072+05:30" endTime="2026-09-20T15:28:10.3173901+05:30" testType="13cdc9d9-ddb5-4fa4-a97d-d965ccfc6d4b" outcome="Passed" testListId="8c84fa94-04c1-424b-9868-57a2d4851a1d" relativeResultsDirectory="3b49e3e6-26f1-4d63-85a2-99aa9e83fafd" />
    <UnitTestResult executionId="e121c618-f610-4ac1-8e45-29afb1cd46f1" testId="46031641-a35a-bdfd-01a3-1a3ee6440020" testName="SoftwareManagement.Architecture.Tests.LayeringTests.Infrastructure_ReferencesApplication_AndNotTheApiLayer" computerName="JSRKMANISHKUMAR" duration="00:00:00.0109250" startTime="2026-09-20T15:28:10.3175904+05:30" endTime="2026-09-20T15:28:10.3176819+05:30" testType="13cdc9d9-ddb5-4fa4-a97d-d965ccfc6d4b" outcome="Passed" testListId="8c84fa94-04c1-424b-9868-57a2d4851a1d" relativeResultsDirectory="e121c618-f610-4ac1-8e45-29afb1cd46f1" />
    <UnitTestResult executionId="6dcac5c3-b714-41be-8533-d52981a3876d" testId="42a958a5-39fc-867d-2225-f99e278c252e" testName="SoftwareManagement.Architecture.Tests.LayeringTests.Domain_DoesNotReferenceEntityFrameworkCore" computerName="JSRKMANISHKUMAR" duration="00:00:00.0007251" startTime="2026-09-20T15:28:10.3178859+05:30" endTime="2026-09-20T15:28:10.3179690+05:30" testType="13cdc9d9-ddb5-4fa4-a97d-d965ccfc6d4b" outcome="Passed" testListId="8c84fa94-04c1-424b-9868-57a2d4851a1d" relativeResultsDirectory="6dcac5c3-b714-41be-8533-d52981a3876d" />
    <UnitTestResult executionId="6f7bcc17-82c9-4a03-93cb-95acf5c773dd" testId="037a6fcb-c2da-537e-dc0c-578202470c6b" testName="SoftwareManagement.Architecture.Tests.LayeringTests.Application_DoesNotReferenceInfrastructure" computerName="JSRKMANISHKUMAR" duration="00:00:00.0006779" startTime="2026-09-20T15:28:10.3170180+05:30" endTime="2026-09-20T15:28:10.3170966+05:30" testType="13cdc9d9-ddb5-4fa4-a97d-d965ccfc6d4b" outcome="Passed" testListId="8c84fa94-04c1-424b-9868-57a2d4851a1d" relativeResultsDirectory="6f7bcc17-82c9-4a03-93cb-95acf5c773dd" />
    <UnitTestResult executionId="c4241fc1-99da-480c-b027-23b1767c90a1" testId="c6abccdb-93ec-c03f-7ae8-c3c42358e41d" testName="SoftwareManagement.Architecture.Tests.LayeringTests.Api_IsTheOnlyProjectAllowedToDependOnInfrastructure" computerName="JSRKMANISHKUMAR" duration="00:00:00.2482788" startTime="2026-09-20T15:28:10.0737004+05:30" endTime="2026-09-20T15:28:10.3000528+05:30" testType="13cdc9d9-ddb5-4fa4-a97d-d965ccfc6d4b" outcome="Passed" testListId="8c84fa94-04c1-424b-9868-57a2d4851a1d" relativeResultsDirectory="c4241fc1-99da-480c-b027-23b1767c90a1" />
  </Results>
  <TestDefinitions>
    <UnitTest name="SoftwareManagement.Architecture.Tests.LayeringTests.Application_DoesNotReferenceInfrastructure" storage="g:\software-management\backend\tests\softwaremanagement.architecture.tests\bin\release\net10.0\softwaremanagement.architecture.tests.dll" id="037a6fcb-c2da-537e-dc0c-578202470c6b">
      <Execution id="6f7bcc17-82c9-4a03-93cb-95acf5c773dd" />
      <TestMethod codeBase="G:\software-management\backend\tests\SoftwareManagement.Architecture.Tests\bin\Release\net10.0\SoftwareManagement.Architecture.Tests.dll" adapterTypeName="executor://xunit/VsTestRunner3/netcore/" className="SoftwareManagement.Architecture.Tests.LayeringTests" name="Application_DoesNotReferenceInfrastructure" />
    </UnitTest>
    <UnitTest name="SoftwareManagement.Architecture.Tests.LayeringTests.Api_IsTheOnlyProjectAllowedToDependOnInfrastructure" storage="g:\software-management\backend\tests\softwaremanagement.architecture.tests\bin\release\net10.0\softwaremanagement.architecture.tests.dll" id="c6abccdb-93ec-c03f-7ae8-c3c42358e41d">
      <Execution id="c4241fc1-99da-480c-b027-23b1767c90a1" />
      <TestMethod codeBase="G:\software-management\backend\tests\SoftwareManagement.Architecture.Tests\bin\Release\net10.0\SoftwareManagement.Architecture.Tests.dll" adapterTypeName="executor://xunit/VsTestRunner3/netcore/" className="SoftwareManagement.Architecture.Tests.LayeringTests" name="Api_IsTheOnlyProjectAllowedToDependOnInfrastructure" />
    </UnitTest>
    <UnitTest name="SoftwareManagement.Architecture.Tests.LayeringTests.Domain_DoesNotReferenceAnyOtherProjectInTheSolution" storage="g:\software-management\backend\tests\softwaremanagement.architecture.tests\bin\release\net10.0\softwaremanagement.architecture.tests.dll" id="9656c69e-fece-3117-f721-8242f57b5b74">
      <Execution id="d2bbdb06-bff0-4b04-8aef-464adfd6f39d" />
      <TestMethod codeBase="G:\software-management\backend\tests\SoftwareManagement.Architecture.Tests\bin\Release\net10.0\SoftwareManagement.Architecture.Tests.dll" adapterTypeName="executor://xunit/VsTestRunner3/netcore/" className="SoftwareManagement.Architecture.Tests.LayeringTests" name="Domain_DoesNotReferenceAnyOtherProjectInTheSolution" />
    </UnitTest>
    <UnitTest name="SoftwareManagement.Architecture.Tests.LayeringTests.Infrastructure_ReferencesApplication_AndNotTheApiLayer" storage="g:\software-management\backend\tests\softwaremanagement.architecture.tests\bin\release\net10.0\softwaremanagement.architecture.tests.dll" id="46031641-a35a-bdfd-01a3-1a3ee6440020">
      <Execution id="e121c618-f610-4ac1-8e45-29afb1cd46f1" />
      <TestMethod codeBase="G:\software-management\backend\tests\SoftwareManagement.Architecture.Tests\bin\Release\net10.0\SoftwareManagement.Architecture.Tests.dll" adapterTypeName="executor://xunit/VsTestRunner3/netcore/" className="SoftwareManagement.Architecture.Tests.LayeringTests" name="Infrastructure_ReferencesApplication_AndNotTheApiLayer" />
    </UnitTest>
    <UnitTest name="SoftwareManagement.Architecture.Tests.LayeringTests.Domain_DoesNotReferenceEntityFrameworkCore" storage="g:\software-management\backend\tests\softwaremanagement.architecture.tests\bin\release\net10.0\softwaremanagement.architecture.tests.dll" id="42a958a5-39fc-867d-2225-f99e278c252e">
      <Execution id="6dcac5c3-b714-41be-8533-d52981a3876d" />
      <TestMethod codeBase="G:\software-management\backend\tests\SoftwareManagement.Architecture.Tests\bin\Release\net10.0\SoftwareManagement.Architecture.Tests.dll" adapterTypeName="executor://xunit/VsTestRunner3/netcore/" className="SoftwareManagement.Architecture.Tests.LayeringTests" name="Domain_DoesNotReferenceEntityFrameworkCore" />
    </UnitTest>
    <UnitTest name="SoftwareManagement.Architecture.Tests.LayeringTests.Application_ReferencesDomain_SoDependenciesPointInward" storage="g:\software-management\backend\tests\softwaremanagement.architecture.tests\bin\release\net10.0\softwaremanagement.architecture.tests.dll" id="7264c2e2-eb00-6cb4-29a7-44d95c304d10">
      <Execution id="294fc8f4-43d1-40ff-89e4-6132178b9dc2" />
      <TestMethod codeBase="G:\software-management\backend\tests\SoftwareManagement.Architecture.Tests\bin\Release\net10.0\SoftwareManagement.Architecture.Tests.dll" adapterTypeName="executor://xunit/VsTestRunner3/netcore/" className="SoftwareManagement.Architecture.Tests.LayeringTests" name="Application_ReferencesDomain_SoDependenciesPointInward" />
    </UnitTest>
    <UnitTest name="SoftwareManagement.Architecture.Tests.LayeringTests.Application_DoesNotReferenceAspNetCoreMvc" storage="g:\software-management\backend\tests\softwaremanagement.architecture.tests\bin\release\net10.0\softwaremanagement.architecture.tests.dll" id="a6e090f5-6bbe-b3ea-38f3-eb4c8e3f81d0">
      <Execution id="3b49e3e6-26f1-4d63-85a2-99aa9e83fafd" />
      <TestMethod codeBase="G:\software-management\backend\tests\SoftwareManagement.Architecture.Tests\bin\Release\net10.0\SoftwareManagement.Architecture.Tests.dll" adapterTypeName="executor://xunit/VsTestRunner3/netcore/" className="SoftwareManagement.Architecture.Tests.LayeringTests" name="Application_DoesNotReferenceAspNetCoreMvc" />
    </UnitTest>
  </TestDefinitions>
  <TestEntries>
    <TestEntry testId="9656c69e-fece-3117-f721-8242f57b5b74" executionId="d2bbdb06-bff0-4b04-8aef-464adfd6f39d" testListId="8c84fa94-04c1-424b-9868-57a2d4851a1d" />
    <TestEntry testId="7264c2e2-eb00-6cb4-29a7-44d95c304d10" executionId="294fc8f4-43d1-40ff-89e4-6132178b9dc2" testListId="8c84fa94-04c1-424b-9868-57a2d4851a1d" />
    <TestEntry testId="a6e090f5-6bbe-b3ea-38f3-eb4c8e3f81d0" executionId="3b49e3e6-26f1-4d63-85a2-99aa9e83fafd" testListId="8c84fa94-04c1-424b-9868-57a2d4851a1d" />
    <TestEntry testId="46031641-a35a-bdfd-01a3-1a3ee6440020" executionId="e121c618-f610-4ac1-8e45-29afb1cd46f1" testListId="8c84fa94-04c1-424b-9868-57a2d4851a1d" />
    <TestEntry testId="42a958a5-39fc-867d-2225-f99e278c252e" executionId="6dcac5c3-b714-41be-8533-d52981a3876d" testListId="8c84fa94-04c1-424b-9868-57a2d4851a1d" />
    <TestEntry testId="037a6fcb-c2da-537e-dc0c-578202470c6b" executionId="6f7bcc17-82c9-4a03-93cb-95acf5c773dd" testListId="8c84fa94-04c1-424b-9868-57a2d4851a1d" />
    <TestEntry testId="c6abccdb-93ec-c03f-7ae8-c3c42358e41d" executionId="c4241fc1-99da-480c-b027-23b1767c90a1" testListId="8c84fa94-04c1-424b-9868-57a2d4851a1d" />
  </TestEntries>
  <TestLists>
    <TestList name="Results Not in a List" id="8c84fa94-04c1-424b-9868-57a2d4851a1d" />
    <TestList name="All Loaded Results" id="19431567-8539-422a-85d7-44ee4e166bda" />
  </TestLists>
  <ResultSummary outcome="Completed">
    <Counters total="7" executed="7" passed="7" failed="0" error="0" timeout="0" aborted="0" inconclusive="0" passedButRunAborted="0" notRunnable="0" notExecuted="0" disconnected="0" warning="0" completed="0" inProgress="0" pending="0" />
    <Output>
      <StdOut>[xUnit.net 00:00:00.00] xUnit.net VSTest Adapter v3.1.4+50e68bbb8b (64-bit .NET 10.0.11)&#xD;
[xUnit.net 00:00:02.16]   Discovering: SoftwareManagement.Architecture.Tests&#xD;
[xUnit.net 00:00:02.23]   Discovered:  SoftwareManagement.Architecture.Tests&#xD;
[xUnit.net 00:00:02.26]   Starting:    SoftwareManagement.Architecture.Tests&#xD;
[xUnit.net 00:00:02.57]   Finished:    SoftwareManagement.Architecture.Tests&#xD;
</StdOut>
    </Output>
  </ResultSummary>
</TestRun>