<?xml version="1.0" encoding="utf-8"?>
<TestRun id="ab1345d0-96e4-48b9-8152-4618c810d352" name="jsrkm@JSRKMANISHKUMAR 2026-09-21 16:35:27" runUser="JSRKMANISHKUMAR\jsrkm" xmlns="http://microsoft.com/schemas/VisualStudio/TeamTest/2010">
  <Times creation="2026-09-21T16:35:27.8187404+05:30" queuing="2026-09-21T16:35:27.8187410+05:30" start="2026-09-21T16:35:25.6395010+05:30" finish="2026-09-21T16:35:27.8246185+05:30" />
  <TestSettings name="default" id="cab313aa-cd7c-4dad-b047-1b69e2b6e95f">
    <Deployment runDeploymentRoot="jsrkm_JSRKMANISHKUMAR_2026-09-21_16_35_27" />
  </TestSettings>
  <Results>
    <UnitTestResult executionId="9c56c9d8-0540-4de2-87db-dbdcd1e4dc07" testId="9656c69e-fece-3117-f721-8242f57b5b74" testName="SoftwareManagement.Architecture.Tests.LayeringTests.Domain_DoesNotReferenceAnyOtherProjectInTheSolution" computerName="JSRKMANISHKUMAR" duration="00:00:00.0020611" startTime="2026-09-21T16:35:27.6849277+05:30" endTime="2026-09-21T16:35:27.6850569+05:30" testType="13cdc9d9-ddb5-4fa4-a97d-d965ccfc6d4b" outcome="Passed" testListId="8c84fa94-04c1-424b-9868-57a2d4851a1d" relativeResultsDirectory="9c56c9d8-0540-4de2-87db-dbdcd1e4dc07" />
    <UnitTestResult executionId="aa1c0b1a-b278-4eae-a218-7ce46b1696e9" testId="c6abccdb-93ec-c03f-7ae8-c3c42358e41d" testName="SoftwareManagement.Architecture.Tests.LayeringTests.Api_IsTheOnlyProjectAllowedToDependOnInfrastructure" computerName="JSRKMANISHKUMAR" duration="00:00:00.1976690" startTime="2026-09-21T16:35:27.4660610+05:30" endTime="2026-09-21T16:35:27.6714244+05:30" testType="13cdc9d9-ddb5-4fa4-a97d-d965ccfc6d4b" outcome="Passed" testListId="8c84fa94-04c1-424b-9868-57a2d4851a1d" relativeResultsDirectory="aa1c0b1a-b278-4eae-a218-7ce46b1696e9" />
    <UnitTestResult executionId="51a9a7fb-64a6-4d1d-a4d9-c8e3ea58e5b1" testId="037a6fcb-c2da-537e-dc0c-578202470c6b" testName="SoftwareManagement.Architecture.Tests.LayeringTests.Application_DoesNotReferenceInfrastructure" computerName="JSRKMANISHKUMAR" duration="00:00:00.0005590" startTime="2026-09-21T16:35:27.6860674+05:30" endTime="2026-09-21T16:35:27.6861391+05:30" testType="13cdc9d9-ddb5-4fa4-a97d-d965ccfc6d4b" outcome="Passed" testListId="8c84fa94-04c1-424b-9868-57a2d4851a1d" relativeResultsDirectory="51a9a7fb-64a6-4d1d-a4d9-c8e3ea58e5b1" />
    <UnitTestResult executionId="587be5a6-7402-4dfa-a3e1-dc6874f4c990" testId="7264c2e2-eb00-6cb4-29a7-44d95c304d10" testName="SoftwareManagement.Architecture.Tests.LayeringTests.Application_ReferencesDomain_SoDependenciesPointInward" computerName="JSRKMANISHKUMAR" duration="00:00:00.0004711" startTime="2026-09-21T16:35:27.6858152+05:30" endTime="2026-09-21T16:35:27.6858896+05:30" testType="13cdc9d9-ddb5-4fa4-a97d-d965ccfc6d4b" outcome="Passed" testListId="8c84fa94-04c1-424b-9868-57a2d4851a1d" relativeResultsDirectory="587be5a6-7402-4dfa-a3e1-dc6874f4c990" />
    <UnitTestResult executionId="f25bf868-114a-442a-8931-6c2aca9c92b7" testId="a6e090f5-6bbe-b3ea-38f3-eb4c8e3f81d0" testName="SoftwareManagement.Architecture.Tests.LayeringTests.Application_DoesNotReferenceAspNetCoreMvc" computerName="JSRKMANISHKUMAR" duration="00:00:00.0005540" startTime="2026-09-21T16:35:27.6863781+05:30" endTime="2026-09-21T16:35:27.6864423+05:30" testType="13cdc9d9-ddb5-4fa4-a97d-d965ccfc6d4b" outcome="Passed" testListId="8c84fa94-04c1-424b-9868-57a2d4851a1d" relativeResultsDirectory="f25bf868-114a-442a-8931-6c2aca9c92b7" />
    <UnitTestResult executionId="1aab0a17-fcaf-4109-8e3a-ea83037bf750" testId="42a958a5-39fc-867d-2225-f99e278c252e" testName="SoftwareManagement.Architecture.Tests.LayeringTests.Domain_DoesNotReferenceEntityFrameworkCore" computerName="JSRKMANISHKUMAR" duration="00:00:00.0005359" startTime="2026-09-21T16:35:27.6868253+05:30" endTime="2026-09-21T16:35:27.6868953+05:30" testType="13cdc9d9-ddb5-4fa4-a97d-d965ccfc6d4b" outcome="Passed" testListId="8c84fa94-04c1-424b-9868-57a2d4851a1d" relativeResultsDirectory="1aab0a17-fcaf-4109-8e3a-ea83037bf750" />
    <UnitTestResult executionId="7c4d9fb4-b5c7-449e-8b78-c0342d04cefe" testId="46031641-a35a-bdfd-01a3-1a3ee6440020" testName="SoftwareManagement.Architecture.Tests.LayeringTests.Infrastructure_ReferencesApplication_AndNotTheApiLayer" computerName="JSRKMANISHKUMAR" duration="00:00:00.0004268" startTime="2026-09-21T16:35:27.6866075+05:30" endTime="2026-09-21T16:35:27.6866725+05:30" testType="13cdc9d9-ddb5-4fa4-a97d-d965ccfc6d4b" outcome="Passed" testListId="8c84fa94-04c1-424b-9868-57a2d4851a1d" relativeResultsDirectory="7c4d9fb4-b5c7-449e-8b78-c0342d04cefe" />
  </Results>
  <TestDefinitions>
    <UnitTest name="SoftwareManagement.Architecture.Tests.LayeringTests.Application_DoesNotReferenceInfrastructure" storage="g:\software-management\backend\tests\softwaremanagement.architecture.tests\bin\debug\net10.0\softwaremanagement.architecture.tests.dll" id="037a6fcb-c2da-537e-dc0c-578202470c6b">
      <Execution id="51a9a7fb-64a6-4d1d-a4d9-c8e3ea58e5b1" />
      <TestMethod codeBase="G:\software-management\backend\tests\SoftwareManagement.Architecture.Tests\bin\Debug\net10.0\SoftwareManagement.Architecture.Tests.dll" adapterTypeName="executor://xunit/VsTestRunner3/netcore/" className="SoftwareManagement.Architecture.Tests.LayeringTests" name="Application_DoesNotReferenceInfrastructure" />
    </UnitTest>
    <UnitTest name="SoftwareManagement.Architecture.Tests.LayeringTests.Api_IsTheOnlyProjectAllowedToDependOnInfrastructure" storage="g:\software-management\backend\tests\softwaremanagement.architecture.tests\bin\debug\net10.0\softwaremanagement.architecture.tests.dll" id="c6abccdb-93ec-c03f-7ae8-c3c42358e41d">
      <Execution id="aa1c0b1a-b278-4eae-a218-7ce46b1696e9" />
      <TestMethod codeBase="G:\software-management\backend\tests\SoftwareManagement.Architecture.Tests\bin\Debug\net10.0\SoftwareManagement.Architecture.Tests.dll" adapterTypeName="executor://xunit/VsTestRunner3/netcore/" className="SoftwareManagement.Architecture.Tests.LayeringTests" name="Api_IsTheOnlyProjectAllowedToDependOnInfrastructure" />
    </UnitTest>
    <UnitTest name="SoftwareManagement.Architecture.Tests.LayeringTests.Domain_DoesNotReferenceAnyOtherProjectInTheSolution" storage="g:\software-management\backend\tests\softwaremanagement.architecture.tests\bin\debug\net10.0\softwaremanagement.architecture.tests.dll" id="9656c69e-fece-3117-f721-8242f57b5b74">
      <Execution id="9c56c9d8-0540-4de2-87db-dbdcd1e4dc07" />
      <TestMethod codeBase="G:\software-management\backend\tests\SoftwareManagement.Architecture.Tests\bin\Debug\net10.0\SoftwareManagement.Architecture.Tests.dll" adapterTypeName="executor://xunit/VsTestRunner3/netcore/" className="SoftwareManagement.Architecture.Tests.LayeringTests" name="Domain_DoesNotReferenceAnyOtherProjectInTheSolution" />
    </UnitTest>
    <UnitTest name="SoftwareManagement.Architecture.Tests.LayeringTests.Infrastructure_ReferencesApplication_AndNotTheApiLayer" storage="g:\software-management\backend\tests\softwaremanagement.architecture.tests\bin\debug\net10.0\softwaremanagement.architecture.tests.dll" id="46031641-a35a-bdfd-01a3-1a3ee6440020">
      <Execution id="7c4d9fb4-b5c7-449e-8b78-c0342d04cefe" />
      <TestMethod codeBase="G:\software-management\backend\tests\SoftwareManagement.Architecture.Tests\bin\Debug\net10.0\SoftwareManagement.Architecture.Tests.dll" adapterTypeName="executor://xunit/VsTestRunner3/netcore/" className="SoftwareManagement.Architecture.Tests.LayeringTests" name="Infrastructure_ReferencesApplication_AndNotTheApiLayer" />
    </UnitTest>
    <UnitTest name="SoftwareManagement.Architecture.Tests.LayeringTests.Domain_DoesNotReferenceEntityFrameworkCore" storage="g:\software-management\backend\tests\softwaremanagement.architecture.tests\bin\debug\net10.0\softwaremanagement.architecture.tests.dll" id="42a958a5-39fc-867d-2225-f99e278c252e">
      <Execution id="1aab0a17-fcaf-4109-8e3a-ea83037bf750" />
      <TestMethod codeBase="G:\software-management\backend\tests\SoftwareManagement.Architecture.Tests\bin\Debug\net10.0\SoftwareManagement.Architecture.Tests.dll" adapterTypeName="executor://xunit/VsTestRunner3/netcore/" className="SoftwareManagement.Architecture.Tests.LayeringTests" name="Domain_DoesNotReferenceEntityFrameworkCore" />
    </UnitTest>
    <UnitTest name="SoftwareManagement.Architecture.Tests.LayeringTests.Application_ReferencesDomain_SoDependenciesPointInward" storage="g:\software-management\backend\tests\softwaremanagement.architecture.tests\bin\debug\net10.0\softwaremanagement.architecture.tests.dll" id="7264c2e2-eb00-6cb4-29a7-44d95c304d10">
      <Execution id="587be5a6-7402-4dfa-a3e1-dc6874f4c990" />
      <TestMethod codeBase="G:\software-management\backend\tests\SoftwareManagement.Architecture.Tests\bin\Debug\net10.0\SoftwareManagement.Architecture.Tests.dll" adapterTypeName="executor://xunit/VsTestRunner3/netcore/" className="SoftwareManagement.Architecture.Tests.LayeringTests" name="Application_ReferencesDomain_SoDependenciesPointInward" />
    </UnitTest>
    <UnitTest name="SoftwareManagement.Architecture.Tests.LayeringTests.Application_DoesNotReferenceAspNetCoreMvc" storage="g:\software-management\backend\tests\softwaremanagement.architecture.tests\bin\debug\net10.0\softwaremanagement.architecture.tests.dll" id="a6e090f5-6bbe-b3ea-38f3-eb4c8e3f81d0">
      <Execution id="f25bf868-114a-442a-8931-6c2aca9c92b7" />
      <TestMethod codeBase="G:\software-management\backend\tests\SoftwareManagement.Architecture.Tests\bin\Debug\net10.0\SoftwareManagement.Architecture.Tests.dll" adapterTypeName="executor://xunit/VsTestRunner3/netcore/" className="SoftwareManagement.Architecture.Tests.LayeringTests" name="Application_DoesNotReferenceAspNetCoreMvc" />
    </UnitTest>
  </TestDefinitions>
  <TestEntries>
    <TestEntry testId="9656c69e-fece-3117-f721-8242f57b5b74" executionId="9c56c9d8-0540-4de2-87db-dbdcd1e4dc07" testListId="8c84fa94-04c1-424b-9868-57a2d4851a1d" />
    <TestEntry testId="c6abccdb-93ec-c03f-7ae8-c3c42358e41d" executionId="aa1c0b1a-b278-4eae-a218-7ce46b1696e9" testListId="8c84fa94-04c1-424b-9868-57a2d4851a1d" />
    <TestEntry testId="037a6fcb-c2da-537e-dc0c-578202470c6b" executionId="51a9a7fb-64a6-4d1d-a4d9-c8e3ea58e5b1" testListId="8c84fa94-04c1-424b-9868-57a2d4851a1d" />
    <TestEntry testId="7264c2e2-eb00-6cb4-29a7-44d95c304d10" executionId="587be5a6-7402-4dfa-a3e1-dc6874f4c990" testListId="8c84fa94-04c1-424b-9868-57a2d4851a1d" />
    <TestEntry testId="a6e090f5-6bbe-b3ea-38f3-eb4c8e3f81d0" executionId="f25bf868-114a-442a-8931-6c2aca9c92b7" testListId="8c84fa94-04c1-424b-9868-57a2d4851a1d" />
    <TestEntry testId="42a958a5-39fc-867d-2225-f99e278c252e" executionId="1aab0a17-fcaf-4109-8e3a-ea83037bf750" testListId="8c84fa94-04c1-424b-9868-57a2d4851a1d" />
    <TestEntry testId="46031641-a35a-bdfd-01a3-1a3ee6440020" executionId="7c4d9fb4-b5c7-449e-8b78-c0342d04cefe" testListId="8c84fa94-04c1-424b-9868-57a2d4851a1d" />
  </TestEntries>
  <TestLists>
    <TestList name="Results Not in a List" id="8c84fa94-04c1-424b-9868-57a2d4851a1d" />
    <TestList name="All Loaded Results" id="19431567-8539-422a-85d7-44ee4e166bda" />
  </TestLists>
  <ResultSummary outcome="Completed">
    <Counters total="7" executed="7" passed="7" failed="0" error="0" timeout="0" aborted="0" inconclusive="0" passedButRunAborted="0" notRunnable="0" notExecuted="0" disconnected="0" warning="0" completed="0" inProgress="0" pending="0" />
    <Output>
      <StdOut>[xUnit.net 00:00:00.00] xUnit.net VSTest Adapter v3.1.4+50e68bbb8b (64-bit .NET 10.0.11)&#xD;
[xUnit.net 00:00:00.91]   Discovering: SoftwareManagement.Architecture.Tests&#xD;
[xUnit.net 00:00:00.96]   Discovered:  SoftwareManagement.Architecture.Tests&#xD;
[xUnit.net 00:00:00.99]   Starting:    SoftwareManagement.Architecture.Tests&#xD;
[xUnit.net 00:00:01.24]   Finished:    SoftwareManagement.Architecture.Tests&#xD;
</StdOut>
    </Output>
  </ResultSummary>
</TestRun>