<?xml version="1.0" encoding="utf-8"?>
<TestRun id="b05c819d-fcdb-4b77-bead-1b58110a9470" name="jsrkm@JSRKMANISHKUMAR 2026-09-20 15:29:56" runUser="JSRKMANISHKUMAR\jsrkm" xmlns="http://microsoft.com/schemas/VisualStudio/TeamTest/2010">
  <Times creation="2026-09-20T15:29:56.7893212+05:30" queuing="2026-09-20T15:29:56.7893214+05:30" start="2026-09-20T15:29:50.9336803+05:30" finish="2026-09-20T15:30:20.1778159+05:30" />
  <TestSettings name="default" id="2c3dd23c-4186-4850-ad42-76db9db86dac">
    <Deployment runDeploymentRoot="jsrkm_JSRKMANISHKUMAR_2026-09-20_15_29_56" />
  </TestSettings>
  <Results>
    <UnitTestResult executionId="3d33007e-0ac7-46e0-90fd-c9386ad0187e" testId="ae9ed6a3-94c1-6ddf-4de3-c113c4112fd1" testName="SoftwareManagement.Api.IntegrationTests.Leads.LeadCaptureTests.REQ_LEAD_004_A_submission_with_no_captcha_token_at_all_is_refused" computerName="JSRKMANISHKUMAR" duration="00:00:00.0087600" startTime="2026-09-20T15:30:18.6824281+05:30" endTime="2026-09-20T15:30:18.6913760+05:30" testType="13cdc9d9-ddb5-4fa4-a97d-d965ccfc6d4b" outcome="Passed" testListId="8c84fa94-04c1-424b-9868-57a2d4851a1d" relativeResultsDirectory="3d33007e-0ac7-46e0-90fd-c9386ad0187e" />
    <UnitTestResult executionId="3683f417-934e-4f75-b2eb-be82a4df371e" testId="f120ee50-de43-50ee-3818-d56c2b7aaa83" testName="SoftwareManagement.Api.IntegrationTests.Content.PageLifecycleTests.REQ_SITE_004_EditingALivePageKeepsThePublicOnTheLastPublishedVersion" computerName="JSRKMANISHKUMAR" duration="00:00:00.1451432" startTime="2026-09-20T15:30:13.7777303+05:30" endTime="2026-09-20T15:30:13.9232437+05:30" testType="13cdc9d9-ddb5-4fa4-a97d-d965ccfc6d4b" outcome="Passed" testListId="8c84fa94-04c1-424b-9868-57a2d4851a1d" relativeResultsDirectory="3683f417-934e-4f75-b2eb-be82a4df371e" />
    <UnitTestResult executionId="6897e433-4491-429a-bf59-f732b58e76b1" testId="bf89614b-0414-ff4f-d8d7-6fd3bfc458e6" testName="SoftwareManagement.Api.IntegrationTests.Catalog.PublicCatalogTests.REQ_CAT_011_The_product_page_carries_the_features_screenshots_plans_and_faq" computerName="JSRKMANISHKUMAR" duration="00:00:00.2025994" startTime="2026-09-20T15:30:07.7040405+05:30" endTime="2026-09-20T15:30:07.9071688+05:30" testType="13cdc9d9-ddb5-4fa4-a97d-d965ccfc6d4b" outcome="Passed" testListId="8c84fa94-04c1-424b-9868-57a2d4851a1d" relativeResultsDirectory="6897e433-4491-429a-bf59-f732b58e76b1" />
    <UnitTestResult executionId="ccfd4882-8331-4ac4-924a-640a86a1f001" testId="bd6bb989-7122-4e5f-28d6-17f5d74085ff" testName="SoftwareManagement.Api.IntegrationTests.Leads.LeadCaptureTests.REQ_LEAD_005_A_filled_honeypot_looks_accepted_stores_spam_and_queues_nothing" computerName="JSRKMANISHKUMAR" duration="00:00:00.0651408" startTime="2026-09-20T15:30:18.7296737+05:30" endTime="2026-09-20T15:30:18.7952779+05:30" testType="13cdc9d9-ddb5-4fa4-a97d-d965ccfc6d4b" outcome="Passed" testListId="8c84fa94-04c1-424b-9868-57a2d4851a1d" relativeResultsDirectory="ccfd4882-8331-4ac4-924a-640a86a1f001" />
    <UnitTestResult executionId="00ba38d2-5d1a-42e4-a575-a93950bf641a" testId="451a92a6-a64e-08f2-d5ed-4c678e13c7a5" testName="SoftwareManagement.Api.IntegrationTests.Content.SiteStructureTests.REQ_SITE_012_ShowsOnlyPermittedTestimonialsOnThePublicSite" computerName="JSRKMANISHKUMAR" duration="00:00:00.2109253" startTime="2026-09-20T15:30:11.7067508+05:30" endTime="2026-09-20T15:30:11.9179914+05:30" testType="13cdc9d9-ddb5-4fa4-a97d-d965ccfc6d4b" outcome="Passed" testListId="8c84fa94-04c1-424b-9868-57a2d4851a1d" relativeResultsDirectory="00ba38d2-5d1a-42e4-a575-a93950bf641a" />
    <UnitTestResult executionId="077ea645-91ad-44e8-8490-b0a12369c066" testId="d1815691-75af-323e-38d7-3182482be1f1" testName="SoftwareManagement.Api.IntegrationTests.Leads.LeadCaptureTests.REQ_LEAD_001_An_enquiry_with_neither_an_email_nor_a_phone_number_is_refused" computerName="JSRKMANISHKUMAR" duration="00:00:00.0315475" startTime="2026-09-20T15:30:18.6502791+05:30" endTime="2026-09-20T15:30:18.6822550+05:30" testType="13cdc9d9-ddb5-4fa4-a97d-d965ccfc6d4b" outcome="Passed" testListId="8c84fa94-04c1-424b-9868-57a2d4851a1d" relativeResultsDirectory="077ea645-91ad-44e8-8490-b0a12369c066" />
    <UnitTestResult executionId="37268d42-99a9-49bd-a5ad-af1d97e36884" testId="6e49c53c-9217-d127-2866-89fbccebebe4" testName="SoftwareManagement.Api.IntegrationTests.Identity.AuthenticationTests.REQ_IAM_009_Returns401_WhenNobodyIsSignedIn" computerName="JSRKMANISHKUMAR" duration="00:00:00.0033235" startTime="2026-09-20T15:30:02.8545575+05:30" endTime="2026-09-20T15:30:02.8582378+05:30" testType="13cdc9d9-ddb5-4fa4-a97d-d965ccfc6d4b" outcome="Passed" testListId="8c84fa94-04c1-424b-9868-57a2d4851a1d" relativeResultsDirectory="37268d42-99a9-49bd-a5ad-af1d97e36884" />
    <UnitTestResult executionId="5430323d-f246-4423-8fc8-d312abc96f56" testId="acc4675e-1897-51f7-93d1-72a0bb0db28b" testName="SoftwareManagement.Api.IntegrationTests.Identity.AuthenticationTests.REQ_IAM_001_Returns401WithoutRevealingWhichPartWasWrong_ForABadPassword" computerName="JSRKMANISHKUMAR" duration="00:00:00.1330807" startTime="2026-09-20T15:30:02.3629641+05:30" endTime="2026-09-20T15:30:02.4965206+05:30" testType="13cdc9d9-ddb5-4fa4-a97d-d965ccfc6d4b" outcome="Passed" testListId="8c84fa94-04c1-424b-9868-57a2d4851a1d" relativeResultsDirectory="5430323d-f246-4423-8fc8-d312abc96f56" />
    <UnitTestResult executionId="25dacf7c-a6c4-435f-84cb-9d4818bb81fc" testId="7dd048fb-7022-3dae-6af9-0819966852a5" testName="SoftwareManagement.Api.IntegrationTests.Content.PageLifecycleTests.REQ_SITE_003_WritesAContentVersionOnEveryPublish" computerName="JSRKMANISHKUMAR" duration="00:00:00.1262504" startTime="2026-09-20T15:30:16.0757716+05:30" endTime="2026-09-20T15:30:16.2024169+05:30" testType="13cdc9d9-ddb5-4fa4-a97d-d965ccfc6d4b" outcome="Passed" testListId="8c84fa94-04c1-424b-9868-57a2d4851a1d" relativeResultsDirectory="25dacf7c-a6c4-435f-84cb-9d4818bb81fc" />
    <UnitTestResult executionId="43347199-788f-45f4-ac38-8e33b4c49d54" testId="b70b8fb6-3a69-7238-960f-92060208f8dd" testName="SoftwareManagement.Api.IntegrationTests.Catalog.PublicCatalogTests.REQ_CAT_010_A_request_for_a_hundred_thousand_products_returns_at_most_a_hundred" computerName="JSRKMANISHKUMAR" duration="00:00:00.0110294" startTime="2026-09-20T15:30:07.6926154+05:30" endTime="2026-09-20T15:30:07.7038617+05:30" testType="13cdc9d9-ddb5-4fa4-a97d-d965ccfc6d4b" outcome="Passed" testListId="8c84fa94-04c1-424b-9868-57a2d4851a1d" relativeResultsDirectory="43347199-788f-45f4-ac38-8e33b4c49d54" />
    <UnitTestResult executionId="d9750e9c-8c2c-4cd1-86b5-3d83f0802196" testId="db8b508b-3f90-ac38-3ecb-298cea80d855" testName="SoftwareManagement.Api.IntegrationTests.Content.PageLifecycleTests.REQ_SITE_001_Returns422_ForASlugLongerThanTheColumn" computerName="JSRKMANISHKUMAR" duration="00:00:00.0805164" startTime="2026-09-20T15:30:15.9949027+05:30" endTime="2026-09-20T15:30:16.0755976+05:30" testType="13cdc9d9-ddb5-4fa4-a97d-d965ccfc6d4b" outcome="Passed" testListId="8c84fa94-04c1-424b-9868-57a2d4851a1d" relativeResultsDirectory="d9750e9c-8c2c-4cd1-86b5-3d83f0802196" />
    <UnitTestResult executionId="387708a6-0931-4ca3-9425-1c081c3d8677" testId="5b8398b7-568f-b8bb-7ca4-d03b5695abf8" testName="SoftwareManagement.Api.IntegrationTests.Catalog.ProductCatalogTests.REQ_CAT_003_Reordering_features_leaves_the_stored_positions_contiguous" computerName="JSRKMANISHKUMAR" duration="00:00:00.1725213" startTime="2026-09-20T15:30:09.0947129+05:30" endTime="2026-09-20T15:30:09.2675505+05:30" testType="13cdc9d9-ddb5-4fa4-a97d-d965ccfc6d4b" outcome="Passed" testListId="8c84fa94-04c1-424b-9868-57a2d4851a1d" relativeResultsDirectory="387708a6-0931-4ca3-9425-1c081c3d8677" />
    <UnitTestResult executionId="51e4a953-c631-4934-969a-d8624f7e4694" testId="c0efe5a5-001e-19f8-9c23-398c45c58f88" testName="SoftwareManagement.Api.IntegrationTests.Leads.LeadCaptureTests.REQ_LEAD_008_A_lead_carrying_campaign_parameters_records_them_and_its_source" computerName="JSRKMANISHKUMAR" duration="00:00:00.0668497" startTime="2026-09-20T15:30:19.2535958+05:30" endTime="2026-09-20T15:30:19.3209911+05:30" testType="13cdc9d9-ddb5-4fa4-a97d-d965ccfc6d4b" outcome="Passed" testListId="8c84fa94-04c1-424b-9868-57a2d4851a1d" relativeResultsDirectory="51e4a953-c631-4934-969a-d8624f7e4694" />
    <UnitTestResult executionId="7fe00a89-9b28-46b5-9826-50724cdc174a" testId="f2faf23d-0ee1-c0f1-5ba5-a82c1fde649d" testName="SoftwareManagement.Api.IntegrationTests.Leads.LeadCaptureTests.REQ_LEAD_008_A_lead_with_no_campaign_parameters_is_recorded_as_direct_rather_than_unknown" computerName="JSRKMANISHKUMAR" duration="00:00:00.0375389" startTime="2026-09-20T15:30:18.6915489+05:30" endTime="2026-09-20T15:30:18.7295087+05:30" testType="13cdc9d9-ddb5-4fa4-a97d-d965ccfc6d4b" outcome="Passed" testListId="8c84fa94-04c1-424b-9868-57a2d4851a1d" relativeResultsDirectory="7fe00a89-9b28-46b5-9826-50724cdc174a" />
    <UnitTestResult executionId="2294accf-0da2-40c8-a070-f6a874baaed1" testId="650255d1-ff1a-bc01-d7cd-692b4f557d32" testName="SoftwareManagement.Api.IntegrationTests.Content.PageLifecycleTests.REQ_SITE_001_Returns409AndSuggestsAnAlternative_WhenTheSlugIsTaken" computerName="JSRKMANISHKUMAR" duration="00:00:00.1993772" startTime="2026-09-20T15:30:13.9234272+05:30" endTime="2026-09-20T15:30:14.1247681+05:30" testType="13cdc9d9-ddb5-4fa4-a97d-d965ccfc6d4b" outcome="Passed" testListId="8c84fa94-04c1-424b-9868-57a2d4851a1d" relativeResultsDirectory="2294accf-0da2-40c8-a070-f6a874baaed1" />
    <UnitTestResult executionId="2d36f4a2-f8b7-46c1-b1d3-e5d8812d3e8d" testId="657f3dc5-4a14-fa89-8a54-4c695305c3fd" testName="SoftwareManagement.Api.IntegrationTests.Identity.AuthenticationTests.REQ_IAM_008_Returns410_WhenTheResetTokenIsNotValid" computerName="JSRKMANISHKUMAR" duration="00:00:00.0211975" startTime="2026-09-20T15:30:02.8584301+05:30" endTime="2026-09-20T15:30:02.8800430+05:30" testType="13cdc9d9-ddb5-4fa4-a97d-d965ccfc6d4b" outcome="Passed" testListId="8c84fa94-04c1-424b-9868-57a2d4851a1d" relativeResultsDirectory="2d36f4a2-f8b7-46c1-b1d3-e5d8812d3e8d" />
    <UnitTestResult executionId="d63c0f65-cf7a-45cc-a532-2fb8abae5073" testId="f36b4b36-476a-1049-d816-7b0cc33a8cd2" testName="SoftwareManagement.Api.IntegrationTests.Identity.UserAdministrationTests.REQ_IAM_004_Returns422_WhenAssigningARoleThatDoesNotExist" computerName="JSRKMANISHKUMAR" duration="00:00:00.1191598" startTime="2026-09-20T15:29:59.1037515+05:30" endTime="2026-09-20T15:29:59.2231722+05:30" testType="13cdc9d9-ddb5-4fa4-a97d-d965ccfc6d4b" outcome="Passed" testListId="8c84fa94-04c1-424b-9868-57a2d4851a1d" relativeResultsDirectory="d63c0f65-cf7a-45cc-a532-2fb8abae5073" />
    <UnitTestResult executionId="666c6e87-37f3-4617-a45c-8d60204107ff" testId="7ba7d296-b191-aefe-8bf9-54b9c587cb83" testName="SoftwareManagement.Api.IntegrationTests.Catalog.ProductCatalogTests.REQ_CAT_004_A_screenshot_pointing_at_an_image_nobody_uploaded_is_refused" computerName="JSRKMANISHKUMAR" duration="00:00:00.0849303" startTime="2026-09-20T15:30:10.1769215+05:30" endTime="2026-09-20T15:30:10.2615149+05:30" testType="13cdc9d9-ddb5-4fa4-a97d-d965ccfc6d4b" outcome="Passed" testListId="8c84fa94-04c1-424b-9868-57a2d4851a1d" relativeResultsDirectory="666c6e87-37f3-4617-a45c-8d60204107ff" />
    <UnitTestResult executionId="f3b03f9a-dfcb-45ab-8606-f45a48bfdfc4" testId="f1f020ca-ba61-7442-1df0-5e9b91512378" testName="SoftwareManagement.Api.IntegrationTests.Identity.AuthorizationMatrixTests.REQ_IAM_005_GivesTheAuditorNoWritePermissionAtAll" computerName="JSRKMANISHKUMAR" duration="00:00:00.0920442" startTime="2026-09-20T15:30:00.8059317+05:30" endTime="2026-09-20T15:30:00.8981957+05:30" testType="13cdc9d9-ddb5-4fa4-a97d-d965ccfc6d4b" outcome="Passed" testListId="8c84fa94-04c1-424b-9868-57a2d4851a1d" relativeResultsDirectory="f3b03f9a-dfcb-45ab-8606-f45a48bfdfc4" />
    <UnitTestResult executionId="3ae49a4d-0a4f-4911-9bd8-ff46e4e8c77d" testId="31b5e945-5555-af33-c5a7-3bf48ec2f7ef" testName="SoftwareManagement.Api.IntegrationTests.Content.PageLifecycleTests.REQ_SITE_011_LeavesA301BehindWhenAPublishedPageIsRenamed" computerName="JSRKMANISHKUMAR" duration="00:00:00.1185945" startTime="2026-09-20T15:30:16.3111131+05:30" endTime="2026-09-20T15:30:16.4301665+05:30" testType="13cdc9d9-ddb5-4fa4-a97d-d965ccfc6d4b" outcome="Passed" testListId="8c84fa94-04c1-424b-9868-57a2d4851a1d" relativeResultsDirectory="3ae49a4d-0a4f-4911-9bd8-ff46e4e8c77d" />
    <UnitTestResult executionId="722fac7c-0fbe-461b-8909-5ce4711d36eb" testId="9f5b2e42-e9d2-d8e8-a429-91880ecdbdf1" testName="SoftwareManagement.Api.IntegrationTests.Catalog.PublicCatalogTests.REQ_CAT_009_Publishing_is_refused_below_the_thresholds_and_the_response_names_the_failing_counts" computerName="JSRKMANISHKUMAR" duration="00:00:00.2075041" startTime="2026-09-20T15:30:07.4846858+05:30" endTime="2026-09-20T15:30:07.6924203+05:30" testType="13cdc9d9-ddb5-4fa4-a97d-d965ccfc6d4b" outcome="Passed" testListId="8c84fa94-04c1-424b-9868-57a2d4851a1d" relativeResultsDirectory="722fac7c-0fbe-461b-8909-5ce4711d36eb" />
    <UnitTestResult executionId="e0eaeb97-4ebd-41c9-a35b-eb4f061b6925" testId="024f0d6c-8c53-6199-c384-e3a891be0c0f" testName="SoftwareManagement.Api.IntegrationTests.Content.SiteStructureTests.REQ_SITE_002_KeepsSectionOrderContiguousAfterAReorder" computerName="JSRKMANISHKUMAR" duration="00:00:00.2054632" startTime="2026-09-20T15:30:11.3051321+05:30" endTime="2026-09-20T15:30:11.5109561+05:30" testType="13cdc9d9-ddb5-4fa4-a97d-d965ccfc6d4b" outcome="Passed" testListId="8c84fa94-04c1-424b-9868-57a2d4851a1d" relativeResultsDirectory="e0eaeb97-4ebd-41c9-a35b-eb4f061b6925" />
    <UnitTestResult executionId="a71d60cb-1685-486f-9fee-702442463c40" testId="bb35a0d0-7d94-9cbb-7ef3-55c9a9b91774" testName="SoftwareManagement.Api.IntegrationTests.Identity.UserAdministrationTests.REQ_IAM_006_Returns409_WhenTheEmailAddressIsAlreadyRegistered" computerName="JSRKMANISHKUMAR" duration="00:00:00.0802086" startTime="2026-09-20T15:29:59.6717273+05:30" endTime="2026-09-20T15:29:59.7522149+05:30" testType="13cdc9d9-ddb5-4fa4-a97d-d965ccfc6d4b" outcome="Passed" testListId="8c84fa94-04c1-424b-9868-57a2d4851a1d" relativeResultsDirectory="a71d60cb-1685-486f-9fee-702442463c40" />
    <UnitTestResult executionId="ac342728-b57e-41a9-842c-6c5c13e8c648" testId="3eea89b0-469a-bc10-de78-c8a2f5b46c22" testName="SoftwareManagement.Api.IntegrationTests.Leads.LeadCaptureTests.REQ_LEAD_007_The_same_enquiry_sent_twice_in_a_minute_is_one_lead_and_one_acknowledgement" computerName="JSRKMANISHKUMAR" duration="00:00:00.1167833" startTime="2026-09-20T15:30:19.0078369+05:30" endTime="2026-09-20T15:30:19.1250404+05:30" testType="13cdc9d9-ddb5-4fa4-a97d-d965ccfc6d4b" outcome="Passed" testListId="8c84fa94-04c1-424b-9868-57a2d4851a1d" relativeResultsDirectory="ac342728-b57e-41a9-842c-6c5c13e8c648" />
    <UnitTestResult executionId="6dd9b824-5741-4185-8d2c-d3e383e96418" testId="5127599b-5652-a090-530a-c2c6d9b47c3d" testName="SoftwareManagement.Api.IntegrationTests.Content.SiteStructureTests.REQ_SITE_010_ListsAServiceWithTheTechnologiesItUses" computerName="JSRKMANISHKUMAR" duration="00:00:00.1463514" startTime="2026-09-20T15:30:12.3319081+05:30" endTime="2026-09-20T15:30:12.4785756+05:30" testType="13cdc9d9-ddb5-4fa4-a97d-d965ccfc6d4b" outcome="Passed" testListId="8c84fa94-04c1-424b-9868-57a2d4851a1d" relativeResultsDirectory="6dd9b824-5741-4185-8d2c-d3e383e96418" />
    <UnitTestResult executionId="e3d44408-2772-4ae4-9e59-4910b5dbc63d" testId="2cce3fe6-b1ad-5ec3-19bd-c830a57e45d1" testName="SoftwareManagement.Api.IntegrationTests.Catalog.PublicCatalogTests.REQ_CAT_015_A_product_that_has_been_public_cannot_be_deleted_only_archived" computerName="JSRKMANISHKUMAR" duration="00:00:00.2652758" startTime="2026-09-20T15:30:06.8890978+05:30" endTime="2026-09-20T15:30:07.1546542+05:30" testType="13cdc9d9-ddb5-4fa4-a97d-d965ccfc6d4b" outcome="Passed" testListId="8c84fa94-04c1-424b-9868-57a2d4851a1d" relativeResultsDirectory="e3d44408-2772-4ae4-9e59-4910b5dbc63d" />
    <UnitTestResult executionId="ab418efa-e3ae-42c4-9d4b-ef773be005ef" testId="10fc1172-5b9a-e433-95fe-23acc6955168" testName="SoftwareManagement.Api.IntegrationTests.Identity.AuthenticationTests.REQ_IAM_012_DoesNotDemandACode_WhenTwoFactorIsNotEnrolled" computerName="JSRKMANISHKUMAR" duration="00:00:00.0770574" startTime="2026-09-20T15:30:02.2014998+05:30" endTime="2026-09-20T15:30:02.2789258+05:30" testType="13cdc9d9-ddb5-4fa4-a97d-d965ccfc6d4b" outcome="Passed" testListId="8c84fa94-04c1-424b-9868-57a2d4851a1d" relativeResultsDirectory="ab418efa-e3ae-42c4-9d4b-ef773be005ef" />
    <UnitTestResult executionId="ed08b7c6-0caa-47a5-9a12-e431359bc3df" testId="9f1f295e-0ed5-3cbd-6ef0-78f5100f0062" testName="SoftwareManagement.Api.IntegrationTests.Leads.LeadCaptureTests.REQ_LEAD_005_The_sixth_submission_from_one_address_in_ten_minutes_is_refused_with_a_retry_after" computerName="JSRKMANISHKUMAR" duration="00:00:00.0762027" startTime="2026-09-20T15:30:19.7180953+05:30" endTime="2026-09-20T15:30:19.7938768+05:30" testType="13cdc9d9-ddb5-4fa4-a97d-d965ccfc6d4b" outcome="Passed" testListId="8c84fa94-04c1-424b-9868-57a2d4851a1d" relativeResultsDirectory="ed08b7c6-0caa-47a5-9a12-e431359bc3df" />
    <UnitTestResult executionId="c40550f8-2da5-4d2d-a11a-6261ee78bd54" testId="1a667d03-2811-d009-f3f2-6708207ee24c" testName="SoftwareManagement.Api.IntegrationTests.Catalog.PublicCatalogTests.REQ_CAT_010_The_catalogue_lists_published_products_only_with_their_lowest_paid_price" computerName="JSRKMANISHKUMAR" duration="00:00:01.2630052" startTime="2026-09-20T15:30:03.7747041+05:30" endTime="2026-09-20T15:30:05.0381523+05:30" testType="13cdc9d9-ddb5-4fa4-a97d-d965ccfc6d4b" outcome="Passed" testListId="8c84fa94-04c1-424b-9868-57a2d4851a1d" relativeResultsDirectory="c40550f8-2da5-4d2d-a11a-6261ee78bd54" />
    <UnitTestResult executionId="559afbf2-8271-4fa4-bc31-497a6159375c" testId="cb33e659-9ec6-4c6f-e780-dddbac74a933" testName="SoftwareManagement.Api.IntegrationTests.Content.SiteStructureTests.REQ_SITE_002_Returns409_WhenTheReorderDoesNotListEverySectionOnce" computerName="JSRKMANISHKUMAR" duration="00:00:00.0886758" startTime="2026-09-20T15:30:11.6181019+05:30" endTime="2026-09-20T15:30:11.7064688+05:30" testType="13cdc9d9-ddb5-4fa4-a97d-d965ccfc6d4b" outcome="Passed" testListId="8c84fa94-04c1-424b-9868-57a2d4851a1d" relativeResultsDirectory="559afbf2-8271-4fa4-bc31-497a6159375c" />
    <UnitTestResult executionId="eb0c222c-a05d-4695-965d-ae4ba7b844ba" testId="c5c217b9-8153-f09b-bef0-caa078e30f9d" testName="SoftwareManagement.Api.IntegrationTests.Identity.UserAdministrationTests.REQ_IAM_006_ListsUsersForTheAuditorButRefusesTheEditor" computerName="JSRKMANISHKUMAR" duration="00:00:00.2498978" startTime="2026-09-20T15:29:58.4511909+05:30" endTime="2026-09-20T15:29:58.7013243+05:30" testType="13cdc9d9-ddb5-4fa4-a97d-d965ccfc6d4b" outcome="Passed" testListId="8c84fa94-04c1-424b-9868-57a2d4851a1d" relativeResultsDirectory="eb0c222c-a05d-4695-965d-ae4ba7b844ba" />
    <UnitTestResult executionId="4d8e3a9b-609a-41ca-bd03-035f6798927b" testId="96b84f90-90e0-21e8-2534-5b5c13a4f991" testName="SoftwareManagement.Api.IntegrationTests.Identity.AuthorizationMatrixTests.REQ_IAM_011_LetsTheAuditorReadSignInAttempts" computerName="JSRKMANISHKUMAR" duration="00:00:00.1976954" startTime="2026-09-20T15:30:00.4913934+05:30" endTime="2026-09-20T15:30:00.6894530+05:30" testType="13cdc9d9-ddb5-4fa4-a97d-d965ccfc6d4b" outcome="Passed" testListId="8c84fa94-04c1-424b-9868-57a2d4851a1d" relativeResultsDirectory="4d8e3a9b-609a-41ca-bd03-035f6798927b" />
    <UnitTestResult executionId="e8412bed-a5b1-42fa-94f5-6d50d511de14" testId="c542c5ec-a5b2-6681-e82a-153922beb117" testName="SoftwareManagement.Api.IntegrationTests.Catalog.ProductCatalogTests.REQ_CAT_001_Sales_reads_the_catalogue_but_cannot_author_it" computerName="JSRKMANISHKUMAR" duration="00:00:00.2127933" startTime="2026-09-20T15:30:10.6989573+05:30" endTime="2026-09-20T15:30:10.9120406+05:30" testType="13cdc9d9-ddb5-4fa4-a97d-d965ccfc6d4b" outcome="Passed" testListId="8c84fa94-04c1-424b-9868-57a2d4851a1d" relativeResultsDirectory="e8412bed-a5b1-42fa-94f5-6d50d511de14" />
    <UnitTestResult executionId="ba937782-15a2-4941-a1c4-219619d10266" testId="33e405e1-dace-7f47-bbb0-f632a0a4e6d2" testName="SoftwareManagement.Api.IntegrationTests.InfrastructureRegistrationTests.AddInfrastructure_Throws_WhenTheConnectionStringIsBlank" computerName="JSRKMANISHKUMAR" duration="00:00:00.0046179" startTime="2026-09-20T15:30:17.1108655+05:30" endTime="2026-09-20T15:30:17.1154064+05:30" testType="13cdc9d9-ddb5-4fa4-a97d-d965ccfc6d4b" outcome="Passed" testListId="8c84fa94-04c1-424b-9868-57a2d4851a1d" relativeResultsDirectory="ba937782-15a2-4941-a1c4-219619d10266" />
    <UnitTestResult executionId="c50fb192-d6ed-4624-abcf-30e27065278f" testId="41c23d21-14f1-2412-155a-a7233ab5f930" testName="SoftwareManagement.Api.IntegrationTests.Content.SiteStructureTests.REQ_SITE_008_Returns422_WhenAMenuItemHasBothOrNeitherDestination" computerName="JSRKMANISHKUMAR" duration="00:00:00.0819755" startTime="2026-09-20T15:30:12.2495631+05:30" endTime="2026-09-20T15:30:12.3317349+05:30" testType="13cdc9d9-ddb5-4fa4-a97d-d965ccfc6d4b" outcome="Passed" testListId="8c84fa94-04c1-424b-9868-57a2d4851a1d" relativeResultsDirectory="c50fb192-d6ed-4624-abcf-30e27065278f" />
    <UnitTestResult executionId="3dd943f3-167a-4192-8bd8-76c6c8940758" testId="8c754d1b-15de-f204-593e-38126f1bf4c7" testName="SoftwareManagement.Api.IntegrationTests.Catalog.ProductCatalogTests.REQ_CAT_002_A_category_that_still_holds_a_published_product_cannot_be_deleted" computerName="JSRKMANISHKUMAR" duration="00:00:00.1981535" startTime="2026-09-20T15:30:10.5001968+05:30" endTime="2026-09-20T15:30:10.6987816+05:30" testType="13cdc9d9-ddb5-4fa4-a97d-d965ccfc6d4b" outcome="Passed" testListId="8c84fa94-04c1-424b-9868-57a2d4851a1d" relativeResultsDirectory="3dd943f3-167a-4192-8bd8-76c6c8940758" />
    <UnitTestResult executionId="ce759057-b9bc-46bc-a304-0048d9c44712" testId="5c7c3daa-7fdd-c9ec-83d5-e7b37c361d42" testName="SoftwareManagement.Api.IntegrationTests.Leads.LeadCaptureTests.REQ_LEAD_001_Only_a_signed_in_user_with_the_lead_permission_can_read_the_enquiries" computerName="JSRKMANISHKUMAR" duration="00:00:00.3822396" startTime="2026-09-20T15:30:19.3212802+05:30" endTime="2026-09-20T15:30:19.7038761+05:30" testType="13cdc9d9-ddb5-4fa4-a97d-d965ccfc6d4b" outcome="Passed" testListId="8c84fa94-04c1-424b-9868-57a2d4851a1d" relativeResultsDirectory="ce759057-b9bc-46bc-a304-0048d9c44712" />
    <UnitTestResult executionId="5d345539-8dc7-43a2-a079-e66890ca94b0" testId="919126ba-83e4-23e4-4cba-c442afd49c39" testName="SoftwareManagement.Api.IntegrationTests.Catalog.ProductCatalogTests.REQ_CAT_001_A_slug_another_product_already_holds_is_refused_with_an_alternative" computerName="JSRKMANISHKUMAR" duration="00:00:00.0839517" startTime="2026-09-20T15:30:09.5578761+05:30" endTime="2026-09-20T15:30:09.6421780+05:30" testType="13cdc9d9-ddb5-4fa4-a97d-d965ccfc6d4b" outcome="Passed" testListId="8c84fa94-04c1-424b-9868-57a2d4851a1d" relativeResultsDirectory="5d345539-8dc7-43a2-a079-e66890ca94b0" />
    <UnitTestResult executionId="90f61e62-3814-46c6-864f-a1f5daea308d" testId="67104cfb-2d99-ca3b-a6de-921b91db5cfb" testName="SoftwareManagement.Api.IntegrationTests.Identity.AuthenticationTests.REQ_IAM_003_IssuesANewTokenPairAndRetiresTheOldRefreshToken" computerName="JSRKMANISHKUMAR" duration="00:00:00.0833814" startTime="2026-09-20T15:30:02.2791290+05:30" endTime="2026-09-20T15:30:02.3627648+05:30" testType="13cdc9d9-ddb5-4fa4-a97d-d965ccfc6d4b" outcome="Passed" testListId="8c84fa94-04c1-424b-9868-57a2d4851a1d" relativeResultsDirectory="90f61e62-3814-46c6-864f-a1f5daea308d" />
    <UnitTestResult executionId="b7a4fbc4-01dc-4708-a03a-098ff7acf66e" testId="1075b361-3474-da3a-6371-c54fdce27d6f" testName="SoftwareManagement.Api.IntegrationTests.Catalog.ProductCatalogTests.REQ_CAT_006_A_yearly_price_above_twelve_monthly_payments_is_refused" computerName="JSRKMANISHKUMAR" duration="00:00:00.0941746" startTime="2026-09-20T15:30:10.4055405+05:30" endTime="2026-09-20T15:30:10.5000256+05:30" testType="13cdc9d9-ddb5-4fa4-a97d-d965ccfc6d4b" outcome="Passed" testListId="8c84fa94-04c1-424b-9868-57a2d4851a1d" relativeResultsDirectory="b7a4fbc4-01dc-4708-a03a-098ff7acf66e" />
    <UnitTestResult executionId="2501384e-428d-42ad-b87f-d04fc47dc5dc" testId="08351177-d710-4c67-897f-ff7aba5eadea" testName="SoftwareManagement.Api.IntegrationTests.ReadinessTests.MigrationsHistory_ContainsTheInitialMigration_SoTheSchemaIsBuiltFromMigrationsAlone" computerName="JSRKMANISHKUMAR" duration="00:00:00.0069542" startTime="2026-09-20T15:30:03.2069072+05:30" endTime="2026-09-20T15:30:03.3067073+05:30" testType="13cdc9d9-ddb5-4fa4-a97d-d965ccfc6d4b" outcome="Passed" testListId="8c84fa94-04c1-424b-9868-57a2d4851a1d" relativeResultsDirectory="2501384e-428d-42ad-b87f-d04fc47dc5dc" />
    <UnitTestResult executionId="f7b86556-16e0-454f-bc45-d026e9bdbd4e" testId="04f42e0d-0fa0-6f7f-9d62-49d2ba8430be" testName="SoftwareManagement.Api.IntegrationTests.Catalog.PublicCatalogTests.REQ_CAT_012_Searching_a_word_that_appears_only_in_one_products_features_returns_only_that_product" computerName="JSRKMANISHKUMAR" duration="00:00:00.2580441" startTime="2026-09-20T15:30:05.8147753+05:30" endTime="2026-09-20T15:30:06.0732467+05:30" testType="13cdc9d9-ddb5-4fa4-a97d-d965ccfc6d4b" outcome="Passed" testListId="8c84fa94-04c1-424b-9868-57a2d4851a1d" relativeResultsDirectory="f7b86556-16e0-454f-bc45-d026e9bdbd4e" />
    <UnitTestResult executionId="69cea622-1a02-47db-b153-3703933efdc3" testId="25df0403-a902-dbd5-659a-3fd726a1b888" testName="SoftwareManagement.Api.IntegrationTests.Content.SiteStructureTests.REQ_SITE_012_Returns422_ForABannerThatEndsBeforeItStarts" computerName="JSRKMANISHKUMAR" duration="00:00:00.0859232" startTime="2026-09-20T15:30:12.7561918+05:30" endTime="2026-09-20T15:30:12.8421708+05:30" testType="13cdc9d9-ddb5-4fa4-a97d-d965ccfc6d4b" outcome="Passed" testListId="8c84fa94-04c1-424b-9868-57a2d4851a1d" relativeResultsDirectory="69cea622-1a02-47db-b153-3703933efdc3" />
    <UnitTestResult executionId="6c84c819-8ccc-4d15-8931-1dee42e80b26" testId="2ce37273-daad-409d-f736-1d18af71ab9e" testName="SoftwareManagement.Api.IntegrationTests.ErrorContractTests.UnhandledException_ReturnsRfc9457ProblemDetails_WithATraceIdAndNoStackTrace" computerName="JSRKMANISHKUMAR" duration="00:00:00.1825108" startTime="2026-09-20T15:29:56.7744516+05:30" endTime="2026-09-20T15:29:56.9381783+05:30" testType="13cdc9d9-ddb5-4fa4-a97d-d965ccfc6d4b" outcome="Passed" testListId="8c84fa94-04c1-424b-9868-57a2d4851a1d" relativeResultsDirectory="6c84c819-8ccc-4d15-8931-1dee42e80b26" />
    <UnitTestResult executionId="fca76f24-54c4-426d-99f4-6d435efc1d33" testId="72177a79-4f01-bce8-6a12-ff9e02ae0764" testName="SoftwareManagement.Api.IntegrationTests.Catalog.ProductCatalogTests.REQ_CAT_006_Recommending_a_second_plan_clears_the_first_and_leaves_exactly_one" computerName="JSRKMANISHKUMAR" duration="00:00:00.1433908" startTime="2026-09-20T15:30:10.2616827+05:30" endTime="2026-09-20T15:30:10.4053632+05:30" testType="13cdc9d9-ddb5-4fa4-a97d-d965ccfc6d4b" outcome="Passed" testListId="8c84fa94-04c1-424b-9868-57a2d4851a1d" relativeResultsDirectory="fca76f24-54c4-426d-99f4-6d435efc1d33" />
    <UnitTestResult executionId="bea619c4-12d0-4f12-880f-57397bb3519b" testId="ba479005-e379-1975-cd09-1db623022ea1" testName="SoftwareManagement.Api.IntegrationTests.Leads.NotificationTests.REQ_NOTIF_003_The_acknowledgement_carries_the_persons_name_and_their_reference" computerName="JSRKMANISHKUMAR" duration="00:00:00.1054921" startTime="2026-09-20T15:30:18.5441881+05:30" endTime="2026-09-20T15:30:18.6499361+05:30" testType="13cdc9d9-ddb5-4fa4-a97d-d965ccfc6d4b" outcome="Passed" testListId="8c84fa94-04c1-424b-9868-57a2d4851a1d" relativeResultsDirectory="bea619c4-12d0-4f12-880f-57397bb3519b" />
    <UnitTestResult executionId="c05219c9-ddb1-402b-9d20-fbeb24361712" testId="7bfc9a05-b0f7-0151-7a4e-0d1955fc297d" testName="SoftwareManagement.Api.IntegrationTests.Leads.NotificationTests.REQ_NOTIF_002_The_envelope_sender_is_the_company_and_never_the_person_who_wrote_in" computerName="JSRKMANISHKUMAR" duration="00:00:00.0995288" startTime="2026-09-20T15:30:18.4441298+05:30" endTime="2026-09-20T15:30:18.5439838+05:30" testType="13cdc9d9-ddb5-4fa4-a97d-d965ccfc6d4b" outcome="Passed" testListId="8c84fa94-04c1-424b-9868-57a2d4851a1d" relativeResultsDirectory="c05219c9-ddb1-402b-9d20-fbeb24361712" />
    <UnitTestResult executionId="990f008c-1ee3-4293-a9f2-c4fefc9de6d0" testId="29c6d260-cd84-ff3c-82a8-89b2873feef9" testName="SoftwareManagement.Api.IntegrationTests.PipelineTests.PublicPing_IsReachableAnonymously" computerName="JSRKMANISHKUMAR" duration="00:00:00.0074474" startTime="2026-09-20T15:30:20.0481270+05:30" endTime="2026-09-20T15:30:20.0560584+05:30" testType="13cdc9d9-ddb5-4fa4-a97d-d965ccfc6d4b" outcome="Passed" testListId="8c84fa94-04c1-424b-9868-57a2d4851a1d" relativeResultsDirectory="990f008c-1ee3-4293-a9f2-c4fefc9de6d0" />
    <UnitTestResult executionId="38881477-a7a5-458a-8494-9f611f724721" testId="0d4a4a13-65ab-7710-1901-dcc8604a7e81" testName="SoftwareManagement.Api.IntegrationTests.Leads.NotificationTests.REQ_NOTIF_009_A_composed_message_containing_something_shaped_like_a_credential_is_refused" computerName="JSRKMANISHKUMAR" duration="00:00:00.0132238" startTime="2026-09-20T15:30:17.6100453+05:30" endTime="2026-09-20T15:30:17.6233185+05:30" testType="13cdc9d9-ddb5-4fa4-a97d-d965ccfc6d4b" outcome="Passed" testListId="8c84fa94-04c1-424b-9868-57a2d4851a1d" relativeResultsDirectory="38881477-a7a5-458a-8494-9f611f724721" />
    <UnitTestResult executionId="8e6facb6-01da-4327-9d32-63d8a790818d" testId="a44eeae3-917c-b508-f6a2-4bc307124115" testName="SoftwareManagement.Api.IntegrationTests.Content.PageLifecycleTests.REQ_SITE_006_Returns422_WhenTheUnpublishTimeComesFirst" computerName="JSRKMANISHKUMAR" duration="00:00:00.1304824" startTime="2026-09-20T15:30:16.6970690+05:30" endTime="2026-09-20T15:30:16.8276951+05:30" testType="13cdc9d9-ddb5-4fa4-a97d-d965ccfc6d4b" outcome="Passed" testListId="8c84fa94-04c1-424b-9868-57a2d4851a1d" relativeResultsDirectory="8e6facb6-01da-4327-9d32-63d8a790818d" />
    <UnitTestResult executionId="c6282a96-445a-40bc-a031-b2a6389c3a49" testId="4260f301-0a12-3443-7397-26f767505788" testName="SoftwareManagement.Api.IntegrationTests.Catalog.ProductCatalogTests.REQ_CAT_005_A_plan_priced_at_zero_that_does_not_say_it_is_free_is_refused" computerName="JSRKMANISHKUMAR" duration="00:00:00.0869949" startTime="2026-09-20T15:30:10.9122101+05:30" endTime="2026-09-20T15:30:10.9995360+05:30" testType="13cdc9d9-ddb5-4fa4-a97d-d965ccfc6d4b" outcome="Passed" testListId="8c84fa94-04c1-424b-9868-57a2d4851a1d" relativeResultsDirectory="c6282a96-445a-40bc-a031-b2a6389c3a49" />
    <UnitTestResult executionId="39be3445-7351-46bc-9858-5c8c08d531bd" testId="a589903e-b8ca-a3a4-7c7e-d8ffa3464132" testName="SoftwareManagement.Api.IntegrationTests.Catalog.ProductCatalogTests.REQ_CAT_005_A_plan_priced_below_zero_is_refused" computerName="JSRKMANISHKUMAR" duration="00:00:00.0931584" startTime="2026-09-20T15:30:09.2677460+05:30" endTime="2026-09-20T15:30:09.3612862+05:30" testType="13cdc9d9-ddb5-4fa4-a97d-d965ccfc6d4b" outcome="Passed" testListId="8c84fa94-04c1-424b-9868-57a2d4851a1d" relativeResultsDirectory="39be3445-7351-46bc-9858-5c8c08d531bd" />
    <UnitTestResult executionId="8b52d056-2818-48c2-8663-16605c519bf7" testId="2c9508c0-26b7-6420-f203-640ba79b962a" testName="SoftwareManagement.Api.IntegrationTests.Leads.LeadCaptureTests.REQ_LEAD_006_A_submission_without_consent_is_refused_and_stores_nothing_at_all" computerName="JSRKMANISHKUMAR" duration="00:00:00.0335332" startTime="2026-09-20T15:30:19.7941986+05:30" endTime="2026-09-20T15:30:19.8279574+05:30" testType="13cdc9d9-ddb5-4fa4-a97d-d965ccfc6d4b" outcome="Passed" testListId="8c84fa94-04c1-424b-9868-57a2d4851a1d" relativeResultsDirectory="8b52d056-2818-48c2-8663-16605c519bf7" />
    <UnitTestResult executionId="fa5e8710-4825-4c0e-87c6-e17148ea4a99" testId="75d5ef8f-7fb6-297d-e9fd-082e02e1058f" testName="SoftwareManagement.Api.IntegrationTests.Identity.AuthorizationMatrixTests.REQ_IAM_004_GivesEachRoleExactlyThePermissionsTheMatrixGrantsIt" computerName="JSRKMANISHKUMAR" duration="00:00:00.5174226" startTime="2026-09-20T15:29:59.8651249+05:30" endTime="2026-09-20T15:30:00.3830673+05:30" testType="13cdc9d9-ddb5-4fa4-a97d-d965ccfc6d4b" outcome="Passed" testListId="8c84fa94-04c1-424b-9868-57a2d4851a1d" relativeResultsDirectory="fa5e8710-4825-4c0e-87c6-e17148ea4a99" />
    <UnitTestResult executionId="1cd6a76f-d5d5-4cb2-a40d-bcaf98e45d8b" testId="0c956bf7-f5bc-76ee-2b6d-b60d31b69802" testName="SoftwareManagement.Api.IntegrationTests.Content.PageLifecycleTests.REQ_SITE_001_CreatesAPageAsADraftThatThePublicCannotSee" computerName="JSRKMANISHKUMAR" duration="00:00:00.1775173" startTime="2026-09-20T15:30:13.2027109+05:30" endTime="2026-09-20T15:30:13.3807385+05:30" testType="13cdc9d9-ddb5-4fa4-a97d-d965ccfc6d4b" outcome="Passed" testListId="8c84fa94-04c1-424b-9868-57a2d4851a1d" relativeResultsDirectory="1cd6a76f-d5d5-4cb2-a40d-bcaf98e45d8b" />
    <UnitTestResult executionId="5acf0165-9930-47a0-b24a-0696f87d6a63" testId="9cbd744d-df8d-cbd1-d5fa-d5056ef45006" testName="SoftwareManagement.Api.IntegrationTests.Catalog.ProductCatalogTests.REQ_CAT_008_The_demo_is_recorded_and_its_credentials_stay_out_of_the_product_response" computerName="JSRKMANISHKUMAR" duration="00:00:00.1044586" startTime="2026-09-20T15:30:08.9904168+05:30" endTime="2026-09-20T15:30:09.0945099+05:30" testType="13cdc9d9-ddb5-4fa4-a97d-d965ccfc6d4b" outcome="Passed" testListId="8c84fa94-04c1-424b-9868-57a2d4851a1d" relativeResultsDirectory="5acf0165-9930-47a0-b24a-0696f87d6a63" />
    <UnitTestResult executionId="e6c159f1-84fa-47c0-9b21-940ed7ef08f8" testId="35daa342-6a78-aa2b-cc7a-37c44e1b9dce" testName="SoftwareManagement.Api.IntegrationTests.Content.PageLifecycleTests.REQ_SITE_004_PublishingTheDraftReplacesWhatThePublicSees" computerName="JSRKMANISHKUMAR" duration="00:00:00.1079956" startTime="2026-09-20T15:30:16.2028255+05:30" endTime="2026-09-20T15:30:16.3109353+05:30" testType="13cdc9d9-ddb5-4fa4-a97d-d965ccfc6d4b" outcome="Passed" testListId="8c84fa94-04c1-424b-9868-57a2d4851a1d" relativeResultsDirectory="e6c159f1-84fa-47c0-9b21-940ed7ef08f8" />
    <UnitTestResult executionId="df59e021-bc99-4c8a-806c-edeb6c4de9f5" testId="a8ffe9dc-6131-1c6c-9cb1-5103a9b93973" testName="SoftwareManagement.Api.IntegrationTests.Identity.AuthorizationMatrixTests.REQ_IAM_005_AllowsExactlyTheFrozenAnonymousAllowlist" computerName="JSRKMANISHKUMAR" duration="00:00:00.1076392" startTime="2026-09-20T15:30:00.3833914+05:30" endTime="2026-09-20T15:30:00.4911694+05:30" testType="13cdc9d9-ddb5-4fa4-a97d-d965ccfc6d4b" outcome="Passed" testListId="8c84fa94-04c1-424b-9868-57a2d4851a1d" relativeResultsDirectory="df59e021-bc99-4c8a-806c-edeb6c4de9f5" />
    <UnitTestResult executionId="8f29127e-a56c-4965-92c8-d5b414ae83f9" testId="905e3313-6822-066d-e39a-915bf1a0b510" testName="SoftwareManagement.Api.IntegrationTests.Leads.LeadCaptureTests.REQ_LEAD_004_A_captcha_token_presented_twice_is_refused_and_creates_no_lead" computerName="JSRKMANISHKUMAR" duration="00:00:00.0511635" startTime="2026-09-20T15:30:18.8990937+05:30" endTime="2026-09-20T15:30:18.9505358+05:30" testType="13cdc9d9-ddb5-4fa4-a97d-d965ccfc6d4b" outcome="Passed" testListId="8c84fa94-04c1-424b-9868-57a2d4851a1d" relativeResultsDirectory="8f29127e-a56c-4965-92c8-d5b414ae83f9" />
    <UnitTestResult executionId="01302229-f78a-47f5-8bec-998dd084cbeb" testId="cb9c3f17-15cd-93b3-0a6d-d91098880341" testName="SoftwareManagement.Api.IntegrationTests.PipelineTests.UnknownRoute_Returns404_AndNeverLeaksAStackTrace" computerName="JSRKMANISHKUMAR" duration="00:00:00.0114553" startTime="2026-09-20T15:30:20.0311391+05:30" endTime="2026-09-20T15:30:20.0429721+05:30" testType="13cdc9d9-ddb5-4fa4-a97d-d965ccfc6d4b" outcome="Passed" testListId="8c84fa94-04c1-424b-9868-57a2d4851a1d" relativeResultsDirectory="01302229-f78a-47f5-8bec-998dd084cbeb" />
    <UnitTestResult executionId="c964a03b-f132-4a56-a8b1-a48860c5dee0" testId="18289c2d-8ec1-ae26-b08d-032017c200c4" testName="SoftwareManagement.Api.IntegrationTests.Content.PageLifecycleTests.REQ_SITE_005_RestoreCreatesANewVersionAndKeepsTheOldOnes" computerName="JSRKMANISHKUMAR" duration="00:00:00.6591979" startTime="2026-09-20T15:30:14.8805587+05:30" endTime="2026-09-20T15:30:15.5312012+05:30" testType="13cdc9d9-ddb5-4fa4-a97d-d965ccfc6d4b" outcome="Passed" testListId="8c84fa94-04c1-424b-9868-57a2d4851a1d" relativeResultsDirectory="c964a03b-f132-4a56-a8b1-a48860c5dee0" />
    <UnitTestResult executionId="4db3f734-451f-45e8-92e5-cad161104340" testId="b43047a3-4b96-184d-85df-9c86405d2c76" testName="SoftwareManagement.Api.IntegrationTests.Content.SiteStructureTests.REQ_SITE_009_StoresAnUploadedImageWithItsDimensionsAndChecksum" computerName="JSRKMANISHKUMAR" duration="00:00:00.1310726" startTime="2026-09-20T15:30:12.5514465+05:30" endTime="2026-09-20T15:30:12.6829227+05:30" testType="13cdc9d9-ddb5-4fa4-a97d-d965ccfc6d4b" outcome="Passed" testListId="8c84fa94-04c1-424b-9868-57a2d4851a1d" relativeResultsDirectory="4db3f734-451f-45e8-92e5-cad161104340" />
    <UnitTestResult executionId="4441a214-13ce-4aef-af43-59ec8b6b4010" testId="7d6b297f-7f47-52a4-5b3e-d80ba9a4b81f" testName="SoftwareManagement.Api.IntegrationTests.Catalog.ProductCatalogTests.REQ_CAT_001_A_new_product_is_stored_as_a_draft_and_stays_out_of_the_public_catalogue" computerName="JSRKMANISHKUMAR" duration="00:00:00.0996821" startTime="2026-09-20T15:30:08.8894324+05:30" endTime="2026-09-20T15:30:08.9895133+05:30" testType="13cdc9d9-ddb5-4fa4-a97d-d965ccfc6d4b" outcome="Passed" testListId="8c84fa94-04c1-424b-9868-57a2d4851a1d" relativeResultsDirectory="4441a214-13ce-4aef-af43-59ec8b6b4010" />
    <UnitTestResult executionId="dc21c4c0-719d-4c9f-a5c0-92329784125f" testId="1360d691-9702-517e-6889-732774a3a26b" testName="SoftwareManagement.Api.IntegrationTests.PipelineTests.EveryResponse_CarriesTheRequiredSecurityHeaders" computerName="JSRKMANISHKUMAR" duration="00:00:00.0040581" startTime="2026-09-20T15:30:20.0611205+05:30" endTime="2026-09-20T15:30:20.0654697+05:30" testType="13cdc9d9-ddb5-4fa4-a97d-d965ccfc6d4b" outcome="Passed" testListId="8c84fa94-04c1-424b-9868-57a2d4851a1d" relativeResultsDirectory="dc21c4c0-719d-4c9f-a5c0-92329784125f" />
    <UnitTestResult executionId="c55c69c2-1c9d-42bc-bf8b-ac60044b3be4" testId="d730ccfd-ed80-6d44-d6b0-13ca355d9450" testName="SoftwareManagement.Api.IntegrationTests.Identity.UserAdministrationTests.REQ_IAM_007_EndsAccessImmediatelyAndRevokesTheRefreshToken" computerName="JSRKMANISHKUMAR" duration="00:00:00.3043394" startTime="2026-09-20T15:29:59.2233909+05:30" endTime="2026-09-20T15:29:59.5282450+05:30" testType="13cdc9d9-ddb5-4fa4-a97d-d965ccfc6d4b" outcome="Passed" testListId="8c84fa94-04c1-424b-9868-57a2d4851a1d" relativeResultsDirectory="c55c69c2-1c9d-42bc-bf8b-ac60044b3be4" />
    <UnitTestResult executionId="2bff1fc5-ee6a-46b5-937f-3653fbcf4b49" testId="0aded220-a7b5-cd75-13fe-6a41f44c5daa" testName="SoftwareManagement.Api.IntegrationTests.Content.PageLifecycleTests.REQ_SITE_007_Returns400_WhenNothingIsSelected" computerName="JSRKMANISHKUMAR" duration="00:00:00.1160092" startTime="2026-09-20T15:30:16.4304113+05:30" endTime="2026-09-20T15:30:16.5466371+05:30" testType="13cdc9d9-ddb5-4fa4-a97d-d965ccfc6d4b" outcome="Passed" testListId="8c84fa94-04c1-424b-9868-57a2d4851a1d" relativeResultsDirectory="2bff1fc5-ee6a-46b5-937f-3653fbcf4b49" />
    <UnitTestResult executionId="63a6501a-f569-4663-92cb-0ef714573729" testId="47d95d40-350a-876b-e176-8c8fcf147901" testName="SoftwareManagement.Api.IntegrationTests.Identity.UserAdministrationTests.REQ_IAM_004_ChangesAUsersRoleAndAuditsTheChange" computerName="JSRKMANISHKUMAR" duration="00:00:00.2770486" startTime="2026-09-20T15:29:58.8261784+05:30" endTime="2026-09-20T15:29:59.1035183+05:30" testType="13cdc9d9-ddb5-4fa4-a97d-d965ccfc6d4b" outcome="Passed" testListId="8c84fa94-04c1-424b-9868-57a2d4851a1d" relativeResultsDirectory="63a6501a-f569-4663-92cb-0ef714573729" />
    <UnitTestResult executionId="7209500b-6515-4361-beee-60cce8636784" testId="36b625fb-743b-53a8-b934-35c4775d4639" testName="SoftwareManagement.Api.IntegrationTests.InfrastructureRegistrationTests.AddInfrastructure_Throws_WhenTheConnectionStringIsMissing" computerName="JSRKMANISHKUMAR" duration="00:00:00.0034870" startTime="2026-09-20T15:30:17.1155644+05:30" endTime="2026-09-20T15:30:17.1189482+05:30" testType="13cdc9d9-ddb5-4fa4-a97d-d965ccfc6d4b" outcome="Passed" testListId="8c84fa94-04c1-424b-9868-57a2d4851a1d" relativeResultsDirectory="7209500b-6515-4361-beee-60cce8636784" />
    <UnitTestResult executionId="343579b0-39a4-4e48-b4fb-f9b6a7055d53" testId="20767a5d-5cd9-fc5d-a3d9-026d4d6e8d89" testName="SoftwareManagement.Api.IntegrationTests.Catalog.ProductCatalogTests.REQ_CAT_003_A_second_feature_with_a_name_the_product_already_lists_is_refused" computerName="JSRKMANISHKUMAR" duration="00:00:00.0980150" startTime="2026-09-20T15:30:09.3614622+05:30" endTime="2026-09-20T15:30:09.4597437+05:30" testType="13cdc9d9-ddb5-4fa4-a97d-d965ccfc6d4b" outcome="Passed" testListId="8c84fa94-04c1-424b-9868-57a2d4851a1d" relativeResultsDirectory="343579b0-39a4-4e48-b4fb-f9b6a7055d53" />
    <UnitTestResult executionId="79024c48-f445-48dc-b327-52fa676422a8" testId="85e39c55-9832-611e-c478-6ddd4f0729d6" testName="SoftwareManagement.Api.IntegrationTests.Leads.NotificationTests.REQ_NOTIF_003_A_template_with_a_placeholder_nobody_filled_is_refused_rather_than_queued" computerName="JSRKMANISHKUMAR" duration="00:00:00.0022018" startTime="2026-09-20T15:30:18.3777910+05:30" endTime="2026-09-20T15:30:18.3797907+05:30" testType="13cdc9d9-ddb5-4fa4-a97d-d965ccfc6d4b" outcome="Passed" testListId="8c84fa94-04c1-424b-9868-57a2d4851a1d" relativeResultsDirectory="79024c48-f445-48dc-b327-52fa676422a8" />
    <UnitTestResult executionId="6e485cb3-2025-400d-b2ba-9fd95beed5e9" testId="45748828-b528-e0d2-3049-442665da5101" testName="SoftwareManagement.Api.IntegrationTests.Catalog.PublicCatalogTests.REQ_CAT_012_A_search_that_matches_nothing_is_an_empty_list_rather_than_an_error" computerName="JSRKMANISHKUMAR" duration="00:00:00.0961817" startTime="2026-09-20T15:30:05.6162093+05:30" endTime="2026-09-20T15:30:05.7127235+05:30" testType="13cdc9d9-ddb5-4fa4-a97d-d965ccfc6d4b" outcome="Passed" testListId="8c84fa94-04c1-424b-9868-57a2d4851a1d" relativeResultsDirectory="6e485cb3-2025-400d-b2ba-9fd95beed5e9" />
    <UnitTestResult executionId="e44f01a4-73e3-48a2-bfc2-a84546f87ba3" testId="724ed3d1-5144-f91e-0cb6-e65d0b2a22a2" testName="SoftwareManagement.Api.IntegrationTests.ReadinessTests.AggregateHealth_Answers200_WhenEveryCheckPasses" computerName="JSRKMANISHKUMAR" duration="00:00:00.0050809" startTime="2026-09-20T15:30:03.3068986+05:30" endTime="2026-09-20T15:30:03.3988003+05:30" testType="13cdc9d9-ddb5-4fa4-a97d-d965ccfc6d4b" outcome="Passed" testListId="8c84fa94-04c1-424b-9868-57a2d4851a1d" relativeResultsDirectory="e44f01a4-73e3-48a2-bfc2-a84546f87ba3" />
    <UnitTestResult executionId="9697fc95-6d97-4cb5-bf0f-a52dcbd11323" testId="c66b1e93-356c-3920-939c-31daf6086f2e" testName="SoftwareManagement.Api.IntegrationTests.Identity.AuthenticationTests.REQ_IAM_010_RevokesTheRefreshTokenSoTheSessionCannotBeResumed" computerName="JSRKMANISHKUMAR" duration="00:00:00.1447763" startTime="2026-09-20T15:30:01.0541485+05:30" endTime="2026-09-20T15:30:01.1994124+05:30" testType="13cdc9d9-ddb5-4fa4-a97d-d965ccfc6d4b" outcome="Passed" testListId="8c84fa94-04c1-424b-9868-57a2d4851a1d" relativeResultsDirectory="9697fc95-6d97-4cb5-bf0f-a52dcbd11323" />
    <UnitTestResult executionId="ed86c2de-5d38-45ff-bd31-e13bd12ed798" testId="fcabc442-49ea-ed54-3d5f-079426aad631" testName="SoftwareManagement.Api.IntegrationTests.PipelineTests.SecurePing_Returns401_ForAnAnonymousCaller" computerName="JSRKMANISHKUMAR" duration="00:00:00.0043032" startTime="2026-09-20T15:30:20.0562219+05:30" endTime="2026-09-20T15:30:20.0609515+05:30" testType="13cdc9d9-ddb5-4fa4-a97d-d965ccfc6d4b" outcome="Passed" testListId="8c84fa94-04c1-424b-9868-57a2d4851a1d" relativeResultsDirectory="ed86c2de-5d38-45ff-bd31-e13bd12ed798" />
    <UnitTestResult executionId="c4de265c-0f9b-4660-ad24-4678e3d2e95a" testId="c1b786ea-62fc-47f0-9036-6d3c5242383f" testName="SoftwareManagement.Api.IntegrationTests.Identity.AuthenticationTests.REQ_IAM_002_LocksTheAccountEvenWhenTheSixthAttemptUsesTheCorrectPassword" computerName="JSRKMANISHKUMAR" duration="00:00:00.3479711" startTime="2026-09-20T15:30:01.8530990+05:30" endTime="2026-09-20T15:30:02.2013009+05:30" testType="13cdc9d9-ddb5-4fa4-a97d-d965ccfc6d4b" outcome="Passed" testListId="8c84fa94-04c1-424b-9868-57a2d4851a1d" relativeResultsDirectory="c4de265c-0f9b-4660-ad24-4678e3d2e95a" />
    <UnitTestResult executionId="78fa3b28-0312-42d5-92e2-7f6ccbc3010c" testId="cc0f14a6-303e-74bc-b65f-11c13ba17035" testName="SoftwareManagement.Api.IntegrationTests.Catalog.ProductCatalogTests.REQ_CAT_008_Demo_credentials_are_returned_only_to_a_caller_holding_the_demo_permission" computerName="JSRKMANISHKUMAR" duration="00:00:00.3285013" startTime="2026-09-20T15:30:09.8471732+05:30" endTime="2026-09-20T15:30:10.1760117+05:30" testType="13cdc9d9-ddb5-4fa4-a97d-d965ccfc6d4b" outcome="Passed" testListId="8c84fa94-04c1-424b-9868-57a2d4851a1d" relativeResultsDirectory="78fa3b28-0312-42d5-92e2-7f6ccbc3010c" />
    <UnitTestResult executionId="7f458687-d294-44b7-98da-f0323b940da1" testId="4a74eb4c-6c15-befd-b8b0-4799f0efe3f2" testName="SoftwareManagement.Api.IntegrationTests.Leads.LeadCaptureTests.REQ_LEAD_003_A_quote_request_without_a_product_is_refused" computerName="JSRKMANISHKUMAR" duration="00:00:00.0128865" startTime="2026-09-20T15:30:19.7040945+05:30" endTime="2026-09-20T15:30:19.7171303+05:30" testType="13cdc9d9-ddb5-4fa4-a97d-d965ccfc6d4b" outcome="Passed" testListId="8c84fa94-04c1-424b-9868-57a2d4851a1d" relativeResultsDirectory="7f458687-d294-44b7-98da-f0323b940da1" />
    <UnitTestResult executionId="11331041-a19b-4a79-9784-96df3afd79b8" testId="0d83c265-ba1b-34f7-0456-597283a4004a" testName="SoftwareManagement.Api.IntegrationTests.Content.SiteStructureTests.REQ_SITE_009_Returns400_WhenNoFileIsSent" computerName="JSRKMANISHKUMAR" duration="00:00:00.0723437" startTime="2026-09-20T15:30:12.6830965+05:30" endTime="2026-09-20T15:30:12.7558084+05:30" testType="13cdc9d9-ddb5-4fa4-a97d-d965ccfc6d4b" outcome="Passed" testListId="8c84fa94-04c1-424b-9868-57a2d4851a1d" relativeResultsDirectory="11331041-a19b-4a79-9784-96df3afd79b8" />
    <UnitTestResult executionId="9431377c-2ad2-40f0-935d-8a609f3f4aed" testId="3c4a8281-55e8-81cf-ec65-d62faf6046eb" testName="SoftwareManagement.Api.IntegrationTests.Identity.AuthenticationTests.REQ_IAM_012_Returns401MfaRequired_WhenTwoFactorIsEnrolledAndNoCodeIsSupplied" computerName="JSRKMANISHKUMAR" duration="00:00:00.1021934" startTime="2026-09-20T15:30:02.4967638+05:30" endTime="2026-09-20T15:30:02.5993687+05:30" testType="13cdc9d9-ddb5-4fa4-a97d-d965ccfc6d4b" outcome="Passed" testListId="8c84fa94-04c1-424b-9868-57a2d4851a1d" relativeResultsDirectory="9431377c-2ad2-40f0-935d-8a609f3f4aed" />
    <UnitTestResult executionId="dcb5a857-b213-4f82-9759-fe56131aa199" testId="3ff15186-44db-3e4f-62a9-99bc40d059d8" testName="SoftwareManagement.Api.IntegrationTests.Identity.UserAdministrationTests.REQ_IAM_007_Returns404_ForAUserThatDoesNotExist" computerName="JSRKMANISHKUMAR" duration="00:00:00.1241084" startTime="2026-09-20T15:29:58.7016380+05:30" endTime="2026-09-20T15:29:58.8259497+05:30" testType="13cdc9d9-ddb5-4fa4-a97d-d965ccfc6d4b" outcome="Passed" testListId="8c84fa94-04c1-424b-9868-57a2d4851a1d" relativeResultsDirectory="dcb5a857-b213-4f82-9759-fe56131aa199" />
    <UnitTestResult executionId="0255b08c-ddf4-4d10-8928-e12789723ea4" testId="5d446a2d-a0ca-9183-fd0a-e5b1d1250092" testName="SoftwareManagement.Api.IntegrationTests.Content.PageLifecycleTests.REQ_SITE_003_PublishesAPageAndServesItToThePublic" computerName="JSRKMANISHKUMAR" duration="00:00:00.1528206" startTime="2026-09-20T15:30:13.5298331+05:30" endTime="2026-09-20T15:30:13.6830380+05:30" testType="13cdc9d9-ddb5-4fa4-a97d-d965ccfc6d4b" outcome="Passed" testListId="8c84fa94-04c1-424b-9868-57a2d4851a1d" relativeResultsDirectory="0255b08c-ddf4-4d10-8928-e12789723ea4" />
    <UnitTestResult executionId="95c2c3d3-ff8c-46bc-b271-014f614579cf" testId="1fd87e0a-7162-9ddc-814b-64dbc5aafc81" testName="SoftwareManagement.Api.IntegrationTests.Content.PageLifecycleTests.REQ_SITE_005_Returns404_ForAVersionThatDoesNotExist" computerName="JSRKMANISHKUMAR" duration="00:00:00.1637761" startTime="2026-09-20T15:30:13.0383546+05:30" endTime="2026-09-20T15:30:13.2025432+05:30" testType="13cdc9d9-ddb5-4fa4-a97d-d965ccfc6d4b" outcome="Passed" testListId="8c84fa94-04c1-424b-9868-57a2d4851a1d" relativeResultsDirectory="95c2c3d3-ff8c-46bc-b271-014f614579cf" />
    <UnitTestResult executionId="dc2cfab6-f86f-4102-92d0-a96605fe8299" testId="1656ab07-73cb-724e-d7db-4057024ab14a" testName="SoftwareManagement.Api.IntegrationTests.Identity.AuthorizationMatrixTests.REQ_IAM_005_GivesTheEditorNoAccessToPersonalDataOrMoney" computerName="JSRKMANISHKUMAR" duration="00:00:00.0022673" startTime="2026-09-20T15:30:00.7957081+05:30" endTime="2026-09-20T15:30:00.7977280+05:30" testType="13cdc9d9-ddb5-4fa4-a97d-d965ccfc6d4b" outcome="Passed" testListId="8c84fa94-04c1-424b-9868-57a2d4851a1d" relativeResultsDirectory="dc2cfab6-f86f-4102-92d0-a96605fe8299" />
    <UnitTestResult executionId="b3e90523-2b49-4439-9e23-dc3507cd1b28" testId="99056014-276a-2418-1142-021551643d79" testName="SoftwareManagement.Api.IntegrationTests.Content.PageLifecycleTests.REQ_SITE_006_Returns422_WhenTheScheduledTimeIsTooSoon" computerName="JSRKMANISHKUMAR" duration="00:00:00.0939228" startTime="2026-09-20T15:30:13.6832034+05:30" endTime="2026-09-20T15:30:13.7775480+05:30" testType="13cdc9d9-ddb5-4fa4-a97d-d965ccfc6d4b" outcome="Passed" testListId="8c84fa94-04c1-424b-9868-57a2d4851a1d" relativeResultsDirectory="b3e90523-2b49-4439-9e23-dc3507cd1b28" />
    <UnitTestResult executionId="622c1d45-3b2a-414f-ae9a-f1b1ded7bb74" testId="a7589c65-4b3c-6769-1c79-07ce362e8074" testName="SoftwareManagement.Api.IntegrationTests.Catalog.ProductCatalogTests.REQ_CAT_004_A_screenshot_is_attached_in_its_own_position_in_the_gallery" computerName="JSRKMANISHKUMAR" duration="00:00:00.0978860" startTime="2026-09-20T15:30:09.6423532+05:30" endTime="2026-09-20T15:30:09.7409569+05:30" testType="13cdc9d9-ddb5-4fa4-a97d-d965ccfc6d4b" outcome="Passed" testListId="8c84fa94-04c1-424b-9868-57a2d4851a1d" relativeResultsDirectory="622c1d45-3b2a-414f-ae9a-f1b1ded7bb74" />
    <UnitTestResult executionId="1a5e4231-4cbe-470a-baa1-aeb46461ef45" testId="29a8bfb1-e669-6f61-6740-9d3c04535eb9" testName="SoftwareManagement.Api.IntegrationTests.Identity.UserAdministrationTests.REQ_IAM_006_CreatesAUserWhoCannotSignInUntilTheySetAPassword" computerName="JSRKMANISHKUMAR" duration="00:00:00.1121011" startTime="2026-09-20T15:29:59.7524261+05:30" endTime="2026-09-20T15:29:59.8647901+05:30" testType="13cdc9d9-ddb5-4fa4-a97d-d965ccfc6d4b" outcome="Passed" testListId="8c84fa94-04c1-424b-9868-57a2d4851a1d" relativeResultsDirectory="1a5e4231-4cbe-470a-baa1-aeb46461ef45" />
    <UnitTestResult executionId="7d2991fa-f6ef-4006-a798-f418079d31c2" testId="2af7fc1e-8c6d-a607-4e2d-324e95793a7a" testName="SoftwareManagement.Api.IntegrationTests.Identity.UserAdministrationTests.REQ_IAM_007_Returns409_WhenDeactivatingTheLastOwner" computerName="JSRKMANISHKUMAR" duration="00:00:00.1426944" startTime="2026-09-20T15:29:59.5287126+05:30" endTime="2026-09-20T15:29:59.6714991+05:30" testType="13cdc9d9-ddb5-4fa4-a97d-d965ccfc6d4b" outcome="Passed" testListId="8c84fa94-04c1-424b-9868-57a2d4851a1d" relativeResultsDirectory="7d2991fa-f6ef-4006-a798-f418079d31c2" />
    <UnitTestResult executionId="42771581-5388-4b34-9f4e-276e97aea384" testId="4a7f23c3-936d-b328-9a38-bb610f1b3454" testName="SoftwareManagement.Api.IntegrationTests.Leads.NotificationTests.NFR_PRIV_03_An_address_and_a_phone_number_keep_only_what_a_diagnosis_needs" computerName="JSRKMANISHKUMAR" duration="00:00:00.0015335" startTime="2026-09-20T15:30:18.3820789+05:30" endTime="2026-09-20T15:30:18.3826181+05:30" testType="13cdc9d9-ddb5-4fa4-a97d-d965ccfc6d4b" outcome="Passed" testListId="8c84fa94-04c1-424b-9868-57a2d4851a1d" relativeResultsDirectory="42771581-5388-4b34-9f4e-276e97aea384" />
    <UnitTestResult executionId="0e82dfcd-3509-4ae1-a3ba-fa6ca3bdd713" testId="f154c0c4-60b1-cf57-b49d-bd2c43d2e09b" testName="SoftwareManagement.Api.IntegrationTests.Content.SiteStructureTests.REQ_SITE_012_RefusesToPublishATestimonialWithoutRecordedPermission" computerName="JSRKMANISHKUMAR" duration="00:00:00.0723473" startTime="2026-09-20T15:30:12.4787527+05:30" endTime="2026-09-20T15:30:12.5512787+05:30" testType="13cdc9d9-ddb5-4fa4-a97d-d965ccfc6d4b" outcome="Passed" testListId="8c84fa94-04c1-424b-9868-57a2d4851a1d" relativeResultsDirectory="0e82dfcd-3509-4ae1-a3ba-fa6ca3bdd713" />
    <UnitTestResult executionId="6992046a-f9f9-4ee1-97c6-0903794e7f2a" testId="e15c9d70-709b-a58b-7dee-658af865bbfa" testName="SoftwareManagement.Api.IntegrationTests.Catalog.PublicCatalogTests.REQ_CAT_014_A_question_saved_without_an_answer_is_refused" computerName="JSRKMANISHKUMAR" duration="00:00:00.1014359" startTime="2026-09-20T15:30:05.7129183+05:30" endTime="2026-09-20T15:30:05.8145982+05:30" testType="13cdc9d9-ddb5-4fa4-a97d-d965ccfc6d4b" outcome="Passed" testListId="8c84fa94-04c1-424b-9868-57a2d4851a1d" relativeResultsDirectory="6992046a-f9f9-4ee1-97c6-0903794e7f2a" />
    <UnitTestResult executionId="c54882be-8cf8-4384-9152-bc43bb005e47" testId="25aa2c9d-09b1-324e-abe7-8b3f9aaf54dc" testName="SoftwareManagement.Api.IntegrationTests.Identity.AuthenticationTests.REQ_IAM_010_Returns401_ForAnAnonymousLogout" computerName="JSRKMANISHKUMAR" duration="00:00:00.0031647" startTime="2026-09-20T15:30:02.8240026+05:30" endTime="2026-09-20T15:30:02.8280579+05:30" testType="13cdc9d9-ddb5-4fa4-a97d-d965ccfc6d4b" outcome="Passed" testListId="8c84fa94-04c1-424b-9868-57a2d4851a1d" relativeResultsDirectory="c54882be-8cf8-4384-9152-bc43bb005e47" />
    <UnitTestResult executionId="5981ee47-fcce-49ef-9a7d-65766e7d1de5" testId="4d242859-f241-d662-d4c4-70c565e1c9e5" testName="SoftwareManagement.Api.IntegrationTests.Content.PageLifecycleTests.REQ_SITE_007_ReportsEachFailureIndividuallyInABulkPublish" computerName="JSRKMANISHKUMAR" duration="00:00:00.1484746" startTime="2026-09-20T15:30:13.3809336+05:30" endTime="2026-09-20T15:30:13.5296547+05:30" testType="13cdc9d9-ddb5-4fa4-a97d-d965ccfc6d4b" outcome="Passed" testListId="8c84fa94-04c1-424b-9868-57a2d4851a1d" relativeResultsDirectory="5981ee47-fcce-49ef-9a7d-65766e7d1de5" />
    <UnitTestResult executionId="bc834626-0065-494c-91ae-851528f1e1b5" testId="40e9bda7-3453-237a-699d-ea4b13500f77" testName="SoftwareManagement.Api.IntegrationTests.Catalog.PublicCatalogTests.REQ_CAT_011_The_demo_disappears_from_the_page_once_it_has_failed_twice" computerName="JSRKMANISHKUMAR" duration="00:00:00.3165331" startTime="2026-09-20T15:30:07.9073417+05:30" endTime="2026-09-20T15:30:08.2240780+05:30" testType="13cdc9d9-ddb5-4fa4-a97d-d965ccfc6d4b" outcome="Passed" testListId="8c84fa94-04c1-424b-9868-57a2d4851a1d" relativeResultsDirectory="bc834626-0065-494c-91ae-851528f1e1b5" />
    <UnitTestResult executionId="d740cf67-caa4-4abb-b04c-716da18d3aa6" testId="a7eef393-87cd-b147-3942-ed2a1c709d72" testName="SoftwareManagement.Api.IntegrationTests.Identity.AuthorizationMatrixTests.REQ_IAM_005_Returns401_ForEveryAdministrationRouteWithoutAToken" computerName="JSRKMANISHKUMAR" duration="00:00:00.0073396" startTime="2026-09-20T15:30:00.7979833+05:30" endTime="2026-09-20T15:30:00.8057124+05:30" testType="13cdc9d9-ddb5-4fa4-a97d-d965ccfc6d4b" outcome="Passed" testListId="8c84fa94-04c1-424b-9868-57a2d4851a1d" relativeResultsDirectory="d740cf67-caa4-4abb-b04c-716da18d3aa6" />
    <UnitTestResult executionId="7b23ef2a-4ade-43bf-8340-4560a3efa4ac" testId="302ae241-0de7-ef24-1fb4-3723f0545149" testName="SoftwareManagement.Api.IntegrationTests.Leads.LeadCaptureTests.REQ_LEAD_001_An_accepted_enquiry_writes_a_submission_a_consent_record_and_a_lead" computerName="JSRKMANISHKUMAR" duration="00:00:00.1031212" startTime="2026-09-20T15:30:18.7962003+05:30" endTime="2026-09-20T15:30:18.8989148+05:30" testType="13cdc9d9-ddb5-4fa4-a97d-d965ccfc6d4b" outcome="Passed" testListId="8c84fa94-04c1-424b-9868-57a2d4851a1d" relativeResultsDirectory="7b23ef2a-4ade-43bf-8340-4560a3efa4ac" />
    <UnitTestResult executionId="84736913-f769-4842-bc25-90910595cc52" testId="becacde3-446f-1649-2bff-bd3009eb4125" testName="SoftwareManagement.Api.IntegrationTests.Content.SiteStructureTests.REQ_SITE_010_Returns409_WhenDeletingATechnologyAServiceStillLists" computerName="JSRKMANISHKUMAR" duration="00:00:00.3309408" startTime="2026-09-20T15:30:11.9181588+05:30" endTime="2026-09-20T15:30:12.2493728+05:30" testType="13cdc9d9-ddb5-4fa4-a97d-d965ccfc6d4b" outcome="Passed" testListId="8c84fa94-04c1-424b-9868-57a2d4851a1d" relativeResultsDirectory="84736913-f769-4842-bc25-90910595cc52" />
    <UnitTestResult executionId="db70310d-e560-4511-891b-a2686314f8f6" testId="9503c57b-6485-f82e-c71c-bb111396f515" testName="SoftwareManagement.Api.IntegrationTests.Identity.AuthorizationMatrixTests.REQ_IAM_004_Returns403_WhenAnEditorCallsAnAdministrationEndpoint" computerName="JSRKMANISHKUMAR" duration="00:00:00.0759672" startTime="2026-09-20T15:30:00.8984188+05:30" endTime="2026-09-20T15:30:00.9746306+05:30" testType="13cdc9d9-ddb5-4fa4-a97d-d965ccfc6d4b" outcome="Passed" testListId="8c84fa94-04c1-424b-9868-57a2d4851a1d" relativeResultsDirectory="db70310d-e560-4511-891b-a2686314f8f6" />
    <UnitTestResult executionId="b412ee08-77cd-47e4-9aa2-edfc02b596fb" testId="1ebd049f-ce84-7c2d-ca03-5e2a53c1eed6" testName="SoftwareManagement.Api.IntegrationTests.Identity.AuthenticationTests.REQ_IAM_002_Returns423_OnTheSixthFailureWithinTheWindow" computerName="JSRKMANISHKUMAR" duration="00:00:00.3967568" startTime="2026-09-20T15:30:01.1996210+05:30" endTime="2026-09-20T15:30:01.5966400+05:30" testType="13cdc9d9-ddb5-4fa4-a97d-d965ccfc6d4b" outcome="Passed" testListId="8c84fa94-04c1-424b-9868-57a2d4851a1d" relativeResultsDirectory="b412ee08-77cd-47e4-9aa2-edfc02b596fb" />
    <UnitTestResult executionId="05998953-20b8-420a-803f-5cf8549dcb89" testId="a0519aa0-43fa-d24a-1afe-7b55decb6738" testName="SoftwareManagement.Api.IntegrationTests.Catalog.PublicCatalogTests.REQ_CAT_015_Archiving_removes_a_product_from_the_catalogue_and_keeps_its_address_claimed" computerName="JSRKMANISHKUMAR" duration="00:00:00.3318155" startTime="2026-09-20T15:30:06.5708382+05:30" endTime="2026-09-20T15:30:06.8889225+05:30" testType="13cdc9d9-ddb5-4fa4-a97d-d965ccfc6d4b" outcome="Passed" testListId="8c84fa94-04c1-424b-9868-57a2d4851a1d" relativeResultsDirectory="05998953-20b8-420a-803f-5cf8549dcb89" />
    <UnitTestResult executionId="f0ffacb0-6242-4ec9-b52f-d1372495e9ec" testId="c75a23fb-d45a-3d59-fec9-1fffedc16a05" testName="SoftwareManagement.Api.IntegrationTests.Catalog.PublicCatalogTests.REQ_CAT_010_Opening_a_product_page_counts_the_view_against_that_path" computerName="JSRKMANISHKUMAR" duration="00:00:00.5774034" startTime="2026-09-20T15:30:05.0383669+05:30" endTime="2026-09-20T15:30:05.6160277+05:30" testType="13cdc9d9-ddb5-4fa4-a97d-d965ccfc6d4b" outcome="Passed" testListId="8c84fa94-04c1-424b-9868-57a2d4851a1d" relativeResultsDirectory="f0ffacb0-6242-4ec9-b52f-d1372495e9ec" />
    <UnitTestResult executionId="ed8f6843-e244-444f-bd5b-8ed5271d1865" testId="f8ae64f6-9498-b068-9178-6fca3f41124a" testName="SoftwareManagement.Api.IntegrationTests.Catalog.ProductCatalogTests.REQ_CAT_007_A_feature_marked_limited_without_the_limit_itself_is_refused" computerName="JSRKMANISHKUMAR" duration="00:00:00.0972254" startTime="2026-09-20T15:30:09.4600082+05:30" endTime="2026-09-20T15:30:09.5576886+05:30" testType="13cdc9d9-ddb5-4fa4-a97d-d965ccfc6d4b" outcome="Passed" testListId="8c84fa94-04c1-424b-9868-57a2d4851a1d" relativeResultsDirectory="ed8f6843-e244-444f-bd5b-8ed5271d1865" />
    <UnitTestResult executionId="6ac34d9c-39c4-40d6-92d2-4033e37a00f1" testId="ec195f9d-4c3e-7de4-9177-7375c4cd6cbe" testName="SoftwareManagement.Api.IntegrationTests.Catalog.ProductCatalogTests.REQ_CAT_005_A_plan_priced_at_4999_rupees_stores_exactly_that_amount_with_its_currency" computerName="JSRKMANISHKUMAR" duration="00:00:00.1068067" startTime="2026-09-20T15:30:08.6380392+05:30" endTime="2026-09-20T15:30:08.7451005+05:30" testType="13cdc9d9-ddb5-4fa4-a97d-d965ccfc6d4b" outcome="Passed" testListId="8c84fa94-04c1-424b-9868-57a2d4851a1d" relativeResultsDirectory="6ac34d9c-39c4-40d6-92d2-4033e37a00f1" />
    <UnitTestResult executionId="b2d2ee66-8d2e-4040-a6ed-3a5af89c1f92" testId="05ad373a-5793-c0f7-c0dd-664a84b0500d" testName="SoftwareManagement.Api.IntegrationTests.PipelineTests.SecurePing_Returns401_ForAGarbageToken" computerName="JSRKMANISHKUMAR" duration="00:00:00.1161984" startTime="2026-09-20T15:30:19.9143375+05:30" endTime="2026-09-20T15:30:20.0309406+05:30" testType="13cdc9d9-ddb5-4fa4-a97d-d965ccfc6d4b" outcome="Passed" testListId="8c84fa94-04c1-424b-9868-57a2d4851a1d" relativeResultsDirectory="b2d2ee66-8d2e-4040-a6ed-3a5af89c1f92" />
    <UnitTestResult executionId="87c12b88-7452-465e-9727-ae41e1b2399f" testId="38c2c976-d411-7f6f-0d78-bfd32eb44a8c" testName="SoftwareManagement.Api.IntegrationTests.InfrastructureRegistrationTests.DesignTimeFactory_CreatesAContextSoMigrationsCanBeGeneratedWithoutStartingTheApi" computerName="JSRKMANISHKUMAR" duration="00:00:00.2778122" startTime="2026-09-20T15:30:16.8296404+05:30" endTime="2026-09-20T15:30:17.1075312+05:30" testType="13cdc9d9-ddb5-4fa4-a97d-d965ccfc6d4b" outcome="Passed" testListId="8c84fa94-04c1-424b-9868-57a2d4851a1d" relativeResultsDirectory="87c12b88-7452-465e-9727-ae41e1b2399f" />
    <UnitTestResult executionId="a89d6109-0df5-41b2-a86d-af4c1436c4df" testId="bcee3310-1f4f-1a94-7003-3d9995b04747" testName="SoftwareManagement.Api.IntegrationTests.Identity.AuthenticationTests.REQ_IAM_001_Returns200AndAnAccessToken_ForCorrectCredentials" computerName="JSRKMANISHKUMAR" duration="00:00:00.0841429" startTime="2026-09-20T15:30:02.5996251+05:30" endTime="2026-09-20T15:30:02.6840255+05:30" testType="13cdc9d9-ddb5-4fa4-a97d-d965ccfc6d4b" outcome="Passed" testListId="8c84fa94-04c1-424b-9868-57a2d4851a1d" relativeResultsDirectory="a89d6109-0df5-41b2-a86d-af4c1436c4df" />
    <UnitTestResult executionId="61d800b3-c6e4-4db4-a1be-01190656508f" testId="84a8cc79-9ab4-8938-c7a8-4d25d4634715" testName="SoftwareManagement.Api.IntegrationTests.Content.PageLifecycleTests.REQ_SITE_006_StoresTheEditorsLocalTimeAsTheCorrectUtcInstant" computerName="JSRKMANISHKUMAR" duration="00:00:00.4627015" startTime="2026-09-20T15:30:15.5319109+05:30" endTime="2026-09-20T15:30:15.9946410+05:30" testType="13cdc9d9-ddb5-4fa4-a97d-d965ccfc6d4b" outcome="Passed" testListId="8c84fa94-04c1-424b-9868-57a2d4851a1d" relativeResultsDirectory="61d800b3-c6e4-4db4-a1be-01190656508f" />
    <UnitTestResult executionId="c75e8971-5bb1-4843-a449-189923a87073" testId="10aeb958-a51c-3f9c-df52-ff6586522531" testName="SoftwareManagement.Api.IntegrationTests.Leads.NotificationTests.REQ_NOTIF_004_A_message_that_sends_is_marked_sent_and_never_tried_again" computerName="JSRKMANISHKUMAR" duration="00:00:00.0218509" startTime="2026-09-20T15:30:18.4216480+05:30" endTime="2026-09-20T15:30:18.4439381+05:30" testType="13cdc9d9-ddb5-4fa4-a97d-d965ccfc6d4b" outcome="Passed" testListId="8c84fa94-04c1-424b-9868-57a2d4851a1d" relativeResultsDirectory="c75e8971-5bb1-4843-a449-189923a87073" />
    <UnitTestResult executionId="dcbae486-0eca-4919-94a7-934d766cc86c" testId="432c57b3-afaf-a2a2-6e25-ae83353508e5" testName="SoftwareManagement.Api.IntegrationTests.Identity.AuthenticationTests.REQ_IAM_008_Returns202ForAnyAddress_SoTheEndpointCannotEnumerateAccounts" computerName="JSRKMANISHKUMAR" duration="00:00:00.0260344" startTime="2026-09-20T15:30:02.8285036+05:30" endTime="2026-09-20T15:30:02.8543478+05:30" testType="13cdc9d9-ddb5-4fa4-a97d-d965ccfc6d4b" outcome="Passed" testListId="8c84fa94-04c1-424b-9868-57a2d4851a1d" relativeResultsDirectory="dcbae486-0eca-4919-94a7-934d766cc86c" />
    <UnitTestResult executionId="9c9ee228-f015-4ea4-a938-ff5916860608" testId="035371c4-1f47-97ed-ae3c-d84f3ab45b88" testName="SoftwareManagement.Api.IntegrationTests.Leads.LeadCaptureTests.REQ_LEAD_002_A_submission_missing_a_field_the_definition_marks_required_names_that_field" computerName="JSRKMANISHKUMAR" duration="00:00:00.0163834" startTime="2026-09-20T15:30:19.1252171+05:30" endTime="2026-09-20T15:30:19.1419404+05:30" testType="13cdc9d9-ddb5-4fa4-a97d-d965ccfc6d4b" outcome="Passed" testListId="8c84fa94-04c1-424b-9868-57a2d4851a1d" relativeResultsDirectory="9c9ee228-f015-4ea4-a938-ff5916860608" />
    <UnitTestResult executionId="d62a6f8b-0111-4649-b9be-8b55d7792d87" testId="354e2085-c3aa-355b-eaf7-ecf807c4552a" testName="SoftwareManagement.Api.IntegrationTests.Leads.NotificationTests.REQ_NOTIF_001_A_new_lead_queues_both_messages_in_the_same_transaction_and_sends_nothing_inline" computerName="JSRKMANISHKUMAR" duration="00:00:00.4784023" startTime="2026-09-20T15:30:17.8988507+05:30" endTime="2026-09-20T15:30:18.3775767+05:30" testType="13cdc9d9-ddb5-4fa4-a97d-d965ccfc6d4b" outcome="Passed" testListId="8c84fa94-04c1-424b-9868-57a2d4851a1d" relativeResultsDirectory="d62a6f8b-0111-4649-b9be-8b55d7792d87" />
    <UnitTestResult executionId="d0e9bae5-9a3a-4861-a8f9-02faebdf4cfe" testId="356419b8-8524-1dea-c514-7521e54efc87" testName="SoftwareManagement.Api.IntegrationTests.Catalog.PublicCatalogTests.REQ_CAT_013_The_plan_table_omits_unpublished_plans_and_leaves_no_cell_blank" computerName="JSRKMANISHKUMAR" duration="00:00:00.3292291" startTime="2026-09-20T15:30:07.1548356+05:30" endTime="2026-09-20T15:30:07.4844560+05:30" testType="13cdc9d9-ddb5-4fa4-a97d-d965ccfc6d4b" outcome="Passed" testListId="8c84fa94-04c1-424b-9868-57a2d4851a1d" relativeResultsDirectory="d0e9bae5-9a3a-4861-a8f9-02faebdf4cfe" />
    <UnitTestResult executionId="b86a3f69-0e56-48f2-958d-7150e4c8432a" testId="3618c3b8-74bf-6405-4546-ca16ddd22aca" testName="SoftwareManagement.Api.IntegrationTests.InfrastructureRegistrationTests.SystemClock_ReturnsUtc_NeverLocalTime" computerName="JSRKMANISHKUMAR" duration="00:00:00.0029605" startTime="2026-09-20T15:30:17.1190877+05:30" endTime="2026-09-20T15:30:17.1219801+05:30" testType="13cdc9d9-ddb5-4fa4-a97d-d965ccfc6d4b" outcome="Passed" testListId="8c84fa94-04c1-424b-9868-57a2d4851a1d" relativeResultsDirectory="b86a3f69-0e56-48f2-958d-7150e4c8432a" />
    <UnitTestResult executionId="13db601c-f435-40ba-9c22-fd16186db8d3" testId="24a1b023-779f-69d7-d911-b6d5a0d7d1bc" testName="SoftwareManagement.Api.IntegrationTests.Identity.AuthorizationMatrixTests.REQ_IAM_011_Returns403_WhenAnEditorAsksForTheSignInLog" computerName="JSRKMANISHKUMAR" duration="00:00:00.0787106" startTime="2026-09-20T15:30:00.9757472+05:30" endTime="2026-09-20T15:30:01.0537964+05:30" testType="13cdc9d9-ddb5-4fa4-a97d-d965ccfc6d4b" outcome="Passed" testListId="8c84fa94-04c1-424b-9868-57a2d4851a1d" relativeResultsDirectory="13db601c-f435-40ba-9c22-fd16186db8d3" />
    <UnitTestResult executionId="2cb25af9-e87e-4f16-a58a-8a4dc27a81e3" testId="dabfe86f-f42d-3b69-944a-8daf7bf2c339" testName="SoftwareManagement.Api.IntegrationTests.Content.SiteStructureTests.REQ_SITE_008_HidesAMenuItemWhoseTargetPageIsNotPublished" computerName="JSRKMANISHKUMAR" duration="00:00:00.3047316" startTime="2026-09-20T15:30:10.9997353+05:30" endTime="2026-09-20T15:30:11.3049488+05:30" testType="13cdc9d9-ddb5-4fa4-a97d-d965ccfc6d4b" outcome="Passed" testListId="8c84fa94-04c1-424b-9868-57a2d4851a1d" relativeResultsDirectory="2cb25af9-e87e-4f16-a58a-8a4dc27a81e3" />
    <UnitTestResult executionId="f0567837-c0e6-4f6e-9eda-385f0871998d" testId="6dcf41b0-8c85-78e0-f409-4496a03f0413" testName="SoftwareManagement.Api.IntegrationTests.Catalog.ProductCatalogTests.REQ_CAT_002_The_public_catalogue_filtered_by_a_category_returns_only_that_categorys_published_products" computerName="JSRKMANISHKUMAR" duration="00:00:00.1437353" startTime="2026-09-20T15:30:08.7452827+05:30" endTime="2026-09-20T15:30:08.8892527+05:30" testType="13cdc9d9-ddb5-4fa4-a97d-d965ccfc6d4b" outcome="Passed" testListId="8c84fa94-04c1-424b-9868-57a2d4851a1d" relativeResultsDirectory="f0567837-c0e6-4f6e-9eda-385f0871998d" />
    <UnitTestResult executionId="f791502c-73d7-4e46-9f3e-3af49ae39e17" testId="a894cfd0-bcc5-5c7c-686d-3565fb0dc6b5" testName="SoftwareManagement.Api.IntegrationTests.PipelineTests.Liveness_Answers200_WithoutTouchingTheDatabase" computerName="JSRKMANISHKUMAR" duration="00:00:00.0042709" startTime="2026-09-20T15:30:20.0431457+05:30" endTime="2026-09-20T15:30:20.0479701+05:30" testType="13cdc9d9-ddb5-4fa4-a97d-d965ccfc6d4b" outcome="Passed" testListId="8c84fa94-04c1-424b-9868-57a2d4851a1d" relativeResultsDirectory="f791502c-73d7-4e46-9f3e-3af49ae39e17" />
    <UnitTestResult executionId="00b536b7-ab88-40b0-83b0-65be5761540a" testId="48408fd6-60e7-db04-fd72-886804e7fc7b" testName="SoftwareManagement.Api.IntegrationTests.Content.PageLifecycleTests.REQ_SITE_011_RendersTheSeoFieldsOnThePublicPage" computerName="JSRKMANISHKUMAR" duration="00:00:00.1495775" startTime="2026-09-20T15:30:16.5468139+05:30" endTime="2026-09-20T15:30:16.6967524+05:30" testType="13cdc9d9-ddb5-4fa4-a97d-d965ccfc6d4b" outcome="Passed" testListId="8c84fa94-04c1-424b-9868-57a2d4851a1d" relativeResultsDirectory="00b536b7-ab88-40b0-83b0-65be5761540a" />
    <UnitTestResult executionId="b7b6c66b-6a8e-44b9-95d8-ba0fc8a517f9" testId="1c02a1b8-4720-21fa-f19e-0e1ed6fd1d38" testName="SoftwareManagement.Api.IntegrationTests.Leads.LeadCaptureTests.REQ_LEAD_003_A_demo_request_from_a_product_page_puts_that_product_on_the_lead" computerName="JSRKMANISHKUMAR" duration="00:00:00.1105904" startTime="2026-09-20T15:30:19.1421135+05:30" endTime="2026-09-20T15:30:19.2533452+05:30" testType="13cdc9d9-ddb5-4fa4-a97d-d965ccfc6d4b" outcome="Passed" testListId="8c84fa94-04c1-424b-9868-57a2d4851a1d" relativeResultsDirectory="b7b6c66b-6a8e-44b9-95d8-ba0fc8a517f9" />
    <UnitTestResult executionId="c88cdad2-0f07-4823-84ff-74ff3e609a48" testId="5b984aa4-fcc2-26e5-86de-8c42ddbd4ee0" testName="SoftwareManagement.Api.IntegrationTests.Catalog.PublicCatalogTests.REQ_CAT_009_A_complete_product_publishes_and_appears_in_the_public_catalogue" computerName="JSRKMANISHKUMAR" duration="00:00:00.2614169" startTime="2026-09-20T15:30:08.2242621+05:30" endTime="2026-09-20T15:30:08.4860999+05:30" testType="13cdc9d9-ddb5-4fa4-a97d-d965ccfc6d4b" outcome="Passed" testListId="8c84fa94-04c1-424b-9868-57a2d4851a1d" relativeResultsDirectory="c88cdad2-0f07-4823-84ff-74ff3e609a48" />
    <UnitTestResult executionId="806532a5-a7fa-4eb9-9b4a-d85d29edd464" testId="3a758d35-dec5-2d83-36d5-403609f335f3" testName="SoftwareManagement.Api.IntegrationTests.Identity.UserAdministrationTests.REQ_IAM_006_Returns422_ForARoleThatDoesNotExist" computerName="JSRKMANISHKUMAR" duration="00:00:00.6337500" startTime="2026-09-20T15:29:57.8167333+05:30" endTime="2026-09-20T15:29:58.4509560+05:30" testType="13cdc9d9-ddb5-4fa4-a97d-d965ccfc6d4b" outcome="Passed" testListId="8c84fa94-04c1-424b-9868-57a2d4851a1d" relativeResultsDirectory="806532a5-a7fa-4eb9-9b4a-d85d29edd464" />
    <UnitTestResult executionId="aeba3e0d-8100-4ecc-a7e9-58ced6427625" testId="eb96fab4-d5ea-eef7-485b-7c3ec301d1f1" testName="SoftwareManagement.Api.IntegrationTests.Content.PageLifecycleTests.REQ_SITE_003_Returns403_WhenSalesTriesToPublish" computerName="JSRKMANISHKUMAR" duration="00:00:00.7433983" startTime="2026-09-20T15:30:14.1259813+05:30" endTime="2026-09-20T15:30:14.8700859+05:30" testType="13cdc9d9-ddb5-4fa4-a97d-d965ccfc6d4b" outcome="Passed" testListId="8c84fa94-04c1-424b-9868-57a2d4851a1d" relativeResultsDirectory="aeba3e0d-8100-4ecc-a7e9-58ced6427625" />
    <UnitTestResult executionId="f542a8d6-94ef-47b4-9257-421b8970e5a8" testId="aa81004b-4b89-99c1-f2a3-ea2d08d5f040" testName="SoftwareManagement.Api.IntegrationTests.Leads.NotificationTests.REQ_NOTIF_004_The_fifth_failure_dead_letters_the_message_and_alerts_the_owner" computerName="JSRKMANISHKUMAR" duration="00:00:00.2749315" startTime="2026-09-20T15:30:17.6235294+05:30" endTime="2026-09-20T15:30:17.8986724+05:30" testType="13cdc9d9-ddb5-4fa4-a97d-d965ccfc6d4b" outcome="Passed" testListId="8c84fa94-04c1-424b-9868-57a2d4851a1d" relativeResultsDirectory="f542a8d6-94ef-47b4-9257-421b8970e5a8" />
    <UnitTestResult executionId="951f8de7-db7d-47e2-8d98-cdee825d7942" testId="bd56576c-8ab9-c17e-8f92-0369874035c1" testName="SoftwareManagement.Api.IntegrationTests.Identity.AuthorizationMatrixTests.REQ_IAM_011_ClampsThePageSize_SoOneRequestCannotDrainTheTable" computerName="JSRKMANISHKUMAR" duration="00:00:00.1045236" startTime="2026-09-20T15:30:00.6896782+05:30" endTime="2026-09-20T15:30:00.7948909+05:30" testType="13cdc9d9-ddb5-4fa4-a97d-d965ccfc6d4b" outcome="Passed" testListId="8c84fa94-04c1-424b-9868-57a2d4851a1d" relativeResultsDirectory="951f8de7-db7d-47e2-8d98-cdee825d7942" />
    <UnitTestResult executionId="b8878a0c-60a7-4e1d-9398-f6821dbc781b" testId="3d570c9d-2ba2-a592-02f6-6820e6520f89" testName="SoftwareManagement.Api.IntegrationTests.Identity.AuthenticationTests.REQ_IAM_003_Returns401AndRevokesTheWholeChain_WhenARotatedTokenIsPresentedAgain" computerName="JSRKMANISHKUMAR" duration="00:00:00.1082847" startTime="2026-09-20T15:30:01.7442429+05:30" endTime="2026-09-20T15:30:01.8528966+05:30" testType="13cdc9d9-ddb5-4fa4-a97d-d965ccfc6d4b" outcome="Passed" testListId="8c84fa94-04c1-424b-9868-57a2d4851a1d" relativeResultsDirectory="b8878a0c-60a7-4e1d-9398-f6821dbc781b" />
    <UnitTestResult executionId="8de242dd-8717-4f32-a81a-1a9aaf72fe9b" testId="bd601a1b-a2a7-9cb6-0981-2cf6e1ae4006" testName="SoftwareManagement.Api.IntegrationTests.Catalog.PublicCatalogTests.REQ_CAT_014_Only_published_faq_items_reach_the_page_and_they_keep_their_order" computerName="JSRKMANISHKUMAR" duration="00:00:00.2507526" startTime="2026-09-20T15:30:06.0734264+05:30" endTime="2026-09-20T15:30:06.3244469+05:30" testType="13cdc9d9-ddb5-4fa4-a97d-d965ccfc6d4b" outcome="Passed" testListId="8c84fa94-04c1-424b-9868-57a2d4851a1d" relativeResultsDirectory="8de242dd-8717-4f32-a81a-1a9aaf72fe9b" />
    <UnitTestResult executionId="f73c7adb-0975-42bc-86bb-e66f81cb6d7f" testId="ce0c7339-3f91-6b04-e1bd-4604ebf0603c" testName="SoftwareManagement.Api.IntegrationTests.Content.SiteStructureTests.REQ_SITE_009_Returns415_WhenTheBytesDoNotMatchTheClaimedType" computerName="JSRKMANISHKUMAR" duration="00:00:00.1057561" startTime="2026-09-20T15:30:11.5111436+05:30" endTime="2026-09-20T15:30:11.6171346+05:30" testType="13cdc9d9-ddb5-4fa4-a97d-d965ccfc6d4b" outcome="Passed" testListId="8c84fa94-04c1-424b-9868-57a2d4851a1d" relativeResultsDirectory="f73c7adb-0975-42bc-86bb-e66f81cb6d7f" />
    <UnitTestResult executionId="73f96d07-3be3-4147-84c7-d5def9230a6f" testId="5dc97ee6-96a1-d4f1-b389-915c35a759f8" testName="SoftwareManagement.Api.IntegrationTests.Identity.AuthenticationTests.REQ_IAM_009_Returns422_WhenTheNewPasswordIsTooShort" computerName="JSRKMANISHKUMAR" duration="00:00:00.1465690" startTime="2026-09-20T15:30:01.5968392+05:30" endTime="2026-09-20T15:30:01.7439787+05:30" testType="13cdc9d9-ddb5-4fa4-a97d-d965ccfc6d4b" outcome="Passed" testListId="8c84fa94-04c1-424b-9868-57a2d4851a1d" relativeResultsDirectory="73f96d07-3be3-4147-84c7-d5def9230a6f" />
    <UnitTestResult executionId="0155890c-3579-46e0-96d8-349f54953d70" testId="0e70e851-1c00-7339-50d5-a521bd649c30" testName="SoftwareManagement.Api.IntegrationTests.Catalog.ProductCatalogTests.REQ_CAT_007_Every_cell_of_the_plan_comparison_carries_a_definite_answer" computerName="JSRKMANISHKUMAR" duration="00:00:00.1508561" startTime="2026-09-20T15:30:08.4863558+05:30" endTime="2026-09-20T15:30:08.6378206+05:30" testType="13cdc9d9-ddb5-4fa4-a97d-d965ccfc6d4b" outcome="Passed" testListId="8c84fa94-04c1-424b-9868-57a2d4851a1d" relativeResultsDirectory="0155890c-3579-46e0-96d8-349f54953d70" />
    <UnitTestResult executionId="ea701f2b-fe47-4cac-8805-a77c79208163" testId="095db3dd-8155-72f0-99ed-5d0ba08ca56d" testName="SoftwareManagement.Api.IntegrationTests.Leads.NotificationTests.REQ_NOTIF_004_A_failed_send_increases_the_attempt_count_and_schedules_the_next_one" computerName="JSRKMANISHKUMAR" duration="00:00:00.0381917" startTime="2026-09-20T15:30:18.3827784+05:30" endTime="2026-09-20T15:30:18.4214722+05:30" testType="13cdc9d9-ddb5-4fa4-a97d-d965ccfc6d4b" outcome="Passed" testListId="8c84fa94-04c1-424b-9868-57a2d4851a1d" relativeResultsDirectory="ea701f2b-fe47-4cac-8805-a77c79208163" />
    <UnitTestResult executionId="6973785c-73d9-450e-9680-dddcbb552618" testId="a8e6d58c-13a8-c2a8-426b-c3e504181d0d" testName="SoftwareManagement.Api.IntegrationTests.Catalog.ProductCatalogTests.REQ_CAT_005_The_public_card_quotes_the_cheapest_published_paid_plan" computerName="JSRKMANISHKUMAR" duration="00:00:00.1055415" startTime="2026-09-20T15:30:09.7411649+05:30" endTime="2026-09-20T15:30:09.8469990+05:30" testType="13cdc9d9-ddb5-4fa4-a97d-d965ccfc6d4b" outcome="Passed" testListId="8c84fa94-04c1-424b-9868-57a2d4851a1d" relativeResultsDirectory="6973785c-73d9-450e-9680-dddcbb552618" />
    <UnitTestResult executionId="353e7aa5-4948-4b73-9a86-bf56d179e93f" testId="1a2658c2-0298-7d9d-1129-a240c86e40d9" testName="SoftwareManagement.Api.IntegrationTests.Leads.LeadCaptureTests.REQ_LEAD_006_Consent_is_stored_with_the_exact_words_the_person_agreed_to" computerName="JSRKMANISHKUMAR" duration="00:00:00.0565865" startTime="2026-09-20T15:30:18.9507235+05:30" endTime="2026-09-20T15:30:19.0076225+05:30" testType="13cdc9d9-ddb5-4fa4-a97d-d965ccfc6d4b" outcome="Passed" testListId="8c84fa94-04c1-424b-9868-57a2d4851a1d" relativeResultsDirectory="353e7aa5-4948-4b73-9a86-bf56d179e93f" />
    <UnitTestResult executionId="d8b5380e-bc7c-429c-9a91-31bd4533a964" testId="070f8695-b9b9-a676-e899-56bc38145031" testName="SoftwareManagement.Api.IntegrationTests.Identity.AuthenticationTests.REQ_IAM_001_WritesASucceededLoginAttemptAndAHashedRefreshToken" computerName="JSRKMANISHKUMAR" duration="00:00:00.1392000" startTime="2026-09-20T15:30:02.6842741+05:30" endTime="2026-09-20T15:30:02.8237949+05:30" testType="13cdc9d9-ddb5-4fa4-a97d-d965ccfc6d4b" outcome="Passed" testListId="8c84fa94-04c1-424b-9868-57a2d4851a1d" relativeResultsDirectory="d8b5380e-bc7c-429c-9a91-31bd4533a964" />
    <UnitTestResult executionId="ea0ad003-ae2f-4f0d-885c-d28b1822e4ed" testId="a1beba10-c274-0de4-e53e-4ffe2592cd47" testName="SoftwareManagement.Api.IntegrationTests.ReadinessTests.Readiness_Answers200_WhenTheDatabaseIsReachable" computerName="JSRKMANISHKUMAR" duration="00:00:00.0118063" startTime="2026-09-20T15:30:03.0994279+05:30" endTime="2026-09-20T15:30:03.2067258+05:30" testType="13cdc9d9-ddb5-4fa4-a97d-d965ccfc6d4b" outcome="Passed" testListId="8c84fa94-04c1-424b-9868-57a2d4851a1d" relativeResultsDirectory="ea0ad003-ae2f-4f0d-885c-d28b1822e4ed" />
    <UnitTestResult executionId="22c22cd6-148d-4a48-bf04-95fb85fcd3f8" testId="f47e28a9-d32b-4490-cb8d-51b4e72efa8f" testName="SoftwareManagement.Api.IntegrationTests.Catalog.PublicCatalogTests.REQ_CAT_009_The_readiness_report_says_what_is_missing_before_the_button_is_pressed" computerName="JSRKMANISHKUMAR" duration="00:00:00.1331951" startTime="2026-09-20T15:30:06.4229054+05:30" endTime="2026-09-20T15:30:06.5705878+05:30" testType="13cdc9d9-ddb5-4fa4-a97d-d965ccfc6d4b" outcome="Passed" testListId="8c84fa94-04c1-424b-9868-57a2d4851a1d" relativeResultsDirectory="22c22cd6-148d-4a48-bf04-95fb85fcd3f8" />
[...]
    <TestEntry testId="10fc1172-5b9a-e433-95fe-23acc6955168" executionId="ab418efa-e3ae-42c4-9d4b-ef773be005ef" testListId="8c84fa94-04c1-424b-9868-57a2d4851a1d" />
    <TestEntry testId="9f1f295e-0ed5-3cbd-6ef0-78f5100f0062" executionId="ed08b7c6-0caa-47a5-9a12-e431359bc3df" testListId="8c84fa94-04c1-424b-9868-57a2d4851a1d" />
    <TestEntry testId="1a667d03-2811-d009-f3f2-6708207ee24c" executionId="c40550f8-2da5-4d2d-a11a-6261ee78bd54" testListId="8c84fa94-04c1-424b-9868-57a2d4851a1d" />
    <TestEntry testId="cb33e659-9ec6-4c6f-e780-dddbac74a933" executionId="559afbf2-8271-4fa4-bc31-497a6159375c" testListId="8c84fa94-04c1-424b-9868-57a2d4851a1d" />
    <TestEntry testId="c5c217b9-8153-f09b-bef0-caa078e30f9d" executionId="eb0c222c-a05d-4695-965d-ae4ba7b844ba" testListId="8c84fa94-04c1-424b-9868-57a2d4851a1d" />
    <TestEntry testId="96b84f90-90e0-21e8-2534-5b5c13a4f991" executionId="4d8e3a9b-609a-41ca-bd03-035f6798927b" testListId="8c84fa94-04c1-424b-9868-57a2d4851a1d" />
    <TestEntry testId="c542c5ec-a5b2-6681-e82a-153922beb117" executionId="e8412bed-a5b1-42fa-94f5-6d50d511de14" testListId="8c84fa94-04c1-424b-9868-57a2d4851a1d" />
    <TestEntry testId="33e405e1-dace-7f47-bbb0-f632a0a4e6d2" executionId="ba937782-15a2-4941-a1c4-219619d10266" testListId="8c84fa94-04c1-424b-9868-57a2d4851a1d" />
    <TestEntry testId="41c23d21-14f1-2412-155a-a7233ab5f930" executionId="c50fb192-d6ed-4624-abcf-30e27065278f" testListId="8c84fa94-04c1-424b-9868-57a2d4851a1d" />
    <TestEntry testId="8c754d1b-15de-f204-593e-38126f1bf4c7" executionId="3dd943f3-167a-4192-8bd8-76c6c8940758" testListId="8c84fa94-04c1-424b-9868-57a2d4851a1d" />
    <TestEntry testId="5c7c3daa-7fdd-c9ec-83d5-e7b37c361d42" executionId="ce759057-b9bc-46bc-a304-0048d9c44712" testListId="8c84fa94-04c1-424b-9868-57a2d4851a1d" />
    <TestEntry testId="919126ba-83e4-23e4-4cba-c442afd49c39" executionId="5d345539-8dc7-43a2-a079-e66890ca94b0" testListId="8c84fa94-04c1-424b-9868-57a2d4851a1d" />
    <TestEntry testId="67104cfb-2d99-ca3b-a6de-921b91db5cfb" executionId="90f61e62-3814-46c6-864f-a1f5daea308d" testListId="8c84fa94-04c1-424b-9868-57a2d4851a1d" />
    <TestEntry testId="1075b361-3474-da3a-6371-c54fdce27d6f" executionId="b7a4fbc4-01dc-4708-a03a-098ff7acf66e" testListId="8c84fa94-04c1-424b-9868-57a2d4851a1d" />
    <TestEntry testId="08351177-d710-4c67-897f-ff7aba5eadea" executionId="2501384e-428d-42ad-b87f-d04fc47dc5dc" testListId="8c84fa94-04c1-424b-9868-57a2d4851a1d" />
    <TestEntry testId="04f42e0d-0fa0-6f7f-9d62-49d2ba8430be" executionId="f7b86556-16e0-454f-bc45-d026e9bdbd4e" testListId="8c84fa94-04c1-424b-9868-57a2d4851a1d" />
    <TestEntry testId="25df0403-a902-dbd5-659a-3fd726a1b888" executionId="69cea622-1a02-47db-b153-3703933efdc3" testListId="8c84fa94-04c1-424b-9868-57a2d4851a1d" />
    <TestEntry testId="2ce37273-daad-409d-f736-1d18af71ab9e" executionId="6c84c819-8ccc-4d15-8931-1dee42e80b26" testListId="8c84fa94-04c1-424b-9868-57a2d4851a1d" />
    <TestEntry testId="72177a79-4f01-bce8-6a12-ff9e02ae0764" executionId="fca76f24-54c4-426d-99f4-6d435efc1d33" testListId="8c84fa94-04c1-424b-9868-57a2d4851a1d" />
    <TestEntry testId="ba479005-e379-1975-cd09-1db623022ea1" executionId="bea619c4-12d0-4f12-880f-57397bb3519b" testListId="8c84fa94-04c1-424b-9868-57a2d4851a1d" />
    <TestEntry testId="7bfc9a05-b0f7-0151-7a4e-0d1955fc297d" executionId="c05219c9-ddb1-402b-9d20-fbeb24361712" testListId="8c84fa94-04c1-424b-9868-57a2d4851a1d" />
    <TestEntry testId="29c6d260-cd84-ff3c-82a8-89b2873feef9" executionId="990f008c-1ee3-4293-a9f2-c4fefc9de6d0" testListId="8c84fa94-04c1-424b-9868-57a2d4851a1d" />
    <TestEntry testId="0d4a4a13-65ab-7710-1901-dcc8604a7e81" executionId="38881477-a7a5-458a-8494-9f611f724721" testListId="8c84fa94-04c1-424b-9868-57a2d4851a1d" />
    <TestEntry testId="a44eeae3-917c-b508-f6a2-4bc307124115" executionId="8e6facb6-01da-4327-9d32-63d8a790818d" testListId="8c84fa94-04c1-424b-9868-57a2d4851a1d" />
    <TestEntry testId="4260f301-0a12-3443-7397-26f767505788" executionId="c6282a96-445a-40bc-a031-b2a6389c3a49" testListId="8c84fa94-04c1-424b-9868-57a2d4851a1d" />
    <TestEntry testId="a589903e-b8ca-a3a4-7c7e-d8ffa3464132" executionId="39be3445-7351-46bc-9858-5c8c08d531bd" testListId="8c84fa94-04c1-424b-9868-57a2d4851a1d" />
    <TestEntry testId="2c9508c0-26b7-6420-f203-640ba79b962a" executionId="8b52d056-2818-48c2-8663-16605c519bf7" testListId="8c84fa94-04c1-424b-9868-57a2d4851a1d" />
    <TestEntry testId="75d5ef8f-7fb6-297d-e9fd-082e02e1058f" executionId="fa5e8710-4825-4c0e-87c6-e17148ea4a99" testListId="8c84fa94-04c1-424b-9868-57a2d4851a1d" />
    <TestEntry testId="0c956bf7-f5bc-76ee-2b6d-b60d31b69802" executionId="1cd6a76f-d5d5-4cb2-a40d-bcaf98e45d8b" testListId="8c84fa94-04c1-424b-9868-57a2d4851a1d" />
    <TestEntry testId="9cbd744d-df8d-cbd1-d5fa-d5056ef45006" executionId="5acf0165-9930-47a0-b24a-0696f87d6a63" testListId="8c84fa94-04c1-424b-9868-57a2d4851a1d" />
    <TestEntry testId="35daa342-6a78-aa2b-cc7a-37c44e1b9dce" executionId="e6c159f1-84fa-47c0-9b21-940ed7ef08f8" testListId="8c84fa94-04c1-424b-9868-57a2d4851a1d" />
    <TestEntry testId="a8ffe9dc-6131-1c6c-9cb1-5103a9b93973" executionId="df59e021-bc99-4c8a-806c-edeb6c4de9f5" testListId="8c84fa94-04c1-424b-9868-57a2d4851a1d" />
    <TestEntry testId="905e3313-6822-066d-e39a-915bf1a0b510" executionId="8f29127e-a56c-4965-92c8-d5b414ae83f9" testListId="8c84fa94-04c1-424b-9868-57a2d4851a1d" />
    <TestEntry testId="cb9c3f17-15cd-93b3-0a6d-d91098880341" executionId="01302229-f78a-47f5-8bec-998dd084cbeb" testListId="8c84fa94-04c1-424b-9868-57a2d4851a1d" />
    <TestEntry testId="18289c2d-8ec1-ae26-b08d-032017c200c4" executionId="c964a03b-f132-4a56-a8b1-a48860c5dee0" testListId="8c84fa94-04c1-424b-9868-57a2d4851a1d" />
    <TestEntry testId="b43047a3-4b96-184d-85df-9c86405d2c76" executionId="4db3f734-451f-45e8-92e5-cad161104340" testListId="8c84fa94-04c1-424b-9868-57a2d4851a1d" />
    <TestEntry testId="7d6b297f-7f47-52a4-5b3e-d80ba9a4b81f" executionId="4441a214-13ce-4aef-af43-59ec8b6b4010" testListId="8c84fa94-04c1-424b-9868-57a2d4851a1d" />
    <TestEntry testId="1360d691-9702-517e-6889-732774a3a26b" executionId="dc21c4c0-719d-4c9f-a5c0-92329784125f" testListId="8c84fa94-04c1-424b-9868-57a2d4851a1d" />
    <TestEntry testId="d730ccfd-ed80-6d44-d6b0-13ca355d9450" executionId="c55c69c2-1c9d-42bc-bf8b-ac60044b3be4" testListId="8c84fa94-04c1-424b-9868-57a2d4851a1d" />
    <TestEntry testId="0aded220-a7b5-cd75-13fe-6a41f44c5daa" executionId="2bff1fc5-ee6a-46b5-937f-3653fbcf4b49" testListId="8c84fa94-04c1-424b-9868-57a2d4851a1d" />
    <TestEntry testId="47d95d40-350a-876b-e176-8c8fcf147901" executionId="63a6501a-f569-4663-92cb-0ef714573729" testListId="8c84fa94-04c1-424b-9868-57a2d4851a1d" />
    <TestEntry testId="36b625fb-743b-53a8-b934-35c4775d4639" executionId="7209500b-6515-4361-beee-60cce8636784" testListId="8c84fa94-04c1-424b-9868-57a2d4851a1d" />
    <TestEntry testId="20767a5d-5cd9-fc5d-a3d9-026d4d6e8d89" executionId="343579b0-39a4-4e48-b4fb-f9b6a7055d53" testListId="8c84fa94-04c1-424b-9868-57a2d4851a1d" />
    <TestEntry testId="85e39c55-9832-611e-c478-6ddd4f0729d6" executionId="79024c48-f445-48dc-b327-52fa676422a8" testListId="8c84fa94-04c1-424b-9868-57a2d4851a1d" />
    <TestEntry testId="45748828-b528-e0d2-3049-442665da5101" executionId="6e485cb3-2025-400d-b2ba-9fd95beed5e9" testListId="8c84fa94-04c1-424b-9868-57a2d4851a1d" />
    <TestEntry testId="724ed3d1-5144-f91e-0cb6-e65d0b2a22a2" executionId="e44f01a4-73e3-48a2-bfc2-a84546f87ba3" testListId="8c84fa94-04c1-424b-9868-57a2d4851a1d" />
    <TestEntry testId="c66b1e93-356c-3920-939c-31daf6086f2e" executionId="9697fc95-6d97-4cb5-bf0f-a52dcbd11323" testListId="8c84fa94-04c1-424b-9868-57a2d4851a1d" />
    <TestEntry testId="fcabc442-49ea-ed54-3d5f-079426aad631" executionId="ed86c2de-5d38-45ff-bd31-e13bd12ed798" testListId="8c84fa94-04c1-424b-9868-57a2d4851a1d" />
    <TestEntry testId="c1b786ea-62fc-47f0-9036-6d3c5242383f" executionId="c4de265c-0f9b-4660-ad24-4678e3d2e95a" testListId="8c84fa94-04c1-424b-9868-57a2d4851a1d" />
    <TestEntry testId="cc0f14a6-303e-74bc-b65f-11c13ba17035" executionId="78fa3b28-0312-42d5-92e2-7f6ccbc3010c" testListId="8c84fa94-04c1-424b-9868-57a2d4851a1d" />
    <TestEntry testId="4a74eb4c-6c15-befd-b8b0-4799f0efe3f2" executionId="7f458687-d294-44b7-98da-f0323b940da1" testListId="8c84fa94-04c1-424b-9868-57a2d4851a1d" />
    <TestEntry testId="0d83c265-ba1b-34f7-0456-597283a4004a" executionId="11331041-a19b-4a79-9784-96df3afd79b8" testListId="8c84fa94-04c1-424b-9868-57a2d4851a1d" />
    <TestEntry testId="3c4a8281-55e8-81cf-ec65-d62faf6046eb" executionId="9431377c-2ad2-40f0-935d-8a609f3f4aed" testListId="8c84fa94-04c1-424b-9868-57a2d4851a1d" />
    <TestEntry testId="3ff15186-44db-3e4f-62a9-99bc40d059d8" executionId="dcb5a857-b213-4f82-9759-fe56131aa199" testListId="8c84fa94-04c1-424b-9868-57a2d4851a1d" />
    <TestEntry testId="5d446a2d-a0ca-9183-fd0a-e5b1d1250092" executionId="0255b08c-ddf4-4d10-8928-e12789723ea4" testListId="8c84fa94-04c1-424b-9868-57a2d4851a1d" />
    <TestEntry testId="1fd87e0a-7162-9ddc-814b-64dbc5aafc81" executionId="95c2c3d3-ff8c-46bc-b271-014f614579cf" testListId="8c84fa94-04c1-424b-9868-57a2d4851a1d" />
    <TestEntry testId="1656ab07-73cb-724e-d7db-4057024ab14a" executionId="dc2cfab6-f86f-4102-92d0-a96605fe8299" testListId="8c84fa94-04c1-424b-9868-57a2d4851a1d" />
    <TestEntry testId="99056014-276a-2418-1142-021551643d79" executionId="b3e90523-2b49-4439-9e23-dc3507cd1b28" testListId="8c84fa94-04c1-424b-9868-57a2d4851a1d" />
    <TestEntry testId="a7589c65-4b3c-6769-1c79-07ce362e8074" executionId="622c1d45-3b2a-414f-ae9a-f1b1ded7bb74" testListId="8c84fa94-04c1-424b-9868-57a2d4851a1d" />
    <TestEntry testId="29a8bfb1-e669-6f61-6740-9d3c04535eb9" executionId="1a5e4231-4cbe-470a-baa1-aeb46461ef45" testListId="8c84fa94-04c1-424b-9868-57a2d4851a1d" />
    <TestEntry testId="2af7fc1e-8c6d-a607-4e2d-324e95793a7a" executionId="7d2991fa-f6ef-4006-a798-f418079d31c2" testListId="8c84fa94-04c1-424b-9868-57a2d4851a1d" />
    <TestEntry testId="4a7f23c3-936d-b328-9a38-bb610f1b3454" executionId="42771581-5388-4b34-9f4e-276e97aea384" testListId="8c84fa94-04c1-424b-9868-57a2d4851a1d" />
    <TestEntry testId="f154c0c4-60b1-cf57-b49d-bd2c43d2e09b" executionId="0e82dfcd-3509-4ae1-a3ba-fa6ca3bdd713" testListId="8c84fa94-04c1-424b-9868-57a2d4851a1d" />
    <TestEntry testId="e15c9d70-709b-a58b-7dee-658af865bbfa" executionId="6992046a-f9f9-4ee1-97c6-0903794e7f2a" testListId="8c84fa94-04c1-424b-9868-57a2d4851a1d" />
    <TestEntry testId="25aa2c9d-09b1-324e-abe7-8b3f9aaf54dc" executionId="c54882be-8cf8-4384-9152-bc43bb005e47" testListId="8c84fa94-04c1-424b-9868-57a2d4851a1d" />
    <TestEntry testId="4d242859-f241-d662-d4c4-70c565e1c9e5" executionId="5981ee47-fcce-49ef-9a7d-65766e7d1de5" testListId="8c84fa94-04c1-424b-9868-57a2d4851a1d" />
    <TestEntry testId="40e9bda7-3453-237a-699d-ea4b13500f77" executionId="bc834626-0065-494c-91ae-851528f1e1b5" testListId="8c84fa94-04c1-424b-9868-57a2d4851a1d" />
    <TestEntry testId="a7eef393-87cd-b147-3942-ed2a1c709d72" executionId="d740cf67-caa4-4abb-b04c-716da18d3aa6" testListId="8c84fa94-04c1-424b-9868-57a2d4851a1d" />
    <TestEntry testId="302ae241-0de7-ef24-1fb4-3723f0545149" executionId="7b23ef2a-4ade-43bf-8340-4560a3efa4ac" testListId="8c84fa94-04c1-424b-9868-57a2d4851a1d" />
    <TestEntry testId="becacde3-446f-1649-2bff-bd3009eb4125" executionId="84736913-f769-4842-bc25-90910595cc52" testListId="8c84fa94-04c1-424b-9868-57a2d4851a1d" />
    <TestEntry testId="9503c57b-6485-f82e-c71c-bb111396f515" executionId="db70310d-e560-4511-891b-a2686314f8f6" testListId="8c84fa94-04c1-424b-9868-57a2d4851a1d" />
    <TestEntry testId="1ebd049f-ce84-7c2d-ca03-5e2a53c1eed6" executionId="b412ee08-77cd-47e4-9aa2-edfc02b596fb" testListId="8c84fa94-04c1-424b-9868-57a2d4851a1d" />
    <TestEntry testId="a0519aa0-43fa-d24a-1afe-7b55decb6738" executionId="05998953-20b8-420a-803f-5cf8549dcb89" testListId="8c84fa94-04c1-424b-9868-57a2d4851a1d" />
    <TestEntry testId="c75a23fb-d45a-3d59-fec9-1fffedc16a05" executionId="f0ffacb0-6242-4ec9-b52f-d1372495e9ec" testListId="8c84fa94-04c1-424b-9868-57a2d4851a1d" />
    <TestEntry testId="f8ae64f6-9498-b068-9178-6fca3f41124a" executionId="ed8f6843-e244-444f-bd5b-8ed5271d1865" testListId="8c84fa94-04c1-424b-9868-57a2d4851a1d" />
    <TestEntry testId="ec195f9d-4c3e-7de4-9177-7375c4cd6cbe" executionId="6ac34d9c-39c4-40d6-92d2-4033e37a00f1" testListId="8c84fa94-04c1-424b-9868-57a2d4851a1d" />
    <TestEntry testId="05ad373a-5793-c0f7-c0dd-664a84b0500d" executionId="b2d2ee66-8d2e-4040-a6ed-3a5af89c1f92" testListId="8c84fa94-04c1-424b-9868-57a2d4851a1d" />
    <TestEntry testId="38c2c976-d411-7f6f-0d78-bfd32eb44a8c" executionId="87c12b88-7452-465e-9727-ae41e1b2399f" testListId="8c84fa94-04c1-424b-9868-57a2d4851a1d" />
    <TestEntry testId="bcee3310-1f4f-1a94-7003-3d9995b04747" executionId="a89d6109-0df5-41b2-a86d-af4c1436c4df" testListId="8c84fa94-04c1-424b-9868-57a2d4851a1d" />
    <TestEntry testId="84a8cc79-9ab4-8938-c7a8-4d25d4634715" executionId="61d800b3-c6e4-4db4-a1be-01190656508f" testListId="8c84fa94-04c1-424b-9868-57a2d4851a1d" />
    <TestEntry testId="10aeb958-a51c-3f9c-df52-ff6586522531" executionId="c75e8971-5bb1-4843-a449-189923a87073" testListId="8c84fa94-04c1-424b-9868-57a2d4851a1d" />
    <TestEntry testId="432c57b3-afaf-a2a2-6e25-ae83353508e5" executionId="dcbae486-0eca-4919-94a7-934d766cc86c" testListId="8c84fa94-04c1-424b-9868-57a2d4851a1d" />
    <TestEntry testId="035371c4-1f47-97ed-ae3c-d84f3ab45b88" executionId="9c9ee228-f015-4ea4-a938-ff5916860608" testListId="8c84fa94-04c1-424b-9868-57a2d4851a1d" />
    <TestEntry testId="354e2085-c3aa-355b-eaf7-ecf807c4552a" executionId="d62a6f8b-0111-4649-b9be-8b55d7792d87" testListId="8c84fa94-04c1-424b-9868-57a2d4851a1d" />
    <TestEntry testId="356419b8-8524-1dea-c514-7521e54efc87" executionId="d0e9bae5-9a3a-4861-a8f9-02faebdf4cfe" testListId="8c84fa94-04c1-424b-9868-57a2d4851a1d" />
    <TestEntry testId="3618c3b8-74bf-6405-4546-ca16ddd22aca" executionId="b86a3f69-0e56-48f2-958d-7150e4c8432a" testListId="8c84fa94-04c1-424b-9868-57a2d4851a1d" />
    <TestEntry testId="24a1b023-779f-69d7-d911-b6d5a0d7d1bc" executionId="13db601c-f435-40ba-9c22-fd16186db8d3" testListId="8c84fa94-04c1-424b-9868-57a2d4851a1d" />
    <TestEntry testId="dabfe86f-f42d-3b69-944a-8daf7bf2c339" executionId="2cb25af9-e87e-4f16-a58a-8a4dc27a81e3" testListId="8c84fa94-04c1-424b-9868-57a2d4851a1d" />
    <TestEntry testId="6dcf41b0-8c85-78e0-f409-4496a03f0413" executionId="f0567837-c0e6-4f6e-9eda-385f0871998d" testListId="8c84fa94-04c1-424b-9868-57a2d4851a1d" />
    <TestEntry testId="a894cfd0-bcc5-5c7c-686d-3565fb0dc6b5" executionId="f791502c-73d7-4e46-9f3e-3af49ae39e17" testListId="8c84fa94-04c1-424b-9868-57a2d4851a1d" />
    <TestEntry testId="48408fd6-60e7-db04-fd72-886804e7fc7b" executionId="00b536b7-ab88-40b0-83b0-65be5761540a" testListId="8c84fa94-04c1-424b-9868-57a2d4851a1d" />
    <TestEntry testId="1c02a1b8-4720-21fa-f19e-0e1ed6fd1d38" executionId="b7b6c66b-6a8e-44b9-95d8-ba0fc8a517f9" testListId="8c84fa94-04c1-424b-9868-57a2d4851a1d" />
    <TestEntry testId="5b984aa4-fcc2-26e5-86de-8c42ddbd4ee0" executionId="c88cdad2-0f07-4823-84ff-74ff3e609a48" testListId="8c84fa94-04c1-424b-9868-57a2d4851a1d" />
    <TestEntry testId="3a758d35-dec5-2d83-36d5-403609f335f3" executionId="806532a5-a7fa-4eb9-9b4a-d85d29edd464" testListId="8c84fa94-04c1-424b-9868-57a2d4851a1d" />
    <TestEntry testId="eb96fab4-d5ea-eef7-485b-7c3ec301d1f1" executionId="aeba3e0d-8100-4ecc-a7e9-58ced6427625" testListId="8c84fa94-04c1-424b-9868-57a2d4851a1d" />
    <TestEntry testId="aa81004b-4b89-99c1-f2a3-ea2d08d5f040" executionId="f542a8d6-94ef-47b4-9257-421b8970e5a8" testListId="8c84fa94-04c1-424b-9868-57a2d4851a1d" />
    <TestEntry testId="bd56576c-8ab9-c17e-8f92-0369874035c1" executionId="951f8de7-db7d-47e2-8d98-cdee825d7942" testListId="8c84fa94-04c1-424b-9868-57a2d4851a1d" />
    <TestEntry testId="3d570c9d-2ba2-a592-02f6-6820e6520f89" executionId="b8878a0c-60a7-4e1d-9398-f6821dbc781b" testListId="8c84fa94-04c1-424b-9868-57a2d4851a1d" />
    <TestEntry testId="bd601a1b-a2a7-9cb6-0981-2cf6e1ae4006" executionId="8de242dd-8717-4f32-a81a-1a9aaf72fe9b" testListId="8c84fa94-04c1-424b-9868-57a2d4851a1d" />
    <TestEntry testId="ce0c7339-3f91-6b04-e1bd-4604ebf0603c" executionId="f73c7adb-0975-42bc-86bb-e66f81cb6d7f" testListId="8c84fa94-04c1-424b-9868-57a2d4851a1d" />
    <TestEntry testId="5dc97ee6-96a1-d4f1-b389-915c35a759f8" executionId="73f96d07-3be3-4147-84c7-d5def9230a6f" testListId="8c84fa94-04c1-424b-9868-57a2d4851a1d" />
    <TestEntry testId="0e70e851-1c00-7339-50d5-a521bd649c30" executionId="0155890c-3579-46e0-96d8-349f54953d70" testListId="8c84fa94-04c1-424b-9868-57a2d4851a1d" />
    <TestEntry testId="095db3dd-8155-72f0-99ed-5d0ba08ca56d" executionId="ea701f2b-fe47-4cac-8805-a77c79208163" testListId="8c84fa94-04c1-424b-9868-57a2d4851a1d" />
    <TestEntry testId="a8e6d58c-13a8-c2a8-426b-c3e504181d0d" executionId="6973785c-73d9-450e-9680-dddcbb552618" testListId="8c84fa94-04c1-424b-9868-57a2d4851a1d" />
    <TestEntry testId="1a2658c2-0298-7d9d-1129-a240c86e40d9" executionId="353e7aa5-4948-4b73-9a86-bf56d179e93f" testListId="8c84fa94-04c1-424b-9868-57a2d4851a1d" />
    <TestEntry testId="070f8695-b9b9-a676-e899-56bc38145031" executionId="d8b5380e-bc7c-429c-9a91-31bd4533a964" testListId="8c84fa94-04c1-424b-9868-57a2d4851a1d" />
    <TestEntry testId="a1beba10-c274-0de4-e53e-4ffe2592cd47" executionId="ea0ad003-ae2f-4f0d-885c-d28b1822e4ed" testListId="8c84fa94-04c1-424b-9868-57a2d4851a1d" />
    <TestEntry testId="f47e28a9-d32b-4490-cb8d-51b4e72efa8f" executionId="22c22cd6-148d-4a48-bf04-95fb85fcd3f8" testListId="8c84fa94-04c1-424b-9868-57a2d4851a1d" />
    <TestEntry testId="1aeae9d2-94f4-fd37-0d53-ec9769ffbc3d" executionId="876b4d7d-10b4-4360-ad73-1c6bf42ff362" testListId="8c84fa94-04c1-424b-9868-57a2d4851a1d" />
    <TestEntry testId="dbda683e-d922-ff34-7b10-1242be1eddc1" executionId="7eb2a3c5-4bc7-4d86-9e80-66aa587121c6" testListId="8c84fa94-04c1-424b-9868-57a2d4851a1d" />
    <TestEntry testId="08738dfe-9749-d42a-1a2e-eabd37f8e8b6" executionId="f52a11a5-07f7-4d41-aaf3-50ab1b44e005" testListId="8c84fa94-04c1-424b-9868-57a2d4851a1d" />
    <TestEntry testId="3206eb31-57eb-18d2-a6c8-b7ec09e702f0" executionId="1dc40f0a-bd4b-4043-98ed-dcca5c7fc5e2" testListId="8c84fa94-04c1-424b-9868-57a2d4851a1d" />
    <TestEntry testId="58853ba1-246c-9947-d3c2-9d812e5a0016" executionId="055698d4-6537-45bf-b2ed-cb3d552a23f6" testListId="8c84fa94-04c1-424b-9868-57a2d4851a1d" />
    <TestEntry testId="47a6939e-eed9-59bc-303f-527912e03665" executionId="413d22c0-cf72-47ff-8c6d-3f67a6244a96" testListId="8c84fa94-04c1-424b-9868-57a2d4851a1d" />
    <TestEntry testId="85c0c944-2bf4-78d9-d17c-4be9bcc0d353" executionId="8d1870d1-ae2a-4ec7-88e5-3e131322995e" testListId="8c84fa94-04c1-424b-9868-57a2d4851a1d" />
  </TestEntries>
  <TestLists>
    <TestList name="Results Not in a List" id="8c84fa94-04c1-424b-9868-57a2d4851a1d" />
    <TestList name="All Loaded Results" id="19431567-8539-422a-85d7-44ee4e166bda" />
  </TestLists>
  <ResultSummary outcome="Completed">
    <Counters total="141" executed="141" passed="141" failed="0" error="0" timeout="0" aborted="0" inconclusive="0" passedButRunAborted="0" notRunnable="0" notExecuted="0" disconnected="0" warning="0" completed="0" inProgress="0" pending="0" />
    <Output>
      <StdOut>[xUnit.net 00:00:00.00] xUnit.net VSTest Adapter v3.1.4+50e68bbb8b (64-bit .NET 10.0.11)&#xD;
[xUnit.net 00:00:01.51]   Discovering: SoftwareManagement.Api.IntegrationTests&#xD;
[xUnit.net 00:00:01.59]   Discovered:  SoftwareManagement.Api.IntegrationTests&#xD;
[xUnit.net 00:00:01.64]   Starting:    SoftwareManagement.Api.IntegrationTests&#xD;
[xUnit.net 00:00:28.20]   Finished:    SoftwareManagement.Api.IntegrationTests&#xD;
</StdOut>
    </Output>
  </ResultSummary>
</TestRun>