<?xml version="1.0" encoding="utf-8"?>
<TestRun id="dd100277-3cdc-46ce-82ac-d746f661cdc7" name="jsrkm@JSRKMANISHKUMAR 2026-09-20 15:28:03" runUser="JSRKMANISHKUMAR\jsrkm" xmlns="http://microsoft.com/schemas/VisualStudio/TeamTest/2010">
  <Times creation="2026-09-20T15:28:03.0465268+05:30" queuing="2026-09-20T15:28:03.0465273+05:30" start="2026-09-20T15:27:59.0999323+05:30" finish="2026-09-20T15:28:03.1356846+05:30" />
  <TestSettings name="default" id="6842140e-9f8a-4230-995a-1bba18dc684a">
    <Deployment runDeploymentRoot="jsrkm_JSRKMANISHKUMAR_2026-09-20_15_28_03" />
  </TestSettings>
  <Results>
    <UnitTestResult executionId="9855135c-0b02-42a4-976e-19b226371597" testId="74d94025-3024-4786-3932-f1cabeab3e6f" testName="SoftwareManagement.Application.Tests.Common.SlugTests.From_ProducesAUrlSafeSlug(input: &quot;Hospital Management System&quot;, expected: &quot;hospital-management-system&quot;)" computerName="JSRKMANISHKUMAR" duration="00:00:00.0001363" startTime="2026-09-20T15:28:03.0288040+05:30" endTime="2026-09-20T15:28:03.0289396+05:30" testType="13cdc9d9-ddb5-4fa4-a97d-d965ccfc6d4b" outcome="Passed" testListId="8c84fa94-04c1-424b-9868-57a2d4851a1d" relativeResultsDirectory="9855135c-0b02-42a4-976e-19b226371597" />
    <UnitTestResult executionId="10952bc4-c39e-40d9-8336-0cfaaa3e0b7e" testId="c7aaaa16-16fa-74bb-a810-c51020c44294" testName="SoftwareManagement.Application.Tests.Common.SlugTests.From_ReturnsEmpty_WhenNothingUsableRemains" computerName="JSRKMANISHKUMAR" duration="00:00:00.0003041" startTime="2026-09-20T15:28:03.0264498+05:30" endTime="2026-09-20T15:28:03.0265162+05:30" testType="13cdc9d9-ddb5-4fa4-a97d-d965ccfc6d4b" outcome="Passed" testListId="8c84fa94-04c1-424b-9868-57a2d4851a1d" relativeResultsDirectory="10952bc4-c39e-40d9-8336-0cfaaa3e0b7e" />
    <UnitTestResult executionId="f68cfe9d-5f9d-48bd-abf4-bebdd21f6e73" testId="00a27300-d68f-0324-1004-08c28767f505" testName="SoftwareManagement.Application.Tests.Common.SlugTests.IsValid_AcceptsAWellFormedSlug(slug: &quot;hospital-management-system&quot;)" computerName="JSRKMANISHKUMAR" duration="00:00:00.0003125" startTime="2026-09-20T15:28:03.0266916+05:30" endTime="2026-09-20T15:28:03.0267571+05:30" testType="13cdc9d9-ddb5-4fa4-a97d-d965ccfc6d4b" outcome="Passed" testListId="8c84fa94-04c1-424b-9868-57a2d4851a1d" relativeResultsDirectory="f68cfe9d-5f9d-48bd-abf4-bebdd21f6e73" />
    <UnitTestResult executionId="a2b238ba-030e-486a-ab2d-bd2b181b539e" testId="54b5ac1e-3971-26ab-33d5-d3a7d2c24f9a" testName="SoftwareManagement.Application.Tests.Common.SlugTests.IsValid_RejectsASlugLongerThanTheColumn" computerName="JSRKMANISHKUMAR" duration="00:00:00.0002333" startTime="2026-09-20T15:28:03.0274058+05:30" endTime="2026-09-20T15:28:03.0275151+05:30" testType="13cdc9d9-ddb5-4fa4-a97d-d965ccfc6d4b" outcome="Passed" testListId="8c84fa94-04c1-424b-9868-57a2d4851a1d" relativeResultsDirectory="a2b238ba-030e-486a-ab2d-bd2b181b539e" />
    <UnitTestResult executionId="288d6f17-17b7-49f9-88af-4491adaae00d" testId="06b109b8-a161-a8f3-3af8-8bd97fa15b4c" testName="SoftwareManagement.Application.Tests.Common.SlugTests.IsValid_RejectsAMalformedSlug(slug: &quot;-leading&quot;)" computerName="JSRKMANISHKUMAR" duration="00:00:00.0000056" startTime="2026-09-20T15:28:03.0169539+05:30" endTime="2026-09-20T15:28:03.0170124+05:30" testType="13cdc9d9-ddb5-4fa4-a97d-d965ccfc6d4b" outcome="Passed" testListId="8c84fa94-04c1-424b-9868-57a2d4851a1d" relativeResultsDirectory="288d6f17-17b7-49f9-88af-4491adaae00d" />
    <UnitTestResult executionId="00b97771-0f29-43db-8a92-826a13b59e8e" testId="a72be7ea-1f1c-7135-08d6-2bd0624c6f5c" testName="SoftwareManagement.Application.Tests.Common.SlugTests.IsValid_RejectsAMalformedSlug(slug: &quot;Upper-Case&quot;)" computerName="JSRKMANISHKUMAR" duration="00:00:00.0000033" startTime="2026-09-20T15:28:03.0173049+05:30" endTime="2026-09-20T15:28:03.0173630+05:30" testType="13cdc9d9-ddb5-4fa4-a97d-d965ccfc6d4b" outcome="Passed" testListId="8c84fa94-04c1-424b-9868-57a2d4851a1d" relativeResultsDirectory="00b97771-0f29-43db-8a92-826a13b59e8e" />
    <UnitTestResult executionId="ab9a8c20-3586-4905-92d0-c9a7fe0b9ee5" testId="8f5c1a71-6fe9-6754-412f-156deb5e2642" testName="SoftwareManagement.Application.Tests.Common.SlugTests.IsValid_RejectsAMalformedSlug(slug: &quot;ab&quot;)" computerName="JSRKMANISHKUMAR" duration="00:00:00.2147405" startTime="2026-09-20T15:28:02.8134004+05:30" endTime="2026-09-20T15:28:03.0021493+05:30" testType="13cdc9d9-ddb5-4fa4-a97d-d965ccfc6d4b" outcome="Passed" testListId="8c84fa94-04c1-424b-9868-57a2d4851a1d" relativeResultsDirectory="ab9a8c20-3586-4905-92d0-c9a7fe0b9ee5" />
    <UnitTestResult executionId="ee7110f8-d7fd-4d01-9307-b9e4f63c759a" testId="49482f24-7b25-80fa-2f89-b08de41ea123" testName="SoftwareManagement.Application.Tests.Common.SlugTests.From_ProducesAUrlSafeSlug(input: &quot;  ERP  for   SMBs  &quot;, expected: &quot;erp-for-smbs&quot;)" computerName="JSRKMANISHKUMAR" duration="00:00:00.0001755" startTime="2026-09-20T15:28:03.0281349+05:30" endTime="2026-09-20T15:28:03.0282681+05:30" testType="13cdc9d9-ddb5-4fa4-a97d-d965ccfc6d4b" outcome="Passed" testListId="8c84fa94-04c1-424b-9868-57a2d4851a1d" relativeResultsDirectory="ee7110f8-d7fd-4d01-9307-b9e4f63c759a" />
    <UnitTestResult executionId="5baf2f5b-3f42-4313-9971-5184fa7531e6" testId="c32dafac-502a-ed08-f806-cddd929722b8" testName="SoftwareManagement.Application.Tests.Common.SlugTests.From_TruncatesAtTheMaximumLengthWithoutLeavingATrailingHyphen" computerName="JSRKMANISHKUMAR" duration="00:00:00.0396370" startTime="2026-09-20T15:28:03.0330923+05:30" endTime="2026-09-20T15:28:03.0468335+05:30" testType="13cdc9d9-ddb5-4fa4-a97d-d965ccfc6d4b" outcome="Passed" testListId="8c84fa94-04c1-424b-9868-57a2d4851a1d" relativeResultsDirectory="5baf2f5b-3f42-4313-9971-5184fa7531e6" />
    <UnitTestResult executionId="ef61a8e7-0c2f-4dfb-8789-96c093b921e8" testId="909dd409-61f6-c458-2b91-ff0eec25952a" testName="SoftwareManagement.Application.Tests.Common.SlugTests.From_ProducesAUrlSafeSlug(input: &quot;Billing &amp; Invoicing 2.0&quot;, expected: &quot;billing-invoicing-2-0&quot;)" computerName="JSRKMANISHKUMAR" duration="00:00:00.0000067" startTime="2026-09-20T15:28:03.0291741+05:30" endTime="2026-09-20T15:28:03.0293475+05:30" testType="13cdc9d9-ddb5-4fa4-a97d-d965ccfc6d4b" outcome="Passed" testListId="8c84fa94-04c1-424b-9868-57a2d4851a1d" relativeResultsDirectory="ef61a8e7-0c2f-4dfb-8789-96c093b921e8" />
    <UnitTestResult executionId="7f1e586b-07e2-49d4-b98f-380a8f689106" testId="714e5835-2e56-1360-e2d8-25bbf098428a" testName="SoftwareManagement.Application.Tests.Common.SlugTests.From_FoldsAccentsInsteadOfDroppingTheWord" computerName="JSRKMANISHKUMAR" duration="00:00:00.0021665" startTime="2026-09-20T15:28:03.0261035+05:30" endTime="2026-09-20T15:28:03.0262048+05:30" testType="13cdc9d9-ddb5-4fa4-a97d-d965ccfc6d4b" outcome="Passed" testListId="8c84fa94-04c1-424b-9868-57a2d4851a1d" relativeResultsDirectory="7f1e586b-07e2-49d4-b98f-380a8f689106" />
    <UnitTestResult executionId="3196e4dd-f18d-4958-ab14-7e2b68c5e116" testId="ada2f863-883c-36f8-1541-457a6ab275b4" testName="SoftwareManagement.Application.Tests.Common.SlugTests.IsValid_RejectsAMalformedSlug(slug: &quot;double--hyphen&quot;)" computerName="JSRKMANISHKUMAR" duration="00:00:00.0000032" startTime="2026-09-20T15:28:03.0178106+05:30" endTime="2026-09-20T15:28:03.0178655+05:30" testType="13cdc9d9-ddb5-4fa4-a97d-d965ccfc6d4b" outcome="Passed" testListId="8c84fa94-04c1-424b-9868-57a2d4851a1d" relativeResultsDirectory="3196e4dd-f18d-4958-ab14-7e2b68c5e116" />
    <UnitTestResult executionId="d29aaaf8-4083-4905-b97c-a23be561aa1e" testId="8be76320-4a69-3f7c-c3ce-d7de6c794463" testName="SoftwareManagement.Application.Tests.Common.SlugTests.IsValid_RejectsAMalformedSlug(slug: &quot;&quot;)" computerName="JSRKMANISHKUMAR" duration="00:00:00.0000047" startTime="2026-09-20T15:28:03.0179675+05:30" endTime="2026-09-20T15:28:03.0180208+05:30" testType="13cdc9d9-ddb5-4fa4-a97d-d965ccfc6d4b" outcome="Passed" testListId="8c84fa94-04c1-424b-9868-57a2d4851a1d" relativeResultsDirectory="d29aaaf8-4083-4905-b97c-a23be561aa1e" />
    <UnitTestResult executionId="751cd814-84c3-4d99-96a7-a94dd55e9c6e" testId="713dc244-2b97-7c96-8573-a102852cc5cd" testName="SoftwareManagement.Application.Tests.Common.SlugTests.IsValid_AcceptsAWellFormedSlug(slug: &quot;erp&quot;)" computerName="JSRKMANISHKUMAR" duration="00:00:00.0001247" startTime="2026-09-20T15:28:03.0268823+05:30" endTime="2026-09-20T15:28:03.0269497+05:30" testType="13cdc9d9-ddb5-4fa4-a97d-d965ccfc6d4b" outcome="Passed" testListId="8c84fa94-04c1-424b-9868-57a2d4851a1d" relativeResultsDirectory="751cd814-84c3-4d99-96a7-a94dd55e9c6e" />
    <UnitTestResult executionId="bb0c6920-cc53-4408-855b-3b7166849072" testId="79bf6c31-d76e-8929-7ed4-d6d786039fc4" testName="SoftwareManagement.Application.Tests.Common.SlugTests.IsValid_RejectsAMalformedSlug(slug: null)" computerName="JSRKMANISHKUMAR" duration="00:00:00.0000032" startTime="2026-09-20T15:28:03.0171387+05:30" endTime="2026-09-20T15:28:03.0171945+05:30" testType="13cdc9d9-ddb5-4fa4-a97d-d965ccfc6d4b" outcome="Passed" testListId="8c84fa94-04c1-424b-9868-57a2d4851a1d" relativeResultsDirectory="bb0c6920-cc53-4408-855b-3b7166849072" />
    <UnitTestResult executionId="4354b9b0-3ce9-4614-9794-6a8709b2212f" testId="74880f2c-25f9-11a5-4aba-e0bdc04c652f" testName="SoftwareManagement.Application.Tests.Common.SlugTests.IsValid_AcceptsAWellFormedSlug(slug: &quot;v2-billing&quot;)" computerName="JSRKMANISHKUMAR" duration="00:00:00.0000065" startTime="2026-09-20T15:28:03.0270973+05:30" endTime="2026-09-20T15:28:03.0271687+05:30" testType="13cdc9d9-ddb5-4fa4-a97d-d965ccfc6d4b" outcome="Passed" testListId="8c84fa94-04c1-424b-9868-57a2d4851a1d" relativeResultsDirectory="4354b9b0-3ce9-4614-9794-6a8709b2212f" />
    <UnitTestResult executionId="7e28e5d7-9807-458d-8deb-044924328df6" testId="2e91ee3e-f89a-7198-cfe5-e05f4279caab" testName="SoftwareManagement.Application.Tests.Common.SlugTests.IsValid_RejectsAMalformedSlug(slug: &quot;under_score&quot;)" computerName="JSRKMANISHKUMAR" duration="00:00:00.0000033" startTime="2026-09-20T15:28:03.0176463+05:30" endTime="2026-09-20T15:28:03.0177076+05:30" testType="13cdc9d9-ddb5-4fa4-a97d-d965ccfc6d4b" outcome="Passed" testListId="8c84fa94-04c1-424b-9868-57a2d4851a1d" relativeResultsDirectory="7e28e5d7-9807-458d-8deb-044924328df6" />
    <UnitTestResult executionId="cd2dbb94-21b1-43ab-a37e-b427c8b65cf8" testId="39883891-3df4-f9be-1411-99a8c035d976" testName="SoftwareManagement.Application.Tests.Common.SlugTests.IsValid_RejectsAMalformedSlug(slug: &quot;has space&quot;)" computerName="JSRKMANISHKUMAR" duration="00:00:00.0001777" startTime="2026-09-20T15:28:03.0159800+05:30" endTime="2026-09-20T15:28:03.0160772+05:30" testType="13cdc9d9-ddb5-4fa4-a97d-d965ccfc6d4b" outcome="Passed" testListId="8c84fa94-04c1-424b-9868-57a2d4851a1d" relativeResultsDirectory="cd2dbb94-21b1-43ab-a37e-b427c8b65cf8" />
    <UnitTestResult executionId="9368cc75-8345-456e-8c83-7f329d01be6a" testId="66be6fb1-9a6d-7afd-9795-5ea827c7f10b" testName="SoftwareManagement.Application.Tests.Common.SlugTests.IsValid_RejectsAMalformedSlug(slug: &quot;trailing-&quot;)" computerName="JSRKMANISHKUMAR" duration="00:00:00.0000052" startTime="2026-09-20T15:28:03.0174755+05:30" endTime="2026-09-20T15:28:03.0175431+05:30" testType="13cdc9d9-ddb5-4fa4-a97d-d965ccfc6d4b" outcome="Passed" testListId="8c84fa94-04c1-424b-9868-57a2d4851a1d" relativeResultsDirectory="9368cc75-8345-456e-8c83-7f329d01be6a" />
  </Results>
  <TestDefinitions>
    <UnitTest name="SoftwareManagement.Application.Tests.Common.SlugTests.IsValid_RejectsAMalformedSlug(slug: &quot;double--hyphen&quot;)" storage="g:\software-management\backend\tests\softwaremanagement.application.tests\bin\release\net10.0\softwaremanagement.application.tests.dll" id="ada2f863-883c-36f8-1541-457a6ab275b4">
      <Execution id="3196e4dd-f18d-4958-ab14-7e2b68c5e116" />
      <TestMethod codeBase="G:\software-management\backend\tests\SoftwareManagement.Application.Tests\bin\Release\net10.0\SoftwareManagement.Application.Tests.dll" adapterTypeName="executor://xunit/VsTestRunner3/netcore/" className="SoftwareManagement.Application.Tests.Common.SlugTests" name="IsValid_RejectsAMalformedSlug" />
    </UnitTest>
    <UnitTest name="SoftwareManagement.Application.Tests.Common.SlugTests.From_ProducesAUrlSafeSlug(input: &quot;  ERP  for   SMBs  &quot;, expected: &quot;erp-for-smbs&quot;)" storage="g:\software-management\backend\tests\softwaremanagement.application.tests\bin\release\net10.0\softwaremanagement.application.tests.dll" id="49482f24-7b25-80fa-2f89-b08de41ea123">
      <Execution id="ee7110f8-d7fd-4d01-9307-b9e4f63c759a" />
      <TestMethod codeBase="G:\software-management\backend\tests\SoftwareManagement.Application.Tests\bin\Release\net10.0\SoftwareManagement.Application.Tests.dll" adapterTypeName="executor://xunit/VsTestRunner3/netcore/" className="SoftwareManagement.Application.Tests.Common.SlugTests" name="From_ProducesAUrlSafeSlug" />
    </UnitTest>
    <UnitTest name="SoftwareManagement.Application.Tests.Common.SlugTests.IsValid_RejectsAMalformedSlug(slug: &quot;-leading&quot;)" storage="g:\software-management\backend\tests\softwaremanagement.application.tests\bin\release\net10.0\softwaremanagement.application.tests.dll" id="06b109b8-a161-a8f3-3af8-8bd97fa15b4c">
      <Execution id="288d6f17-17b7-49f9-88af-4491adaae00d" />
      <TestMethod codeBase="G:\software-management\backend\tests\SoftwareManagement.Application.Tests\bin\Release\net10.0\SoftwareManagement.Application.Tests.dll" adapterTypeName="executor://xunit/VsTestRunner3/netcore/" className="SoftwareManagement.Application.Tests.Common.SlugTests" name="IsValid_RejectsAMalformedSlug" />
    </UnitTest>
    <UnitTest name="SoftwareManagement.Application.Tests.Common.SlugTests.IsValid_RejectsAMalformedSlug(slug: &quot;ab&quot;)" storage="g:\software-management\backend\tests\softwaremanagement.application.tests\bin\release\net10.0\softwaremanagement.application.tests.dll" id="8f5c1a71-6fe9-6754-412f-156deb5e2642">
      <Execution id="ab9a8c20-3586-4905-92d0-c9a7fe0b9ee5" />
      <TestMethod codeBase="G:\software-management\backend\tests\SoftwareManagement.Application.Tests\bin\Release\net10.0\SoftwareManagement.Application.Tests.dll" adapterTypeName="executor://xunit/VsTestRunner3/netcore/" className="SoftwareManagement.Application.Tests.Common.SlugTests" name="IsValid_RejectsAMalformedSlug" />
    </UnitTest>
    <UnitTest name="SoftwareManagement.Application.Tests.Common.SlugTests.From_ProducesAUrlSafeSlug(input: &quot;Billing &amp; Invoicing 2.0&quot;, expected: &quot;billing-invoicing-2-0&quot;)" storage="g:\software-management\backend\tests\softwaremanagement.application.tests\bin\release\net10.0\softwaremanagement.application.tests.dll" id="909dd409-61f6-c458-2b91-ff0eec25952a">
      <Execution id="ef61a8e7-0c2f-4dfb-8789-96c093b921e8" />
      <TestMethod codeBase="G:\software-management\backend\tests\SoftwareManagement.Application.Tests\bin\Release\net10.0\SoftwareManagement.Application.Tests.dll" adapterTypeName="executor://xunit/VsTestRunner3/netcore/" className="SoftwareManagement.Application.Tests.Common.SlugTests" name="From_ProducesAUrlSafeSlug" />
    </UnitTest>
    <UnitTest name="SoftwareManagement.Application.Tests.Common.SlugTests.IsValid_RejectsASlugLongerThanTheColumn" storage="g:\software-management\backend\tests\softwaremanagement.application.tests\bin\release\net10.0\softwaremanagement.application.tests.dll" id="54b5ac1e-3971-26ab-33d5-d3a7d2c24f9a">
      <Execution id="a2b238ba-030e-486a-ab2d-bd2b181b539e" />
      <TestMethod codeBase="G:\software-management\backend\tests\SoftwareManagement.Application.Tests\bin\Release\net10.0\SoftwareManagement.Application.Tests.dll" adapterTypeName="executor://xunit/VsTestRunner3/netcore/" className="SoftwareManagement.Application.Tests.Common.SlugTests" name="IsValid_RejectsASlugLongerThanTheColumn" />
    </UnitTest>
    <UnitTest name="SoftwareManagement.Application.Tests.Common.SlugTests.From_ProducesAUrlSafeSlug(input: &quot;Hospital Management System&quot;, expected: &quot;hospital-management-system&quot;)" storage="g:\software-management\backend\tests\softwaremanagement.application.tests\bin\release\net10.0\softwaremanagement.application.tests.dll" id="74d94025-3024-4786-3932-f1cabeab3e6f">
      <Execution id="9855135c-0b02-42a4-976e-19b226371597" />
      <TestMethod codeBase="G:\software-management\backend\tests\SoftwareManagement.Application.Tests\bin\Release\net10.0\SoftwareManagement.Application.Tests.dll" adapterTypeName="executor://xunit/VsTestRunner3/netcore/" className="SoftwareManagement.Application.Tests.Common.SlugTests" name="From_ProducesAUrlSafeSlug" />
    </UnitTest>
    <UnitTest name="SoftwareManagement.Application.Tests.Common.SlugTests.IsValid_AcceptsAWellFormedSlug(slug: &quot;v2-billing&quot;)" storage="g:\software-management\backend\tests\softwaremanagement.application.tests\bin\release\net10.0\softwaremanagement.application.tests.dll" id="74880f2c-25f9-11a5-4aba-e0bdc04c652f">
      <Execution id="4354b9b0-3ce9-4614-9794-6a8709b2212f" />
      <TestMethod codeBase="G:\software-management\backend\tests\SoftwareManagement.Application.Tests\bin\Release\net10.0\SoftwareManagement.Application.Tests.dll" adapterTypeName="executor://xunit/VsTestRunner3/netcore/" className="SoftwareManagement.Application.Tests.Common.SlugTests" name="IsValid_AcceptsAWellFormedSlug" />
    </UnitTest>
    <UnitTest name="SoftwareManagement.Application.Tests.Common.SlugTests.IsValid_RejectsAMalformedSlug(slug: null)" storage="g:\software-management\backend\tests\softwaremanagement.application.tests\bin\release\net10.0\softwaremanagement.application.tests.dll" id="79bf6c31-d76e-8929-7ed4-d6d786039fc4">
      <Execution id="bb0c6920-cc53-4408-855b-3b7166849072" />
      <TestMethod codeBase="G:\software-management\backend\tests\SoftwareManagement.Application.Tests\bin\Release\net10.0\SoftwareManagement.Application.Tests.dll" adapterTypeName="executor://xunit/VsTestRunner3/netcore/" className="SoftwareManagement.Application.Tests.Common.SlugTests" name="IsValid_RejectsAMalformedSlug" />
    </UnitTest>
    <UnitTest name="SoftwareManagement.Application.Tests.Common.SlugTests.IsValid_RejectsAMalformedSlug(slug: &quot;trailing-&quot;)" storage="g:\software-management\backend\tests\softwaremanagement.application.tests\bin\release\net10.0\softwaremanagement.application.tests.dll" id="66be6fb1-9a6d-7afd-9795-5ea827c7f10b">
      <Execution id="9368cc75-8345-456e-8c83-7f329d01be6a" />
      <TestMethod codeBase="G:\software-management\backend\tests\SoftwareManagement.Application.Tests\bin\Release\net10.0\SoftwareManagement.Application.Tests.dll" adapterTypeName="executor://xunit/VsTestRunner3/netcore/" className="SoftwareManagement.Application.Tests.Common.SlugTests" name="IsValid_RejectsAMalformedSlug" />
    </UnitTest>
    <UnitTest name="SoftwareManagement.Application.Tests.Common.SlugTests.IsValid_AcceptsAWellFormedSlug(slug: &quot;hospital-management-system&quot;)" storage="g:\software-management\backend\tests\softwaremanagement.application.tests\bin\release\net10.0\softwaremanagement.application.tests.dll" id="00a27300-d68f-0324-1004-08c28767f505">
      <Execution id="f68cfe9d-5f9d-48bd-abf4-bebdd21f6e73" />
      <TestMethod codeBase="G:\software-management\backend\tests\SoftwareManagement.Application.Tests\bin\Release\net10.0\SoftwareManagement.Application.Tests.dll" adapterTypeName="executor://xunit/VsTestRunner3/netcore/" className="SoftwareManagement.Application.Tests.Common.SlugTests" name="IsValid_AcceptsAWellFormedSlug" />
    </UnitTest>
    <UnitTest name="SoftwareManagement.Application.Tests.Common.SlugTests.IsValid_RejectsAMalformedSlug(slug: &quot;Upper-Case&quot;)" storage="g:\software-management\backend\tests\softwaremanagement.application.tests\bin\release\net10.0\softwaremanagement.application.tests.dll" id="a72be7ea-1f1c-7135-08d6-2bd0624c6f5c">
      <Execution id="00b97771-0f29-43db-8a92-826a13b59e8e" />
      <TestMethod codeBase="G:\software-management\backend\tests\SoftwareManagement.Application.Tests\bin\Release\net10.0\SoftwareManagement.Application.Tests.dll" adapterTypeName="executor://xunit/VsTestRunner3/netcore/" className="SoftwareManagement.Application.Tests.Common.SlugTests" name="IsValid_RejectsAMalformedSlug" />
    </UnitTest>
    <UnitTest name="SoftwareManagement.Application.Tests.Common.SlugTests.From_ReturnsEmpty_WhenNothingUsableRemains" storage="g:\software-management\backend\tests\softwaremanagement.application.tests\bin\release\net10.0\softwaremanagement.application.tests.dll" id="c7aaaa16-16fa-74bb-a810-c51020c44294">
      <Execution id="10952bc4-c39e-40d9-8336-0cfaaa3e0b7e" />
      <TestMethod codeBase="G:\software-management\backend\tests\SoftwareManagement.Application.Tests\bin\Release\net10.0\SoftwareManagement.Application.Tests.dll" adapterTypeName="executor://xunit/VsTestRunner3/netcore/" className="SoftwareManagement.Application.Tests.Common.SlugTests" name="From_ReturnsEmpty_WhenNothingUsableRemains" />
    </UnitTest>
    <UnitTest name="SoftwareManagement.Application.Tests.Common.SlugTests.IsValid_RejectsAMalformedSlug(slug: &quot;under_score&quot;)" storage="g:\software-management\backend\tests\softwaremanagement.application.tests\bin\release\net10.0\softwaremanagement.application.tests.dll" id="2e91ee3e-f89a-7198-cfe5-e05f4279caab">
      <Execution id="7e28e5d7-9807-458d-8deb-044924328df6" />
      <TestMethod codeBase="G:\software-management\backend\tests\SoftwareManagement.Application.Tests\bin\Release\net10.0\SoftwareManagement.Application.Tests.dll" adapterTypeName="executor://xunit/VsTestRunner3/netcore/" className="SoftwareManagement.Application.Tests.Common.SlugTests" name="IsValid_RejectsAMalformedSlug" />
    </UnitTest>
    <UnitTest name="SoftwareManagement.Application.Tests.Common.SlugTests.IsValid_AcceptsAWellFormedSlug(slug: &quot;erp&quot;)" storage="g:\software-management\backend\tests\softwaremanagement.application.tests\bin\release\net10.0\softwaremanagement.application.tests.dll" id="713dc244-2b97-7c96-8573-a102852cc5cd">
      <Execution id="751cd814-84c3-4d99-96a7-a94dd55e9c6e" />
      <TestMethod codeBase="G:\software-management\backend\tests\SoftwareManagement.Application.Tests\bin\Release\net10.0\SoftwareManagement.Application.Tests.dll" adapterTypeName="executor://xunit/VsTestRunner3/netcore/" className="SoftwareManagement.Application.Tests.Common.SlugTests" name="IsValid_AcceptsAWellFormedSlug" />
    </UnitTest>
    <UnitTest name="SoftwareManagement.Application.Tests.Common.SlugTests.IsValid_RejectsAMalformedSlug(slug: &quot;&quot;)" storage="g:\software-management\backend\tests\softwaremanagement.application.tests\bin\release\net10.0\softwaremanagement.application.tests.dll" id="8be76320-4a69-3f7c-c3ce-d7de6c794463">
      <Execution id="d29aaaf8-4083-4905-b97c-a23be561aa1e" />
      <TestMethod codeBase="G:\software-management\backend\tests\SoftwareManagement.Application.Tests\bin\Release\net10.0\SoftwareManagement.Application.Tests.dll" adapterTypeName="executor://xunit/VsTestRunner3/netcore/" className="SoftwareManagement.Application.Tests.Common.SlugTests" name="IsValid_RejectsAMalformedSlug" />
    </UnitTest>
    <UnitTest name="SoftwareManagement.Application.Tests.Common.SlugTests.From_TruncatesAtTheMaximumLengthWithoutLeavingATrailingHyphen" storage="g:\software-management\backend\tests\softwaremanagement.application.tests\bin\release\net10.0\softwaremanagement.application.tests.dll" id="c32dafac-502a-ed08-f806-cddd929722b8">
      <Execution id="5baf2f5b-3f42-4313-9971-5184fa7531e6" />
      <TestMethod codeBase="G:\software-management\backend\tests\SoftwareManagement.Application.Tests\bin\Release\net10.0\SoftwareManagement.Application.Tests.dll" adapterTypeName="executor://xunit/VsTestRunner3/netcore/" className="SoftwareManagement.Application.Tests.Common.SlugTests" name="From_TruncatesAtTheMaximumLengthWithoutLeavingATrailingHyphen" />
    </UnitTest>
    <UnitTest name="SoftwareManagement.Application.Tests.Common.SlugTests.From_FoldsAccentsInsteadOfDroppingTheWord" storage="g:\software-management\backend\tests\softwaremanagement.application.tests\bin\release\net10.0\softwaremanagement.application.tests.dll" id="714e5835-2e56-1360-e2d8-25bbf098428a">
      <Execution id="7f1e586b-07e2-49d4-b98f-380a8f689106" />
      <TestMethod codeBase="G:\software-management\backend\tests\SoftwareManagement.Application.Tests\bin\Release\net10.0\SoftwareManagement.Application.Tests.dll" adapterTypeName="executor://xunit/VsTestRunner3/netcore/" className="SoftwareManagement.Application.Tests.Common.SlugTests" name="From_FoldsAccentsInsteadOfDroppingTheWord" />
    </UnitTest>
    <UnitTest name="SoftwareManagement.Application.Tests.Common.SlugTests.IsValid_RejectsAMalformedSlug(slug: &quot;has space&quot;)" storage="g:\software-management\backend\tests\softwaremanagement.application.tests\bin\release\net10.0\softwaremanagement.application.tests.dll" id="39883891-3df4-f9be-1411-99a8c035d976">
      <Execution id="cd2dbb94-21b1-43ab-a37e-b427c8b65cf8" />
      <TestMethod codeBase="G:\software-management\backend\tests\SoftwareManagement.Application.Tests\bin\Release\net10.0\SoftwareManagement.Application.Tests.dll" adapterTypeName="executor://xunit/VsTestRunner3/netcore/" className="SoftwareManagement.Application.Tests.Common.SlugTests" name="IsValid_RejectsAMalformedSlug" />
    </UnitTest>
  </TestDefinitions>
  <TestEntries>
    <TestEntry testId="74d94025-3024-4786-3932-f1cabeab3e6f" executionId="9855135c-0b02-42a4-976e-19b226371597" testListId="8c84fa94-04c1-424b-9868-57a2d4851a1d" />
    <TestEntry testId="c7aaaa16-16fa-74bb-a810-c51020c44294" executionId="10952bc4-c39e-40d9-8336-0cfaaa3e0b7e" testListId="8c84fa94-04c1-424b-9868-57a2d4851a1d" />
    <TestEntry testId="00a27300-d68f-0324-1004-08c28767f505" executionId="f68cfe9d-5f9d-48bd-abf4-bebdd21f6e73" testListId="8c84fa94-04c1-424b-9868-57a2d4851a1d" />
    <TestEntry testId="54b5ac1e-3971-26ab-33d5-d3a7d2c24f9a" executionId="a2b238ba-030e-486a-ab2d-bd2b181b539e" testListId="8c84fa94-04c1-424b-9868-57a2d4851a1d" />
    <TestEntry testId="06b109b8-a161-a8f3-3af8-8bd97fa15b4c" executionId="288d6f17-17b7-49f9-88af-4491adaae00d" testListId="8c84fa94-04c1-424b-9868-57a2d4851a1d" />
    <TestEntry testId="a72be7ea-1f1c-7135-08d6-2bd0624c6f5c" executionId="00b97771-0f29-43db-8a92-826a13b59e8e" testListId="8c84fa94-04c1-424b-9868-57a2d4851a1d" />
    <TestEntry testId="8f5c1a71-6fe9-6754-412f-156deb5e2642" executionId="ab9a8c20-3586-4905-92d0-c9a7fe0b9ee5" testListId="8c84fa94-04c1-424b-9868-57a2d4851a1d" />
    <TestEntry testId="49482f24-7b25-80fa-2f89-b08de41ea123" executionId="ee7110f8-d7fd-4d01-9307-b9e4f63c759a" testListId="8c84fa94-04c1-424b-9868-57a2d4851a1d" />
    <TestEntry testId="c32dafac-502a-ed08-f806-cddd929722b8" executionId="5baf2f5b-3f42-4313-9971-5184fa7531e6" testListId="8c84fa94-04c1-424b-9868-57a2d4851a1d" />
    <TestEntry testId="909dd409-61f6-c458-2b91-ff0eec25952a" executionId="ef61a8e7-0c2f-4dfb-8789-96c093b921e8" testListId="8c84fa94-04c1-424b-9868-57a2d4851a1d" />
    <TestEntry testId="714e5835-2e56-1360-e2d8-25bbf098428a" executionId="7f1e586b-07e2-49d4-b98f-380a8f689106" testListId="8c84fa94-04c1-424b-9868-57a2d4851a1d" />
    <TestEntry testId="ada2f863-883c-36f8-1541-457a6ab275b4" executionId="3196e4dd-f18d-4958-ab14-7e2b68c5e116" testListId="8c84fa94-04c1-424b-9868-57a2d4851a1d" />
    <TestEntry testId="8be76320-4a69-3f7c-c3ce-d7de6c794463" executionId="d29aaaf8-4083-4905-b97c-a23be561aa1e" testListId="8c84fa94-04c1-424b-9868-57a2d4851a1d" />
    <TestEntry testId="713dc244-2b97-7c96-8573-a102852cc5cd" executionId="751cd814-84c3-4d99-96a7-a94dd55e9c6e" testListId="8c84fa94-04c1-424b-9868-57a2d4851a1d" />
    <TestEntry testId="79bf6c31-d76e-8929-7ed4-d6d786039fc4" executionId="bb0c6920-cc53-4408-855b-3b7166849072" testListId="8c84fa94-04c1-424b-9868-57a2d4851a1d" />
    <TestEntry testId="74880f2c-25f9-11a5-4aba-e0bdc04c652f" executionId="4354b9b0-3ce9-4614-9794-6a8709b2212f" testListId="8c84fa94-04c1-424b-9868-57a2d4851a1d" />
    <TestEntry testId="2e91ee3e-f89a-7198-cfe5-e05f4279caab" executionId="7e28e5d7-9807-458d-8deb-044924328df6" testListId="8c84fa94-04c1-424b-9868-57a2d4851a1d" />
    <TestEntry testId="39883891-3df4-f9be-1411-99a8c035d976" executionId="cd2dbb94-21b1-43ab-a37e-b427c8b65cf8" testListId="8c84fa94-04c1-424b-9868-57a2d4851a1d" />
    <TestEntry testId="66be6fb1-9a6d-7afd-9795-5ea827c7f10b" executionId="9368cc75-8345-456e-8c83-7f329d01be6a" testListId="8c84fa94-04c1-424b-9868-57a2d4851a1d" />
  </TestEntries>
  <TestLists>
    <TestList name="Results Not in a List" id="8c84fa94-04c1-424b-9868-57a2d4851a1d" />
    <TestList name="All Loaded Results" id="19431567-8539-422a-85d7-44ee4e166bda" />
  </TestLists>
  <ResultSummary outcome="Completed">
    <Counters total="19" executed="19" passed="19" failed="0" error="0" timeout="0" aborted="0" inconclusive="0" passedButRunAborted="0" notRunnable="0" notExecuted="0" disconnected="0" warning="0" completed="0" inProgress="0" pending="0" />
    <Output>
      <StdOut>[xUnit.net 00:00:00.00] xUnit.net VSTest Adapter v3.1.4+50e68bbb8b (64-bit .NET 10.0.11)&#xD;
[xUnit.net 00:00:01.21]   Discovering: SoftwareManagement.Application.Tests&#xD;
[xUnit.net 00:00:01.33]   Discovered:  SoftwareManagement.Application.Tests&#xD;
[xUnit.net 00:00:01.39]   Starting:    SoftwareManagement.Application.Tests&#xD;
[xUnit.net 00:00:01.70]   Finished:    SoftwareManagement.Application.Tests&#xD;
</StdOut>
    </Output>
  </ResultSummary>
</TestRun>