<?xml version="1.0" encoding="utf-8"?>
<TestRun id="5c7cac93-6ad5-4ee8-979c-6bf499badd22" name="jsrkm@JSRKMANISHKUMAR 2026-09-21 16:35:23" runUser="JSRKMANISHKUMAR\jsrkm" xmlns="http://microsoft.com/schemas/VisualStudio/TeamTest/2010">
  <Times creation="2026-09-21T16:35:23.7225306+05:30" queuing="2026-09-21T16:35:23.7225310+05:30" start="2026-09-21T16:35:21.5310658+05:30" finish="2026-09-21T16:35:23.7748810+05:30" />
  <TestSettings name="default" id="6c63b48a-3265-4cfd-abc6-0f2a0f10fedf">
    <Deployment runDeploymentRoot="jsrkm_JSRKMANISHKUMAR_2026-09-21_16_35_23" />
  </TestSettings>
  <Results>
    <UnitTestResult executionId="791fdc2c-f46e-422c-859a-f3d60128ad2c" testId="c7aaaa16-16fa-74bb-a810-c51020c44294" testName="SoftwareManagement.Application.Tests.Common.SlugTests.From_ReturnsEmpty_WhenNothingUsableRemains" computerName="JSRKMANISHKUMAR" duration="00:00:00.0003860" startTime="2026-09-21T16:35:23.6904316+05:30" endTime="2026-09-21T16:35:23.6904893+05:30" testType="13cdc9d9-ddb5-4fa4-a97d-d965ccfc6d4b" outcome="Passed" testListId="8c84fa94-04c1-424b-9868-57a2d4851a1d" relativeResultsDirectory="791fdc2c-f46e-422c-859a-f3d60128ad2c" />
    <UnitTestResult executionId="49fc032c-2c55-40d1-9a3a-bf559839af91" testId="54b5ac1e-3971-26ab-33d5-d3a7d2c24f9a" testName="SoftwareManagement.Application.Tests.Common.SlugTests.IsValid_RejectsASlugLongerThanTheColumn" computerName="JSRKMANISHKUMAR" duration="00:00:00.0001893" startTime="2026-09-21T16:35:23.6911825+05:30" endTime="2026-09-21T16:35:23.6912372+05:30" testType="13cdc9d9-ddb5-4fa4-a97d-d965ccfc6d4b" outcome="Passed" testListId="8c84fa94-04c1-424b-9868-57a2d4851a1d" relativeResultsDirectory="49fc032c-2c55-40d1-9a3a-bf559839af91" />
    <UnitTestResult executionId="6575ac5c-8641-496a-8534-a2b247c2db9a" testId="2e91ee3e-f89a-7198-cfe5-e05f4279caab" testName="SoftwareManagement.Application.Tests.Common.SlugTests.IsValid_RejectsAMalformedSlug(slug: &quot;under_score&quot;)" computerName="JSRKMANISHKUMAR" duration="00:00:00.0000050" startTime="2026-09-21T16:35:23.6523057+05:30" endTime="2026-09-21T16:35:23.6523573+05:30" testType="13cdc9d9-ddb5-4fa4-a97d-d965ccfc6d4b" outcome="Passed" testListId="8c84fa94-04c1-424b-9868-57a2d4851a1d" relativeResultsDirectory="6575ac5c-8641-496a-8534-a2b247c2db9a" />
    <UnitTestResult executionId="d85b4157-969e-457c-a8dc-61b37a8bc134" testId="66be6fb1-9a6d-7afd-9795-5ea827c7f10b" testName="SoftwareManagement.Application.Tests.Common.SlugTests.IsValid_RejectsAMalformedSlug(slug: &quot;trailing-&quot;)" computerName="JSRKMANISHKUMAR" duration="00:00:00.0000061" startTime="2026-09-21T16:35:23.6521295+05:30" endTime="2026-09-21T16:35:23.6521993+05:30" testType="13cdc9d9-ddb5-4fa4-a97d-d965ccfc6d4b" outcome="Passed" testListId="8c84fa94-04c1-424b-9868-57a2d4851a1d" relativeResultsDirectory="d85b4157-969e-457c-a8dc-61b37a8bc134" />
    <UnitTestResult executionId="7828f870-e6df-4d2c-b874-affd1d45d1e6" testId="06b109b8-a161-a8f3-3af8-8bd97fa15b4c" testName="SoftwareManagement.Application.Tests.Common.SlugTests.IsValid_RejectsAMalformedSlug(slug: &quot;-leading&quot;)" computerName="JSRKMANISHKUMAR" duration="00:00:00.0000078" startTime="2026-09-21T16:35:23.6515984+05:30" endTime="2026-09-21T16:35:23.6516575+05:30" testType="13cdc9d9-ddb5-4fa4-a97d-d965ccfc6d4b" outcome="Passed" testListId="8c84fa94-04c1-424b-9868-57a2d4851a1d" relativeResultsDirectory="7828f870-e6df-4d2c-b874-affd1d45d1e6" />
    <UnitTestResult executionId="90af9bcb-a272-4a58-8f49-fd4895f24760" testId="8f5c1a71-6fe9-6754-412f-156deb5e2642" testName="SoftwareManagement.Application.Tests.Common.SlugTests.IsValid_RejectsAMalformedSlug(slug: &quot;ab&quot;)" computerName="JSRKMANISHKUMAR" duration="00:00:00.0659935" startTime="2026-09-21T16:35:23.5618032+05:30" endTime="2026-09-21T16:35:23.6375079+05:30" testType="13cdc9d9-ddb5-4fa4-a97d-d965ccfc6d4b" outcome="Passed" testListId="8c84fa94-04c1-424b-9868-57a2d4851a1d" relativeResultsDirectory="90af9bcb-a272-4a58-8f49-fd4895f24760" />
    <UnitTestResult executionId="933f16bd-0b42-42d8-a681-d442adfa0dd2" testId="74880f2c-25f9-11a5-4aba-e0bdc04c652f" testName="SoftwareManagement.Application.Tests.Common.SlugTests.IsValid_AcceptsAWellFormedSlug(slug: &quot;v2-billing&quot;)" computerName="JSRKMANISHKUMAR" duration="00:00:00.0000090" startTime="2026-09-21T16:35:23.6909806+05:30" endTime="2026-09-21T16:35:23.6910401+05:30" testType="13cdc9d9-ddb5-4fa4-a97d-d965ccfc6d4b" outcome="Passed" testListId="8c84fa94-04c1-424b-9868-57a2d4851a1d" relativeResultsDirectory="933f16bd-0b42-42d8-a681-d442adfa0dd2" />
    <UnitTestResult executionId="0ddd8bad-ab7e-465d-94d6-3d5c669c0447" testId="714e5835-2e56-1360-e2d8-25bbf098428a" testName="SoftwareManagement.Application.Tests.Common.SlugTests.From_FoldsAccentsInsteadOfDroppingTheWord" computerName="JSRKMANISHKUMAR" duration="00:00:00.0025008" startTime="2026-09-21T16:35:23.6899980+05:30" endTime="2026-09-21T16:35:23.6900755+05:30" testType="13cdc9d9-ddb5-4fa4-a97d-d965ccfc6d4b" outcome="Passed" testListId="8c84fa94-04c1-424b-9868-57a2d4851a1d" relativeResultsDirectory="0ddd8bad-ab7e-465d-94d6-3d5c669c0447" />
    <UnitTestResult executionId="f17b25f2-cdf6-4815-be26-d1ee2e1b344f" testId="49482f24-7b25-80fa-2f89-b08de41ea123" testName="SoftwareManagement.Application.Tests.Common.SlugTests.From_ProducesAUrlSafeSlug(input: &quot;  ERP  for   SMBs  &quot;, expected: &quot;erp-for-smbs&quot;)" computerName="JSRKMANISHKUMAR" duration="00:00:00.0001769" startTime="2026-09-21T16:35:23.6913765+05:30" endTime="2026-09-21T16:35:23.6914313+05:30" testType="13cdc9d9-ddb5-4fa4-a97d-d965ccfc6d4b" outcome="Passed" testListId="8c84fa94-04c1-424b-9868-57a2d4851a1d" relativeResultsDirectory="f17b25f2-cdf6-4815-be26-d1ee2e1b344f" />
    <UnitTestResult executionId="742004dd-83ef-40d8-9b82-d4aa2e02a48a" testId="8be76320-4a69-3f7c-c3ce-d7de6c794463" testName="SoftwareManagement.Application.Tests.Common.SlugTests.IsValid_RejectsAMalformedSlug(slug: &quot;&quot;)" computerName="JSRKMANISHKUMAR" duration="00:00:00.0000048" startTime="2026-09-21T16:35:23.6526182+05:30" endTime="2026-09-21T16:35:23.6526724+05:30" testType="13cdc9d9-ddb5-4fa4-a97d-d965ccfc6d4b" outcome="Passed" testListId="8c84fa94-04c1-424b-9868-57a2d4851a1d" relativeResultsDirectory="742004dd-83ef-40d8-9b82-d4aa2e02a48a" />
    <UnitTestResult executionId="a92a14e6-f5b0-4746-8a40-fd5ce27160df" testId="39883891-3df4-f9be-1411-99a8c035d976" testName="SoftwareManagement.Application.Tests.Common.SlugTests.IsValid_RejectsAMalformedSlug(slug: &quot;has space&quot;)" computerName="JSRKMANISHKUMAR" duration="00:00:00.0001487" startTime="2026-09-21T16:35:23.6507645+05:30" endTime="2026-09-21T16:35:23.6508703+05:30" testType="13cdc9d9-ddb5-4fa4-a97d-d965ccfc6d4b" outcome="Passed" testListId="8c84fa94-04c1-424b-9868-57a2d4851a1d" relativeResultsDirectory="a92a14e6-f5b0-4746-8a40-fd5ce27160df" />
    <UnitTestResult executionId="7a9ce97d-7000-4453-866d-c58d581bee3e" testId="a72be7ea-1f1c-7135-08d6-2bd0624c6f5c" testName="SoftwareManagement.Application.Tests.Common.SlugTests.IsValid_RejectsAMalformedSlug(slug: &quot;Upper-Case&quot;)" computerName="JSRKMANISHKUMAR" duration="00:00:00.0000048" startTime="2026-09-21T16:35:23.6519698+05:30" endTime="2026-09-21T16:35:23.6520233+05:30" testType="13cdc9d9-ddb5-4fa4-a97d-d965ccfc6d4b" outcome="Passed" testListId="8c84fa94-04c1-424b-9868-57a2d4851a1d" relativeResultsDirectory="7a9ce97d-7000-4453-866d-c58d581bee3e" />
    <UnitTestResult executionId="29514e4c-1884-468e-a41e-dbba87dc636d" testId="c32dafac-502a-ed08-f806-cddd929722b8" testName="SoftwareManagement.Application.Tests.Common.SlugTests.From_TruncatesAtTheMaximumLengthWithoutLeavingATrailingHyphen" computerName="JSRKMANISHKUMAR" duration="00:00:00.0357449" startTime="2026-09-21T16:35:23.6936156+05:30" endTime="2026-09-21T16:35:23.6936820+05:30" testType="13cdc9d9-ddb5-4fa4-a97d-d965ccfc6d4b" outcome="Passed" testListId="8c84fa94-04c1-424b-9868-57a2d4851a1d" relativeResultsDirectory="29514e4c-1884-468e-a41e-dbba87dc636d" />
    <UnitTestResult executionId="b4e9d0cd-66ce-4220-8dfc-7f98e6045997" testId="74d94025-3024-4786-3932-f1cabeab3e6f" testName="SoftwareManagement.Application.Tests.Common.SlugTests.From_ProducesAUrlSafeSlug(input: &quot;Hospital Management System&quot;, expected: &quot;hospital-management-system&quot;)" computerName="JSRKMANISHKUMAR" duration="00:00:00.0001490" startTime="2026-09-21T16:35:23.6915410+05:30" endTime="2026-09-21T16:35:23.6915957+05:30" testType="13cdc9d9-ddb5-4fa4-a97d-d965ccfc6d4b" outcome="Passed" testListId="8c84fa94-04c1-424b-9868-57a2d4851a1d" relativeResultsDirectory="b4e9d0cd-66ce-4220-8dfc-7f98e6045997" />
    <UnitTestResult executionId="ae6ca454-d660-480c-8eb0-3fe5ae1810cb" testId="713dc244-2b97-7c96-8573-a102852cc5cd" testName="SoftwareManagement.Application.Tests.Common.SlugTests.IsValid_AcceptsAWellFormedSlug(slug: &quot;erp&quot;)" computerName="JSRKMANISHKUMAR" duration="00:00:00.0001220" startTime="2026-09-21T16:35:23.6908059+05:30" endTime="2026-09-21T16:35:23.6908632+05:30" testType="13cdc9d9-ddb5-4fa4-a97d-d965ccfc6d4b" outcome="Passed" testListId="8c84fa94-04c1-424b-9868-57a2d4851a1d" relativeResultsDirectory="ae6ca454-d660-480c-8eb0-3fe5ae1810cb" />
    <UnitTestResult executionId="8813126f-71c3-4791-b5e2-b733632eabba" testId="909dd409-61f6-c458-2b91-ff0eec25952a" testName="SoftwareManagement.Application.Tests.Common.SlugTests.From_ProducesAUrlSafeSlug(input: &quot;Billing &amp; Invoicing 2.0&quot;, expected: &quot;billing-invoicing-2-0&quot;)" computerName="JSRKMANISHKUMAR" duration="00:00:00.0000088" startTime="2026-09-21T16:35:23.6916976+05:30" endTime="2026-09-21T16:35:23.6917592+05:30" testType="13cdc9d9-ddb5-4fa4-a97d-d965ccfc6d4b" outcome="Passed" testListId="8c84fa94-04c1-424b-9868-57a2d4851a1d" relativeResultsDirectory="8813126f-71c3-4791-b5e2-b733632eabba" />
    <UnitTestResult executionId="660c946c-fdaf-4162-adc8-7440d780af42" testId="ada2f863-883c-36f8-1541-457a6ab275b4" testName="SoftwareManagement.Application.Tests.Common.SlugTests.IsValid_RejectsAMalformedSlug(slug: &quot;double--hyphen&quot;)" computerName="JSRKMANISHKUMAR" duration="00:00:00.0000051" startTime="2026-09-21T16:35:23.6524631+05:30" endTime="2026-09-21T16:35:23.6525137+05:30" testType="13cdc9d9-ddb5-4fa4-a97d-d965ccfc6d4b" outcome="Passed" testListId="8c84fa94-04c1-424b-9868-57a2d4851a1d" relativeResultsDirectory="660c946c-fdaf-4162-adc8-7440d780af42" />
    <UnitTestResult executionId="0c791ae9-8454-4a9d-8272-d00a819acf0a" testId="79bf6c31-d76e-8929-7ed4-d6d786039fc4" testName="SoftwareManagement.Application.Tests.Common.SlugTests.IsValid_RejectsAMalformedSlug(slug: null)" computerName="JSRKMANISHKUMAR" duration="00:00:00.0000055" startTime="2026-09-21T16:35:23.6517789+05:30" endTime="2026-09-21T16:35:23.6518607+05:30" testType="13cdc9d9-ddb5-4fa4-a97d-d965ccfc6d4b" outcome="Passed" testListId="8c84fa94-04c1-424b-9868-57a2d4851a1d" relativeResultsDirectory="0c791ae9-8454-4a9d-8272-d00a819acf0a" />
    <UnitTestResult executionId="71f723a1-ec78-4d24-8778-032c9bf9e056" testId="00a27300-d68f-0324-1004-08c28767f505" testName="SoftwareManagement.Application.Tests.Common.SlugTests.IsValid_AcceptsAWellFormedSlug(slug: &quot;hospital-management-system&quot;)" computerName="JSRKMANISHKUMAR" duration="00:00:00.0003085" startTime="2026-09-21T16:35:23.6906439+05:30" endTime="2026-09-21T16:35:23.6907001+05:30" testType="13cdc9d9-ddb5-4fa4-a97d-d965ccfc6d4b" outcome="Passed" testListId="8c84fa94-04c1-424b-9868-57a2d4851a1d" relativeResultsDirectory="71f723a1-ec78-4d24-8778-032c9bf9e056" />
  </Results>
  <TestDefinitions>
    <UnitTest name="SoftwareManagement.Application.Tests.Common.SlugTests.IsValid_RejectsAMalformedSlug(slug: &quot;double--hyphen&quot;)" storage="g:\software-management\backend\tests\softwaremanagement.application.tests\bin\debug\net10.0\softwaremanagement.application.tests.dll" id="ada2f863-883c-36f8-1541-457a6ab275b4">
      <Execution id="660c946c-fdaf-4162-adc8-7440d780af42" />
      <TestMethod codeBase="G:\software-management\backend\tests\SoftwareManagement.Application.Tests\bin\Debug\net10.0\SoftwareManagement.Application.Tests.dll" adapterTypeName="executor://xunit/VsTestRunner3/netcore/" className="SoftwareManagement.Application.Tests.Common.SlugTests" name="IsValid_RejectsAMalformedSlug" />
    </UnitTest>
    <UnitTest name="SoftwareManagement.Application.Tests.Common.SlugTests.From_ProducesAUrlSafeSlug(input: &quot;  ERP  for   SMBs  &quot;, expected: &quot;erp-for-smbs&quot;)" storage="g:\software-management\backend\tests\softwaremanagement.application.tests\bin\debug\net10.0\softwaremanagement.application.tests.dll" id="49482f24-7b25-80fa-2f89-b08de41ea123">
      <Execution id="f17b25f2-cdf6-4815-be26-d1ee2e1b344f" />
      <TestMethod codeBase="G:\software-management\backend\tests\SoftwareManagement.Application.Tests\bin\Debug\net10.0\SoftwareManagement.Application.Tests.dll" adapterTypeName="executor://xunit/VsTestRunner3/netcore/" className="SoftwareManagement.Application.Tests.Common.SlugTests" name="From_ProducesAUrlSafeSlug" />
    </UnitTest>
    <UnitTest name="SoftwareManagement.Application.Tests.Common.SlugTests.IsValid_RejectsAMalformedSlug(slug: &quot;-leading&quot;)" storage="g:\software-management\backend\tests\softwaremanagement.application.tests\bin\debug\net10.0\softwaremanagement.application.tests.dll" id="06b109b8-a161-a8f3-3af8-8bd97fa15b4c">
      <Execution id="7828f870-e6df-4d2c-b874-affd1d45d1e6" />
      <TestMethod codeBase="G:\software-management\backend\tests\SoftwareManagement.Application.Tests\bin\Debug\net10.0\SoftwareManagement.Application.Tests.dll" adapterTypeName="executor://xunit/VsTestRunner3/netcore/" className="SoftwareManagement.Application.Tests.Common.SlugTests" name="IsValid_RejectsAMalformedSlug" />
    </UnitTest>
    <UnitTest name="SoftwareManagement.Application.Tests.Common.SlugTests.IsValid_RejectsAMalformedSlug(slug: &quot;ab&quot;)" storage="g:\software-management\backend\tests\softwaremanagement.application.tests\bin\debug\net10.0\softwaremanagement.application.tests.dll" id="8f5c1a71-6fe9-6754-412f-156deb5e2642">
      <Execution id="90af9bcb-a272-4a58-8f49-fd4895f24760" />
      <TestMethod codeBase="G:\software-management\backend\tests\SoftwareManagement.Application.Tests\bin\Debug\net10.0\SoftwareManagement.Application.Tests.dll" adapterTypeName="executor://xunit/VsTestRunner3/netcore/" className="SoftwareManagement.Application.Tests.Common.SlugTests" name="IsValid_RejectsAMalformedSlug" />
    </UnitTest>
    <UnitTest name="SoftwareManagement.Application.Tests.Common.SlugTests.From_ProducesAUrlSafeSlug(input: &quot;Billing &amp; Invoicing 2.0&quot;, expected: &quot;billing-invoicing-2-0&quot;)" storage="g:\software-management\backend\tests\softwaremanagement.application.tests\bin\debug\net10.0\softwaremanagement.application.tests.dll" id="909dd409-61f6-c458-2b91-ff0eec25952a">
      <Execution id="8813126f-71c3-4791-b5e2-b733632eabba" />
      <TestMethod codeBase="G:\software-management\backend\tests\SoftwareManagement.Application.Tests\bin\Debug\net10.0\SoftwareManagement.Application.Tests.dll" adapterTypeName="executor://xunit/VsTestRunner3/netcore/" className="SoftwareManagement.Application.Tests.Common.SlugTests" name="From_ProducesAUrlSafeSlug" />
    </UnitTest>
    <UnitTest name="SoftwareManagement.Application.Tests.Common.SlugTests.IsValid_RejectsASlugLongerThanTheColumn" storage="g:\software-management\backend\tests\softwaremanagement.application.tests\bin\debug\net10.0\softwaremanagement.application.tests.dll" id="54b5ac1e-3971-26ab-33d5-d3a7d2c24f9a">
      <Execution id="49fc032c-2c55-40d1-9a3a-bf559839af91" />
      <TestMethod codeBase="G:\software-management\backend\tests\SoftwareManagement.Application.Tests\bin\Debug\net10.0\SoftwareManagement.Application.Tests.dll" adapterTypeName="executor://xunit/VsTestRunner3/netcore/" className="SoftwareManagement.Application.Tests.Common.SlugTests" name="IsValid_RejectsASlugLongerThanTheColumn" />
    </UnitTest>
    <UnitTest name="SoftwareManagement.Application.Tests.Common.SlugTests.From_ProducesAUrlSafeSlug(input: &quot;Hospital Management System&quot;, expected: &quot;hospital-management-system&quot;)" storage="g:\software-management\backend\tests\softwaremanagement.application.tests\bin\debug\net10.0\softwaremanagement.application.tests.dll" id="74d94025-3024-4786-3932-f1cabeab3e6f">
      <Execution id="b4e9d0cd-66ce-4220-8dfc-7f98e6045997" />
      <TestMethod codeBase="G:\software-management\backend\tests\SoftwareManagement.Application.Tests\bin\Debug\net10.0\SoftwareManagement.Application.Tests.dll" adapterTypeName="executor://xunit/VsTestRunner3/netcore/" className="SoftwareManagement.Application.Tests.Common.SlugTests" name="From_ProducesAUrlSafeSlug" />
    </UnitTest>
    <UnitTest name="SoftwareManagement.Application.Tests.Common.SlugTests.IsValid_AcceptsAWellFormedSlug(slug: &quot;v2-billing&quot;)" storage="g:\software-management\backend\tests\softwaremanagement.application.tests\bin\debug\net10.0\softwaremanagement.application.tests.dll" id="74880f2c-25f9-11a5-4aba-e0bdc04c652f">
      <Execution id="933f16bd-0b42-42d8-a681-d442adfa0dd2" />
      <TestMethod codeBase="G:\software-management\backend\tests\SoftwareManagement.Application.Tests\bin\Debug\net10.0\SoftwareManagement.Application.Tests.dll" adapterTypeName="executor://xunit/VsTestRunner3/netcore/" className="SoftwareManagement.Application.Tests.Common.SlugTests" name="IsValid_AcceptsAWellFormedSlug" />
    </UnitTest>
    <UnitTest name="SoftwareManagement.Application.Tests.Common.SlugTests.IsValid_RejectsAMalformedSlug(slug: null)" storage="g:\software-management\backend\tests\softwaremanagement.application.tests\bin\debug\net10.0\softwaremanagement.application.tests.dll" id="79bf6c31-d76e-8929-7ed4-d6d786039fc4">
      <Execution id="0c791ae9-8454-4a9d-8272-d00a819acf0a" />
      <TestMethod codeBase="G:\software-management\backend\tests\SoftwareManagement.Application.Tests\bin\Debug\net10.0\SoftwareManagement.Application.Tests.dll" adapterTypeName="executor://xunit/VsTestRunner3/netcore/" className="SoftwareManagement.Application.Tests.Common.SlugTests" name="IsValid_RejectsAMalformedSlug" />
    </UnitTest>
    <UnitTest name="SoftwareManagement.Application.Tests.Common.SlugTests.IsValid_RejectsAMalformedSlug(slug: &quot;trailing-&quot;)" storage="g:\software-management\backend\tests\softwaremanagement.application.tests\bin\debug\net10.0\softwaremanagement.application.tests.dll" id="66be6fb1-9a6d-7afd-9795-5ea827c7f10b">
      <Execution id="d85b4157-969e-457c-a8dc-61b37a8bc134" />
      <TestMethod codeBase="G:\software-management\backend\tests\SoftwareManagement.Application.Tests\bin\Debug\net10.0\SoftwareManagement.Application.Tests.dll" adapterTypeName="executor://xunit/VsTestRunner3/netcore/" className="SoftwareManagement.Application.Tests.Common.SlugTests" name="IsValid_RejectsAMalformedSlug" />
    </UnitTest>
    <UnitTest name="SoftwareManagement.Application.Tests.Common.SlugTests.IsValid_AcceptsAWellFormedSlug(slug: &quot;hospital-management-system&quot;)" storage="g:\software-management\backend\tests\softwaremanagement.application.tests\bin\debug\net10.0\softwaremanagement.application.tests.dll" id="00a27300-d68f-0324-1004-08c28767f505">
      <Execution id="71f723a1-ec78-4d24-8778-032c9bf9e056" />
      <TestMethod codeBase="G:\software-management\backend\tests\SoftwareManagement.Application.Tests\bin\Debug\net10.0\SoftwareManagement.Application.Tests.dll" adapterTypeName="executor://xunit/VsTestRunner3/netcore/" className="SoftwareManagement.Application.Tests.Common.SlugTests" name="IsValid_AcceptsAWellFormedSlug" />
    </UnitTest>
    <UnitTest name="SoftwareManagement.Application.Tests.Common.SlugTests.IsValid_RejectsAMalformedSlug(slug: &quot;Upper-Case&quot;)" storage="g:\software-management\backend\tests\softwaremanagement.application.tests\bin\debug\net10.0\softwaremanagement.application.tests.dll" id="a72be7ea-1f1c-7135-08d6-2bd0624c6f5c">
      <Execution id="7a9ce97d-7000-4453-866d-c58d581bee3e" />
      <TestMethod codeBase="G:\software-management\backend\tests\SoftwareManagement.Application.Tests\bin\Debug\net10.0\SoftwareManagement.Application.Tests.dll" adapterTypeName="executor://xunit/VsTestRunner3/netcore/" className="SoftwareManagement.Application.Tests.Common.SlugTests" name="IsValid_RejectsAMalformedSlug" />
    </UnitTest>
    <UnitTest name="SoftwareManagement.Application.Tests.Common.SlugTests.From_ReturnsEmpty_WhenNothingUsableRemains" storage="g:\software-management\backend\tests\softwaremanagement.application.tests\bin\debug\net10.0\softwaremanagement.application.tests.dll" id="c7aaaa16-16fa-74bb-a810-c51020c44294">
      <Execution id="791fdc2c-f46e-422c-859a-f3d60128ad2c" />
      <TestMethod codeBase="G:\software-management\backend\tests\SoftwareManagement.Application.Tests\bin\Debug\net10.0\SoftwareManagement.Application.Tests.dll" adapterTypeName="executor://xunit/VsTestRunner3/netcore/" className="SoftwareManagement.Application.Tests.Common.SlugTests" name="From_ReturnsEmpty_WhenNothingUsableRemains" />
    </UnitTest>
    <UnitTest name="SoftwareManagement.Application.Tests.Common.SlugTests.IsValid_RejectsAMalformedSlug(slug: &quot;under_score&quot;)" storage="g:\software-management\backend\tests\softwaremanagement.application.tests\bin\debug\net10.0\softwaremanagement.application.tests.dll" id="2e91ee3e-f89a-7198-cfe5-e05f4279caab">
      <Execution id="6575ac5c-8641-496a-8534-a2b247c2db9a" />
      <TestMethod codeBase="G:\software-management\backend\tests\SoftwareManagement.Application.Tests\bin\Debug\net10.0\SoftwareManagement.Application.Tests.dll" adapterTypeName="executor://xunit/VsTestRunner3/netcore/" className="SoftwareManagement.Application.Tests.Common.SlugTests" name="IsValid_RejectsAMalformedSlug" />
    </UnitTest>
    <UnitTest name="SoftwareManagement.Application.Tests.Common.SlugTests.IsValid_AcceptsAWellFormedSlug(slug: &quot;erp&quot;)" storage="g:\software-management\backend\tests\softwaremanagement.application.tests\bin\debug\net10.0\softwaremanagement.application.tests.dll" id="713dc244-2b97-7c96-8573-a102852cc5cd">
      <Execution id="ae6ca454-d660-480c-8eb0-3fe5ae1810cb" />
      <TestMethod codeBase="G:\software-management\backend\tests\SoftwareManagement.Application.Tests\bin\Debug\net10.0\SoftwareManagement.Application.Tests.dll" adapterTypeName="executor://xunit/VsTestRunner3/netcore/" className="SoftwareManagement.Application.Tests.Common.SlugTests" name="IsValid_AcceptsAWellFormedSlug" />
    </UnitTest>
    <UnitTest name="SoftwareManagement.Application.Tests.Common.SlugTests.IsValid_RejectsAMalformedSlug(slug: &quot;&quot;)" storage="g:\software-management\backend\tests\softwaremanagement.application.tests\bin\debug\net10.0\softwaremanagement.application.tests.dll" id="8be76320-4a69-3f7c-c3ce-d7de6c794463">
      <Execution id="742004dd-83ef-40d8-9b82-d4aa2e02a48a" />
      <TestMethod codeBase="G:\software-management\backend\tests\SoftwareManagement.Application.Tests\bin\Debug\net10.0\SoftwareManagement.Application.Tests.dll" adapterTypeName="executor://xunit/VsTestRunner3/netcore/" className="SoftwareManagement.Application.Tests.Common.SlugTests" name="IsValid_RejectsAMalformedSlug" />
    </UnitTest>
    <UnitTest name="SoftwareManagement.Application.Tests.Common.SlugTests.From_TruncatesAtTheMaximumLengthWithoutLeavingATrailingHyphen" storage="g:\software-management\backend\tests\softwaremanagement.application.tests\bin\debug\net10.0\softwaremanagement.application.tests.dll" id="c32dafac-502a-ed08-f806-cddd929722b8">
      <Execution id="29514e4c-1884-468e-a41e-dbba87dc636d" />
      <TestMethod codeBase="G:\software-management\backend\tests\SoftwareManagement.Application.Tests\bin\Debug\net10.0\SoftwareManagement.Application.Tests.dll" adapterTypeName="executor://xunit/VsTestRunner3/netcore/" className="SoftwareManagement.Application.Tests.Common.SlugTests" name="From_TruncatesAtTheMaximumLengthWithoutLeavingATrailingHyphen" />
    </UnitTest>
    <UnitTest name="SoftwareManagement.Application.Tests.Common.SlugTests.From_FoldsAccentsInsteadOfDroppingTheWord" storage="g:\software-management\backend\tests\softwaremanagement.application.tests\bin\debug\net10.0\softwaremanagement.application.tests.dll" id="714e5835-2e56-1360-e2d8-25bbf098428a">
      <Execution id="0ddd8bad-ab7e-465d-94d6-3d5c669c0447" />
      <TestMethod codeBase="G:\software-management\backend\tests\SoftwareManagement.Application.Tests\bin\Debug\net10.0\SoftwareManagement.Application.Tests.dll" adapterTypeName="executor://xunit/VsTestRunner3/netcore/" className="SoftwareManagement.Application.Tests.Common.SlugTests" name="From_FoldsAccentsInsteadOfDroppingTheWord" />
    </UnitTest>
    <UnitTest name="SoftwareManagement.Application.Tests.Common.SlugTests.IsValid_RejectsAMalformedSlug(slug: &quot;has space&quot;)" storage="g:\software-management\backend\tests\softwaremanagement.application.tests\bin\debug\net10.0\softwaremanagement.application.tests.dll" id="39883891-3df4-f9be-1411-99a8c035d976">
      <Execution id="a92a14e6-f5b0-4746-8a40-fd5ce27160df" />
      <TestMethod codeBase="G:\software-management\backend\tests\SoftwareManagement.Application.Tests\bin\Debug\net10.0\SoftwareManagement.Application.Tests.dll" adapterTypeName="executor://xunit/VsTestRunner3/netcore/" className="SoftwareManagement.Application.Tests.Common.SlugTests" name="IsValid_RejectsAMalformedSlug" />
    </UnitTest>
  </TestDefinitions>
  <TestEntries>
    <TestEntry testId="c7aaaa16-16fa-74bb-a810-c51020c44294" executionId="791fdc2c-f46e-422c-859a-f3d60128ad2c" testListId="8c84fa94-04c1-424b-9868-57a2d4851a1d" />
    <TestEntry testId="54b5ac1e-3971-26ab-33d5-d3a7d2c24f9a" executionId="49fc032c-2c55-40d1-9a3a-bf559839af91" testListId="8c84fa94-04c1-424b-9868-57a2d4851a1d" />
    <TestEntry testId="2e91ee3e-f89a-7198-cfe5-e05f4279caab" executionId="6575ac5c-8641-496a-8534-a2b247c2db9a" testListId="8c84fa94-04c1-424b-9868-57a2d4851a1d" />
    <TestEntry testId="66be6fb1-9a6d-7afd-9795-5ea827c7f10b" executionId="d85b4157-969e-457c-a8dc-61b37a8bc134" testListId="8c84fa94-04c1-424b-9868-57a2d4851a1d" />
    <TestEntry testId="06b109b8-a161-a8f3-3af8-8bd97fa15b4c" executionId="7828f870-e6df-4d2c-b874-affd1d45d1e6" testListId="8c84fa94-04c1-424b-9868-57a2d4851a1d" />
    <TestEntry testId="8f5c1a71-6fe9-6754-412f-156deb5e2642" executionId="90af9bcb-a272-4a58-8f49-fd4895f24760" testListId="8c84fa94-04c1-424b-9868-57a2d4851a1d" />
    <TestEntry testId="74880f2c-25f9-11a5-4aba-e0bdc04c652f" executionId="933f16bd-0b42-42d8-a681-d442adfa0dd2" testListId="8c84fa94-04c1-424b-9868-57a2d4851a1d" />
    <TestEntry testId="714e5835-2e56-1360-e2d8-25bbf098428a" executionId="0ddd8bad-ab7e-465d-94d6-3d5c669c0447" testListId="8c84fa94-04c1-424b-9868-57a2d4851a1d" />
    <TestEntry testId="49482f24-7b25-80fa-2f89-b08de41ea123" executionId="f17b25f2-cdf6-4815-be26-d1ee2e1b344f" testListId="8c84fa94-04c1-424b-9868-57a2d4851a1d" />
    <TestEntry testId="8be76320-4a69-3f7c-c3ce-d7de6c794463" executionId="742004dd-83ef-40d8-9b82-d4aa2e02a48a" testListId="8c84fa94-04c1-424b-9868-57a2d4851a1d" />
    <TestEntry testId="39883891-3df4-f9be-1411-99a8c035d976" executionId="a92a14e6-f5b0-4746-8a40-fd5ce27160df" testListId="8c84fa94-04c1-424b-9868-57a2d4851a1d" />
    <TestEntry testId="a72be7ea-1f1c-7135-08d6-2bd0624c6f5c" executionId="7a9ce97d-7000-4453-866d-c58d581bee3e" testListId="8c84fa94-04c1-424b-9868-57a2d4851a1d" />
    <TestEntry testId="c32dafac-502a-ed08-f806-cddd929722b8" executionId="29514e4c-1884-468e-a41e-dbba87dc636d" testListId="8c84fa94-04c1-424b-9868-57a2d4851a1d" />
    <TestEntry testId="74d94025-3024-4786-3932-f1cabeab3e6f" executionId="b4e9d0cd-66ce-4220-8dfc-7f98e6045997" testListId="8c84fa94-04c1-424b-9868-57a2d4851a1d" />
    <TestEntry testId="713dc244-2b97-7c96-8573-a102852cc5cd" executionId="ae6ca454-d660-480c-8eb0-3fe5ae1810cb" testListId="8c84fa94-04c1-424b-9868-57a2d4851a1d" />
    <TestEntry testId="909dd409-61f6-c458-2b91-ff0eec25952a" executionId="8813126f-71c3-4791-b5e2-b733632eabba" testListId="8c84fa94-04c1-424b-9868-57a2d4851a1d" />
    <TestEntry testId="ada2f863-883c-36f8-1541-457a6ab275b4" executionId="660c946c-fdaf-4162-adc8-7440d780af42" testListId="8c84fa94-04c1-424b-9868-57a2d4851a1d" />
    <TestEntry testId="79bf6c31-d76e-8929-7ed4-d6d786039fc4" executionId="0c791ae9-8454-4a9d-8272-d00a819acf0a" testListId="8c84fa94-04c1-424b-9868-57a2d4851a1d" />
    <TestEntry testId="00a27300-d68f-0324-1004-08c28767f505" executionId="71f723a1-ec78-4d24-8778-032c9bf9e056" testListId="8c84fa94-04c1-424b-9868-57a2d4851a1d" />
  </TestEntries>
  <TestLists>
    <TestList name="Results Not in a List" id="8c84fa94-04c1-424b-9868-57a2d4851a1d" />
    <TestList name="All Loaded Results" id="19431567-8539-422a-85d7-44ee4e166bda" />
  </TestLists>
  <ResultSummary outcome="Completed">
    <Counters total="19" executed="19" passed="19" failed="0" error="0" timeout="0" aborted="0" inconclusive="0" passedButRunAborted="0" notRunnable="0" notExecuted="0" disconnected="0" warning="0" completed="0" inProgress="0" pending="0" />
    <Output>
      <StdOut>[xUnit.net 00:00:00.00] xUnit.net VSTest Adapter v3.1.4+50e68bbb8b (64-bit .NET 10.0.11)&#xD;
[xUnit.net 00:00:01.13]   Discovering: SoftwareManagement.Application.Tests&#xD;
[xUnit.net 00:00:01.20]   Discovered:  SoftwareManagement.Application.Tests&#xD;
[xUnit.net 00:00:01.24]   Starting:    SoftwareManagement.Application.Tests&#xD;
[xUnit.net 00:00:01.40]   Finished:    SoftwareManagement.Application.Tests&#xD;
</StdOut>
    </Output>
  </ResultSummary>
</TestRun>