<?xml version="1.0" encoding="utf-8"?>
<TestRun id="165778b8-e22f-4f1b-9165-3899d3e61d82" name="jsrkm@JSRKMANISHKUMAR 2026-09-08 05:25:24" runUser="JSRKMANISHKUMAR\jsrkm" xmlns="http://microsoft.com/schemas/VisualStudio/TeamTest/2010">
  <Times creation="2026-09-08T05:25:24.8267274+05:30" queuing="2026-09-08T05:25:24.8267279+05:30" start="2026-09-08T05:25:19.5106256+05:30" finish="2026-09-08T05:25:25.8897302+05:30" />
  <TestSettings name="default" id="df1f3903-fdb4-49d5-8b5b-49f5ee9bacbf">
    <Deployment runDeploymentRoot="jsrkm_JSRKMANISHKUMAR_2026-09-08_05_25_24" />
  </TestSettings>
  <Results>
    <UnitTestResult executionId="a78f0668-1dd9-4cdf-9c49-24a91e8b5ceb" testId="a894cfd0-bcc5-5c7c-686d-3565fb0dc6b5" testName="SoftwareManagement.Api.IntegrationTests.PipelineTests.Liveness_Answers200_WithoutTouchingTheDatabase" computerName="JSRKMANISHKUMAR" duration="00:00:00.0172204" startTime="2026-09-08T05:25:24.8716792+05:30" endTime="2026-09-08T05:25:24.8885442+05:30" testType="13cdc9d9-ddb5-4fa4-a97d-d965ccfc6d4b" outcome="Passed" testListId="8c84fa94-04c1-424b-9868-57a2d4851a1d" relativeResultsDirectory="a78f0668-1dd9-4cdf-9c49-24a91e8b5ceb" />
    <UnitTestResult executionId="353ec7b9-dd77-4719-9d36-1228278e89ac" testId="fcabc442-49ea-ed54-3d5f-079426aad631" testName="SoftwareManagement.Api.IntegrationTests.PipelineTests.SecurePing_Returns401_ForAnAnonymousCaller" computerName="JSRKMANISHKUMAR" duration="00:00:00.0041969" startTime="2026-09-08T05:25:24.9143035+05:30" endTime="2026-09-08T05:25:24.9181972+05:30" testType="13cdc9d9-ddb5-4fa4-a97d-d965ccfc6d4b" outcome="Passed" testListId="8c84fa94-04c1-424b-9868-57a2d4851a1d" relativeResultsDirectory="353ec7b9-dd77-4719-9d36-1228278e89ac" />
    <UnitTestResult executionId="41209056-2e21-41f0-b122-18cb905712a2" testId="38c2c976-d411-7f6f-0d78-bfd32eb44a8c" testName="SoftwareManagement.Api.IntegrationTests.InfrastructureRegistrationTests.DesignTimeFactory_CreatesAContextSoMigrationsCanBeGeneratedWithoutStartingTheApi" computerName="JSRKMANISHKUMAR" duration="00:00:01.4774220" startTime="2026-09-08T05:25:23.3141099+05:30" endTime="2026-09-08T05:25:24.7507912+05:30" testType="13cdc9d9-ddb5-4fa4-a97d-d965ccfc6d4b" outcome="Passed" testListId="8c84fa94-04c1-424b-9868-57a2d4851a1d" relativeResultsDirectory="41209056-2e21-41f0-b122-18cb905712a2" />
    <UnitTestResult executionId="33a917f9-c2f0-42f9-a4f7-283d29bf2955" testId="1360d691-9702-517e-6889-732774a3a26b" testName="SoftwareManagement.Api.IntegrationTests.PipelineTests.EveryResponse_CarriesTheRequiredSecurityHeaders" computerName="JSRKMANISHKUMAR" duration="00:00:00.0059946" startTime="2026-09-08T05:25:24.9191185+05:30" endTime="2026-09-08T05:25:24.9247373+05:30" testType="13cdc9d9-ddb5-4fa4-a97d-d965ccfc6d4b" outcome="Passed" testListId="8c84fa94-04c1-424b-9868-57a2d4851a1d" relativeResultsDirectory="33a917f9-c2f0-42f9-a4f7-283d29bf2955" />
    <UnitTestResult executionId="c32dbe27-b0b5-49c5-bae7-ec10e2ef25ee" testId="29c6d260-cd84-ff3c-82a8-89b2873feef9" testName="SoftwareManagement.Api.IntegrationTests.PipelineTests.PublicPing_IsReachableAnonymously" computerName="JSRKMANISHKUMAR" duration="00:00:00.0242316" startTime="2026-09-08T05:25:24.8894459+05:30" endTime="2026-09-08T05:25:24.9134073+05:30" testType="13cdc9d9-ddb5-4fa4-a97d-d965ccfc6d4b" outcome="Passed" testListId="8c84fa94-04c1-424b-9868-57a2d4851a1d" relativeResultsDirectory="c32dbe27-b0b5-49c5-bae7-ec10e2ef25ee" />
    <UnitTestResult executionId="8cf93df6-d442-4bd8-a6db-78058f542c3d" testId="05ad373a-5793-c0f7-c0dd-664a84b0500d" testName="SoftwareManagement.Api.IntegrationTests.PipelineTests.SecurePing_Returns401_ForAGarbageToken" computerName="JSRKMANISHKUMAR" duration="00:00:01.5806001" startTime="2026-09-08T05:25:23.3123968+05:30" endTime="2026-09-08T05:25:24.8542734+05:30" testType="13cdc9d9-ddb5-4fa4-a97d-d965ccfc6d4b" outcome="Passed" testListId="8c84fa94-04c1-424b-9868-57a2d4851a1d" relativeResultsDirectory="8cf93df6-d442-4bd8-a6db-78058f542c3d" />
    <UnitTestResult executionId="0ca73bd5-b58c-4133-8b4b-d9201e686735" testId="08351177-d710-4c67-897f-ff7aba5eadea" testName="SoftwareManagement.Api.IntegrationTests.ReadinessTests.MigrationsHistory_ContainsTheInitialMigration_SoTheSchemaIsBuiltFromMigrationsAlone" computerName="JSRKMANISHKUMAR" duration="00:00:00.0069759" startTime="2026-09-08T05:25:25.4431641+05:30" endTime="2026-09-08T05:25:25.4590507+05:30" testType="13cdc9d9-ddb5-4fa4-a97d-d965ccfc6d4b" outcome="Passed" testListId="8c84fa94-04c1-424b-9868-57a2d4851a1d" relativeResultsDirectory="0ca73bd5-b58c-4133-8b4b-d9201e686735" />
    <UnitTestResult executionId="7142a84c-496e-43aa-a252-fe864163579e" testId="36b625fb-743b-53a8-b934-35c4775d4639" testName="SoftwareManagement.Api.IntegrationTests.InfrastructureRegistrationTests.AddInfrastructure_Throws_WhenTheConnectionStringIsMissing" computerName="JSRKMANISHKUMAR" duration="00:00:00.0109071" startTime="2026-09-08T05:25:24.7764057+05:30" endTime="2026-09-08T05:25:24.7764805+05:30" testType="13cdc9d9-ddb5-4fa4-a97d-d965ccfc6d4b" outcome="Passed" testListId="8c84fa94-04c1-424b-9868-57a2d4851a1d" relativeResultsDirectory="7142a84c-496e-43aa-a252-fe864163579e" />
    <UnitTestResult executionId="c471375d-e7c5-4353-b2e1-a5bd40951dba" testId="a1beba10-c274-0de4-e53e-4ffe2592cd47" testName="SoftwareManagement.Api.IntegrationTests.ReadinessTests.Readiness_Answers200_WhenTheDatabaseIsReachable" computerName="JSRKMANISHKUMAR" duration="00:00:00.0235335" startTime="2026-09-08T05:25:25.3564997+05:30" endTime="2026-09-08T05:25:25.4423140+05:30" testType="13cdc9d9-ddb5-4fa4-a97d-d965ccfc6d4b" outcome="Passed" testListId="8c84fa94-04c1-424b-9868-57a2d4851a1d" relativeResultsDirectory="c471375d-e7c5-4353-b2e1-a5bd40951dba" />
    <UnitTestResult executionId="dcc394fc-5b0c-4157-ab84-bda304762170" testId="58853ba1-246c-9947-d3c2-9d812e5a0016" testName="SoftwareManagement.Api.IntegrationTests.InfrastructureRegistrationTests.AddInfrastructure_RegistersTheDbContextAndTheClock" computerName="JSRKMANISHKUMAR" duration="00:00:00.0044867" startTime="2026-09-08T05:25:24.7735161+05:30" endTime="2026-09-08T05:25:24.7736371+05:30" testType="13cdc9d9-ddb5-4fa4-a97d-d965ccfc6d4b" outcome="Passed" testListId="8c84fa94-04c1-424b-9868-57a2d4851a1d" relativeResultsDirectory="dcc394fc-5b0c-4157-ab84-bda304762170" />
    <UnitTestResult executionId="645110b9-1c50-48b1-b3fb-0ccb1b5e73d8" testId="cb9c3f17-15cd-93b3-0a6d-d91098880341" testName="SoftwareManagement.Api.IntegrationTests.PipelineTests.UnknownRoute_Returns404_AndNeverLeaksAStackTrace" computerName="JSRKMANISHKUMAR" duration="00:00:00.0135528" startTime="2026-09-08T05:25:24.8565951+05:30" endTime="2026-09-08T05:25:24.8708293+05:30" testType="13cdc9d9-ddb5-4fa4-a97d-d965ccfc6d4b" outcome="Passed" testListId="8c84fa94-04c1-424b-9868-57a2d4851a1d" relativeResultsDirectory="645110b9-1c50-48b1-b3fb-0ccb1b5e73d8" />
    <UnitTestResult executionId="a52df6f3-f67a-4154-8b1f-aef3a2ecd071" testId="33e405e1-dace-7f47-bbb0-f632a0a4e6d2" testName="SoftwareManagement.Api.IntegrationTests.InfrastructureRegistrationTests.AddInfrastructure_Throws_WhenTheConnectionStringIsBlank" computerName="JSRKMANISHKUMAR" duration="00:00:00.0074359" startTime="2026-09-08T05:25:24.7755082+05:30" endTime="2026-09-08T05:25:24.7755997+05:30" testType="13cdc9d9-ddb5-4fa4-a97d-d965ccfc6d4b" outcome="Passed" testListId="8c84fa94-04c1-424b-9868-57a2d4851a1d" relativeResultsDirectory="a52df6f3-f67a-4154-8b1f-aef3a2ecd071" />
    <UnitTestResult executionId="c97d0183-2595-4427-90ef-f02deeb1da57" testId="47a6939e-eed9-59bc-303f-527912e03665" testName="SoftwareManagement.Api.IntegrationTests.ReadinessTests.Model_HasNoPendingChanges_SoTheDatabaseMatchesTheCode" computerName="JSRKMANISHKUMAR" duration="00:00:00.0219912" startTime="2026-09-08T05:25:23.3140454+05:30" endTime="2026-09-08T05:25:25.3555813+05:30" testType="13cdc9d9-ddb5-4fa4-a97d-d965ccfc6d4b" outcome="Passed" testListId="8c84fa94-04c1-424b-9868-57a2d4851a1d" relativeResultsDirectory="c97d0183-2595-4427-90ef-f02deeb1da57" />
    <UnitTestResult executionId="23a87fa1-887d-4be0-a447-cff5b7799d32" testId="3618c3b8-74bf-6405-4546-ca16ddd22aca" testName="SoftwareManagement.Api.IntegrationTests.InfrastructureRegistrationTests.SystemClock_ReturnsUtc_NeverLocalTime" computerName="JSRKMANISHKUMAR" duration="00:00:00.0022850" startTime="2026-09-08T05:25:24.7771824+05:30" endTime="2026-09-08T05:25:24.7772481+05:30" testType="13cdc9d9-ddb5-4fa4-a97d-d965ccfc6d4b" outcome="Passed" testListId="8c84fa94-04c1-424b-9868-57a2d4851a1d" relativeResultsDirectory="23a87fa1-887d-4be0-a447-cff5b7799d32" />
    <UnitTestResult executionId="9c187e65-8a64-4cbd-ad50-8e7b706b3e65" testId="724ed3d1-5144-f91e-0cb6-e65d0b2a22a2" testName="SoftwareManagement.Api.IntegrationTests.ReadinessTests.AggregateHealth_Answers200_WhenEveryCheckPasses" computerName="JSRKMANISHKUMAR" duration="00:00:00.0049238" startTime="2026-09-08T05:25:25.4625846+05:30" endTime="2026-09-08T05:25:25.4710864+05:30" testType="13cdc9d9-ddb5-4fa4-a97d-d965ccfc6d4b" outcome="Passed" testListId="8c84fa94-04c1-424b-9868-57a2d4851a1d" relativeResultsDirectory="9c187e65-8a64-4cbd-ad50-8e7b706b3e65" />
  </Results>
  <TestDefinitions>
    <UnitTest name="SoftwareManagement.Api.IntegrationTests.PipelineTests.UnknownRoute_Returns404_AndNeverLeaksAStackTrace" storage="g:\software-management\backend\tests\softwaremanagement.api.integrationtests\bin\release\net10.0\softwaremanagement.api.integrationtests.dll" id="cb9c3f17-15cd-93b3-0a6d-d91098880341">
      <Execution id="645110b9-1c50-48b1-b3fb-0ccb1b5e73d8" />
      <TestMethod codeBase="G:\software-management\backend\tests\SoftwareManagement.Api.IntegrationTests\bin\Release\net10.0\SoftwareManagement.Api.IntegrationTests.dll" adapterTypeName="executor://xunit/VsTestRunner3/netcore/" className="SoftwareManagement.Api.IntegrationTests.PipelineTests" name="UnknownRoute_Returns404_AndNeverLeaksAStackTrace" />
    </UnitTest>
    <UnitTest name="SoftwareManagement.Api.IntegrationTests.PipelineTests.EveryResponse_CarriesTheRequiredSecurityHeaders" storage="g:\software-management\backend\tests\softwaremanagement.api.integrationtests\bin\release\net10.0\softwaremanagement.api.integrationtests.dll" id="1360d691-9702-517e-6889-732774a3a26b">
      <Execution id="33a917f9-c2f0-42f9-a4f7-283d29bf2955" />
      <TestMethod codeBase="G:\software-management\backend\tests\SoftwareManagement.Api.IntegrationTests\bin\Release\net10.0\SoftwareManagement.Api.IntegrationTests.dll" adapterTypeName="executor://xunit/VsTestRunner3/netcore/" className="SoftwareManagement.Api.IntegrationTests.PipelineTests" name="EveryResponse_CarriesTheRequiredSecurityHeaders" />
    </UnitTest>
    <UnitTest name="SoftwareManagement.Api.IntegrationTests.PipelineTests.Liveness_Answers200_WithoutTouchingTheDatabase" storage="g:\software-management\backend\tests\softwaremanagement.api.integrationtests\bin\release\net10.0\softwaremanagement.api.integrationtests.dll" id="a894cfd0-bcc5-5c7c-686d-3565fb0dc6b5">
      <Execution id="a78f0668-1dd9-4cdf-9c49-24a91e8b5ceb" />
      <TestMethod codeBase="G:\software-management\backend\tests\SoftwareManagement.Api.IntegrationTests\bin\Release\net10.0\SoftwareManagement.Api.IntegrationTests.dll" adapterTypeName="executor://xunit/VsTestRunner3/netcore/" className="SoftwareManagement.Api.IntegrationTests.PipelineTests" name="Liveness_Answers200_WithoutTouchingTheDatabase" />
    </UnitTest>
    <UnitTest name="SoftwareManagement.Api.IntegrationTests.InfrastructureRegistrationTests.SystemClock_ReturnsUtc_NeverLocalTime" storage="g:\software-management\backend\tests\softwaremanagement.api.integrationtests\bin\release\net10.0\softwaremanagement.api.integrationtests.dll" id="3618c3b8-74bf-6405-4546-ca16ddd22aca">
      <Execution id="23a87fa1-887d-4be0-a447-cff5b7799d32" />
      <TestMethod codeBase="G:\software-management\backend\tests\SoftwareManagement.Api.IntegrationTests\bin\Release\net10.0\SoftwareManagement.Api.IntegrationTests.dll" adapterTypeName="executor://xunit/VsTestRunner3/netcore/" className="SoftwareManagement.Api.IntegrationTests.InfrastructureRegistrationTests" name="SystemClock_ReturnsUtc_NeverLocalTime" />
    </UnitTest>
    <UnitTest name="SoftwareManagement.Api.IntegrationTests.InfrastructureRegistrationTests.AddInfrastructure_Throws_WhenTheConnectionStringIsMissing" storage="g:\software-management\backend\tests\softwaremanagement.api.integrationtests\bin\release\net10.0\softwaremanagement.api.integrationtests.dll" id="36b625fb-743b-53a8-b934-35c4775d4639">
      <Execution id="7142a84c-496e-43aa-a252-fe864163579e" />
      <TestMethod codeBase="G:\software-management\backend\tests\SoftwareManagement.Api.IntegrationTests\bin\Release\net10.0\SoftwareManagement.Api.IntegrationTests.dll" adapterTypeName="executor://xunit/VsTestRunner3/netcore/" className="SoftwareManagement.Api.IntegrationTests.InfrastructureRegistrationTests" name="AddInfrastructure_Throws_WhenTheConnectionStringIsMissing" />
    </UnitTest>
    <UnitTest name="SoftwareManagement.Api.IntegrationTests.ReadinessTests.Readiness_Answers200_WhenTheDatabaseIsReachable" storage="g:\software-management\backend\tests\softwaremanagement.api.integrationtests\bin\release\net10.0\softwaremanagement.api.integrationtests.dll" id="a1beba10-c274-0de4-e53e-4ffe2592cd47">
      <Execution id="c471375d-e7c5-4353-b2e1-a5bd40951dba" />
      <TestMethod codeBase="G:\software-management\backend\tests\SoftwareManagement.Api.IntegrationTests\bin\Release\net10.0\SoftwareManagement.Api.IntegrationTests.dll" adapterTypeName="executor://xunit/VsTestRunner3/netcore/" className="SoftwareManagement.Api.IntegrationTests.ReadinessTests" name="Readiness_Answers200_WhenTheDatabaseIsReachable" />
    </UnitTest>
    <UnitTest name="SoftwareManagement.Api.IntegrationTests.PipelineTests.PublicPing_IsReachableAnonymously" storage="g:\software-management\backend\tests\softwaremanagement.api.integrationtests\bin\release\net10.0\softwaremanagement.api.integrationtests.dll" id="29c6d260-cd84-ff3c-82a8-89b2873feef9">
      <Execution id="c32dbe27-b0b5-49c5-bae7-ec10e2ef25ee" />
      <TestMethod codeBase="G:\software-management\backend\tests\SoftwareManagement.Api.IntegrationTests\bin\Release\net10.0\SoftwareManagement.Api.IntegrationTests.dll" adapterTypeName="executor://xunit/VsTestRunner3/netcore/" className="SoftwareManagement.Api.IntegrationTests.PipelineTests" name="PublicPing_IsReachableAnonymously" />
    </UnitTest>
    <UnitTest name="SoftwareManagement.Api.IntegrationTests.InfrastructureRegistrationTests.AddInfrastructure_RegistersTheDbContextAndTheClock" storage="g:\software-management\backend\tests\softwaremanagement.api.integrationtests\bin\release\net10.0\softwaremanagement.api.integrationtests.dll" id="58853ba1-246c-9947-d3c2-9d812e5a0016">
      <Execution id="dcc394fc-5b0c-4157-ab84-bda304762170" />
      <TestMethod codeBase="G:\software-management\backend\tests\SoftwareManagement.Api.IntegrationTests\bin\Release\net10.0\SoftwareManagement.Api.IntegrationTests.dll" adapterTypeName="executor://xunit/VsTestRunner3/netcore/" className="SoftwareManagement.Api.IntegrationTests.InfrastructureRegistrationTests" name="AddInfrastructure_RegistersTheDbContextAndTheClock" />
    </UnitTest>
    <UnitTest name="SoftwareManagement.Api.IntegrationTests.PipelineTests.SecurePing_Returns401_ForAGarbageToken" storage="g:\software-management\backend\tests\softwaremanagement.api.integrationtests\bin\release\net10.0\softwaremanagement.api.integrationtests.dll" id="05ad373a-5793-c0f7-c0dd-664a84b0500d">
      <Execution id="8cf93df6-d442-4bd8-a6db-78058f542c3d" />
      <TestMethod codeBase="G:\software-management\backend\tests\SoftwareManagement.Api.IntegrationTests\bin\Release\net10.0\SoftwareManagement.Api.IntegrationTests.dll" adapterTypeName="executor://xunit/VsTestRunner3/netcore/" className="SoftwareManagement.Api.IntegrationTests.PipelineTests" name="SecurePing_Returns401_ForAGarbageToken" />
    </UnitTest>
    <UnitTest name="SoftwareManagement.Api.IntegrationTests.ReadinessTests.Model_HasNoPendingChanges_SoTheDatabaseMatchesTheCode" storage="g:\software-management\backend\tests\softwaremanagement.api.integrationtests\bin\release\net10.0\softwaremanagement.api.integrationtests.dll" id="47a6939e-eed9-59bc-303f-527912e03665">
      <Execution id="c97d0183-2595-4427-90ef-f02deeb1da57" />
      <TestMethod codeBase="G:\software-management\backend\tests\SoftwareManagement.Api.IntegrationTests\bin\Release\net10.0\SoftwareManagement.Api.IntegrationTests.dll" adapterTypeName="executor://xunit/VsTestRunner3/netcore/" className="SoftwareManagement.Api.IntegrationTests.ReadinessTests" name="Model_HasNoPendingChanges_SoTheDatabaseMatchesTheCode" />
    </UnitTest>
    <UnitTest name="SoftwareManagement.Api.IntegrationTests.InfrastructureRegistrationTests.DesignTimeFactory_CreatesAContextSoMigrationsCanBeGeneratedWithoutStartingTheApi" storage="g:\software-management\backend\tests\softwaremanagement.api.integrationtests\bin\release\net10.0\softwaremanagement.api.integrationtests.dll" id="38c2c976-d411-7f6f-0d78-bfd32eb44a8c">
      <Execution id="41209056-2e21-41f0-b122-18cb905712a2" />
      <TestMethod codeBase="G:\software-management\backend\tests\SoftwareManagement.Api.IntegrationTests\bin\Release\net10.0\SoftwareManagement.Api.IntegrationTests.dll" adapterTypeName="executor://xunit/VsTestRunner3/netcore/" className="SoftwareManagement.Api.IntegrationTests.InfrastructureRegistrationTests" name="DesignTimeFactory_CreatesAContextSoMigrationsCanBeGeneratedWithoutStartingTheApi" />
    </UnitTest>
    <UnitTest name="SoftwareManagement.Api.IntegrationTests.ReadinessTests.MigrationsHistory_ContainsTheInitialMigration_SoTheSchemaIsBuiltFromMigrationsAlone" storage="g:\software-management\backend\tests\softwaremanagement.api.integrationtests\bin\release\net10.0\softwaremanagement.api.integrationtests.dll" id="08351177-d710-4c67-897f-ff7aba5eadea">
      <Execution id="0ca73bd5-b58c-4133-8b4b-d9201e686735" />
      <TestMethod codeBase="G:\software-management\backend\tests\SoftwareManagement.Api.IntegrationTests\bin\Release\net10.0\SoftwareManagement.Api.IntegrationTests.dll" adapterTypeName="executor://xunit/VsTestRunner3/netcore/" className="SoftwareManagement.Api.IntegrationTests.ReadinessTests" name="MigrationsHistory_ContainsTheInitialMigration_SoTheSchemaIsBuiltFromMigrationsAlone" />
    </UnitTest>
    <UnitTest name="SoftwareManagement.Api.IntegrationTests.ReadinessTests.AggregateHealth_Answers200_WhenEveryCheckPasses" storage="g:\software-management\backend\tests\softwaremanagement.api.integrationtests\bin\release\net10.0\softwaremanagement.api.integrationtests.dll" id="724ed3d1-5144-f91e-0cb6-e65d0b2a22a2">
      <Execution id="9c187e65-8a64-4cbd-ad50-8e7b706b3e65" />
      <TestMethod codeBase="G:\software-management\backend\tests\SoftwareManagement.Api.IntegrationTests\bin\Release\net10.0\SoftwareManagement.Api.IntegrationTests.dll" adapterTypeName="executor://xunit/VsTestRunner3/netcore/" className="SoftwareManagement.Api.IntegrationTests.ReadinessTests" name="AggregateHealth_Answers200_WhenEveryCheckPasses" />
    </UnitTest>
    <UnitTest name="SoftwareManagement.Api.IntegrationTests.PipelineTests.SecurePing_Returns401_ForAnAnonymousCaller" storage="g:\software-management\backend\tests\softwaremanagement.api.integrationtests\bin\release\net10.0\softwaremanagement.api.integrationtests.dll" id="fcabc442-49ea-ed54-3d5f-079426aad631">
      <Execution id="353ec7b9-dd77-4719-9d36-1228278e89ac" />
      <TestMethod codeBase="G:\software-management\backend\tests\SoftwareManagement.Api.IntegrationTests\bin\Release\net10.0\SoftwareManagement.Api.IntegrationTests.dll" adapterTypeName="executor://xunit/VsTestRunner3/netcore/" className="SoftwareManagement.Api.IntegrationTests.PipelineTests" name="SecurePing_Returns401_ForAnAnonymousCaller" />
    </UnitTest>
    <UnitTest name="SoftwareManagement.Api.IntegrationTests.InfrastructureRegistrationTests.AddInfrastructure_Throws_WhenTheConnectionStringIsBlank" storage="g:\software-management\backend\tests\softwaremanagement.api.integrationtests\bin\release\net10.0\softwaremanagement.api.integrationtests.dll" id="33e405e1-dace-7f47-bbb0-f632a0a4e6d2">
      <Execution id="a52df6f3-f67a-4154-8b1f-aef3a2ecd071" />
      <TestMethod codeBase="G:\software-management\backend\tests\SoftwareManagement.Api.IntegrationTests\bin\Release\net10.0\SoftwareManagement.Api.IntegrationTests.dll" adapterTypeName="executor://xunit/VsTestRunner3/netcore/" className="SoftwareManagement.Api.IntegrationTests.InfrastructureRegistrationTests" name="AddInfrastructure_Throws_WhenTheConnectionStringIsBlank" />
    </UnitTest>
  </TestDefinitions>
  <TestEntries>
    <TestEntry testId="a894cfd0-bcc5-5c7c-686d-3565fb0dc6b5" executionId="a78f0668-1dd9-4cdf-9c49-24a91e8b5ceb" testListId="8c84fa94-04c1-424b-9868-57a2d4851a1d" />
    <TestEntry testId="fcabc442-49ea-ed54-3d5f-079426aad631" executionId="353ec7b9-dd77-4719-9d36-1228278e89ac" testListId="8c84fa94-04c1-424b-9868-57a2d4851a1d" />
    <TestEntry testId="38c2c976-d411-7f6f-0d78-bfd32eb44a8c" executionId="41209056-2e21-41f0-b122-18cb905712a2" testListId="8c84fa94-04c1-424b-9868-57a2d4851a1d" />
    <TestEntry testId="1360d691-9702-517e-6889-732774a3a26b" executionId="33a917f9-c2f0-42f9-a4f7-283d29bf2955" testListId="8c84fa94-04c1-424b-9868-57a2d4851a1d" />
    <TestEntry testId="29c6d260-cd84-ff3c-82a8-89b2873feef9" executionId="c32dbe27-b0b5-49c5-bae7-ec10e2ef25ee" testListId="8c84fa94-04c1-424b-9868-57a2d4851a1d" />
    <TestEntry testId="05ad373a-5793-c0f7-c0dd-664a84b0500d" executionId="8cf93df6-d442-4bd8-a6db-78058f542c3d" testListId="8c84fa94-04c1-424b-9868-57a2d4851a1d" />
    <TestEntry testId="08351177-d710-4c67-897f-ff7aba5eadea" executionId="0ca73bd5-b58c-4133-8b4b-d9201e686735" testListId="8c84fa94-04c1-424b-9868-57a2d4851a1d" />
    <TestEntry testId="36b625fb-743b-53a8-b934-35c4775d4639" executionId="7142a84c-496e-43aa-a252-fe864163579e" testListId="8c84fa94-04c1-424b-9868-57a2d4851a1d" />
    <TestEntry testId="a1beba10-c274-0de4-e53e-4ffe2592cd47" executionId="c471375d-e7c5-4353-b2e1-a5bd40951dba" testListId="8c84fa94-04c1-424b-9868-57a2d4851a1d" />
    <TestEntry testId="58853ba1-246c-9947-d3c2-9d812e5a0016" executionId="dcc394fc-5b0c-4157-ab84-bda304762170" testListId="8c84fa94-04c1-424b-9868-57a2d4851a1d" />
    <TestEntry testId="cb9c3f17-15cd-93b3-0a6d-d91098880341" executionId="645110b9-1c50-48b1-b3fb-0ccb1b5e73d8" testListId="8c84fa94-04c1-424b-9868-57a2d4851a1d" />
    <TestEntry testId="33e405e1-dace-7f47-bbb0-f632a0a4e6d2" executionId="a52df6f3-f67a-4154-8b1f-aef3a2ecd071" testListId="8c84fa94-04c1-424b-9868-57a2d4851a1d" />
    <TestEntry testId="47a6939e-eed9-59bc-303f-527912e03665" executionId="c97d0183-2595-4427-90ef-f02deeb1da57" testListId="8c84fa94-04c1-424b-9868-57a2d4851a1d" />
    <TestEntry testId="3618c3b8-74bf-6405-4546-ca16ddd22aca" executionId="23a87fa1-887d-4be0-a447-cff5b7799d32" testListId="8c84fa94-04c1-424b-9868-57a2d4851a1d" />
    <TestEntry testId="724ed3d1-5144-f91e-0cb6-e65d0b2a22a2" executionId="9c187e65-8a64-4cbd-ad50-8e7b706b3e65" testListId="8c84fa94-04c1-424b-9868-57a2d4851a1d" />
  </TestEntries>
  <TestLists>
    <TestList name="Results Not in a List" id="8c84fa94-04c1-424b-9868-57a2d4851a1d" />
    <TestList name="All Loaded Results" id="19431567-8539-422a-85d7-44ee4e166bda" />
  </TestLists>
  <ResultSummary outcome="Completed">
    <Counters total="15" executed="15" passed="15" failed="0" error="0" timeout="0" aborted="0" inconclusive="0" passedButRunAborted="0" notRunnable="0" notExecuted="0" disconnected="0" warning="0" completed="0" inProgress="0" pending="0" />
    <Output>
      <StdOut>[xUnit.net 00:00:00.00] xUnit.net VSTest Adapter v3.1.4+50e68bbb8b (64-bit .NET 10.0.11)&#xD;
[xUnit.net 00:00:02.06]   Discovering: SoftwareManagement.Api.IntegrationTests&#xD;
[xUnit.net 00:00:02.12]   Discovered:  SoftwareManagement.Api.IntegrationTests&#xD;
[xUnit.net 00:00:02.14]   Starting:    SoftwareManagement.Api.IntegrationTests&#xD;
[xUnit.net 00:00:04.38]   Finished:    SoftwareManagement.Api.IntegrationTests&#xD;
</StdOut>
    </Output>
    <CollectorDataEntries>
      <Collector agentName="JSRKMANISHKUMAR" uri="datacollector://microsoft/CoverletCodeCoverage/1.0" collectorDisplayName="XPlat code coverage">
        <UriAttachments>
          <UriAttachment>
            <A href="JSRKMANISHKUMAR\coverage.cobertura.xml"></A>
          </UriAttachment>
        </UriAttachments>
      </Collector>
    </CollectorDataEntries>
  </ResultSummary>
</TestRun>