<?xml version="1.0" encoding="utf-8"?>
<TestRun id="29387528-1443-4d32-bf8f-8ae234cd08b3" name="jsrkm@JSRKMANISHKUMAR 2026-09-21 07:32:27" runUser="JSRKMANISHKUMAR\jsrkm" xmlns="http://microsoft.com/schemas/VisualStudio/TeamTest/2010">
  <Times creation="2026-09-21T07:32:27.9804495+05:30" queuing="2026-09-21T07:32:27.9804498+05:30" start="2026-09-21T07:32:21.9409793+05:30" finish="2026-09-21T07:32:28.0619297+05:30" />
  <TestSettings name="default" id="4864f934-d565-47c9-9e85-82d595e123f6">
    <Deployment runDeploymentRoot="jsrkm_JSRKMANISHKUMAR_2026-09-21_07_32_27" />
  </TestSettings>
  <Results>
    <UnitTestResult executionId="c137f45b-6bf4-4161-b8da-6a8cae6dfa25" testId="c32dafac-502a-ed08-f806-cddd929722b8" testName="SoftwareManagement.Application.Tests.Common.SlugTests.From_TruncatesAtTheMaximumLengthWithoutLeavingATrailingHyphen" computerName="JSRKMANISHKUMAR" duration="00:00:00.0352854" startTime="2026-09-21T07:32:27.9692750+05:30" endTime="2026-09-21T07:32:27.9816493+05:30" testType="13cdc9d9-ddb5-4fa4-a97d-d965ccfc6d4b" outcome="Passed" testListId="8c84fa94-04c1-424b-9868-57a2d4851a1d" relativeResultsDirectory="c137f45b-6bf4-4161-b8da-6a8cae6dfa25" />
    <UnitTestResult executionId="38b54c9d-527b-4e6c-9d00-5b61c5333db4" testId="00a27300-d68f-0324-1004-08c28767f505" testName="SoftwareManagement.Application.Tests.Common.SlugTests.IsValid_AcceptsAWellFormedSlug(slug: &quot;hospital-management-system&quot;)" computerName="JSRKMANISHKUMAR" duration="00:00:00.0003066" startTime="2026-09-21T07:32:27.9649714+05:30" endTime="2026-09-21T07:32:27.9650280+05:30" testType="13cdc9d9-ddb5-4fa4-a97d-d965ccfc6d4b" outcome="Passed" testListId="8c84fa94-04c1-424b-9868-57a2d4851a1d" relativeResultsDirectory="38b54c9d-527b-4e6c-9d00-5b61c5333db4" />
    <UnitTestResult executionId="e4797312-eac0-4cd5-9232-46e010cd0d77" testId="713dc244-2b97-7c96-8573-a102852cc5cd" testName="SoftwareManagement.Application.Tests.Common.SlugTests.IsValid_AcceptsAWellFormedSlug(slug: &quot;erp&quot;)" computerName="JSRKMANISHKUMAR" duration="00:00:00.0001175" startTime="2026-09-21T07:32:27.9651289+05:30" endTime="2026-09-21T07:32:27.9651887+05:30" testType="13cdc9d9-ddb5-4fa4-a97d-d965ccfc6d4b" outcome="Passed" testListId="8c84fa94-04c1-424b-9868-57a2d4851a1d" relativeResultsDirectory="e4797312-eac0-4cd5-9232-46e010cd0d77" />
    <UnitTestResult executionId="015db002-4b58-4d14-bc66-30c0f17e0cc4" testId="66be6fb1-9a6d-7afd-9795-5ea827c7f10b" testName="SoftwareManagement.Application.Tests.Common.SlugTests.IsValid_RejectsAMalformedSlug(slug: &quot;trailing-&quot;)" computerName="JSRKMANISHKUMAR" duration="00:00:00.0000049" startTime="2026-09-21T07:32:27.9558795+05:30" endTime="2026-09-21T07:32:27.9559448+05:30" testType="13cdc9d9-ddb5-4fa4-a97d-d965ccfc6d4b" outcome="Passed" testListId="8c84fa94-04c1-424b-9868-57a2d4851a1d" relativeResultsDirectory="015db002-4b58-4d14-bc66-30c0f17e0cc4" />
    <UnitTestResult executionId="51e0764b-3173-4f7a-9f0d-9d2a1c4f98ff" testId="06b109b8-a161-a8f3-3af8-8bd97fa15b4c" testName="SoftwareManagement.Application.Tests.Common.SlugTests.IsValid_RejectsAMalformedSlug(slug: &quot;-leading&quot;)" computerName="JSRKMANISHKUMAR" duration="00:00:00.0000062" startTime="2026-09-21T07:32:27.9553866+05:30" endTime="2026-09-21T07:32:27.9554418+05:30" testType="13cdc9d9-ddb5-4fa4-a97d-d965ccfc6d4b" outcome="Passed" testListId="8c84fa94-04c1-424b-9868-57a2d4851a1d" relativeResultsDirectory="51e0764b-3173-4f7a-9f0d-9d2a1c4f98ff" />
    <UnitTestResult executionId="610a5ba9-3583-446a-b7b7-3b5bb5425c34" testId="74880f2c-25f9-11a5-4aba-e0bdc04c652f" testName="SoftwareManagement.Application.Tests.Common.SlugTests.IsValid_AcceptsAWellFormedSlug(slug: &quot;v2-billing&quot;)" computerName="JSRKMANISHKUMAR" duration="00:00:00.0000068" startTime="2026-09-21T07:32:27.9652976+05:30" endTime="2026-09-21T07:32:27.9653601+05:30" testType="13cdc9d9-ddb5-4fa4-a97d-d965ccfc6d4b" outcome="Passed" testListId="8c84fa94-04c1-424b-9868-57a2d4851a1d" relativeResultsDirectory="610a5ba9-3583-446a-b7b7-3b5bb5425c34" />
    <UnitTestResult executionId="776aef75-a55e-4f6a-9bd9-491573d50c30" testId="8f5c1a71-6fe9-6754-412f-156deb5e2642" testName="SoftwareManagement.Application.Tests.Common.SlugTests.IsValid_RejectsAMalformedSlug(slug: &quot;ab&quot;)" computerName="JSRKMANISHKUMAR" duration="00:00:00.1466887" startTime="2026-09-21T07:32:27.8146641+05:30" endTime="2026-09-21T07:32:27.9414228+05:30" testType="13cdc9d9-ddb5-4fa4-a97d-d965ccfc6d4b" outcome="Passed" testListId="8c84fa94-04c1-424b-9868-57a2d4851a1d" relativeResultsDirectory="776aef75-a55e-4f6a-9bd9-491573d50c30" />
    <UnitTestResult executionId="7f7c4af7-3d0f-4cfa-966f-c558b329191f" testId="49482f24-7b25-80fa-2f89-b08de41ea123" testName="SoftwareManagement.Application.Tests.Common.SlugTests.From_ProducesAUrlSafeSlug(input: &quot;  ERP  for   SMBs  &quot;, expected: &quot;erp-for-smbs&quot;)" computerName="JSRKMANISHKUMAR" duration="00:00:00.0001851" startTime="2026-09-21T07:32:27.9659306+05:30" endTime="2026-09-21T07:32:27.9659877+05:30" testType="13cdc9d9-ddb5-4fa4-a97d-d965ccfc6d4b" outcome="Passed" testListId="8c84fa94-04c1-424b-9868-57a2d4851a1d" relativeResultsDirectory="7f7c4af7-3d0f-4cfa-966f-c558b329191f" />
    <UnitTestResult executionId="3ec2fff5-b0eb-4fc9-8731-d941e2dde2c6" testId="74d94025-3024-4786-3932-f1cabeab3e6f" testName="SoftwareManagement.Application.Tests.Common.SlugTests.From_ProducesAUrlSafeSlug(input: &quot;Hospital Management System&quot;, expected: &quot;hospital-management-system&quot;)" computerName="JSRKMANISHKUMAR" duration="00:00:00.0001423" startTime="2026-09-21T07:32:27.9660954+05:30" endTime="2026-09-21T07:32:27.9664502+05:30" testType="13cdc9d9-ddb5-4fa4-a97d-d965ccfc6d4b" outcome="Passed" testListId="8c84fa94-04c1-424b-9868-57a2d4851a1d" relativeResultsDirectory="3ec2fff5-b0eb-4fc9-8731-d941e2dde2c6" />
    <UnitTestResult executionId="d90d0bfe-da40-4e04-8c13-29de51d753bf" testId="909dd409-61f6-c458-2b91-ff0eec25952a" testName="SoftwareManagement.Application.Tests.Common.SlugTests.From_ProducesAUrlSafeSlug(input: &quot;Billing &amp; Invoicing 2.0&quot;, expected: &quot;billing-invoicing-2-0&quot;)" computerName="JSRKMANISHKUMAR" duration="00:00:00.0000073" startTime="2026-09-21T07:32:27.9666358+05:30" endTime="2026-09-21T07:32:27.9667191+05:30" testType="13cdc9d9-ddb5-4fa4-a97d-d965ccfc6d4b" outcome="Passed" testListId="8c84fa94-04c1-424b-9868-57a2d4851a1d" relativeResultsDirectory="d90d0bfe-da40-4e04-8c13-29de51d753bf" />
    <UnitTestResult executionId="2f8e08aa-7b64-480d-9439-d1dcc83ca515" testId="8be76320-4a69-3f7c-c3ce-d7de6c794463" testName="SoftwareManagement.Application.Tests.Common.SlugTests.IsValid_RejectsAMalformedSlug(slug: &quot;&quot;)" computerName="JSRKMANISHKUMAR" duration="00:00:00.0000036" startTime="2026-09-21T07:32:27.9563388+05:30" endTime="2026-09-21T07:32:27.9563907+05:30" testType="13cdc9d9-ddb5-4fa4-a97d-d965ccfc6d4b" outcome="Passed" testListId="8c84fa94-04c1-424b-9868-57a2d4851a1d" relativeResultsDirectory="2f8e08aa-7b64-480d-9439-d1dcc83ca515" />
    <UnitTestResult executionId="b85a0dad-9af4-4c84-b33d-4b4e2294137c" testId="2e91ee3e-f89a-7198-cfe5-e05f4279caab" testName="SoftwareManagement.Application.Tests.Common.SlugTests.IsValid_RejectsAMalformedSlug(slug: &quot;under_score&quot;)" computerName="JSRKMANISHKUMAR" duration="00:00:00.0000033" startTime="2026-09-21T07:32:27.9560418+05:30" endTime="2026-09-21T07:32:27.9560951+05:30" testType="13cdc9d9-ddb5-4fa4-a97d-d965ccfc6d4b" outcome="Passed" testListId="8c84fa94-04c1-424b-9868-57a2d4851a1d" relativeResultsDirectory="b85a0dad-9af4-4c84-b33d-4b4e2294137c" />
    <UnitTestResult executionId="90e5bc1d-3c36-4ac8-987b-df75de3f020c" testId="39883891-3df4-f9be-1411-99a8c035d976" testName="SoftwareManagement.Application.Tests.Common.SlugTests.IsValid_RejectsAMalformedSlug(slug: &quot;has space&quot;)" computerName="JSRKMANISHKUMAR" duration="00:00:00.0001792" startTime="2026-09-21T07:32:27.9545423+05:30" endTime="2026-09-21T07:32:27.9546359+05:30" testType="13cdc9d9-ddb5-4fa4-a97d-d965ccfc6d4b" outcome="Passed" testListId="8c84fa94-04c1-424b-9868-57a2d4851a1d" relativeResultsDirectory="90e5bc1d-3c36-4ac8-987b-df75de3f020c" />
    <UnitTestResult executionId="7f20745a-ac78-4459-a840-f768ce9c0d14" testId="ada2f863-883c-36f8-1541-457a6ab275b4" testName="SoftwareManagement.Application.Tests.Common.SlugTests.IsValid_RejectsAMalformedSlug(slug: &quot;double--hyphen&quot;)" computerName="JSRKMANISHKUMAR" duration="00:00:00.0000030" startTime="2026-09-21T07:32:27.9561929+05:30" endTime="2026-09-21T07:32:27.9562433+05:30" testType="13cdc9d9-ddb5-4fa4-a97d-d965ccfc6d4b" outcome="Passed" testListId="8c84fa94-04c1-424b-9868-57a2d4851a1d" relativeResultsDirectory="7f20745a-ac78-4459-a840-f768ce9c0d14" />
    <UnitTestResult executionId="bb66fb77-3020-459e-9c59-e3c623448022" testId="c7aaaa16-16fa-74bb-a810-c51020c44294" testName="SoftwareManagement.Application.Tests.Common.SlugTests.From_ReturnsEmpty_WhenNothingUsableRemains" computerName="JSRKMANISHKUMAR" duration="00:00:00.0003249" startTime="2026-09-21T07:32:27.9647629+05:30" endTime="2026-09-21T07:32:27.9648220+05:30" testType="13cdc9d9-ddb5-4fa4-a97d-d965ccfc6d4b" outcome="Passed" testListId="8c84fa94-04c1-424b-9868-57a2d4851a1d" relativeResultsDirectory="bb66fb77-3020-459e-9c59-e3c623448022" />
    <UnitTestResult executionId="ba1458fa-2a5d-4496-a6f8-caa22369b787" testId="714e5835-2e56-1360-e2d8-25bbf098428a" testName="SoftwareManagement.Application.Tests.Common.SlugTests.From_FoldsAccentsInsteadOfDroppingTheWord" computerName="JSRKMANISHKUMAR" duration="00:00:00.0022399" startTime="2026-09-21T07:32:27.9644776+05:30" endTime="2026-09-21T07:32:27.9645515+05:30" testType="13cdc9d9-ddb5-4fa4-a97d-d965ccfc6d4b" outcome="Passed" testListId="8c84fa94-04c1-424b-9868-57a2d4851a1d" relativeResultsDirectory="ba1458fa-2a5d-4496-a6f8-caa22369b787" />
    <UnitTestResult executionId="4ecbd1d9-63a4-410a-96a4-f395208e76b3" testId="79bf6c31-d76e-8929-7ed4-d6d786039fc4" testName="SoftwareManagement.Application.Tests.Common.SlugTests.IsValid_RejectsAMalformedSlug(slug: null)" computerName="JSRKMANISHKUMAR" duration="00:00:00.0000032" startTime="2026-09-21T07:32:27.9555548+05:30" endTime="2026-09-21T07:32:27.9556100+05:30" testType="13cdc9d9-ddb5-4fa4-a97d-d965ccfc6d4b" outcome="Passed" testListId="8c84fa94-04c1-424b-9868-57a2d4851a1d" relativeResultsDirectory="4ecbd1d9-63a4-410a-96a4-f395208e76b3" />
    <UnitTestResult executionId="851ec857-aea1-419f-b0d9-4feaafd475bd" testId="54b5ac1e-3971-26ab-33d5-d3a7d2c24f9a" testName="SoftwareManagement.Application.Tests.Common.SlugTests.IsValid_RejectsASlugLongerThanTheColumn" computerName="JSRKMANISHKUMAR" duration="00:00:00.0001864" startTime="2026-09-21T07:32:27.9657287+05:30" endTime="2026-09-21T07:32:27.9657883+05:30" testType="13cdc9d9-ddb5-4fa4-a97d-d965ccfc6d4b" outcome="Passed" testListId="8c84fa94-04c1-424b-9868-57a2d4851a1d" relativeResultsDirectory="851ec857-aea1-419f-b0d9-4feaafd475bd" />
    <UnitTestResult executionId="c405b255-43b3-4136-9901-4b6cabdeee6a" testId="a72be7ea-1f1c-7135-08d6-2bd0624c6f5c" testName="SoftwareManagement.Application.Tests.Common.SlugTests.IsValid_RejectsAMalformedSlug(slug: &quot;Upper-Case&quot;)" computerName="JSRKMANISHKUMAR" duration="00:00:00.0000028" startTime="2026-09-21T07:32:27.9557229+05:30" endTime="2026-09-21T07:32:27.9557785+05:30" testType="13cdc9d9-ddb5-4fa4-a97d-d965ccfc6d4b" outcome="Passed" testListId="8c84fa94-04c1-424b-9868-57a2d4851a1d" relativeResultsDirectory="c405b255-43b3-4136-9901-4b6cabdeee6a" />
  </Results>
  <TestDefinitions>
    <UnitTest name="SoftwareManagement.Application.Tests.Common.SlugTests.IsValid_RejectsAMalformedSlug(slug: &quot;double--hyphen&quot;)" storage="g:\software-management\backend\tests\softwaremanagement.application.tests\bin\debug\net10.0\softwaremanagement.application.tests.dll" id="ada2f863-883c-36f8-1541-457a6ab275b4">
      <Execution id="7f20745a-ac78-4459-a840-f768ce9c0d14" />
      <TestMethod codeBase="G:\software-management\backend\tests\SoftwareManagement.Application.Tests\bin\Debug\net10.0\SoftwareManagement.Application.Tests.dll" adapterTypeName="executor://xunit/VsTestRunner3/netcore/" className="SoftwareManagement.Application.Tests.Common.SlugTests" name="IsValid_RejectsAMalformedSlug" />
    </UnitTest>
    <UnitTest name="SoftwareManagement.Application.Tests.Common.SlugTests.From_ProducesAUrlSafeSlug(input: &quot;  ERP  for   SMBs  &quot;, expected: &quot;erp-for-smbs&quot;)" storage="g:\software-management\backend\tests\softwaremanagement.application.tests\bin\debug\net10.0\softwaremanagement.application.tests.dll" id="49482f24-7b25-80fa-2f89-b08de41ea123">
      <Execution id="7f7c4af7-3d0f-4cfa-966f-c558b329191f" />
      <TestMethod codeBase="G:\software-management\backend\tests\SoftwareManagement.Application.Tests\bin\Debug\net10.0\SoftwareManagement.Application.Tests.dll" adapterTypeName="executor://xunit/VsTestRunner3/netcore/" className="SoftwareManagement.Application.Tests.Common.SlugTests" name="From_ProducesAUrlSafeSlug" />
    </UnitTest>
    <UnitTest name="SoftwareManagement.Application.Tests.Common.SlugTests.IsValid_RejectsAMalformedSlug(slug: &quot;-leading&quot;)" storage="g:\software-management\backend\tests\softwaremanagement.application.tests\bin\debug\net10.0\softwaremanagement.application.tests.dll" id="06b109b8-a161-a8f3-3af8-8bd97fa15b4c">
      <Execution id="51e0764b-3173-4f7a-9f0d-9d2a1c4f98ff" />
      <TestMethod codeBase="G:\software-management\backend\tests\SoftwareManagement.Application.Tests\bin\Debug\net10.0\SoftwareManagement.Application.Tests.dll" adapterTypeName="executor://xunit/VsTestRunner3/netcore/" className="SoftwareManagement.Application.Tests.Common.SlugTests" name="IsValid_RejectsAMalformedSlug" />
    </UnitTest>
    <UnitTest name="SoftwareManagement.Application.Tests.Common.SlugTests.IsValid_RejectsAMalformedSlug(slug: &quot;ab&quot;)" storage="g:\software-management\backend\tests\softwaremanagement.application.tests\bin\debug\net10.0\softwaremanagement.application.tests.dll" id="8f5c1a71-6fe9-6754-412f-156deb5e2642">
      <Execution id="776aef75-a55e-4f6a-9bd9-491573d50c30" />
      <TestMethod codeBase="G:\software-management\backend\tests\SoftwareManagement.Application.Tests\bin\Debug\net10.0\SoftwareManagement.Application.Tests.dll" adapterTypeName="executor://xunit/VsTestRunner3/netcore/" className="SoftwareManagement.Application.Tests.Common.SlugTests" name="IsValid_RejectsAMalformedSlug" />
    </UnitTest>
    <UnitTest name="SoftwareManagement.Application.Tests.Common.SlugTests.From_ProducesAUrlSafeSlug(input: &quot;Billing &amp; Invoicing 2.0&quot;, expected: &quot;billing-invoicing-2-0&quot;)" storage="g:\software-management\backend\tests\softwaremanagement.application.tests\bin\debug\net10.0\softwaremanagement.application.tests.dll" id="909dd409-61f6-c458-2b91-ff0eec25952a">
      <Execution id="d90d0bfe-da40-4e04-8c13-29de51d753bf" />
      <TestMethod codeBase="G:\software-management\backend\tests\SoftwareManagement.Application.Tests\bin\Debug\net10.0\SoftwareManagement.Application.Tests.dll" adapterTypeName="executor://xunit/VsTestRunner3/netcore/" className="SoftwareManagement.Application.Tests.Common.SlugTests" name="From_ProducesAUrlSafeSlug" />
    </UnitTest>
    <UnitTest name="SoftwareManagement.Application.Tests.Common.SlugTests.IsValid_RejectsASlugLongerThanTheColumn" storage="g:\software-management\backend\tests\softwaremanagement.application.tests\bin\debug\net10.0\softwaremanagement.application.tests.dll" id="54b5ac1e-3971-26ab-33d5-d3a7d2c24f9a">
      <Execution id="851ec857-aea1-419f-b0d9-4feaafd475bd" />
      <TestMethod codeBase="G:\software-management\backend\tests\SoftwareManagement.Application.Tests\bin\Debug\net10.0\SoftwareManagement.Application.Tests.dll" adapterTypeName="executor://xunit/VsTestRunner3/netcore/" className="SoftwareManagement.Application.Tests.Common.SlugTests" name="IsValid_RejectsASlugLongerThanTheColumn" />
    </UnitTest>
    <UnitTest name="SoftwareManagement.Application.Tests.Common.SlugTests.From_ProducesAUrlSafeSlug(input: &quot;Hospital Management System&quot;, expected: &quot;hospital-management-system&quot;)" storage="g:\software-management\backend\tests\softwaremanagement.application.tests\bin\debug\net10.0\softwaremanagement.application.tests.dll" id="74d94025-3024-4786-3932-f1cabeab3e6f">
      <Execution id="3ec2fff5-b0eb-4fc9-8731-d941e2dde2c6" />
      <TestMethod codeBase="G:\software-management\backend\tests\SoftwareManagement.Application.Tests\bin\Debug\net10.0\SoftwareManagement.Application.Tests.dll" adapterTypeName="executor://xunit/VsTestRunner3/netcore/" className="SoftwareManagement.Application.Tests.Common.SlugTests" name="From_ProducesAUrlSafeSlug" />
    </UnitTest>
    <UnitTest name="SoftwareManagement.Application.Tests.Common.SlugTests.IsValid_AcceptsAWellFormedSlug(slug: &quot;v2-billing&quot;)" storage="g:\software-management\backend\tests\softwaremanagement.application.tests\bin\debug\net10.0\softwaremanagement.application.tests.dll" id="74880f2c-25f9-11a5-4aba-e0bdc04c652f">
      <Execution id="610a5ba9-3583-446a-b7b7-3b5bb5425c34" />
      <TestMethod codeBase="G:\software-management\backend\tests\SoftwareManagement.Application.Tests\bin\Debug\net10.0\SoftwareManagement.Application.Tests.dll" adapterTypeName="executor://xunit/VsTestRunner3/netcore/" className="SoftwareManagement.Application.Tests.Common.SlugTests" name="IsValid_AcceptsAWellFormedSlug" />
    </UnitTest>
    <UnitTest name="SoftwareManagement.Application.Tests.Common.SlugTests.IsValid_RejectsAMalformedSlug(slug: null)" storage="g:\software-management\backend\tests\softwaremanagement.application.tests\bin\debug\net10.0\softwaremanagement.application.tests.dll" id="79bf6c31-d76e-8929-7ed4-d6d786039fc4">
      <Execution id="4ecbd1d9-63a4-410a-96a4-f395208e76b3" />
      <TestMethod codeBase="G:\software-management\backend\tests\SoftwareManagement.Application.Tests\bin\Debug\net10.0\SoftwareManagement.Application.Tests.dll" adapterTypeName="executor://xunit/VsTestRunner3/netcore/" className="SoftwareManagement.Application.Tests.Common.SlugTests" name="IsValid_RejectsAMalformedSlug" />
    </UnitTest>
    <UnitTest name="SoftwareManagement.Application.Tests.Common.SlugTests.IsValid_RejectsAMalformedSlug(slug: &quot;trailing-&quot;)" storage="g:\software-management\backend\tests\softwaremanagement.application.tests\bin\debug\net10.0\softwaremanagement.application.tests.dll" id="66be6fb1-9a6d-7afd-9795-5ea827c7f10b">
      <Execution id="015db002-4b58-4d14-bc66-30c0f17e0cc4" />
      <TestMethod codeBase="G:\software-management\backend\tests\SoftwareManagement.Application.Tests\bin\Debug\net10.0\SoftwareManagement.Application.Tests.dll" adapterTypeName="executor://xunit/VsTestRunner3/netcore/" className="SoftwareManagement.Application.Tests.Common.SlugTests" name="IsValid_RejectsAMalformedSlug" />
    </UnitTest>
    <UnitTest name="SoftwareManagement.Application.Tests.Common.SlugTests.IsValid_AcceptsAWellFormedSlug(slug: &quot;hospital-management-system&quot;)" storage="g:\software-management\backend\tests\softwaremanagement.application.tests\bin\debug\net10.0\softwaremanagement.application.tests.dll" id="00a27300-d68f-0324-1004-08c28767f505">
      <Execution id="38b54c9d-527b-4e6c-9d00-5b61c5333db4" />
      <TestMethod codeBase="G:\software-management\backend\tests\SoftwareManagement.Application.Tests\bin\Debug\net10.0\SoftwareManagement.Application.Tests.dll" adapterTypeName="executor://xunit/VsTestRunner3/netcore/" className="SoftwareManagement.Application.Tests.Common.SlugTests" name="IsValid_AcceptsAWellFormedSlug" />
    </UnitTest>
    <UnitTest name="SoftwareManagement.Application.Tests.Common.SlugTests.IsValid_RejectsAMalformedSlug(slug: &quot;Upper-Case&quot;)" storage="g:\software-management\backend\tests\softwaremanagement.application.tests\bin\debug\net10.0\softwaremanagement.application.tests.dll" id="a72be7ea-1f1c-7135-08d6-2bd0624c6f5c">
      <Execution id="c405b255-43b3-4136-9901-4b6cabdeee6a" />
      <TestMethod codeBase="G:\software-management\backend\tests\SoftwareManagement.Application.Tests\bin\Debug\net10.0\SoftwareManagement.Application.Tests.dll" adapterTypeName="executor://xunit/VsTestRunner3/netcore/" className="SoftwareManagement.Application.Tests.Common.SlugTests" name="IsValid_RejectsAMalformedSlug" />
    </UnitTest>
    <UnitTest name="SoftwareManagement.Application.Tests.Common.SlugTests.From_ReturnsEmpty_WhenNothingUsableRemains" storage="g:\software-management\backend\tests\softwaremanagement.application.tests\bin\debug\net10.0\softwaremanagement.application.tests.dll" id="c7aaaa16-16fa-74bb-a810-c51020c44294">
      <Execution id="bb66fb77-3020-459e-9c59-e3c623448022" />
      <TestMethod codeBase="G:\software-management\backend\tests\SoftwareManagement.Application.Tests\bin\Debug\net10.0\SoftwareManagement.Application.Tests.dll" adapterTypeName="executor://xunit/VsTestRunner3/netcore/" className="SoftwareManagement.Application.Tests.Common.SlugTests" name="From_ReturnsEmpty_WhenNothingUsableRemains" />
    </UnitTest>
    <UnitTest name="SoftwareManagement.Application.Tests.Common.SlugTests.IsValid_RejectsAMalformedSlug(slug: &quot;under_score&quot;)" storage="g:\software-management\backend\tests\softwaremanagement.application.tests\bin\debug\net10.0\softwaremanagement.application.tests.dll" id="2e91ee3e-f89a-7198-cfe5-e05f4279caab">
      <Execution id="b85a0dad-9af4-4c84-b33d-4b4e2294137c" />
      <TestMethod codeBase="G:\software-management\backend\tests\SoftwareManagement.Application.Tests\bin\Debug\net10.0\SoftwareManagement.Application.Tests.dll" adapterTypeName="executor://xunit/VsTestRunner3/netcore/" className="SoftwareManagement.Application.Tests.Common.SlugTests" name="IsValid_RejectsAMalformedSlug" />
    </UnitTest>
    <UnitTest name="SoftwareManagement.Application.Tests.Common.SlugTests.IsValid_AcceptsAWellFormedSlug(slug: &quot;erp&quot;)" storage="g:\software-management\backend\tests\softwaremanagement.application.tests\bin\debug\net10.0\softwaremanagement.application.tests.dll" id="713dc244-2b97-7c96-8573-a102852cc5cd">
      <Execution id="e4797312-eac0-4cd5-9232-46e010cd0d77" />
      <TestMethod codeBase="G:\software-management\backend\tests\SoftwareManagement.Application.Tests\bin\Debug\net10.0\SoftwareManagement.Application.Tests.dll" adapterTypeName="executor://xunit/VsTestRunner3/netcore/" className="SoftwareManagement.Application.Tests.Common.SlugTests" name="IsValid_AcceptsAWellFormedSlug" />
    </UnitTest>
    <UnitTest name="SoftwareManagement.Application.Tests.Common.SlugTests.IsValid_RejectsAMalformedSlug(slug: &quot;&quot;)" storage="g:\software-management\backend\tests\softwaremanagement.application.tests\bin\debug\net10.0\softwaremanagement.application.tests.dll" id="8be76320-4a69-3f7c-c3ce-d7de6c794463">
      <Execution id="2f8e08aa-7b64-480d-9439-d1dcc83ca515" />
      <TestMethod codeBase="G:\software-management\backend\tests\SoftwareManagement.Application.Tests\bin\Debug\net10.0\SoftwareManagement.Application.Tests.dll" adapterTypeName="executor://xunit/VsTestRunner3/netcore/" className="SoftwareManagement.Application.Tests.Common.SlugTests" name="IsValid_RejectsAMalformedSlug" />
    </UnitTest>
    <UnitTest name="SoftwareManagement.Application.Tests.Common.SlugTests.From_TruncatesAtTheMaximumLengthWithoutLeavingATrailingHyphen" storage="g:\software-management\backend\tests\softwaremanagement.application.tests\bin\debug\net10.0\softwaremanagement.application.tests.dll" id="c32dafac-502a-ed08-f806-cddd929722b8">
      <Execution id="c137f45b-6bf4-4161-b8da-6a8cae6dfa25" />
      <TestMethod codeBase="G:\software-management\backend\tests\SoftwareManagement.Application.Tests\bin\Debug\net10.0\SoftwareManagement.Application.Tests.dll" adapterTypeName="executor://xunit/VsTestRunner3/netcore/" className="SoftwareManagement.Application.Tests.Common.SlugTests" name="From_TruncatesAtTheMaximumLengthWithoutLeavingATrailingHyphen" />
    </UnitTest>
    <UnitTest name="SoftwareManagement.Application.Tests.Common.SlugTests.From_FoldsAccentsInsteadOfDroppingTheWord" storage="g:\software-management\backend\tests\softwaremanagement.application.tests\bin\debug\net10.0\softwaremanagement.application.tests.dll" id="714e5835-2e56-1360-e2d8-25bbf098428a">
      <Execution id="ba1458fa-2a5d-4496-a6f8-caa22369b787" />
      <TestMethod codeBase="G:\software-management\backend\tests\SoftwareManagement.Application.Tests\bin\Debug\net10.0\SoftwareManagement.Application.Tests.dll" adapterTypeName="executor://xunit/VsTestRunner3/netcore/" className="SoftwareManagement.Application.Tests.Common.SlugTests" name="From_FoldsAccentsInsteadOfDroppingTheWord" />
    </UnitTest>
    <UnitTest name="SoftwareManagement.Application.Tests.Common.SlugTests.IsValid_RejectsAMalformedSlug(slug: &quot;has space&quot;)" storage="g:\software-management\backend\tests\softwaremanagement.application.tests\bin\debug\net10.0\softwaremanagement.application.tests.dll" id="39883891-3df4-f9be-1411-99a8c035d976">
      <Execution id="90e5bc1d-3c36-4ac8-987b-df75de3f020c" />
      <TestMethod codeBase="G:\software-management\backend\tests\SoftwareManagement.Application.Tests\bin\Debug\net10.0\SoftwareManagement.Application.Tests.dll" adapterTypeName="executor://xunit/VsTestRunner3/netcore/" className="SoftwareManagement.Application.Tests.Common.SlugTests" name="IsValid_RejectsAMalformedSlug" />
    </UnitTest>
  </TestDefinitions>
  <TestEntries>
    <TestEntry testId="c32dafac-502a-ed08-f806-cddd929722b8" executionId="c137f45b-6bf4-4161-b8da-6a8cae6dfa25" testListId="8c84fa94-04c1-424b-9868-57a2d4851a1d" />
    <TestEntry testId="00a27300-d68f-0324-1004-08c28767f505" executionId="38b54c9d-527b-4e6c-9d00-5b61c5333db4" testListId="8c84fa94-04c1-424b-9868-57a2d4851a1d" />
    <TestEntry testId="713dc244-2b97-7c96-8573-a102852cc5cd" executionId="e4797312-eac0-4cd5-9232-46e010cd0d77" testListId="8c84fa94-04c1-424b-9868-57a2d4851a1d" />
    <TestEntry testId="66be6fb1-9a6d-7afd-9795-5ea827c7f10b" executionId="015db002-4b58-4d14-bc66-30c0f17e0cc4" testListId="8c84fa94-04c1-424b-9868-57a2d4851a1d" />
    <TestEntry testId="06b109b8-a161-a8f3-3af8-8bd97fa15b4c" executionId="51e0764b-3173-4f7a-9f0d-9d2a1c4f98ff" testListId="8c84fa94-04c1-424b-9868-57a2d4851a1d" />
    <TestEntry testId="74880f2c-25f9-11a5-4aba-e0bdc04c652f" executionId="610a5ba9-3583-446a-b7b7-3b5bb5425c34" testListId="8c84fa94-04c1-424b-9868-57a2d4851a1d" />
    <TestEntry testId="8f5c1a71-6fe9-6754-412f-156deb5e2642" executionId="776aef75-a55e-4f6a-9bd9-491573d50c30" testListId="8c84fa94-04c1-424b-9868-57a2d4851a1d" />
    <TestEntry testId="49482f24-7b25-80fa-2f89-b08de41ea123" executionId="7f7c4af7-3d0f-4cfa-966f-c558b329191f" testListId="8c84fa94-04c1-424b-9868-57a2d4851a1d" />
    <TestEntry testId="74d94025-3024-4786-3932-f1cabeab3e6f" executionId="3ec2fff5-b0eb-4fc9-8731-d941e2dde2c6" testListId="8c84fa94-04c1-424b-9868-57a2d4851a1d" />
    <TestEntry testId="909dd409-61f6-c458-2b91-ff0eec25952a" executionId="d90d0bfe-da40-4e04-8c13-29de51d753bf" testListId="8c84fa94-04c1-424b-9868-57a2d4851a1d" />
    <TestEntry testId="8be76320-4a69-3f7c-c3ce-d7de6c794463" executionId="2f8e08aa-7b64-480d-9439-d1dcc83ca515" testListId="8c84fa94-04c1-424b-9868-57a2d4851a1d" />
    <TestEntry testId="2e91ee3e-f89a-7198-cfe5-e05f4279caab" executionId="b85a0dad-9af4-4c84-b33d-4b4e2294137c" testListId="8c84fa94-04c1-424b-9868-57a2d4851a1d" />
    <TestEntry testId="39883891-3df4-f9be-1411-99a8c035d976" executionId="90e5bc1d-3c36-4ac8-987b-df75de3f020c" testListId="8c84fa94-04c1-424b-9868-57a2d4851a1d" />
    <TestEntry testId="ada2f863-883c-36f8-1541-457a6ab275b4" executionId="7f20745a-ac78-4459-a840-f768ce9c0d14" testListId="8c84fa94-04c1-424b-9868-57a2d4851a1d" />
    <TestEntry testId="c7aaaa16-16fa-74bb-a810-c51020c44294" executionId="bb66fb77-3020-459e-9c59-e3c623448022" testListId="8c84fa94-04c1-424b-9868-57a2d4851a1d" />
    <TestEntry testId="714e5835-2e56-1360-e2d8-25bbf098428a" executionId="ba1458fa-2a5d-4496-a6f8-caa22369b787" testListId="8c84fa94-04c1-424b-9868-57a2d4851a1d" />
    <TestEntry testId="79bf6c31-d76e-8929-7ed4-d6d786039fc4" executionId="4ecbd1d9-63a4-410a-96a4-f395208e76b3" testListId="8c84fa94-04c1-424b-9868-57a2d4851a1d" />
    <TestEntry testId="54b5ac1e-3971-26ab-33d5-d3a7d2c24f9a" executionId="851ec857-aea1-419f-b0d9-4feaafd475bd" testListId="8c84fa94-04c1-424b-9868-57a2d4851a1d" />
    <TestEntry testId="a72be7ea-1f1c-7135-08d6-2bd0624c6f5c" executionId="c405b255-43b3-4136-9901-4b6cabdeee6a" testListId="8c84fa94-04c1-424b-9868-57a2d4851a1d" />
  </TestEntries>
  <TestLists>
    <TestList name="Results Not in a List" id="8c84fa94-04c1-424b-9868-57a2d4851a1d" />
    <TestList name="All Loaded Results" id="19431567-8539-422a-85d7-44ee4e166bda" />
  </TestLists>
  <ResultSummary outcome="Completed">
    <Counters total="19" executed="19" passed="19" failed="0" error="0" timeout="0" aborted="0" inconclusive="0" passedButRunAborted="0" notRunnable="0" notExecuted="0" disconnected="0" warning="0" completed="0" inProgress="0" pending="0" />
    <Output>
      <StdOut>[xUnit.net 00:00:00.00] xUnit.net VSTest Adapter v3.1.4+50e68bbb8b (64-bit .NET 10.0.11)&#xD;
[xUnit.net 00:00:02.41]   Discovering: SoftwareManagement.Application.Tests&#xD;
[xUnit.net 00:00:02.49]   Discovered:  SoftwareManagement.Application.Tests&#xD;
[xUnit.net 00:00:02.53]   Starting:    SoftwareManagement.Application.Tests&#xD;
[xUnit.net 00:00:02.76]   Finished:    SoftwareManagement.Application.Tests&#xD;
</StdOut>
    </Output>
  </ResultSummary>
</TestRun>